[2025-03-12 10:06:51,718][anemoi.training.train.train][INFO] - Run id: cfa0ffcb-6344-4e84-afe2-78fc183f0e1f
[2025-03-12 10:06:51,718][anemoi.training.train.train][INFO] - Run id: 08e6c34b-655c-447e-86a3-f3037964431a
[2025-03-12 10:06:51,719][anemoi.training.train.train][INFO] - Checkpoints path: /work/nvme/bduu/jbanomedina/regional-ai/training/GLOBAL-31km/logs/outputs_checkpoint/08e6c34b-655c-447e-86a3-f3037964431a
[2025-03-12 10:06:51,719][anemoi.training.train.train][INFO] - Plots path: /work/nvme/bduu/jbanomedina/regional-ai/training/GLOBAL-31km/logs/outputs_plots/08e6c34b-655c-447e-86a3-f3037964431a
[2025-03-12 10:06:51,719][anemoi.training.train.train][INFO] - Run id: d135149c-88e7-428f-8837-a97c3d5684c9
[2025-03-12 10:06:51,719][anemoi.training.train.train][INFO] - Checkpoints path: /work/nvme/bduu/jbanomedina/regional-ai/training/GLOBAL-31km/logs/outputs_checkpoint/cfa0ffcb-6344-4e84-afe2-78fc183f0e1f
[2025-03-12 10:06:51,719][anemoi.training.train.train][INFO] - Plots path: /work/nvme/bduu/jbanomedina/regional-ai/training/GLOBAL-31km/logs/outputs_plots/cfa0ffcb-6344-4e84-afe2-78fc183f0e1f
[2025-03-12 10:06:51,720][anemoi.training.train.train][INFO] - Checkpoints path: /work/nvme/bduu/jbanomedina/regional-ai/training/GLOBAL-31km/logs/outputs_checkpoint/d135149c-88e7-428f-8837-a97c3d5684c9
[2025-03-12 10:06:51,720][anemoi.training.train.train][INFO] - Plots path: /work/nvme/bduu/jbanomedina/regional-ai/training/GLOBAL-31km/logs/outputs_plots/d135149c-88e7-428f-8837-a97c3d5684c9
[2025-03-12 10:06:51,721][anemoi.training.train.train][INFO] - Run id: b90140f0-c420-49b6-99ca-436dc4457fdb
[2025-03-12 10:06:51,722][anemoi.training.train.train][INFO] - Checkpoints path: /work/nvme/bduu/jbanomedina/regional-ai/training/GLOBAL-31km/logs/outputs_checkpoint/b90140f0-c420-49b6-99ca-436dc4457fdb
[2025-03-12 10:06:51,722][anemoi.training.train.train][INFO] - Plots path: /work/nvme/bduu/jbanomedina/regional-ai/training/GLOBAL-31km/logs/outputs_plots/b90140f0-c420-49b6-99ca-436dc4457fdb
[2025-03-12 10:07:05,863][anemoi.graphs.nodes.builders.from_file][INFO] - Reading the dataset from /work/nvme/bduu/jbanomedina/regional-ai/data/zarrs//era5-31km.zarr.
[2025-03-12 10:07:05,863][anemoi.graphs.nodes.builders.from_file][INFO] - Reading the dataset from /work/nvme/bduu/jbanomedina/regional-ai/data/zarrs//era5-31km.zarr.
[2025-03-12 10:07:05,863][anemoi.graphs.nodes.builders.from_file][INFO] - Reading the dataset from /work/nvme/bduu/jbanomedina/regional-ai/data/zarrs//era5-31km.zarr.
[2025-03-12 10:07:05,863][anemoi.graphs.nodes.builders.from_file][INFO] - Reading the dataset from /work/nvme/bduu/jbanomedina/regional-ai/data/zarrs//era5-31km.zarr.
[2025-03-12 10:07:13,910][anemoi.graphs.edges.builder][INFO] - Using KNN-Edges (with 12 nearest neighbours) between data and hidden.
[2025-03-12 10:07:13,941][anemoi.graphs.edges.builder][INFO] - Using KNN-Edges (with 12 nearest neighbours) between data and hidden.
[2025-03-12 10:07:13,970][anemoi.graphs.edges.builder][INFO] - Using KNN-Edges (with 12 nearest neighbours) between data and hidden.
[2025-03-12 10:07:14,049][anemoi.graphs.edges.builder][INFO] - Using KNN-Edges (with 12 nearest neighbours) between data and hidden.
[2025-03-12 10:07:41,636][anemoi.graphs.edges.builder][INFO] - Using KNN-Edges (with 3 nearest neighbours) between hidden and data.
[2025-03-12 10:07:41,655][anemoi.graphs.edges.builder][INFO] - Using KNN-Edges (with 3 nearest neighbours) between hidden and data.
[2025-03-12 10:07:41,776][anemoi.graphs.edges.builder][INFO] - Using KNN-Edges (with 3 nearest neighbours) between hidden and data.
[2025-03-12 10:07:42,101][anemoi.graphs.edges.builder][INFO] - Using KNN-Edges (with 3 nearest neighbours) between hidden and data.
[2025-03-12 10:07:48,540][anemoi.graphs.create][INFO] - Cleaning graph.
[2025-03-12 10:07:48,541][anemoi.graphs.create][INFO] - _dataset deleted from graph.
[2025-03-12 10:07:48,542][anemoi.graphs.create][INFO] - _node_ordering deleted from graph.
[2025-03-12 10:07:48,542][anemoi.graphs.create][INFO] - _resolutions deleted from graph.
[2025-03-12 10:07:48,542][anemoi.graphs.create][INFO] - _nx_graph deleted from graph.
[2025-03-12 10:07:48,598][anemoi.graphs.create][INFO] - Cleaning graph.
[2025-03-12 10:07:48,598][anemoi.graphs.create][INFO] - _dataset deleted from graph.
[2025-03-12 10:07:48,598][anemoi.graphs.create][INFO] - _nx_graph deleted from graph.
[2025-03-12 10:07:48,598][anemoi.graphs.create][INFO] - _resolutions deleted from graph.
[2025-03-12 10:07:48,599][anemoi.graphs.create][INFO] - _node_ordering deleted from graph.
[2025-03-12 10:07:48,655][anemoi.graphs.create][INFO] - Graph saved at /work/nvme/bduu/jbanomedina/regional-ai/training/GLOBAL-31km/logs/outputs_graphs/graph-31km-7-12x3.pt.
[2025-03-12 10:07:48,672][anemoi.graphs.create][INFO] - Graph saved at /work/nvme/bduu/jbanomedina/regional-ai/training/GLOBAL-31km/logs/outputs_graphs/graph-31km-7-12x3.pt.
[2025-03-12 10:07:48,772][anemoi.training.data.datamodule][INFO] - Timeincrement set to 1 for data with frequency, 21600, and timestep, 21600
[2025-03-12 10:07:48,774][anemoi.training.data.datamodule][INFO] - Timeincrement set to 1 for data with frequency, 21600, and timestep, 21600
[2025-03-12 10:07:48,778][anemoi.training.train.train][INFO] - Number of data variables: 92
[2025-03-12 10:07:48,779][anemoi.training.train.train][INFO] - Number of data variables: 92
[2025-03-12 10:07:48,837][anemoi.graphs.create][INFO] - Cleaning graph.
[2025-03-12 10:07:48,838][anemoi.graphs.create][INFO] - _dataset deleted from graph.
[2025-03-12 10:07:48,838][anemoi.graphs.create][INFO] - _nx_graph deleted from graph.
[2025-03-12 10:07:48,838][anemoi.graphs.create][INFO] - _resolutions deleted from graph.
[2025-03-12 10:07:48,839][anemoi.graphs.create][INFO] - _node_ordering deleted from graph.
[2025-03-12 10:07:48,935][anemoi.graphs.create][INFO] - Graph saved at /work/nvme/bduu/jbanomedina/regional-ai/training/GLOBAL-31km/logs/outputs_graphs/graph-31km-7-12x3.pt.
[2025-03-12 10:07:49,063][anemoi.training.data.datamodule][INFO] - Timeincrement set to 1 for data with frequency, 21600, and timestep, 21600
[2025-03-12 10:07:49,068][anemoi.training.train.train][INFO] - Number of data variables: 92
[2025-03-12 10:07:49,119][anemoi.graphs.create][INFO] - Cleaning graph.
[2025-03-12 10:07:49,119][anemoi.graphs.create][INFO] - _dataset deleted from graph.
[2025-03-12 10:07:49,119][anemoi.graphs.create][INFO] - _resolutions deleted from graph.
[2025-03-12 10:07:49,119][anemoi.graphs.create][INFO] - _nx_graph deleted from graph.
[2025-03-12 10:07:49,120][anemoi.graphs.create][INFO] - _node_ordering deleted from graph.
[2025-03-12 10:07:49,178][anemoi.graphs.create][INFO] - Graph saved at /work/nvme/bduu/jbanomedina/regional-ai/training/GLOBAL-31km/logs/outputs_graphs/graph-31km-7-12x3.pt.
[2025-03-12 10:07:49,286][anemoi.training.data.datamodule][INFO] - Timeincrement set to 1 for data with frequency, 21600, and timestep, 21600
[2025-03-12 10:07:49,292][anemoi.training.train.train][INFO] - Number of data variables: 92
[2025-03-12 10:07:57,333][anemoi.training.diagnostics.callbacks.plot][INFO] - Setting up asynchronous plotting ...
[2025-03-12 10:07:57,334][anemoi.training.diagnostics.callbacks.plot][INFO] - Setting up asynchronous plotting ...
[2025-03-12 10:07:57,334][anemoi.training.diagnostics.callbacks.plot][INFO] - Setting up asynchronous plotting ...
[2025-03-12 10:07:57,334][anemoi.training.diagnostics.callbacks.plot][INFO] - Setting up asynchronous plotting ...
[2025-03-12 10:07:57,335][anemoi.training.diagnostics.callbacks.plot][INFO] - Setting up asynchronous plotting ...
[2025-03-12 10:07:57,336][anemoi.training.diagnostics.callbacks.plot][INFO] - Setting up asynchronous plotting ...
[2025-03-12 10:07:57,336][anemoi.training.diagnostics.callbacks.plot][INFO] - Setting up asynchronous plotting ...
[2025-03-12 10:07:57,336][anemoi.training.diagnostics.callbacks.plot][INFO] - Setting up asynchronous plotting ...
[2025-03-12 10:07:57,339][anemoi.training.diagnostics.callbacks.plot][INFO] - Setting up asynchronous plotting ...
[2025-03-12 10:07:57,339][anemoi.training.diagnostics.callbacks.plot][INFO] - Using defined accumulation colormap for fields: ['tp']
[2025-03-12 10:07:57,339][anemoi.training.diagnostics.callbacks.plot][INFO] - Setting up asynchronous plotting ...
[2025-03-12 10:07:57,339][anemoi.training.diagnostics.callbacks.plot][INFO] - Setting up asynchronous plotting ...
[2025-03-12 10:07:57,340][anemoi.training.diagnostics.callbacks.plot][INFO] - Setting up asynchronous plotting ...
[2025-03-12 10:07:57,340][anemoi.training.diagnostics.callbacks.plot][INFO] - Setting up asynchronous plotting ...
[2025-03-12 10:07:57,340][anemoi.training.diagnostics.callbacks.plot][INFO] - Using defined accumulation colormap for fields: ['tp']
[2025-03-12 10:07:57,340][anemoi.training.diagnostics.callbacks.plot][INFO] - Using defined accumulation colormap for fields: ['tp']
[2025-03-12 10:07:57,340][anemoi.training.diagnostics.callbacks.plot][INFO] - Using defined accumulation colormap for fields: ['tp']
[2025-03-12 10:07:57,342][anemoi.training.diagnostics.callbacks.plot][INFO] - Setting up asynchronous plotting ...
[2025-03-12 10:07:57,342][anemoi.training.diagnostics.callbacks.plot][INFO] - Setting up asynchronous plotting ...
[2025-03-12 10:07:57,342][anemoi.training.diagnostics.callbacks.plot][INFO] - Setting up asynchronous plotting ...
[2025-03-12 10:07:57,342][anemoi.training.diagnostics.callbacks.plot][INFO] - Setting up asynchronous plotting ...
[2025-03-12 10:07:57,342][anemoi.training.diagnostics.callbacks.plot][INFO] - Using precip histogram plotting method for fields: ['tp'].
[2025-03-12 10:07:57,343][anemoi.training.diagnostics.callbacks.plot][INFO] - Setting up asynchronous plotting ...
[2025-03-12 10:07:57,344][anemoi.training.diagnostics.callbacks.plot][INFO] - Setting up asynchronous plotting ...
[2025-03-12 10:07:57,344][anemoi.training.diagnostics.callbacks.plot][INFO] - Setting up asynchronous plotting ...
[2025-03-12 10:07:57,344][anemoi.training.diagnostics.callbacks.plot][INFO] - Using precip histogram plotting method for fields: ['tp'].
[2025-03-12 10:07:57,344][anemoi.training.diagnostics.callbacks.plot][INFO] - Using precip histogram plotting method for fields: ['tp'].
[2025-03-12 10:07:57,344][anemoi.training.diagnostics.callbacks.plot][INFO] - Using precip histogram plotting method for fields: ['tp'].
[2025-03-12 10:07:58,474][pytorch_lightning.utilities.rank_zero][INFO] - Using 16bit Automatic Mixed Precision (AMP)
[2025-03-12 10:07:58,612][pytorch_lightning.utilities.rank_zero][INFO] - GPU available: True (cuda), used: True
[2025-03-12 10:07:58,612][pytorch_lightning.utilities.rank_zero][INFO] - TPU available: False, using: 0 TPU cores
[2025-03-12 10:07:58,612][pytorch_lightning.utilities.rank_zero][INFO] - HPU available: False, using: 0 HPUs
[2025-03-12 10:07:58,628][lightning_fabric.utilities.seed][INFO] - [rank: 0] Seed set to 561958
[2025-03-12 10:07:58,628][lightning_fabric.utilities.seed][INFO] - [rank: 1] Seed set to 561958
[2025-03-12 10:07:58,628][lightning_fabric.utilities.seed][INFO] - [rank: 3] Seed set to 561958
[2025-03-12 10:07:58,628][lightning_fabric.utilities.seed][INFO] - [rank: 2] Seed set to 561958
[2025-03-12 10:08:12,324][anemoi.models.preprocessing.normalizer][INFO] - Normalizing: cos_julian_day is not normalized.
[2025-03-12 10:08:12,324][anemoi.models.preprocessing.normalizer][INFO] - Normalizing: cos_latitude is not normalized.
[2025-03-12 10:08:12,324][anemoi.models.preprocessing.normalizer][INFO] - Normalizing: cos_julian_day is not normalized.
[2025-03-12 10:08:12,324][anemoi.models.preprocessing.normalizer][INFO] - Normalizing: cos_julian_day is not normalized.
[2025-03-12 10:08:12,324][anemoi.models.preprocessing.normalizer][INFO] - Normalizing: cos_latitude is not normalized.
[2025-03-12 10:08:12,324][anemoi.models.preprocessing.normalizer][INFO] - Normalizing: cos_local_time is not normalized.
[2025-03-12 10:08:12,325][anemoi.models.preprocessing.normalizer][INFO] - Normalizing: cos_local_time is not normalized.
[2025-03-12 10:08:12,325][anemoi.models.preprocessing.normalizer][INFO] - Normalizing: cos_longitude is not normalized.
[2025-03-12 10:08:12,325][anemoi.models.preprocessing.normalizer][INFO] - Normalizing: cos_latitude is not normalized.
[2025-03-12 10:08:12,325][anemoi.models.preprocessing.normalizer][INFO] - Normalizing: insolation is not normalized.
[2025-03-12 10:08:12,325][anemoi.models.preprocessing.normalizer][INFO] - Normalizing: cos_longitude is not normalized.
[2025-03-12 10:08:12,325][anemoi.models.preprocessing.normalizer][INFO] - Normalizing: lsm is not normalized.
[2025-03-12 10:08:12,325][anemoi.models.preprocessing.normalizer][INFO] - Normalizing: cos_local_time is not normalized.
[2025-03-12 10:08:12,325][anemoi.models.preprocessing.normalizer][INFO] - Normalizing: sin_julian_day is not normalized.
[2025-03-12 10:08:12,325][anemoi.models.preprocessing.normalizer][INFO] - Normalizing: sin_latitude is not normalized.
[2025-03-12 10:08:12,325][anemoi.models.preprocessing.normalizer][INFO] - Normalizing: insolation is not normalized.
[2025-03-12 10:08:12,325][anemoi.models.preprocessing.normalizer][INFO] - Normalizing: sin_local_time is not normalized.
[2025-03-12 10:08:12,325][anemoi.models.preprocessing.normalizer][INFO] - Normalizing: cos_longitude is not normalized.
[2025-03-12 10:08:12,325][anemoi.models.preprocessing.normalizer][INFO] - Normalizing: sin_longitude is not normalized.
[2025-03-12 10:08:12,325][anemoi.models.preprocessing.normalizer][INFO] - Normalizing: lsm is not normalized.
[2025-03-12 10:08:12,325][anemoi.models.preprocessing.normalizer][INFO] - Normalizing: insolation is not normalized.
[2025-03-12 10:08:12,326][anemoi.models.preprocessing.normalizer][INFO] - Normalizing: z_sfc is not normalized.
[2025-03-12 10:08:12,326][anemoi.models.preprocessing.normalizer][INFO] - Normalizing: sin_julian_day is not normalized.
[2025-03-12 10:08:12,326][anemoi.models.preprocessing.normalizer][INFO] - Normalizing: lsm is not normalized.
[2025-03-12 10:08:12,326][anemoi.models.preprocessing.normalizer][INFO] - Normalizing: sin_latitude is not normalized.
[2025-03-12 10:08:12,326][anemoi.models.preprocessing.normalizer][INFO] - Normalizing: sin_julian_day is not normalized.
[2025-03-12 10:08:12,326][anemoi.models.preprocessing.normalizer][INFO] - Normalizing: sin_local_time is not normalized.
[2025-03-12 10:08:12,326][anemoi.models.preprocessing.normalizer][INFO] - Normalizing: sin_latitude is not normalized.
[2025-03-12 10:08:12,326][anemoi.models.preprocessing.normalizer][INFO] - Normalizing: sin_longitude is not normalized.
[2025-03-12 10:08:12,326][anemoi.models.preprocessing.normalizer][INFO] - Normalizing: sin_local_time is not normalized.
[2025-03-12 10:08:12,326][anemoi.models.preprocessing.normalizer][INFO] - Normalizing: sin_longitude is not normalized.
[2025-03-12 10:08:12,326][anemoi.models.preprocessing.normalizer][INFO] - Normalizing: z_sfc is not normalized.
[2025-03-12 10:08:12,327][anemoi.models.preprocessing.normalizer][INFO] - Normalizing: z_sfc is not normalized.
[2025-03-12 10:08:12,329][anemoi.models.preprocessing.normalizer][INFO] - Normalizing: cos_julian_day is not normalized.
[2025-03-12 10:08:12,330][anemoi.models.preprocessing.normalizer][INFO] - Normalizing: cos_latitude is not normalized.
[2025-03-12 10:08:12,330][anemoi.models.preprocessing.normalizer][INFO] - Normalizing: cos_local_time is not normalized.
[2025-03-12 10:08:12,330][anemoi.models.preprocessing.normalizer][INFO] - Normalizing: cos_longitude is not normalized.
[2025-03-12 10:08:12,330][anemoi.models.preprocessing.normalizer][INFO] - Normalizing: insolation is not normalized.
[2025-03-12 10:08:12,330][anemoi.models.preprocessing.normalizer][INFO] - Normalizing: lsm is not normalized.
[2025-03-12 10:08:12,330][anemoi.models.preprocessing.normalizer][INFO] - Normalizing: sin_julian_day is not normalized.
[2025-03-12 10:08:12,330][anemoi.models.preprocessing.normalizer][INFO] - Normalizing: sin_latitude is not normalized.
[2025-03-12 10:08:12,330][anemoi.models.preprocessing.normalizer][INFO] - Normalizing: sin_local_time is not normalized.
[2025-03-12 10:08:12,330][anemoi.models.preprocessing.normalizer][INFO] - Normalizing: sin_longitude is not normalized.
[2025-03-12 10:08:12,330][anemoi.models.preprocessing.normalizer][INFO] - Normalizing: z_sfc is not normalized.
[2025-03-12 10:08:12,545][anemoi.models.layers.utils][INFO] - Linear kernel: {'_target_': 'torch.nn.Linear', '_partial_': True}
[2025-03-12 10:08:12,545][anemoi.models.layers.utils][INFO] - Linear kernel: {'_target_': 'torch.nn.Linear', '_partial_': True}
[2025-03-12 10:08:12,545][anemoi.models.layers.utils][INFO] - Linear kernel: {'_target_': 'torch.nn.Linear', '_partial_': True}
[2025-03-12 10:08:12,546][anemoi.models.layers.utils][INFO] - LayerNorm kernel: {'_target_': 'torch.nn.LayerNorm', '_partial_': True}
[2025-03-12 10:08:12,546][anemoi.models.layers.utils][INFO] - Linear kernel: {'_target_': 'torch.nn.Linear', '_partial_': True}
[2025-03-12 10:08:12,546][anemoi.models.layers.utils][INFO] - LayerNorm kernel: {'_target_': 'torch.nn.LayerNorm', '_partial_': True}
[2025-03-12 10:08:12,546][anemoi.models.layers.utils][INFO] - LayerNorm kernel: {'_target_': 'torch.nn.LayerNorm', '_partial_': True}
[2025-03-12 10:08:12,546][anemoi.models.layers.utils][INFO] - LayerNorm kernel: {'_target_': 'torch.nn.LayerNorm', '_partial_': True}
[2025-03-12 10:08:13,506][anemoi.training.losses.nodeweights][INFO] - Loading node attribute area_weight from the graph
[2025-03-12 10:08:13,506][anemoi.training.losses.nodeweights][INFO] - Loading node attribute area_weight from the graph
[2025-03-12 10:08:13,506][anemoi.training.losses.nodeweights][INFO] - Loading node attribute area_weight from the graph
[2025-03-12 10:08:13,506][anemoi.training.losses.nodeweights][INFO] - Loading node attribute area_weight from the graph
[2025-03-12 10:08:13,510][anemoi.training.train.forecaster][INFO] - Pressure level scaling: use scaler ReluPressureLevelScaler with slope 0.0010 and minimum 0.20
[2025-03-12 10:08:13,510][anemoi.training.train.forecaster][INFO] - Pressure level scaling: use scaler ReluPressureLevelScaler with slope 0.0010 and minimum 0.20
[2025-03-12 10:08:13,510][anemoi.training.train.forecaster][INFO] - Pressure level scaling: use scaler ReluPressureLevelScaler with slope 0.0010 and minimum 0.20
[2025-03-12 10:08:13,511][anemoi.training.train.forecaster][INFO] - Pressure level scaling: use scaler ReluPressureLevelScaler with slope 0.0010 and minimum 0.20
[2025-03-12 10:08:18,862][lightning_fabric.utilities.distributed][INFO] - Initializing distributed: GLOBAL_RANK: 0, MEMBER: 1/4
[2025-03-12 10:08:19,581][lightning_fabric.utilities.distributed][INFO] - Initializing distributed: GLOBAL_RANK: 3, MEMBER: 4/4
[2025-03-12 10:08:19,581][lightning_fabric.utilities.distributed][INFO] - Initializing distributed: GLOBAL_RANK: 2, MEMBER: 3/4
[2025-03-12 10:08:19,582][lightning_fabric.utilities.distributed][INFO] - Initializing distributed: GLOBAL_RANK: 1, MEMBER: 2/4
[2025-03-12 10:08:19,611][pytorch_lightning.utilities.rank_zero][INFO] - ----------------------------------------------------------------------------------------------------
distributed_backend=nccl
All distributed processes registered. Starting with 4 processes
----------------------------------------------------------------------------------------------------

[2025-03-12 10:08:27,092][pytorch_lightning.accelerators.cuda][INFO] - LOCAL_RANK: 0 - CUDA_VISIBLE_DEVICES: [0,1,2,3]
[2025-03-12 10:08:27,092][pytorch_lightning.accelerators.cuda][INFO] - LOCAL_RANK: 1 - CUDA_VISIBLE_DEVICES: [0,1,2,3]
[2025-03-12 10:08:27,091][pytorch_lightning.accelerators.cuda][INFO] - LOCAL_RANK: 2 - CUDA_VISIBLE_DEVICES: [0,1,2,3]
[2025-03-12 10:08:27,092][pytorch_lightning.accelerators.cuda][INFO] - LOCAL_RANK: 3 - CUDA_VISIBLE_DEVICES: [0,1,2,3]
[2025-03-12 10:08:28,310][lightning_fabric.utilities.seed][INFO] - [rank: 1] Seed set to 561958
[2025-03-12 10:08:28,310][lightning_fabric.utilities.seed][INFO] - [rank: 0] Seed set to 561958
[2025-03-12 10:08:28,311][lightning_fabric.utilities.seed][INFO] - [rank: 2] Seed set to 561958
[2025-03-12 10:08:28,310][lightning_fabric.utilities.seed][INFO] - [rank: 3] Seed set to 561958
[2025-03-12 10:08:28,323][pytorch_lightning.callbacks.model_summary][INFO] - 
  | Name    | Type                 | Params | Mode 
---------------------------------------------------------
0 | model   | AnemoiModelInterface | 246 M  | train
1 | loss    | WeightedMSELoss      | 0      | train
2 | metrics | ModuleList           | 0      | train
---------------------------------------------------------
246 M     Trainable params
0         Non-trainable params
246 M     Total params
984.703   Total estimated model params size (MB)
305       Modules in train mode
0         Modules in eval mode
[2025-03-12 10:08:28,327][pytorch_lightning.trainer.connectors.signal_connector][INFO] - SLURM auto-requeueing enabled. Setting signal handlers.
[2025-03-12 10:08:28,327][pytorch_lightning.trainer.connectors.signal_connector][INFO] - SLURM auto-requeueing enabled. Setting signal handlers.
[2025-03-12 10:08:28,327][pytorch_lightning.trainer.connectors.signal_connector][INFO] - SLURM auto-requeueing enabled. Setting signal handlers.
[2025-03-12 10:08:28,327][pytorch_lightning.trainer.connectors.signal_connector][INFO] - SLURM auto-requeueing enabled. Setting signal handlers.
[2025-03-12 10:08:31,322][anemoi.training.diagnostics.callbacks.sanity][INFO] - No variable order to compare. Skipping variable order check.
[2025-03-12 10:08:31,322][anemoi.training.diagnostics.callbacks.sanity][INFO] - No variable order to compare. Skipping variable order check.
[2025-03-12 10:08:31,322][anemoi.training.diagnostics.callbacks.sanity][INFO] - No variable order to compare. Skipping variable order check.
[2025-03-12 10:08:31,322][anemoi.training.diagnostics.callbacks.sanity][INFO] - No variable order to compare. Skipping variable order check.
[2025-03-12 10:08:52,935][anemoi.training.diagnostics.callbacks.sanity][INFO] - No variable order to compare. Skipping variable order check.
[2025-03-12 10:08:53,006][anemoi.training.diagnostics.callbacks.sanity][INFO] - No variable order to compare. Skipping variable order check.
[2025-03-12 10:08:53,033][anemoi.training.diagnostics.callbacks.sanity][INFO] - No variable order to compare. Skipping variable order check.
[2025-03-12 10:08:53,131][anemoi.training.diagnostics.callbacks.sanity][INFO] - No variable order to compare. Skipping variable order check.
[2025-03-12 10:08:53,734][anemoi.training.diagnostics.callbacks.plot][WARNING] - Asynchronous plotting can result in NCCL timeouts with reader_group_size > 1.
[2025-03-12 10:08:53,735][anemoi.training.diagnostics.callbacks.plot][WARNING] - Asynchronous plotting can result in NCCL timeouts with reader_group_size > 1.
[2025-03-12 10:08:53,736][anemoi.training.diagnostics.callbacks.plot][WARNING] - Asynchronous plotting can result in NCCL timeouts with reader_group_size > 1.
[2025-03-12 10:08:53,736][anemoi.training.diagnostics.callbacks.plot][WARNING] - Asynchronous plotting can result in NCCL timeouts with reader_group_size > 1.
[2025-03-12 10:08:59,052][anemoi.training.diagnostics.callbacks.plot][WARNING] - Asynchronous plotting can result in NCCL timeouts with reader_group_size > 1.
[2025-03-12 10:08:59,053][anemoi.training.diagnostics.callbacks.plot][WARNING] - Asynchronous plotting can result in NCCL timeouts with reader_group_size > 1.
[2025-03-12 10:08:59,053][anemoi.training.diagnostics.callbacks.plot][WARNING] - Asynchronous plotting can result in NCCL timeouts with reader_group_size > 1.
[2025-03-12 10:08:59,053][anemoi.training.diagnostics.callbacks.plot][WARNING] - Asynchronous plotting can result in NCCL timeouts with reader_group_size > 1.
[2025-03-12 10:09:00,354][anemoi.training.diagnostics.callbacks.plot][WARNING] - Asynchronous plotting can result in NCCL timeouts with reader_group_size > 1.
[2025-03-12 10:09:00,355][anemoi.training.diagnostics.callbacks.plot][WARNING] - Asynchronous plotting can result in NCCL timeouts with reader_group_size > 1.
[2025-03-12 10:09:00,355][anemoi.training.diagnostics.callbacks.plot][WARNING] - Asynchronous plotting can result in NCCL timeouts with reader_group_size > 1.
[2025-03-12 10:09:00,355][anemoi.training.diagnostics.callbacks.plot][WARNING] - Asynchronous plotting can result in NCCL timeouts with reader_group_size > 1.
[2025-03-12 10:09:01,375][anemoi.training.diagnostics.callbacks.plot][WARNING] - Asynchronous plotting can result in NCCL timeouts with reader_group_size > 1.
[2025-03-12 10:09:01,375][anemoi.training.diagnostics.callbacks.plot][WARNING] - Asynchronous plotting can result in NCCL timeouts with reader_group_size > 1.
[2025-03-12 10:09:01,376][anemoi.training.diagnostics.callbacks.plot][WARNING] - Asynchronous plotting can result in NCCL timeouts with reader_group_size > 1.
[2025-03-12 10:09:01,376][anemoi.training.diagnostics.callbacks.plot][WARNING] - Asynchronous plotting can result in NCCL timeouts with reader_group_size > 1.
[2025-03-12 10:09:01,456][anemoi.training.diagnostics.callbacks.plot][WARNING] - There are no trainable node attributes to plot.
[2025-03-12 10:09:01,456][anemoi.training.diagnostics.callbacks.plot][WARNING] - There are no trainable edge attributes to plot.
[2025-03-12 10:09:05,566][anemoi.utils.checkpoints][INFO] - Adding extra information to checkpoint /work/nvme/bduu/jbanomedina/regional-ai/training/GLOBAL-31km/logs/outputs_checkpoint/d135149c-88e7-428f-8837-a97c3d5684c9/inference-stage-x-by_epoch-epoch_000-step_000004.ckpt
[2025-03-12 10:09:05,566][anemoi.utils.checkpoints][INFO] - Saving metadata to inference-stage-x-by_epoch-epoch_000-step_000004/anemoi-metadata/ai-models.json
[2025-03-12 10:09:05,576][anemoi.utils.checkpoints][INFO] - Saving supporting array `latitudes` to inference-stage-x-by_epoch-epoch_000-step_000004/anemoi-metadata/latitudes.numpy (shape=(542080,), dtype=float64)
[2025-03-12 10:09:05,579][anemoi.utils.checkpoints][INFO] - Saving supporting array `longitudes` to inference-stage-x-by_epoch-epoch_000-step_000004/anemoi-metadata/longitudes.numpy (shape=(542080,), dtype=float64)
[2025-03-12 10:09:18,025][anemoi.utils.checkpoints][INFO] - Adding extra information to checkpoint /work/nvme/bduu/jbanomedina/regional-ai/training/GLOBAL-31km/logs/outputs_checkpoint/d135149c-88e7-428f-8837-a97c3d5684c9/inference-last.ckpt
[2025-03-12 10:09:18,026][anemoi.utils.checkpoints][INFO] - Saving metadata to inference-last/anemoi-metadata/ai-models.json
[2025-03-12 10:09:18,049][anemoi.utils.checkpoints][INFO] - Saving supporting array `latitudes` to inference-last/anemoi-metadata/latitudes.numpy (shape=(542080,), dtype=float64)
[2025-03-12 10:09:18,052][anemoi.utils.checkpoints][INFO] - Saving supporting array `longitudes` to inference-last/anemoi-metadata/longitudes.numpy (shape=(542080,), dtype=float64)
[2025-03-12 10:09:27,442][anemoi.training.diagnostics.callbacks.sanity][INFO] - No variable order to compare. Skipping variable order check.
[2025-03-12 10:09:27,442][anemoi.training.diagnostics.callbacks.sanity][INFO] - No variable order to compare. Skipping variable order check.
[2025-03-12 10:09:27,443][anemoi.training.diagnostics.callbacks.sanity][INFO] - No variable order to compare. Skipping variable order check.
[2025-03-12 10:09:27,462][anemoi.training.diagnostics.callbacks.sanity][INFO] - No variable order to compare. Skipping variable order check.
[2025-03-12 10:09:40,181][anemoi.training.diagnostics.callbacks.sanity][INFO] - No variable order to compare. Skipping variable order check.
[2025-03-12 10:09:40,195][anemoi.training.diagnostics.callbacks.sanity][INFO] - No variable order to compare. Skipping variable order check.
[2025-03-12 10:09:40,235][anemoi.training.diagnostics.callbacks.sanity][INFO] - No variable order to compare. Skipping variable order check.
[2025-03-12 10:09:41,542][anemoi.training.diagnostics.callbacks.sanity][INFO] - No variable order to compare. Skipping variable order check.
[2025-03-12 10:09:42,164][anemoi.training.diagnostics.callbacks.plot][WARNING] - Asynchronous plotting can result in NCCL timeouts with reader_group_size > 1.
[2025-03-12 10:09:42,186][anemoi.training.diagnostics.callbacks.plot][WARNING] - Asynchronous plotting can result in NCCL timeouts with reader_group_size > 1.
[2025-03-12 10:09:42,187][anemoi.training.diagnostics.callbacks.plot][WARNING] - Asynchronous plotting can result in NCCL timeouts with reader_group_size > 1.
[2025-03-12 10:09:42,187][anemoi.training.diagnostics.callbacks.plot][WARNING] - Asynchronous plotting can result in NCCL timeouts with reader_group_size > 1.
[2025-03-12 10:09:46,336][anemoi.training.diagnostics.callbacks.plot][WARNING] - Asynchronous plotting can result in NCCL timeouts with reader_group_size > 1.
[2025-03-12 10:09:46,337][anemoi.training.diagnostics.callbacks.plot][WARNING] - Asynchronous plotting can result in NCCL timeouts with reader_group_size > 1.
[2025-03-12 10:09:46,337][anemoi.training.diagnostics.callbacks.plot][WARNING] - Asynchronous plotting can result in NCCL timeouts with reader_group_size > 1.
[2025-03-12 10:09:46,337][anemoi.training.diagnostics.callbacks.plot][WARNING] - Asynchronous plotting can result in NCCL timeouts with reader_group_size > 1.
[2025-03-12 10:09:47,033][anemoi.training.diagnostics.callbacks.plot][WARNING] - Asynchronous plotting can result in NCCL timeouts with reader_group_size > 1.
[2025-03-12 10:09:47,034][anemoi.training.diagnostics.callbacks.plot][WARNING] - Asynchronous plotting can result in NCCL timeouts with reader_group_size > 1.
[2025-03-12 10:09:47,034][anemoi.training.diagnostics.callbacks.plot][WARNING] - Asynchronous plotting can result in NCCL timeouts with reader_group_size > 1.
[2025-03-12 10:09:47,034][anemoi.training.diagnostics.callbacks.plot][WARNING] - Asynchronous plotting can result in NCCL timeouts with reader_group_size > 1.
[2025-03-12 10:09:47,722][anemoi.training.diagnostics.callbacks.plot][WARNING] - Asynchronous plotting can result in NCCL timeouts with reader_group_size > 1.
[2025-03-12 10:09:47,723][anemoi.training.diagnostics.callbacks.plot][WARNING] - Asynchronous plotting can result in NCCL timeouts with reader_group_size > 1.
[2025-03-12 10:09:47,723][anemoi.training.diagnostics.callbacks.plot][WARNING] - Asynchronous plotting can result in NCCL timeouts with reader_group_size > 1.
[2025-03-12 10:09:47,723][anemoi.training.diagnostics.callbacks.plot][WARNING] - Asynchronous plotting can result in NCCL timeouts with reader_group_size > 1.
[2025-03-12 10:09:51,239][anemoi.utils.checkpoints][INFO] - Adding extra information to checkpoint /work/nvme/bduu/jbanomedina/regional-ai/training/GLOBAL-31km/logs/outputs_checkpoint/d135149c-88e7-428f-8837-a97c3d5684c9/inference-stage-x-by_epoch-epoch_001-step_000008.ckpt
[2025-03-12 10:09:51,239][anemoi.utils.checkpoints][INFO] - Saving metadata to inference-stage-x-by_epoch-epoch_001-step_000008/anemoi-metadata/ai-models.json
[2025-03-12 10:09:51,248][anemoi.utils.checkpoints][INFO] - Saving supporting array `latitudes` to inference-stage-x-by_epoch-epoch_001-step_000008/anemoi-metadata/latitudes.numpy (shape=(542080,), dtype=float64)
[2025-03-12 10:09:51,251][anemoi.utils.checkpoints][INFO] - Saving supporting array `longitudes` to inference-stage-x-by_epoch-epoch_001-step_000008/anemoi-metadata/longitudes.numpy (shape=(542080,), dtype=float64)
[2025-03-12 10:10:04,027][anemoi.utils.checkpoints][INFO] - Adding extra information to checkpoint /work/nvme/bduu/jbanomedina/regional-ai/training/GLOBAL-31km/logs/outputs_checkpoint/d135149c-88e7-428f-8837-a97c3d5684c9/inference-last.ckpt
[2025-03-12 10:10:04,027][anemoi.utils.checkpoints][INFO] - Saving metadata to inference-last/anemoi-metadata/ai-models.json
[2025-03-12 10:10:04,028][anemoi.utils.checkpoints][INFO] - Saving supporting array `latitudes` to inference-last/anemoi-metadata/latitudes.numpy (shape=(542080,), dtype=float64)
[2025-03-12 10:10:04,031][anemoi.utils.checkpoints][INFO] - Saving supporting array `longitudes` to inference-last/anemoi-metadata/longitudes.numpy (shape=(542080,), dtype=float64)
[2025-03-12 10:10:13,418][anemoi.training.diagnostics.callbacks.sanity][INFO] - No variable order to compare. Skipping variable order check.
[2025-03-12 10:10:13,418][anemoi.training.diagnostics.callbacks.sanity][INFO] - No variable order to compare. Skipping variable order check.
[2025-03-12 10:10:13,418][anemoi.training.diagnostics.callbacks.sanity][INFO] - No variable order to compare. Skipping variable order check.
[2025-03-12 10:10:13,418][anemoi.training.diagnostics.callbacks.sanity][INFO] - No variable order to compare. Skipping variable order check.
[2025-03-12 10:10:26,001][anemoi.training.diagnostics.callbacks.sanity][INFO] - No variable order to compare. Skipping variable order check.
[2025-03-12 10:10:26,038][anemoi.training.diagnostics.callbacks.sanity][INFO] - No variable order to compare. Skipping variable order check.
[2025-03-12 10:10:26,054][anemoi.training.diagnostics.callbacks.sanity][INFO] - No variable order to compare. Skipping variable order check.
[2025-03-12 10:10:26,622][anemoi.training.diagnostics.callbacks.sanity][INFO] - No variable order to compare. Skipping variable order check.
[2025-03-12 10:10:27,223][anemoi.training.diagnostics.callbacks.plot][WARNING] - Asynchronous plotting can result in NCCL timeouts with reader_group_size > 1.
[2025-03-12 10:10:27,246][anemoi.training.diagnostics.callbacks.plot][WARNING] - Asynchronous plotting can result in NCCL timeouts with reader_group_size > 1.
[2025-03-12 10:10:27,261][anemoi.training.diagnostics.callbacks.plot][WARNING] - Asynchronous plotting can result in NCCL timeouts with reader_group_size > 1.
[2025-03-12 10:10:28,433][anemoi.training.diagnostics.callbacks.plot][WARNING] - Asynchronous plotting can result in NCCL timeouts with reader_group_size > 1.
[2025-03-12 10:10:31,395][anemoi.training.diagnostics.callbacks.plot][WARNING] - Asynchronous plotting can result in NCCL timeouts with reader_group_size > 1.
[2025-03-12 10:10:31,395][anemoi.training.diagnostics.callbacks.plot][WARNING] - Asynchronous plotting can result in NCCL timeouts with reader_group_size > 1.
[2025-03-12 10:10:31,396][anemoi.training.diagnostics.callbacks.plot][WARNING] - Asynchronous plotting can result in NCCL timeouts with reader_group_size > 1.
[2025-03-12 10:10:31,396][anemoi.training.diagnostics.callbacks.plot][WARNING] - Asynchronous plotting can result in NCCL timeouts with reader_group_size > 1.
[2025-03-12 10:10:32,269][anemoi.training.diagnostics.callbacks.plot][WARNING] - Asynchronous plotting can result in NCCL timeouts with reader_group_size > 1.
[2025-03-12 10:10:32,269][anemoi.training.diagnostics.callbacks.plot][WARNING] - Asynchronous plotting can result in NCCL timeouts with reader_group_size > 1.
[2025-03-12 10:10:32,269][anemoi.training.diagnostics.callbacks.plot][WARNING] - Asynchronous plotting can result in NCCL timeouts with reader_group_size > 1.
[2025-03-12 10:10:32,269][anemoi.training.diagnostics.callbacks.plot][WARNING] - Asynchronous plotting can result in NCCL timeouts with reader_group_size > 1.
[2025-03-12 10:10:33,000][anemoi.training.diagnostics.callbacks.plot][WARNING] - Asynchronous plotting can result in NCCL timeouts with reader_group_size > 1.
[2025-03-12 10:10:33,000][anemoi.training.diagnostics.callbacks.plot][WARNING] - Asynchronous plotting can result in NCCL timeouts with reader_group_size > 1.
[2025-03-12 10:10:33,001][anemoi.training.diagnostics.callbacks.plot][WARNING] - Asynchronous plotting can result in NCCL timeouts with reader_group_size > 1.
[2025-03-12 10:10:33,001][anemoi.training.diagnostics.callbacks.plot][WARNING] - Asynchronous plotting can result in NCCL timeouts with reader_group_size > 1.
[2025-03-12 10:10:37,046][anemoi.utils.checkpoints][INFO] - Adding extra information to checkpoint /work/nvme/bduu/jbanomedina/regional-ai/training/GLOBAL-31km/logs/outputs_checkpoint/d135149c-88e7-428f-8837-a97c3d5684c9/inference-stage-x-by_epoch-epoch_002-step_000012.ckpt
[2025-03-12 10:10:37,046][anemoi.utils.checkpoints][INFO] - Saving metadata to inference-stage-x-by_epoch-epoch_002-step_000012/anemoi-metadata/ai-models.json
[2025-03-12 10:10:37,064][anemoi.utils.checkpoints][INFO] - Saving supporting array `latitudes` to inference-stage-x-by_epoch-epoch_002-step_000012/anemoi-metadata/latitudes.numpy (shape=(542080,), dtype=float64)
[2025-03-12 10:10:37,066][anemoi.utils.checkpoints][INFO] - Saving supporting array `longitudes` to inference-stage-x-by_epoch-epoch_002-step_000012/anemoi-metadata/longitudes.numpy (shape=(542080,), dtype=float64)
[2025-03-12 10:10:51,163][anemoi.utils.checkpoints][INFO] - Adding extra information to checkpoint /work/nvme/bduu/jbanomedina/regional-ai/training/GLOBAL-31km/logs/outputs_checkpoint/d135149c-88e7-428f-8837-a97c3d5684c9/inference-last.ckpt
[2025-03-12 10:10:51,163][anemoi.utils.checkpoints][INFO] - Saving metadata to inference-last/anemoi-metadata/ai-models.json
[2025-03-12 10:10:51,165][anemoi.utils.checkpoints][INFO] - Saving supporting array `latitudes` to inference-last/anemoi-metadata/latitudes.numpy (shape=(542080,), dtype=float64)
[2025-03-12 10:10:51,167][anemoi.utils.checkpoints][INFO] - Saving supporting array `longitudes` to inference-last/anemoi-metadata/longitudes.numpy (shape=(542080,), dtype=float64)
[2025-03-12 10:11:00,841][anemoi.training.diagnostics.callbacks.sanity][INFO] - No variable order to compare. Skipping variable order check.
[2025-03-12 10:11:00,841][anemoi.training.diagnostics.callbacks.sanity][INFO] - No variable order to compare. Skipping variable order check.
[2025-03-12 10:11:00,841][anemoi.training.diagnostics.callbacks.sanity][INFO] - No variable order to compare. Skipping variable order check.
[2025-03-12 10:11:00,842][anemoi.training.diagnostics.callbacks.sanity][INFO] - No variable order to compare. Skipping variable order check.
[2025-03-12 10:11:13,397][anemoi.training.diagnostics.callbacks.sanity][INFO] - No variable order to compare. Skipping variable order check.
[2025-03-12 10:11:13,440][anemoi.training.diagnostics.callbacks.sanity][INFO] - No variable order to compare. Skipping variable order check.
[2025-03-12 10:11:13,454][anemoi.training.diagnostics.callbacks.sanity][INFO] - No variable order to compare. Skipping variable order check.
[2025-03-12 10:11:13,929][anemoi.training.diagnostics.callbacks.sanity][INFO] - No variable order to compare. Skipping variable order check.
[2025-03-12 10:11:14,601][anemoi.training.diagnostics.callbacks.plot][WARNING] - Asynchronous plotting can result in NCCL timeouts with reader_group_size > 1.
[2025-03-12 10:11:14,633][anemoi.training.diagnostics.callbacks.plot][WARNING] - Asynchronous plotting can result in NCCL timeouts with reader_group_size > 1.
[2025-03-12 10:11:14,633][anemoi.training.diagnostics.callbacks.plot][WARNING] - Asynchronous plotting can result in NCCL timeouts with reader_group_size > 1.
[2025-03-12 10:11:14,634][anemoi.training.diagnostics.callbacks.plot][WARNING] - Asynchronous plotting can result in NCCL timeouts with reader_group_size > 1.
[2025-03-12 10:11:18,281][anemoi.training.diagnostics.callbacks.plot][WARNING] - Asynchronous plotting can result in NCCL timeouts with reader_group_size > 1.
[2025-03-12 10:11:18,282][anemoi.training.diagnostics.callbacks.plot][WARNING] - Asynchronous plotting can result in NCCL timeouts with reader_group_size > 1.
[2025-03-12 10:11:18,282][anemoi.training.diagnostics.callbacks.plot][WARNING] - Asynchronous plotting can result in NCCL timeouts with reader_group_size > 1.
[2025-03-12 10:11:18,282][anemoi.training.diagnostics.callbacks.plot][WARNING] - Asynchronous plotting can result in NCCL timeouts with reader_group_size > 1.
[2025-03-12 10:11:19,245][anemoi.training.diagnostics.callbacks.plot][WARNING] - Asynchronous plotting can result in NCCL timeouts with reader_group_size > 1.
[2025-03-12 10:11:19,246][anemoi.training.diagnostics.callbacks.plot][WARNING] - Asynchronous plotting can result in NCCL timeouts with reader_group_size > 1.
[2025-03-12 10:11:19,246][anemoi.training.diagnostics.callbacks.plot][WARNING] - Asynchronous plotting can result in NCCL timeouts with reader_group_size > 1.
[2025-03-12 10:11:19,246][anemoi.training.diagnostics.callbacks.plot][WARNING] - Asynchronous plotting can result in NCCL timeouts with reader_group_size > 1.
[2025-03-12 10:11:20,001][anemoi.training.diagnostics.callbacks.plot][WARNING] - Asynchronous plotting can result in NCCL timeouts with reader_group_size > 1.
[2025-03-12 10:11:20,001][anemoi.training.diagnostics.callbacks.plot][WARNING] - Asynchronous plotting can result in NCCL timeouts with reader_group_size > 1.
[2025-03-12 10:11:20,001][anemoi.training.diagnostics.callbacks.plot][WARNING] - Asynchronous plotting can result in NCCL timeouts with reader_group_size > 1.
[2025-03-12 10:11:20,001][anemoi.training.diagnostics.callbacks.plot][WARNING] - Asynchronous plotting can result in NCCL timeouts with reader_group_size > 1.
[2025-03-12 10:11:24,031][anemoi.utils.checkpoints][INFO] - Adding extra information to checkpoint /work/nvme/bduu/jbanomedina/regional-ai/training/GLOBAL-31km/logs/outputs_checkpoint/d135149c-88e7-428f-8837-a97c3d5684c9/inference-stage-x-by_epoch-epoch_003-step_000016.ckpt
[2025-03-12 10:11:24,031][anemoi.utils.checkpoints][INFO] - Saving metadata to inference-stage-x-by_epoch-epoch_003-step_000016/anemoi-metadata/ai-models.json
[2025-03-12 10:11:24,059][anemoi.utils.checkpoints][INFO] - Saving supporting array `latitudes` to inference-stage-x-by_epoch-epoch_003-step_000016/anemoi-metadata/latitudes.numpy (shape=(542080,), dtype=float64)
[2025-03-12 10:11:24,062][anemoi.utils.checkpoints][INFO] - Saving supporting array `longitudes` to inference-stage-x-by_epoch-epoch_003-step_000016/anemoi-metadata/longitudes.numpy (shape=(542080,), dtype=float64)
[2025-03-12 10:11:37,323][anemoi.utils.checkpoints][INFO] - Adding extra information to checkpoint /work/nvme/bduu/jbanomedina/regional-ai/training/GLOBAL-31km/logs/outputs_checkpoint/d135149c-88e7-428f-8837-a97c3d5684c9/inference-last.ckpt
[2025-03-12 10:11:37,324][anemoi.utils.checkpoints][INFO] - Saving metadata to inference-last/anemoi-metadata/ai-models.json
[2025-03-12 10:11:37,325][anemoi.utils.checkpoints][INFO] - Saving supporting array `latitudes` to inference-last/anemoi-metadata/latitudes.numpy (shape=(542080,), dtype=float64)
[2025-03-12 10:11:37,327][anemoi.utils.checkpoints][INFO] - Saving supporting array `longitudes` to inference-last/anemoi-metadata/longitudes.numpy (shape=(542080,), dtype=float64)
[2025-03-12 10:11:46,725][anemoi.training.diagnostics.callbacks.sanity][INFO] - No variable order to compare. Skipping variable order check.
[2025-03-12 10:11:46,725][anemoi.training.diagnostics.callbacks.sanity][INFO] - No variable order to compare. Skipping variable order check.
[2025-03-12 10:11:46,725][anemoi.training.diagnostics.callbacks.sanity][INFO] - No variable order to compare. Skipping variable order check.
[2025-03-12 10:11:46,726][anemoi.training.diagnostics.callbacks.sanity][INFO] - No variable order to compare. Skipping variable order check.
[2025-03-12 10:11:59,305][anemoi.training.diagnostics.callbacks.sanity][INFO] - No variable order to compare. Skipping variable order check.
[2025-03-12 10:11:59,311][anemoi.training.diagnostics.callbacks.sanity][INFO] - No variable order to compare. Skipping variable order check.
[2025-03-12 10:11:59,348][anemoi.training.diagnostics.callbacks.sanity][INFO] - No variable order to compare. Skipping variable order check.
[2025-03-12 10:11:59,926][anemoi.training.diagnostics.callbacks.sanity][INFO] - No variable order to compare. Skipping variable order check.
[2025-03-12 10:12:00,547][anemoi.training.diagnostics.callbacks.plot][WARNING] - Asynchronous plotting can result in NCCL timeouts with reader_group_size > 1.
[2025-03-12 10:12:00,578][anemoi.training.diagnostics.callbacks.plot][WARNING] - Asynchronous plotting can result in NCCL timeouts with reader_group_size > 1.
[2025-03-12 10:12:00,579][anemoi.training.diagnostics.callbacks.plot][WARNING] - Asynchronous plotting can result in NCCL timeouts with reader_group_size > 1.
[2025-03-12 10:12:00,579][anemoi.training.diagnostics.callbacks.plot][WARNING] - Asynchronous plotting can result in NCCL timeouts with reader_group_size > 1.
[2025-03-12 10:12:04,724][anemoi.training.diagnostics.callbacks.plot][WARNING] - Asynchronous plotting can result in NCCL timeouts with reader_group_size > 1.
[2025-03-12 10:12:04,724][anemoi.training.diagnostics.callbacks.plot][WARNING] - Asynchronous plotting can result in NCCL timeouts with reader_group_size > 1.
[2025-03-12 10:12:04,724][anemoi.training.diagnostics.callbacks.plot][WARNING] - Asynchronous plotting can result in NCCL timeouts with reader_group_size > 1.
[2025-03-12 10:12:04,725][anemoi.training.diagnostics.callbacks.plot][WARNING] - Asynchronous plotting can result in NCCL timeouts with reader_group_size > 1.
[2025-03-12 10:12:05,461][anemoi.training.diagnostics.callbacks.plot][WARNING] - Asynchronous plotting can result in NCCL timeouts with reader_group_size > 1.
[2025-03-12 10:12:05,461][anemoi.training.diagnostics.callbacks.plot][WARNING] - Asynchronous plotting can result in NCCL timeouts with reader_group_size > 1.
[2025-03-12 10:12:05,462][anemoi.training.diagnostics.callbacks.plot][WARNING] - Asynchronous plotting can result in NCCL timeouts with reader_group_size > 1.
[2025-03-12 10:12:05,462][anemoi.training.diagnostics.callbacks.plot][WARNING] - Asynchronous plotting can result in NCCL timeouts with reader_group_size > 1.
[2025-03-12 10:12:06,613][anemoi.training.diagnostics.callbacks.plot][WARNING] - Asynchronous plotting can result in NCCL timeouts with reader_group_size > 1.
[2025-03-12 10:12:06,614][anemoi.training.diagnostics.callbacks.plot][WARNING] - Asynchronous plotting can result in NCCL timeouts with reader_group_size > 1.
[2025-03-12 10:12:06,614][anemoi.training.diagnostics.callbacks.plot][WARNING] - Asynchronous plotting can result in NCCL timeouts with reader_group_size > 1.
[2025-03-12 10:12:06,614][anemoi.training.diagnostics.callbacks.plot][WARNING] - Asynchronous plotting can result in NCCL timeouts with reader_group_size > 1.
[2025-03-12 10:12:10,251][anemoi.utils.checkpoints][INFO] - Adding extra information to checkpoint /work/nvme/bduu/jbanomedina/regional-ai/training/GLOBAL-31km/logs/outputs_checkpoint/d135149c-88e7-428f-8837-a97c3d5684c9/inference-stage-x-by_epoch-epoch_004-step_000020.ckpt
[2025-03-12 10:12:10,251][anemoi.utils.checkpoints][INFO] - Saving metadata to inference-stage-x-by_epoch-epoch_004-step_000020/anemoi-metadata/ai-models.json
[2025-03-12 10:12:10,264][anemoi.utils.checkpoints][INFO] - Saving supporting array `latitudes` to inference-stage-x-by_epoch-epoch_004-step_000020/anemoi-metadata/latitudes.numpy (shape=(542080,), dtype=float64)
[2025-03-12 10:12:10,267][anemoi.utils.checkpoints][INFO] - Saving supporting array `longitudes` to inference-stage-x-by_epoch-epoch_004-step_000020/anemoi-metadata/longitudes.numpy (shape=(542080,), dtype=float64)
[2025-03-12 10:12:23,631][anemoi.utils.checkpoints][INFO] - Adding extra information to checkpoint /work/nvme/bduu/jbanomedina/regional-ai/training/GLOBAL-31km/logs/outputs_checkpoint/d135149c-88e7-428f-8837-a97c3d5684c9/inference-last.ckpt
[2025-03-12 10:12:23,631][anemoi.utils.checkpoints][INFO] - Saving metadata to inference-last/anemoi-metadata/ai-models.json
[2025-03-12 10:12:23,632][anemoi.utils.checkpoints][INFO] - Saving supporting array `latitudes` to inference-last/anemoi-metadata/latitudes.numpy (shape=(542080,), dtype=float64)
[2025-03-12 10:12:23,634][anemoi.utils.checkpoints][INFO] - Saving supporting array `longitudes` to inference-last/anemoi-metadata/longitudes.numpy (shape=(542080,), dtype=float64)
[2025-03-12 10:12:33,393][anemoi.training.diagnostics.callbacks.sanity][INFO] - No variable order to compare. Skipping variable order check.
[2025-03-12 10:12:33,393][anemoi.training.diagnostics.callbacks.sanity][INFO] - No variable order to compare. Skipping variable order check.
[2025-03-12 10:12:33,393][anemoi.training.diagnostics.callbacks.sanity][INFO] - No variable order to compare. Skipping variable order check.
[2025-03-12 10:12:33,394][anemoi.training.diagnostics.callbacks.sanity][INFO] - No variable order to compare. Skipping variable order check.
[2025-03-12 10:12:45,893][anemoi.training.diagnostics.callbacks.sanity][INFO] - No variable order to compare. Skipping variable order check.
[2025-03-12 10:12:45,897][anemoi.training.diagnostics.callbacks.sanity][INFO] - No variable order to compare. Skipping variable order check.
[2025-03-12 10:12:45,956][anemoi.training.diagnostics.callbacks.sanity][INFO] - No variable order to compare. Skipping variable order check.
[2025-03-12 10:12:46,501][anemoi.training.diagnostics.callbacks.sanity][INFO] - No variable order to compare. Skipping variable order check.
[2025-03-12 10:12:47,121][anemoi.training.diagnostics.callbacks.plot][WARNING] - Asynchronous plotting can result in NCCL timeouts with reader_group_size > 1.
[2025-03-12 10:12:47,142][anemoi.training.diagnostics.callbacks.plot][WARNING] - Asynchronous plotting can result in NCCL timeouts with reader_group_size > 1.
[2025-03-12 10:12:47,158][anemoi.training.diagnostics.callbacks.plot][WARNING] - Asynchronous plotting can result in NCCL timeouts with reader_group_size > 1.
[2025-03-12 10:12:48,318][anemoi.training.diagnostics.callbacks.plot][WARNING] - Asynchronous plotting can result in NCCL timeouts with reader_group_size > 1.
[2025-03-12 10:12:51,283][anemoi.training.diagnostics.callbacks.plot][WARNING] - Asynchronous plotting can result in NCCL timeouts with reader_group_size > 1.
[2025-03-12 10:12:51,283][anemoi.training.diagnostics.callbacks.plot][WARNING] - Asynchronous plotting can result in NCCL timeouts with reader_group_size > 1.
[2025-03-12 10:12:51,283][anemoi.training.diagnostics.callbacks.plot][WARNING] - Asynchronous plotting can result in NCCL timeouts with reader_group_size > 1.
[2025-03-12 10:12:51,284][anemoi.training.diagnostics.callbacks.plot][WARNING] - Asynchronous plotting can result in NCCL timeouts with reader_group_size > 1.
[2025-03-12 10:12:52,464][anemoi.training.diagnostics.callbacks.plot][WARNING] - Asynchronous plotting can result in NCCL timeouts with reader_group_size > 1.
[2025-03-12 10:12:52,465][anemoi.training.diagnostics.callbacks.plot][WARNING] - Asynchronous plotting can result in NCCL timeouts with reader_group_size > 1.
[2025-03-12 10:12:52,465][anemoi.training.diagnostics.callbacks.plot][WARNING] - Asynchronous plotting can result in NCCL timeouts with reader_group_size > 1.
[2025-03-12 10:12:52,465][anemoi.training.diagnostics.callbacks.plot][WARNING] - Asynchronous plotting can result in NCCL timeouts with reader_group_size > 1.
[2025-03-12 10:12:53,460][anemoi.training.diagnostics.callbacks.plot][WARNING] - Asynchronous plotting can result in NCCL timeouts with reader_group_size > 1.
[2025-03-12 10:12:53,461][anemoi.training.diagnostics.callbacks.plot][WARNING] - Asynchronous plotting can result in NCCL timeouts with reader_group_size > 1.
[2025-03-12 10:12:53,461][anemoi.training.diagnostics.callbacks.plot][WARNING] - Asynchronous plotting can result in NCCL timeouts with reader_group_size > 1.
[2025-03-12 10:12:53,461][anemoi.training.diagnostics.callbacks.plot][WARNING] - Asynchronous plotting can result in NCCL timeouts with reader_group_size > 1.
[2025-03-12 10:12:57,186][anemoi.utils.checkpoints][INFO] - Adding extra information to checkpoint /work/nvme/bduu/jbanomedina/regional-ai/training/GLOBAL-31km/logs/outputs_checkpoint/d135149c-88e7-428f-8837-a97c3d5684c9/inference-stage-x-by_epoch-epoch_005-step_000024.ckpt
[2025-03-12 10:12:57,186][anemoi.utils.checkpoints][INFO] - Saving metadata to inference-stage-x-by_epoch-epoch_005-step_000024/anemoi-metadata/ai-models.json
[2025-03-12 10:12:57,197][anemoi.utils.checkpoints][INFO] - Saving supporting array `latitudes` to inference-stage-x-by_epoch-epoch_005-step_000024/anemoi-metadata/latitudes.numpy (shape=(542080,), dtype=float64)
[2025-03-12 10:12:57,199][anemoi.utils.checkpoints][INFO] - Saving supporting array `longitudes` to inference-stage-x-by_epoch-epoch_005-step_000024/anemoi-metadata/longitudes.numpy (shape=(542080,), dtype=float64)
[2025-03-12 10:13:10,408][anemoi.utils.checkpoints][INFO] - Adding extra information to checkpoint /work/nvme/bduu/jbanomedina/regional-ai/training/GLOBAL-31km/logs/outputs_checkpoint/d135149c-88e7-428f-8837-a97c3d5684c9/inference-last.ckpt
[2025-03-12 10:13:10,408][anemoi.utils.checkpoints][INFO] - Saving metadata to inference-last/anemoi-metadata/ai-models.json
[2025-03-12 10:13:10,410][anemoi.utils.checkpoints][INFO] - Saving supporting array `latitudes` to inference-last/anemoi-metadata/latitudes.numpy (shape=(542080,), dtype=float64)
[2025-03-12 10:13:10,412][anemoi.utils.checkpoints][INFO] - Saving supporting array `longitudes` to inference-last/anemoi-metadata/longitudes.numpy (shape=(542080,), dtype=float64)
[2025-03-12 10:13:19,891][anemoi.training.diagnostics.callbacks.sanity][INFO] - No variable order to compare. Skipping variable order check.
[2025-03-12 10:13:19,891][anemoi.training.diagnostics.callbacks.sanity][INFO] - No variable order to compare. Skipping variable order check.
[2025-03-12 10:13:19,892][anemoi.training.diagnostics.callbacks.sanity][INFO] - No variable order to compare. Skipping variable order check.
[2025-03-12 10:13:19,892][anemoi.training.diagnostics.callbacks.sanity][INFO] - No variable order to compare. Skipping variable order check.
[2025-03-12 10:13:32,992][anemoi.training.diagnostics.callbacks.sanity][INFO] - No variable order to compare. Skipping variable order check.
[2025-03-12 10:13:32,995][anemoi.training.diagnostics.callbacks.sanity][INFO] - No variable order to compare. Skipping variable order check.
[2025-03-12 10:13:33,020][anemoi.training.diagnostics.callbacks.sanity][INFO] - No variable order to compare. Skipping variable order check.
[2025-03-12 10:13:33,498][anemoi.training.diagnostics.callbacks.sanity][INFO] - No variable order to compare. Skipping variable order check.
[2025-03-12 10:13:34,188][anemoi.training.diagnostics.callbacks.plot][WARNING] - Asynchronous plotting can result in NCCL timeouts with reader_group_size > 1.
[2025-03-12 10:13:34,216][anemoi.training.diagnostics.callbacks.plot][WARNING] - Asynchronous plotting can result in NCCL timeouts with reader_group_size > 1.
[2025-03-12 10:13:34,216][anemoi.training.diagnostics.callbacks.plot][WARNING] - Asynchronous plotting can result in NCCL timeouts with reader_group_size > 1.
[2025-03-12 10:13:34,217][anemoi.training.diagnostics.callbacks.plot][WARNING] - Asynchronous plotting can result in NCCL timeouts with reader_group_size > 1.
[2025-03-12 10:13:38,431][anemoi.training.diagnostics.callbacks.plot][WARNING] - Asynchronous plotting can result in NCCL timeouts with reader_group_size > 1.
[2025-03-12 10:13:38,432][anemoi.training.diagnostics.callbacks.plot][WARNING] - Asynchronous plotting can result in NCCL timeouts with reader_group_size > 1.
[2025-03-12 10:13:38,432][anemoi.training.diagnostics.callbacks.plot][WARNING] - Asynchronous plotting can result in NCCL timeouts with reader_group_size > 1.
[2025-03-12 10:13:38,432][anemoi.training.diagnostics.callbacks.plot][WARNING] - Asynchronous plotting can result in NCCL timeouts with reader_group_size > 1.
[2025-03-12 10:13:39,135][anemoi.training.diagnostics.callbacks.plot][WARNING] - Asynchronous plotting can result in NCCL timeouts with reader_group_size > 1.
[2025-03-12 10:13:39,135][anemoi.training.diagnostics.callbacks.plot][WARNING] - Asynchronous plotting can result in NCCL timeouts with reader_group_size > 1.
[2025-03-12 10:13:39,135][anemoi.training.diagnostics.callbacks.plot][WARNING] - Asynchronous plotting can result in NCCL timeouts with reader_group_size > 1.
[2025-03-12 10:13:39,135][anemoi.training.diagnostics.callbacks.plot][WARNING] - Asynchronous plotting can result in NCCL timeouts with reader_group_size > 1.
[2025-03-12 10:13:39,857][anemoi.training.diagnostics.callbacks.plot][WARNING] - Asynchronous plotting can result in NCCL timeouts with reader_group_size > 1.
[2025-03-12 10:13:39,858][anemoi.training.diagnostics.callbacks.plot][WARNING] - Asynchronous plotting can result in NCCL timeouts with reader_group_size > 1.
[2025-03-12 10:13:39,858][anemoi.training.diagnostics.callbacks.plot][WARNING] - Asynchronous plotting can result in NCCL timeouts with reader_group_size > 1.
[2025-03-12 10:13:39,858][anemoi.training.diagnostics.callbacks.plot][WARNING] - Asynchronous plotting can result in NCCL timeouts with reader_group_size > 1.
[2025-03-12 10:13:43,873][anemoi.utils.checkpoints][INFO] - Adding extra information to checkpoint /work/nvme/bduu/jbanomedina/regional-ai/training/GLOBAL-31km/logs/outputs_checkpoint/d135149c-88e7-428f-8837-a97c3d5684c9/inference-stage-x-by_epoch-epoch_006-step_000028.ckpt
[2025-03-12 10:13:43,874][anemoi.utils.checkpoints][INFO] - Saving metadata to inference-stage-x-by_epoch-epoch_006-step_000028/anemoi-metadata/ai-models.json
[2025-03-12 10:13:43,955][anemoi.utils.checkpoints][INFO] - Saving supporting array `latitudes` to inference-stage-x-by_epoch-epoch_006-step_000028/anemoi-metadata/latitudes.numpy (shape=(542080,), dtype=float64)
[2025-03-12 10:13:43,957][anemoi.utils.checkpoints][INFO] - Saving supporting array `longitudes` to inference-stage-x-by_epoch-epoch_006-step_000028/anemoi-metadata/longitudes.numpy (shape=(542080,), dtype=float64)
[2025-03-12 10:13:57,151][anemoi.utils.checkpoints][INFO] - Adding extra information to checkpoint /work/nvme/bduu/jbanomedina/regional-ai/training/GLOBAL-31km/logs/outputs_checkpoint/d135149c-88e7-428f-8837-a97c3d5684c9/inference-last.ckpt
[2025-03-12 10:13:57,151][anemoi.utils.checkpoints][INFO] - Saving metadata to inference-last/anemoi-metadata/ai-models.json
[2025-03-12 10:13:57,152][anemoi.utils.checkpoints][INFO] - Saving supporting array `latitudes` to inference-last/anemoi-metadata/latitudes.numpy (shape=(542080,), dtype=float64)
[2025-03-12 10:13:57,155][anemoi.utils.checkpoints][INFO] - Saving supporting array `longitudes` to inference-last/anemoi-metadata/longitudes.numpy (shape=(542080,), dtype=float64)
[2025-03-12 10:14:06,859][anemoi.training.diagnostics.callbacks.sanity][INFO] - No variable order to compare. Skipping variable order check.
[2025-03-12 10:14:06,859][anemoi.training.diagnostics.callbacks.sanity][INFO] - No variable order to compare. Skipping variable order check.
[2025-03-12 10:14:06,859][anemoi.training.diagnostics.callbacks.sanity][INFO] - No variable order to compare. Skipping variable order check.
[2025-03-12 10:14:06,860][anemoi.training.diagnostics.callbacks.sanity][INFO] - No variable order to compare. Skipping variable order check.
[2025-03-12 10:14:19,192][anemoi.training.diagnostics.callbacks.sanity][INFO] - No variable order to compare. Skipping variable order check.
[2025-03-12 10:14:19,267][anemoi.training.diagnostics.callbacks.sanity][INFO] - No variable order to compare. Skipping variable order check.
[2025-03-12 10:14:19,276][anemoi.training.diagnostics.callbacks.sanity][INFO] - No variable order to compare. Skipping variable order check.
[2025-03-12 10:14:19,748][anemoi.training.diagnostics.callbacks.sanity][INFO] - No variable order to compare. Skipping variable order check.
[2025-03-12 10:14:20,413][anemoi.training.diagnostics.callbacks.plot][WARNING] - Asynchronous plotting can result in NCCL timeouts with reader_group_size > 1.
[2025-03-12 10:14:20,469][anemoi.training.diagnostics.callbacks.plot][WARNING] - Asynchronous plotting can result in NCCL timeouts with reader_group_size > 1.
[2025-03-12 10:14:20,470][anemoi.training.diagnostics.callbacks.plot][WARNING] - Asynchronous plotting can result in NCCL timeouts with reader_group_size > 1.
[2025-03-12 10:14:20,470][anemoi.training.diagnostics.callbacks.plot][WARNING] - Asynchronous plotting can result in NCCL timeouts with reader_group_size > 1.
[2025-03-12 10:14:24,654][anemoi.training.diagnostics.callbacks.plot][WARNING] - Asynchronous plotting can result in NCCL timeouts with reader_group_size > 1.
[2025-03-12 10:14:24,654][anemoi.training.diagnostics.callbacks.plot][WARNING] - Asynchronous plotting can result in NCCL timeouts with reader_group_size > 1.
[2025-03-12 10:14:24,654][anemoi.training.diagnostics.callbacks.plot][WARNING] - Asynchronous plotting can result in NCCL timeouts with reader_group_size > 1.
[2025-03-12 10:14:24,654][anemoi.training.diagnostics.callbacks.plot][WARNING] - Asynchronous plotting can result in NCCL timeouts with reader_group_size > 1.
[2025-03-12 10:14:25,334][anemoi.training.diagnostics.callbacks.plot][WARNING] - Asynchronous plotting can result in NCCL timeouts with reader_group_size > 1.
[2025-03-12 10:14:25,334][anemoi.training.diagnostics.callbacks.plot][WARNING] - Asynchronous plotting can result in NCCL timeouts with reader_group_size > 1.
[2025-03-12 10:14:25,335][anemoi.training.diagnostics.callbacks.plot][WARNING] - Asynchronous plotting can result in NCCL timeouts with reader_group_size > 1.
[2025-03-12 10:14:25,335][anemoi.training.diagnostics.callbacks.plot][WARNING] - Asynchronous plotting can result in NCCL timeouts with reader_group_size > 1.
[2025-03-12 10:14:26,894][anemoi.training.diagnostics.callbacks.plot][WARNING] - Asynchronous plotting can result in NCCL timeouts with reader_group_size > 1.
[2025-03-12 10:14:26,895][anemoi.training.diagnostics.callbacks.plot][WARNING] - Asynchronous plotting can result in NCCL timeouts with reader_group_size > 1.
[2025-03-12 10:14:26,895][anemoi.training.diagnostics.callbacks.plot][WARNING] - Asynchronous plotting can result in NCCL timeouts with reader_group_size > 1.
[2025-03-12 10:14:26,895][anemoi.training.diagnostics.callbacks.plot][WARNING] - Asynchronous plotting can result in NCCL timeouts with reader_group_size > 1.
[2025-03-12 10:14:30,376][anemoi.utils.checkpoints][INFO] - Adding extra information to checkpoint /work/nvme/bduu/jbanomedina/regional-ai/training/GLOBAL-31km/logs/outputs_checkpoint/d135149c-88e7-428f-8837-a97c3d5684c9/inference-stage-x-by_epoch-epoch_007-step_000032.ckpt
[2025-03-12 10:14:30,376][anemoi.utils.checkpoints][INFO] - Saving metadata to inference-stage-x-by_epoch-epoch_007-step_000032/anemoi-metadata/ai-models.json
[2025-03-12 10:14:30,389][anemoi.utils.checkpoints][INFO] - Saving supporting array `latitudes` to inference-stage-x-by_epoch-epoch_007-step_000032/anemoi-metadata/latitudes.numpy (shape=(542080,), dtype=float64)
[2025-03-12 10:14:30,391][anemoi.utils.checkpoints][INFO] - Saving supporting array `longitudes` to inference-stage-x-by_epoch-epoch_007-step_000032/anemoi-metadata/longitudes.numpy (shape=(542080,), dtype=float64)
[2025-03-12 10:14:44,086][anemoi.utils.checkpoints][INFO] - Adding extra information to checkpoint /work/nvme/bduu/jbanomedina/regional-ai/training/GLOBAL-31km/logs/outputs_checkpoint/d135149c-88e7-428f-8837-a97c3d5684c9/inference-last.ckpt
[2025-03-12 10:14:44,086][anemoi.utils.checkpoints][INFO] - Saving metadata to inference-last/anemoi-metadata/ai-models.json
[2025-03-12 10:14:44,087][anemoi.utils.checkpoints][INFO] - Saving supporting array `latitudes` to inference-last/anemoi-metadata/latitudes.numpy (shape=(542080,), dtype=float64)
[2025-03-12 10:14:44,090][anemoi.utils.checkpoints][INFO] - Saving supporting array `longitudes` to inference-last/anemoi-metadata/longitudes.numpy (shape=(542080,), dtype=float64)
[2025-03-12 10:14:53,449][anemoi.training.diagnostics.callbacks.sanity][INFO] - No variable order to compare. Skipping variable order check.
[2025-03-12 10:14:53,449][anemoi.training.diagnostics.callbacks.sanity][INFO] - No variable order to compare. Skipping variable order check.
[2025-03-12 10:14:53,449][anemoi.training.diagnostics.callbacks.sanity][INFO] - No variable order to compare. Skipping variable order check.
[2025-03-12 10:14:53,450][anemoi.training.diagnostics.callbacks.sanity][INFO] - No variable order to compare. Skipping variable order check.
[2025-03-12 10:15:06,263][anemoi.training.diagnostics.callbacks.sanity][INFO] - No variable order to compare. Skipping variable order check.
[2025-03-12 10:15:06,291][anemoi.training.diagnostics.callbacks.sanity][INFO] - No variable order to compare. Skipping variable order check.
[2025-03-12 10:15:06,330][anemoi.training.diagnostics.callbacks.sanity][INFO] - No variable order to compare. Skipping variable order check.
[2025-03-12 10:15:06,790][anemoi.training.diagnostics.callbacks.sanity][INFO] - No variable order to compare. Skipping variable order check.
[2025-03-12 10:15:07,406][anemoi.training.diagnostics.callbacks.plot][WARNING] - Asynchronous plotting can result in NCCL timeouts with reader_group_size > 1.
[2025-03-12 10:15:07,438][anemoi.training.diagnostics.callbacks.plot][WARNING] - Asynchronous plotting can result in NCCL timeouts with reader_group_size > 1.
[2025-03-12 10:15:07,438][anemoi.training.diagnostics.callbacks.plot][WARNING] - Asynchronous plotting can result in NCCL timeouts with reader_group_size > 1.
[2025-03-12 10:15:07,439][anemoi.training.diagnostics.callbacks.plot][WARNING] - Asynchronous plotting can result in NCCL timeouts with reader_group_size > 1.
[2025-03-12 10:15:11,674][anemoi.training.diagnostics.callbacks.plot][WARNING] - Asynchronous plotting can result in NCCL timeouts with reader_group_size > 1.
[2025-03-12 10:15:11,675][anemoi.training.diagnostics.callbacks.plot][WARNING] - Asynchronous plotting can result in NCCL timeouts with reader_group_size > 1.
[2025-03-12 10:15:11,675][anemoi.training.diagnostics.callbacks.plot][WARNING] - Asynchronous plotting can result in NCCL timeouts with reader_group_size > 1.
[2025-03-12 10:15:11,675][anemoi.training.diagnostics.callbacks.plot][WARNING] - Asynchronous plotting can result in NCCL timeouts with reader_group_size > 1.
[2025-03-12 10:15:12,382][anemoi.training.diagnostics.callbacks.plot][WARNING] - Asynchronous plotting can result in NCCL timeouts with reader_group_size > 1.
[2025-03-12 10:15:12,383][anemoi.training.diagnostics.callbacks.plot][WARNING] - Asynchronous plotting can result in NCCL timeouts with reader_group_size > 1.
[2025-03-12 10:15:12,383][anemoi.training.diagnostics.callbacks.plot][WARNING] - Asynchronous plotting can result in NCCL timeouts with reader_group_size > 1.
[2025-03-12 10:15:12,383][anemoi.training.diagnostics.callbacks.plot][WARNING] - Asynchronous plotting can result in NCCL timeouts with reader_group_size > 1.
[2025-03-12 10:15:13,101][anemoi.training.diagnostics.callbacks.plot][WARNING] - Asynchronous plotting can result in NCCL timeouts with reader_group_size > 1.
[2025-03-12 10:15:13,102][anemoi.training.diagnostics.callbacks.plot][WARNING] - Asynchronous plotting can result in NCCL timeouts with reader_group_size > 1.
[2025-03-12 10:15:13,102][anemoi.training.diagnostics.callbacks.plot][WARNING] - Asynchronous plotting can result in NCCL timeouts with reader_group_size > 1.
[2025-03-12 10:15:13,102][anemoi.training.diagnostics.callbacks.plot][WARNING] - Asynchronous plotting can result in NCCL timeouts with reader_group_size > 1.
[2025-03-12 10:15:17,571][anemoi.utils.checkpoints][INFO] - Adding extra information to checkpoint /work/nvme/bduu/jbanomedina/regional-ai/training/GLOBAL-31km/logs/outputs_checkpoint/d135149c-88e7-428f-8837-a97c3d5684c9/inference-stage-x-by_epoch-epoch_008-step_000036.ckpt
[2025-03-12 10:15:17,571][anemoi.utils.checkpoints][INFO] - Saving metadata to inference-stage-x-by_epoch-epoch_008-step_000036/anemoi-metadata/ai-models.json
[2025-03-12 10:15:17,577][anemoi.utils.checkpoints][INFO] - Saving supporting array `latitudes` to inference-stage-x-by_epoch-epoch_008-step_000036/anemoi-metadata/latitudes.numpy (shape=(542080,), dtype=float64)
[2025-03-12 10:15:17,579][anemoi.utils.checkpoints][INFO] - Saving supporting array `longitudes` to inference-stage-x-by_epoch-epoch_008-step_000036/anemoi-metadata/longitudes.numpy (shape=(542080,), dtype=float64)
[2025-03-12 10:15:30,187][anemoi.utils.checkpoints][INFO] - Adding extra information to checkpoint /work/nvme/bduu/jbanomedina/regional-ai/training/GLOBAL-31km/logs/outputs_checkpoint/d135149c-88e7-428f-8837-a97c3d5684c9/inference-last.ckpt
[2025-03-12 10:15:30,187][anemoi.utils.checkpoints][INFO] - Saving metadata to inference-last/anemoi-metadata/ai-models.json
[2025-03-12 10:15:30,188][anemoi.utils.checkpoints][INFO] - Saving supporting array `latitudes` to inference-last/anemoi-metadata/latitudes.numpy (shape=(542080,), dtype=float64)
[2025-03-12 10:15:30,191][anemoi.utils.checkpoints][INFO] - Saving supporting array `longitudes` to inference-last/anemoi-metadata/longitudes.numpy (shape=(542080,), dtype=float64)
[2025-03-12 10:15:40,883][anemoi.training.diagnostics.callbacks.sanity][INFO] - No variable order to compare. Skipping variable order check.
[2025-03-12 10:15:40,883][anemoi.training.diagnostics.callbacks.sanity][INFO] - No variable order to compare. Skipping variable order check.
[2025-03-12 10:15:40,883][anemoi.training.diagnostics.callbacks.sanity][INFO] - No variable order to compare. Skipping variable order check.
[2025-03-12 10:15:40,917][anemoi.training.diagnostics.callbacks.sanity][INFO] - No variable order to compare. Skipping variable order check.
[2025-03-12 10:15:53,624][anemoi.training.diagnostics.callbacks.sanity][INFO] - No variable order to compare. Skipping variable order check.
[2025-03-12 10:15:53,640][anemoi.training.diagnostics.callbacks.sanity][INFO] - No variable order to compare. Skipping variable order check.
[2025-03-12 10:15:53,643][anemoi.training.diagnostics.callbacks.sanity][INFO] - No variable order to compare. Skipping variable order check.
[2025-03-12 10:15:54,159][anemoi.training.diagnostics.callbacks.sanity][INFO] - No variable order to compare. Skipping variable order check.
[2025-03-12 10:15:54,840][anemoi.training.diagnostics.callbacks.plot][WARNING] - Asynchronous plotting can result in NCCL timeouts with reader_group_size > 1.
[2025-03-12 10:15:54,864][anemoi.training.diagnostics.callbacks.plot][WARNING] - Asynchronous plotting can result in NCCL timeouts with reader_group_size > 1.
[2025-03-12 10:15:54,864][anemoi.training.diagnostics.callbacks.plot][WARNING] - Asynchronous plotting can result in NCCL timeouts with reader_group_size > 1.
[2025-03-12 10:15:54,865][anemoi.training.diagnostics.callbacks.plot][WARNING] - Asynchronous plotting can result in NCCL timeouts with reader_group_size > 1.
[2025-03-12 10:15:58,419][anemoi.training.diagnostics.callbacks.plot][WARNING] - Asynchronous plotting can result in NCCL timeouts with reader_group_size > 1.
[2025-03-12 10:15:58,419][anemoi.training.diagnostics.callbacks.plot][WARNING] - Asynchronous plotting can result in NCCL timeouts with reader_group_size > 1.
[2025-03-12 10:15:58,419][anemoi.training.diagnostics.callbacks.plot][WARNING] - Asynchronous plotting can result in NCCL timeouts with reader_group_size > 1.
[2025-03-12 10:15:58,420][anemoi.training.diagnostics.callbacks.plot][WARNING] - Asynchronous plotting can result in NCCL timeouts with reader_group_size > 1.
[2025-03-12 10:15:59,147][anemoi.training.diagnostics.callbacks.plot][WARNING] - Asynchronous plotting can result in NCCL timeouts with reader_group_size > 1.
[2025-03-12 10:15:59,147][anemoi.training.diagnostics.callbacks.plot][WARNING] - Asynchronous plotting can result in NCCL timeouts with reader_group_size > 1.
[2025-03-12 10:15:59,147][anemoi.training.diagnostics.callbacks.plot][WARNING] - Asynchronous plotting can result in NCCL timeouts with reader_group_size > 1.
[2025-03-12 10:15:59,147][anemoi.training.diagnostics.callbacks.plot][WARNING] - Asynchronous plotting can result in NCCL timeouts with reader_group_size > 1.
[2025-03-12 10:16:00,666][anemoi.training.diagnostics.callbacks.plot][WARNING] - Asynchronous plotting can result in NCCL timeouts with reader_group_size > 1.
[2025-03-12 10:16:00,666][anemoi.training.diagnostics.callbacks.plot][WARNING] - Asynchronous plotting can result in NCCL timeouts with reader_group_size > 1.
[2025-03-12 10:16:00,666][anemoi.training.diagnostics.callbacks.plot][WARNING] - Asynchronous plotting can result in NCCL timeouts with reader_group_size > 1.
[2025-03-12 10:16:00,666][anemoi.training.diagnostics.callbacks.plot][WARNING] - Asynchronous plotting can result in NCCL timeouts with reader_group_size > 1.
[2025-03-12 10:16:02,609][pytorch_lightning.trainer.connectors.signal_connector][INFO] - [rank: 0] Received SIGTERM: 15
[2025-03-12 10:16:02,609][pytorch_lightning.trainer.connectors.signal_connector][INFO] - Bypassing SIGTERM: 15
[2025-03-12 10:16:02,614][pytorch_lightning.trainer.connectors.signal_connector][INFO] - [rank: 0] Received SIGTERM: 15
[2025-03-12 10:16:02,614][pytorch_lightning.trainer.connectors.signal_connector][INFO] - Bypassing SIGTERM: 15
[2025-03-12 10:16:03,951][anemoi.utils.checkpoints][INFO] - Adding extra information to checkpoint /work/nvme/bduu/jbanomedina/regional-ai/training/GLOBAL-31km/logs/outputs_checkpoint/d135149c-88e7-428f-8837-a97c3d5684c9/inference-stage-x-by_epoch-epoch_009-step_000040.ckpt
[2025-03-12 10:16:03,951][anemoi.utils.checkpoints][INFO] - Saving metadata to inference-stage-x-by_epoch-epoch_009-step_000040/anemoi-metadata/ai-models.json
[2025-03-12 10:16:03,956][anemoi.utils.checkpoints][INFO] - Saving supporting array `latitudes` to inference-stage-x-by_epoch-epoch_009-step_000040/anemoi-metadata/latitudes.numpy (shape=(542080,), dtype=float64)
[2025-03-12 10:16:03,959][anemoi.utils.checkpoints][INFO] - Saving supporting array `longitudes` to inference-stage-x-by_epoch-epoch_009-step_000040/anemoi-metadata/longitudes.numpy (shape=(542080,), dtype=float64)
[2025-03-12 10:16:04,012][pytorch_lightning.trainer.connectors.signal_connector][INFO] - [rank: 1] Received SIGTERM: 15
[2025-03-12 10:16:04,012][pytorch_lightning.trainer.connectors.signal_connector][INFO] - [rank: 2] Received SIGTERM: 15
[2025-03-12 10:16:04,012][pytorch_lightning.trainer.connectors.signal_connector][INFO] - [rank: 3] Received SIGTERM: 15
[2025-03-12 10:16:04,012][pytorch_lightning.trainer.connectors.signal_connector][INFO] - Bypassing SIGTERM: 15
[2025-03-12 10:16:04,012][pytorch_lightning.trainer.connectors.signal_connector][INFO] - Bypassing SIGTERM: 15
[2025-03-12 10:16:04,012][pytorch_lightning.trainer.connectors.signal_connector][INFO] - Bypassing SIGTERM: 15
[2025-03-12 10:16:22,064][anemoi.training.diagnostics.callbacks.plot][ERROR] - Traceback (most recent call last):
  File "/projects/bduu/jbanomedina/envs2/regional-ai/lib/python3.9/site-packages/anemoi/training/diagnostics/callbacks/plot.py", line 160, in _plot_with_error_catching
    self._plot(trainer, *args, **kwargs)
  File "/projects/bduu/jbanomedina/envs2/regional-ai/lib/python3.9/site-packages/lightning_utilities/core/rank_zero.py", line 42, in wrapped_fn
    return fn(*args, **kwargs)
  File "/projects/bduu/jbanomedina/envs2/regional-ai/lib/python3.9/site-packages/anemoi/training/diagnostics/callbacks/plot.py", line 1095, in _plot
    fig = plot_power_spectrum(
  File "/projects/bduu/jbanomedina/envs2/regional-ai/lib/python3.9/site-packages/anemoi/training/diagnostics/plots.py", line 212, in plot_power_spectrum
    yt_i = griddata((pc_lon, pc_lat), yt, (grid_pc_lon, grid_pc_lat), method=method, fill_value=0.0)
  File "/projects/bduu/jbanomedina/envs2/regional-ai/lib/python3.9/site-packages/scipy/interpolate/_ndgriddata.py", line 327, in griddata
    ip = CloughTocher2DInterpolator(points, values, fill_value=fill_value,
  File "interpnd.pyx", line 949, in scipy.interpolate.interpnd.CloughTocher2DInterpolator.__init__
  File "interpnd.pyx", line 92, in scipy.interpolate.interpnd.NDInterpolatorBase.__init__
  File "interpnd.pyx", line 968, in scipy.interpolate.interpnd.CloughTocher2DInterpolator._calculate_triangulation
  File "_qhull.pyx", line 1821, in scipy.spatial._qhull.Delaunay.__init__
  File "_qhull.pyx", line 258, in scipy.spatial._qhull._Qhull.__init__
  File "messagestream.pyx", line 29, in scipy._lib.messagestream.MessageStream.__cinit__
  File "/projects/bduu/jbanomedina/envs2/regional-ai/lib/python3.9/tempfile.py", line 352, in mkstemp
    return _mkstemp_inner(dir, prefix, suffix, flags, output_type)
  File "/projects/bduu/jbanomedina/envs2/regional-ai/lib/python3.9/tempfile.py", line 255, in _mkstemp_inner
    fd = _os.open(file, flags, 0o600)
FileNotFoundError: [Errno 2] No such file or directory: b'/tmp/scipy-ttk791n9'
Traceback (most recent call last):
  File "/projects/bduu/jbanomedina/envs2/regional-ai/lib/python3.9/site-packages/anemoi/training/diagnostics/callbacks/plot.py", line 160, in _plot_with_error_catching
    self._plot(trainer, *args, **kwargs)
  File "/projects/bduu/jbanomedina/envs2/regional-ai/lib/python3.9/site-packages/lightning_utilities/core/rank_zero.py", line 42, in wrapped_fn
    return fn(*args, **kwargs)
  File "/projects/bduu/jbanomedina/envs2/regional-ai/lib/python3.9/site-packages/anemoi/training/diagnostics/callbacks/plot.py", line 1095, in _plot
    fig = plot_power_spectrum(
  File "/projects/bduu/jbanomedina/envs2/regional-ai/lib/python3.9/site-packages/anemoi/training/diagnostics/plots.py", line 212, in plot_power_spectrum
    yt_i = griddata((pc_lon, pc_lat), yt, (grid_pc_lon, grid_pc_lat), method=method, fill_value=0.0)
  File "/projects/bduu/jbanomedina/envs2/regional-ai/lib/python3.9/site-packages/scipy/interpolate/_ndgriddata.py", line 327, in griddata
    ip = CloughTocher2DInterpolator(points, values, fill_value=fill_value,
  File "interpnd.pyx", line 949, in scipy.interpolate.interpnd.CloughTocher2DInterpolator.__init__
  File "interpnd.pyx", line 92, in scipy.interpolate.interpnd.NDInterpolatorBase.__init__
  File "interpnd.pyx", line 968, in scipy.interpolate.interpnd.CloughTocher2DInterpolator._calculate_triangulation
  File "_qhull.pyx", line 1821, in scipy.spatial._qhull.Delaunay.__init__
  File "_qhull.pyx", line 258, in scipy.spatial._qhull._Qhull.__init__
  File "messagestream.pyx", line 29, in scipy._lib.messagestream.MessageStream.__cinit__
  File "/projects/bduu/jbanomedina/envs2/regional-ai/lib/python3.9/tempfile.py", line 352, in mkstemp
    return _mkstemp_inner(dir, prefix, suffix, flags, output_type)
  File "/projects/bduu/jbanomedina/envs2/regional-ai/lib/python3.9/tempfile.py", line 255, in _mkstemp_inner
    fd = _os.open(file, flags, 0o600)
FileNotFoundError: [Errno 2] No such file or directory: b'/tmp/scipy-ttk791n9'
