[2025-02-28 14:34:00,485][anemoi.training.train.train][INFO] - Run id: b334fa75-0ba7-4457-8471-54cf11f45b3c
[2025-02-28 14:34:00,486][anemoi.training.train.train][INFO] - Checkpoints path: /work/hdd/bduu/jbanomedina/regional-ai/training/STRETCHED-6km/logs/outputs_checkpoint/b334fa75-0ba7-4457-8471-54cf11f45b3c
[2025-02-28 14:34:00,486][anemoi.training.train.train][INFO] - Plots path: /work/hdd/bduu/jbanomedina/regional-ai/training/STRETCHED-6km/logs/outputs_plots/b334fa75-0ba7-4457-8471-54cf11f45b3c
[2025-02-28 14:34:00,488][anemoi.training.train.train][INFO] - Run id: a0449900-cb1b-4630-b15c-8f344d32d84c
[2025-02-28 14:34:00,490][anemoi.training.train.train][INFO] - Checkpoints path: /work/hdd/bduu/jbanomedina/regional-ai/training/STRETCHED-6km/logs/outputs_checkpoint/a0449900-cb1b-4630-b15c-8f344d32d84c
[2025-02-28 14:34:00,490][anemoi.training.train.train][INFO] - Plots path: /work/hdd/bduu/jbanomedina/regional-ai/training/STRETCHED-6km/logs/outputs_plots/a0449900-cb1b-4630-b15c-8f344d32d84c
[2025-02-28 14:34:00,490][anemoi.training.train.train][INFO] - Run id: dad1bfce-4c1e-42ba-954f-c8c9e0270e79
[2025-02-28 14:34:00,492][anemoi.training.train.train][INFO] - Checkpoints path: /work/hdd/bduu/jbanomedina/regional-ai/training/STRETCHED-6km/logs/outputs_checkpoint/dad1bfce-4c1e-42ba-954f-c8c9e0270e79
[2025-02-28 14:34:00,492][anemoi.training.train.train][INFO] - Plots path: /work/hdd/bduu/jbanomedina/regional-ai/training/STRETCHED-6km/logs/outputs_plots/dad1bfce-4c1e-42ba-954f-c8c9e0270e79
[2025-02-28 14:34:00,492][anemoi.training.train.train][INFO] - Run id: ecea4884-47ee-46d1-8e8c-b4a3f58cbf36
[2025-02-28 14:34:00,492][anemoi.training.train.train][INFO] - Run id: fd11c4d5-921f-423d-a2d5-9cc9eb7d67e1
[2025-02-28 14:34:00,494][anemoi.training.train.train][INFO] - Checkpoints path: /work/hdd/bduu/jbanomedina/regional-ai/training/STRETCHED-6km/logs/outputs_checkpoint/ecea4884-47ee-46d1-8e8c-b4a3f58cbf36
[2025-02-28 14:34:00,495][anemoi.training.train.train][INFO] - Checkpoints path: /work/hdd/bduu/jbanomedina/regional-ai/training/STRETCHED-6km/logs/outputs_checkpoint/fd11c4d5-921f-423d-a2d5-9cc9eb7d67e1
[2025-02-28 14:34:00,494][anemoi.training.train.train][INFO] - Run id: 7fcbfbfd-0324-415c-b800-5192c5a5726d
[2025-02-28 14:34:00,497][anemoi.training.train.train][INFO] - Plots path: /work/hdd/bduu/jbanomedina/regional-ai/training/STRETCHED-6km/logs/outputs_plots/fd11c4d5-921f-423d-a2d5-9cc9eb7d67e1
[2025-02-28 14:34:00,496][anemoi.training.train.train][INFO] - Plots path: /work/hdd/bduu/jbanomedina/regional-ai/training/STRETCHED-6km/logs/outputs_plots/ecea4884-47ee-46d1-8e8c-b4a3f58cbf36
[2025-02-28 14:34:00,498][anemoi.training.train.train][INFO] - Run id: 81af6df2-51b7-4b19-b964-d03654b6bae9
[2025-02-28 14:34:00,498][anemoi.training.train.train][INFO] - Checkpoints path: /work/hdd/bduu/jbanomedina/regional-ai/training/STRETCHED-6km/logs/outputs_checkpoint/7fcbfbfd-0324-415c-b800-5192c5a5726d
[2025-02-28 14:34:00,502][anemoi.training.train.train][INFO] - Checkpoints path: /work/hdd/bduu/jbanomedina/regional-ai/training/STRETCHED-6km/logs/outputs_checkpoint/81af6df2-51b7-4b19-b964-d03654b6bae9
[2025-02-28 14:34:00,501][anemoi.training.train.train][INFO] - Run id: 25347610-fdd1-406a-a784-2ee09f592087
[2025-02-28 14:34:00,504][anemoi.training.train.train][INFO] - Plots path: /work/hdd/bduu/jbanomedina/regional-ai/training/STRETCHED-6km/logs/outputs_plots/81af6df2-51b7-4b19-b964-d03654b6bae9
[2025-02-28 14:34:00,503][anemoi.training.train.train][INFO] - Plots path: /work/hdd/bduu/jbanomedina/regional-ai/training/STRETCHED-6km/logs/outputs_plots/7fcbfbfd-0324-415c-b800-5192c5a5726d
[2025-02-28 14:34:00,506][anemoi.training.train.train][INFO] - Checkpoints path: /work/hdd/bduu/jbanomedina/regional-ai/training/STRETCHED-6km/logs/outputs_checkpoint/25347610-fdd1-406a-a784-2ee09f592087
[2025-02-28 14:34:00,508][anemoi.training.train.train][INFO] - Plots path: /work/hdd/bduu/jbanomedina/regional-ai/training/STRETCHED-6km/logs/outputs_plots/25347610-fdd1-406a-a784-2ee09f592087
[2025-02-28 14:34:00,620][anemoi.training.train.train][INFO] - Loading graph data from /work/hdd/bduu/jbanomedina/regional-ai/training/STRETCHED-6km/logs/outputs_graphs/STRETCHED-6km-8x6-12x3.pt
[2025-02-28 14:34:00,620][anemoi.training.train.train][INFO] - Loading graph data from /work/hdd/bduu/jbanomedina/regional-ai/training/STRETCHED-6km/logs/outputs_graphs/STRETCHED-6km-8x6-12x3.pt
[2025-02-28 14:34:00,620][anemoi.training.train.train][INFO] - Loading graph data from /work/hdd/bduu/jbanomedina/regional-ai/training/STRETCHED-6km/logs/outputs_graphs/STRETCHED-6km-8x6-12x3.pt
[2025-02-28 14:34:00,620][anemoi.training.train.train][INFO] - Loading graph data from /work/hdd/bduu/jbanomedina/regional-ai/training/STRETCHED-6km/logs/outputs_graphs/STRETCHED-6km-8x6-12x3.pt
[2025-02-28 14:34:00,737][anemoi.training.train.train][INFO] - Loading graph data from /work/hdd/bduu/jbanomedina/regional-ai/training/STRETCHED-6km/logs/outputs_graphs/STRETCHED-6km-8x6-8x3.pt
[2025-02-28 14:34:00,737][anemoi.training.train.train][INFO] - Loading graph data from /work/hdd/bduu/jbanomedina/regional-ai/training/STRETCHED-6km/logs/outputs_graphs/STRETCHED-6km-8x6-8x3.pt
[2025-02-28 14:34:00,737][anemoi.training.train.train][INFO] - Loading graph data from /work/hdd/bduu/jbanomedina/regional-ai/training/STRETCHED-6km/logs/outputs_graphs/STRETCHED-6km-8x6-8x3.pt
[2025-02-28 14:34:00,737][anemoi.training.train.train][INFO] - Loading graph data from /work/hdd/bduu/jbanomedina/regional-ai/training/STRETCHED-6km/logs/outputs_graphs/STRETCHED-6km-8x6-8x3.pt
[2025-02-28 14:39:50,168][anemoi.training.data.datamodule][INFO] - Timeincrement set to 1 for data with frequency, 21600, and timestep, 21600
[2025-02-28 14:39:50,224][anemoi.training.train.train][INFO] - Number of data variables: 92
[2025-02-28 14:39:50,988][lightning_fabric.utilities.seed][INFO] - [rank: 3] Seed set to 536698
[2025-02-28 14:39:51,153][anemoi.training.data.datamodule][INFO] - Timeincrement set to 1 for data with frequency, 21600, and timestep, 21600
[2025-02-28 14:39:51,163][anemoi.training.train.train][INFO] - Number of data variables: 92
[2025-02-28 14:39:51,716][lightning_fabric.utilities.seed][INFO] - [rank: 3] Seed set to 536699
[2025-02-28 14:39:52,379][anemoi.training.data.datamodule][INFO] - Timeincrement set to 1 for data with frequency, 21600, and timestep, 21600
[2025-02-28 14:39:52,387][anemoi.training.train.train][INFO] - Number of data variables: 92
[2025-02-28 14:39:52,493][anemoi.training.data.datamodule][INFO] - Timeincrement set to 1 for data with frequency, 21600, and timestep, 21600
[2025-02-28 14:39:52,503][anemoi.training.train.train][INFO] - Number of data variables: 92
[2025-02-28 14:39:52,867][lightning_fabric.utilities.seed][INFO] - [rank: 2] Seed set to 536698
[2025-02-28 14:39:52,994][lightning_fabric.utilities.seed][INFO] - [rank: 2] Seed set to 536699
[2025-02-28 14:39:55,640][anemoi.training.data.datamodule][INFO] - Timeincrement set to 1 for data with frequency, 21600, and timestep, 21600
[2025-02-28 14:39:55,647][anemoi.training.train.train][INFO] - Number of data variables: 92
[2025-02-28 14:39:55,862][anemoi.training.data.datamodule][INFO] - Timeincrement set to 1 for data with frequency, 21600, and timestep, 21600
[2025-02-28 14:39:55,869][anemoi.training.train.train][INFO] - Number of data variables: 92
[2025-02-28 14:39:56,138][lightning_fabric.utilities.seed][INFO] - [rank: 1] Seed set to 536698
[2025-02-28 14:39:56,357][lightning_fabric.utilities.seed][INFO] - [rank: 1] Seed set to 536699
[2025-02-28 14:39:59,388][anemoi.training.data.datamodule][INFO] - Timeincrement set to 1 for data with frequency, 21600, and timestep, 21600
[2025-02-28 14:39:59,398][anemoi.training.train.train][INFO] - Number of data variables: 92
[2025-02-28 14:39:59,508][anemoi.training.data.datamodule][INFO] - Timeincrement set to 1 for data with frequency, 21600, and timestep, 21600
[2025-02-28 14:39:59,610][anemoi.training.train.train][INFO] - Number of data variables: 92
[2025-02-28 14:39:59,805][pytorch_lightning.utilities.rank_zero][INFO] - Using 16bit Automatic Mixed Precision (AMP)
[2025-02-28 14:39:59,965][pytorch_lightning.utilities.rank_zero][INFO] - Using 16bit Automatic Mixed Precision (AMP)
[2025-02-28 14:40:00,060][pytorch_lightning.utilities.rank_zero][INFO] - GPU available: True (cuda), used: True
[2025-02-28 14:40:00,062][pytorch_lightning.utilities.rank_zero][INFO] - TPU available: False, using: 0 TPU cores
[2025-02-28 14:40:00,062][pytorch_lightning.utilities.rank_zero][INFO] - HPU available: False, using: 0 HPUs
[2025-02-28 14:40:00,066][lightning_fabric.utilities.seed][INFO] - [rank: 0] Seed set to 536699
[2025-02-28 14:40:00,160][pytorch_lightning.utilities.rank_zero][INFO] - GPU available: True (cuda), used: True
[2025-02-28 14:40:00,162][pytorch_lightning.utilities.rank_zero][INFO] - TPU available: False, using: 0 TPU cores
[2025-02-28 14:40:00,162][pytorch_lightning.utilities.rank_zero][INFO] - HPU available: False, using: 0 HPUs
[2025-02-28 14:40:00,167][lightning_fabric.utilities.seed][INFO] - [rank: 0] Seed set to 536698
[2025-02-28 14:40:07,409][anemoi.models.preprocessing.normalizer][INFO] - Normalizing: cos_julian_day is not normalized.
[2025-02-28 14:40:07,409][anemoi.models.preprocessing.normalizer][INFO] - Normalizing: cos_julian_day is not normalized.
[2025-02-28 14:40:07,409][anemoi.models.preprocessing.normalizer][INFO] - Normalizing: cos_latitude is not normalized.
[2025-02-28 14:40:07,409][anemoi.models.preprocessing.normalizer][INFO] - Normalizing: cos_latitude is not normalized.
[2025-02-28 14:40:07,409][anemoi.models.preprocessing.normalizer][INFO] - Normalizing: cos_local_time is not normalized.
[2025-02-28 14:40:07,409][anemoi.models.preprocessing.normalizer][INFO] - Normalizing: cos_julian_day is not normalized.
[2025-02-28 14:40:07,409][anemoi.models.preprocessing.normalizer][INFO] - Normalizing: cos_local_time is not normalized.
[2025-02-28 14:40:07,409][anemoi.models.preprocessing.normalizer][INFO] - Normalizing: cos_longitude is not normalized.
[2025-02-28 14:40:07,409][anemoi.models.preprocessing.normalizer][INFO] - Normalizing: cos_latitude is not normalized.
[2025-02-28 14:40:07,409][anemoi.models.preprocessing.normalizer][INFO] - Normalizing: cos_longitude is not normalized.
[2025-02-28 14:40:07,409][anemoi.models.preprocessing.normalizer][INFO] - Normalizing: cos_julian_day is not normalized.
[2025-02-28 14:40:07,409][anemoi.models.preprocessing.normalizer][INFO] - Normalizing: insolation is not normalized.
[2025-02-28 14:40:07,410][anemoi.models.preprocessing.normalizer][INFO] - Normalizing: cos_local_time is not normalized.
[2025-02-28 14:40:07,410][anemoi.models.preprocessing.normalizer][INFO] - Normalizing: insolation is not normalized.
[2025-02-28 14:40:07,409][anemoi.models.preprocessing.normalizer][INFO] - Normalizing: cos_julian_day is not normalized.
[2025-02-28 14:40:07,410][anemoi.models.preprocessing.normalizer][INFO] - Normalizing: lsm is not normalized.
[2025-02-28 14:40:07,409][anemoi.models.preprocessing.normalizer][INFO] - Normalizing: cos_julian_day is not normalized.
[2025-02-28 14:40:07,410][anemoi.models.preprocessing.normalizer][INFO] - Normalizing: cos_longitude is not normalized.
[2025-02-28 14:40:07,410][anemoi.models.preprocessing.normalizer][INFO] - Normalizing: cos_julian_day is not normalized.
[2025-02-28 14:40:07,410][anemoi.models.preprocessing.normalizer][INFO] - Normalizing: lsm is not normalized.
[2025-02-28 14:40:07,409][anemoi.models.preprocessing.normalizer][INFO] - Normalizing: cos_julian_day is not normalized.
[2025-02-28 14:40:07,410][anemoi.models.preprocessing.normalizer][INFO] - Normalizing: cos_latitude is not normalized.
[2025-02-28 14:40:07,412][anemoi.models.preprocessing.normalizer][INFO] - Normalizing: cos_latitude is not normalized.
[2025-02-28 14:40:07,413][anemoi.models.preprocessing.normalizer][INFO] - Normalizing: sin_julian_day is not normalized.
[2025-02-28 14:40:07,414][anemoi.models.preprocessing.normalizer][INFO] - Normalizing: cos_latitude is not normalized.
[2025-02-28 14:40:07,416][anemoi.models.preprocessing.normalizer][INFO] - Normalizing: insolation is not normalized.
[2025-02-28 14:40:07,417][anemoi.models.preprocessing.normalizer][INFO] - Normalizing: cos_latitude is not normalized.
[2025-02-28 14:40:07,418][anemoi.models.preprocessing.normalizer][INFO] - Normalizing: sin_julian_day is not normalized.
[2025-02-28 14:40:07,419][anemoi.models.preprocessing.normalizer][INFO] - Normalizing: cos_latitude is not normalized.
[2025-02-28 14:40:07,420][anemoi.models.preprocessing.normalizer][INFO] - Normalizing: cos_local_time is not normalized.
[2025-02-28 14:40:07,421][anemoi.models.preprocessing.normalizer][INFO] - Normalizing: cos_local_time is not normalized.
[2025-02-28 14:40:07,422][anemoi.models.preprocessing.normalizer][INFO] - Normalizing: sin_latitude is not normalized.
[2025-02-28 14:40:07,423][anemoi.models.preprocessing.normalizer][INFO] - Normalizing: cos_local_time is not normalized.
[2025-02-28 14:40:07,424][anemoi.models.preprocessing.normalizer][INFO] - Normalizing: lsm is not normalized.
[2025-02-28 14:40:07,425][anemoi.models.preprocessing.normalizer][INFO] - Normalizing: cos_local_time is not normalized.
[2025-02-28 14:40:07,427][anemoi.models.preprocessing.normalizer][INFO] - Normalizing: sin_latitude is not normalized.
[2025-02-28 14:40:07,428][anemoi.models.preprocessing.normalizer][INFO] - Normalizing: cos_local_time is not normalized.
[2025-02-28 14:40:07,429][anemoi.models.preprocessing.normalizer][INFO] - Normalizing: cos_longitude is not normalized.
[2025-02-28 14:40:07,430][anemoi.models.preprocessing.normalizer][INFO] - Normalizing: cos_longitude is not normalized.
[2025-02-28 14:40:07,431][anemoi.models.preprocessing.normalizer][INFO] - Normalizing: sin_local_time is not normalized.
[2025-02-28 14:40:07,432][anemoi.models.preprocessing.normalizer][INFO] - Normalizing: cos_longitude is not normalized.
[2025-02-28 14:40:07,433][anemoi.models.preprocessing.normalizer][INFO] - Normalizing: sin_julian_day is not normalized.
[2025-02-28 14:40:07,434][anemoi.models.preprocessing.normalizer][INFO] - Normalizing: cos_longitude is not normalized.
[2025-02-28 14:40:07,436][anemoi.models.preprocessing.normalizer][INFO] - Normalizing: sin_local_time is not normalized.
[2025-02-28 14:40:07,437][anemoi.models.preprocessing.normalizer][INFO] - Normalizing: cos_longitude is not normalized.
[2025-02-28 14:40:07,438][anemoi.models.preprocessing.normalizer][INFO] - Normalizing: insolation is not normalized.
[2025-02-28 14:40:07,439][anemoi.models.preprocessing.normalizer][INFO] - Normalizing: insolation is not normalized.
[2025-02-28 14:40:07,440][anemoi.models.preprocessing.normalizer][INFO] - Normalizing: sin_longitude is not normalized.
[2025-02-28 14:40:07,441][anemoi.models.preprocessing.normalizer][INFO] - Normalizing: insolation is not normalized.
[2025-02-28 14:40:07,442][anemoi.models.preprocessing.normalizer][INFO] - Normalizing: sin_latitude is not normalized.
[2025-02-28 14:40:07,443][anemoi.models.preprocessing.normalizer][INFO] - Normalizing: insolation is not normalized.
[2025-02-28 14:40:07,444][anemoi.models.preprocessing.normalizer][INFO] - Normalizing: sin_longitude is not normalized.
[2025-02-28 14:40:07,446][anemoi.models.preprocessing.normalizer][INFO] - Normalizing: insolation is not normalized.
[2025-02-28 14:40:07,447][anemoi.models.preprocessing.normalizer][INFO] - Normalizing: lsm is not normalized.
[2025-02-28 14:40:07,447][anemoi.models.preprocessing.normalizer][INFO] - Normalizing: lsm is not normalized.
[2025-02-28 14:40:07,449][anemoi.models.preprocessing.normalizer][INFO] - Normalizing: z_sfc is not normalized.
[2025-02-28 14:40:07,449][anemoi.models.preprocessing.normalizer][INFO] - Normalizing: lsm is not normalized.
[2025-02-28 14:40:07,451][anemoi.models.preprocessing.normalizer][INFO] - Normalizing: sin_local_time is not normalized.
[2025-02-28 14:40:07,452][anemoi.models.preprocessing.normalizer][INFO] - Normalizing: lsm is not normalized.
[2025-02-28 14:40:07,453][anemoi.models.preprocessing.normalizer][INFO] - Normalizing: z_sfc is not normalized.
[2025-02-28 14:40:07,454][anemoi.models.preprocessing.normalizer][INFO] - Normalizing: lsm is not normalized.
[2025-02-28 14:40:07,455][anemoi.models.preprocessing.normalizer][INFO] - Normalizing: sin_julian_day is not normalized.
[2025-02-28 14:40:07,456][anemoi.models.preprocessing.normalizer][INFO] - Normalizing: sin_julian_day is not normalized.
[2025-02-28 14:40:07,460][anemoi.models.preprocessing.normalizer][INFO] - Normalizing: sin_longitude is not normalized.
[2025-02-28 14:40:07,459][anemoi.models.preprocessing.normalizer][INFO] - Normalizing: sin_julian_day is not normalized.
[2025-02-28 14:40:07,465][anemoi.models.preprocessing.normalizer][INFO] - Normalizing: sin_latitude is not normalized.
[2025-02-28 14:40:07,461][anemoi.models.preprocessing.normalizer][INFO] - Normalizing: sin_julian_day is not normalized.
[2025-02-28 14:40:07,467][anemoi.models.preprocessing.normalizer][INFO] - Normalizing: z_sfc is not normalized.
[2025-02-28 14:40:07,463][anemoi.models.preprocessing.normalizer][INFO] - Normalizing: sin_julian_day is not normalized.
[2025-02-28 14:40:07,469][anemoi.models.preprocessing.normalizer][INFO] - Normalizing: sin_local_time is not normalized.
[2025-02-28 14:40:07,466][anemoi.models.preprocessing.normalizer][INFO] - Normalizing: sin_latitude is not normalized.
[2025-02-28 14:40:07,474][anemoi.models.preprocessing.normalizer][INFO] - Normalizing: sin_longitude is not normalized.
[2025-02-28 14:40:07,468][anemoi.models.preprocessing.normalizer][INFO] - Normalizing: sin_latitude is not normalized.
[2025-02-28 14:40:07,476][anemoi.models.preprocessing.normalizer][INFO] - Normalizing: z_sfc is not normalized.
[2025-02-28 14:40:07,470][anemoi.models.preprocessing.normalizer][INFO] - Normalizing: sin_latitude is not normalized.
[2025-02-28 14:40:07,473][anemoi.models.preprocessing.normalizer][INFO] - Normalizing: sin_latitude is not normalized.
[2025-02-28 14:40:07,475][anemoi.models.preprocessing.normalizer][INFO] - Normalizing: sin_local_time is not normalized.
[2025-02-28 14:40:07,477][anemoi.models.preprocessing.normalizer][INFO] - Normalizing: sin_local_time is not normalized.
[2025-02-28 14:40:07,479][anemoi.models.preprocessing.normalizer][INFO] - Normalizing: sin_local_time is not normalized.
[2025-02-28 14:40:07,479][anemoi.models.preprocessing.normalizer][INFO] - Normalizing: sin_longitude is not normalized.
[2025-02-28 14:40:07,479][anemoi.models.preprocessing.normalizer][INFO] - Normalizing: sin_longitude is not normalized.
[2025-02-28 14:40:07,479][anemoi.models.preprocessing.normalizer][INFO] - Normalizing: sin_longitude is not normalized.
[2025-02-28 14:40:07,479][anemoi.models.preprocessing.normalizer][INFO] - Normalizing: z_sfc is not normalized.
[2025-02-28 14:40:07,480][anemoi.models.preprocessing.normalizer][INFO] - Normalizing: z_sfc is not normalized.
[2025-02-28 14:40:07,480][anemoi.models.preprocessing.normalizer][INFO] - Normalizing: z_sfc is not normalized.
[2025-02-28 14:40:07,479][anemoi.models.preprocessing.normalizer][INFO] - Normalizing: sin_local_time is not normalized.
[2025-02-28 14:40:07,480][anemoi.models.preprocessing.normalizer][INFO] - Normalizing: sin_longitude is not normalized.
[2025-02-28 14:40:07,480][anemoi.models.preprocessing.normalizer][INFO] - Normalizing: z_sfc is not normalized.
[2025-02-28 14:40:07,875][anemoi.models.layers.utils][INFO] - Linear kernel: {'_target_': 'torch.nn.Linear', '_partial_': True}
[2025-02-28 14:40:07,875][anemoi.models.layers.utils][INFO] - Linear kernel: {'_target_': 'torch.nn.Linear', '_partial_': True}
[2025-02-28 14:40:07,875][anemoi.models.layers.utils][INFO] - Linear kernel: {'_target_': 'torch.nn.Linear', '_partial_': True}
[2025-02-28 14:40:07,875][anemoi.models.layers.utils][INFO] - LayerNorm kernel: {'_target_': 'torch.nn.LayerNorm', '_partial_': True}
[2025-02-28 14:40:07,876][anemoi.models.layers.utils][INFO] - LayerNorm kernel: {'_target_': 'torch.nn.LayerNorm', '_partial_': True}
[2025-02-28 14:40:07,876][anemoi.models.layers.utils][INFO] - LayerNorm kernel: {'_target_': 'torch.nn.LayerNorm', '_partial_': True}
[2025-02-28 14:40:07,876][anemoi.models.layers.utils][INFO] - Linear kernel: {'_target_': 'torch.nn.Linear', '_partial_': True}
[2025-02-28 14:40:07,876][anemoi.models.layers.utils][INFO] - Linear kernel: {'_target_': 'torch.nn.Linear', '_partial_': True}
[2025-02-28 14:40:07,876][anemoi.models.layers.utils][INFO] - LayerNorm kernel: {'_target_': 'torch.nn.LayerNorm', '_partial_': True}
[2025-02-28 14:40:07,876][anemoi.models.layers.utils][INFO] - Linear kernel: {'_target_': 'torch.nn.Linear', '_partial_': True}
[2025-02-28 14:40:07,876][anemoi.models.layers.utils][INFO] - Linear kernel: {'_target_': 'torch.nn.Linear', '_partial_': True}
[2025-02-28 14:40:07,876][anemoi.models.layers.utils][INFO] - Linear kernel: {'_target_': 'torch.nn.Linear', '_partial_': True}
[2025-02-28 14:40:07,878][anemoi.models.layers.utils][INFO] - LayerNorm kernel: {'_target_': 'torch.nn.LayerNorm', '_partial_': True}
[2025-02-28 14:40:07,880][anemoi.models.layers.utils][INFO] - LayerNorm kernel: {'_target_': 'torch.nn.LayerNorm', '_partial_': True}
[2025-02-28 14:40:07,880][anemoi.models.layers.utils][INFO] - LayerNorm kernel: {'_target_': 'torch.nn.LayerNorm', '_partial_': True}
[2025-02-28 14:40:07,881][anemoi.models.layers.utils][INFO] - LayerNorm kernel: {'_target_': 'torch.nn.LayerNorm', '_partial_': True}
[2025-02-28 14:40:25,124][anemoi.training.losses.nodeweights][INFO] - Loading node attribute area_weight from the graph
[2025-02-28 14:40:25,124][anemoi.training.losses.nodeweights][INFO] - Loading node attribute area_weight from the graph
[2025-02-28 14:40:25,124][anemoi.training.losses.nodeweights][INFO] - Loading node attribute area_weight from the graph
[2025-02-28 14:40:25,124][anemoi.training.losses.nodeweights][INFO] - Loading node attribute area_weight from the graph
[2025-02-28 14:40:25,124][anemoi.training.losses.nodeweights][INFO] - Loading node attribute area_weight from the graph
[2025-02-28 14:40:25,124][anemoi.training.losses.nodeweights][INFO] - Loading node attribute area_weight from the graph
[2025-02-28 14:40:25,124][anemoi.training.losses.nodeweights][INFO] - Loading node attribute area_weight from the graph
[2025-02-28 14:40:25,128][anemoi.training.train.forecaster][INFO] - Pressure level scaling: use scaler ReluPressureLevelScaler with slope 0.0010 and minimum 0.20
[2025-02-28 14:40:25,124][anemoi.training.losses.nodeweights][INFO] - Loading node attribute area_weight from the graph
[2025-02-28 14:40:25,129][anemoi.training.train.forecaster][INFO] - Pressure level scaling: use scaler ReluPressureLevelScaler with slope 0.0010 and minimum 0.20
[2025-02-28 14:40:25,130][anemoi.training.train.forecaster][INFO] - Pressure level scaling: use scaler ReluPressureLevelScaler with slope 0.0010 and minimum 0.20
[2025-02-28 14:40:25,130][anemoi.training.train.forecaster][INFO] - Pressure level scaling: use scaler ReluPressureLevelScaler with slope 0.0010 and minimum 0.20
[2025-02-28 14:40:25,131][anemoi.training.train.forecaster][INFO] - Pressure level scaling: use scaler ReluPressureLevelScaler with slope 0.0010 and minimum 0.20
[2025-02-28 14:40:25,131][anemoi.training.train.forecaster][INFO] - Pressure level scaling: use scaler ReluPressureLevelScaler with slope 0.0010 and minimum 0.20
[2025-02-28 14:40:25,133][anemoi.training.train.forecaster][INFO] - Pressure level scaling: use scaler ReluPressureLevelScaler with slope 0.0010 and minimum 0.20
[2025-02-28 14:40:25,135][anemoi.training.train.forecaster][INFO] - Pressure level scaling: use scaler ReluPressureLevelScaler with slope 0.0010 and minimum 0.20
[2025-02-28 14:40:31,464][lightning_fabric.utilities.distributed][INFO] - Initializing distributed: GLOBAL_RANK: 0, MEMBER: 1/4
[2025-02-28 14:40:31,729][lightning_fabric.utilities.distributed][INFO] - Initializing distributed: GLOBAL_RANK: 0, MEMBER: 1/4
[2025-02-28 14:40:32,441][lightning_fabric.utilities.distributed][INFO] - Initializing distributed: GLOBAL_RANK: 2, MEMBER: 3/4
[2025-02-28 14:40:32,441][lightning_fabric.utilities.distributed][INFO] - Initializing distributed: GLOBAL_RANK: 1, MEMBER: 2/4
[2025-02-28 14:40:32,443][lightning_fabric.utilities.distributed][INFO] - Initializing distributed: GLOBAL_RANK: 3, MEMBER: 4/4
[2025-02-28 14:40:32,443][lightning_fabric.utilities.distributed][INFO] - Initializing distributed: GLOBAL_RANK: 2, MEMBER: 3/4
[2025-02-28 14:40:32,443][lightning_fabric.utilities.distributed][INFO] - Initializing distributed: GLOBAL_RANK: 3, MEMBER: 4/4
[2025-02-28 14:40:32,444][lightning_fabric.utilities.distributed][INFO] - Initializing distributed: GLOBAL_RANK: 1, MEMBER: 2/4
[2025-02-28 14:40:32,455][pytorch_lightning.utilities.rank_zero][INFO] - ----------------------------------------------------------------------------------------------------
distributed_backend=nccl
All distributed processes registered. Starting with 4 processes
----------------------------------------------------------------------------------------------------

[2025-02-28 14:40:32,463][pytorch_lightning.utilities.rank_zero][INFO] - ----------------------------------------------------------------------------------------------------
distributed_backend=nccl
All distributed processes registered. Starting with 4 processes
----------------------------------------------------------------------------------------------------

[2025-02-28 14:40:44,059][pytorch_lightning.accelerators.cuda][INFO] - LOCAL_RANK: 0 - CUDA_VISIBLE_DEVICES: [0,1,2,3]
[2025-02-28 14:40:44,059][pytorch_lightning.accelerators.cuda][INFO] - LOCAL_RANK: 3 - CUDA_VISIBLE_DEVICES: [0,1,2,3]
[2025-02-28 14:40:44,059][pytorch_lightning.accelerators.cuda][INFO] - LOCAL_RANK: 2 - CUDA_VISIBLE_DEVICES: [0,1,2,3]
[2025-02-28 14:40:44,059][pytorch_lightning.accelerators.cuda][INFO] - LOCAL_RANK: 1 - CUDA_VISIBLE_DEVICES: [0,1,2,3]
[2025-02-28 14:40:44,059][pytorch_lightning.accelerators.cuda][INFO] - LOCAL_RANK: 1 - CUDA_VISIBLE_DEVICES: [0,1,2,3]
[2025-02-28 14:40:44,059][pytorch_lightning.accelerators.cuda][INFO] - LOCAL_RANK: 2 - CUDA_VISIBLE_DEVICES: [0,1,2,3]
[2025-02-28 14:40:44,059][pytorch_lightning.accelerators.cuda][INFO] - LOCAL_RANK: 3 - CUDA_VISIBLE_DEVICES: [0,1,2,3]
[2025-02-28 14:40:44,059][pytorch_lightning.accelerators.cuda][INFO] - LOCAL_RANK: 0 - CUDA_VISIBLE_DEVICES: [0,1,2,3]
[2025-02-28 14:40:44,366][lightning_fabric.utilities.seed][INFO] - [rank: 3] Seed set to 536699
[2025-02-28 14:40:44,366][lightning_fabric.utilities.seed][INFO] - [rank: 0] Seed set to 536699
[2025-02-28 14:40:44,366][lightning_fabric.utilities.seed][INFO] - [rank: 1] Seed set to 536699
[2025-02-28 14:40:44,366][lightning_fabric.utilities.seed][INFO] - [rank: 2] Seed set to 536699
[2025-02-28 14:40:44,368][lightning_fabric.utilities.seed][INFO] - [rank: 3] Seed set to 536698
[2025-02-28 14:40:44,368][lightning_fabric.utilities.seed][INFO] - [rank: 1] Seed set to 536698
[2025-02-28 14:40:44,368][lightning_fabric.utilities.seed][INFO] - [rank: 0] Seed set to 536698
[2025-02-28 14:40:44,368][lightning_fabric.utilities.seed][INFO] - [rank: 2] Seed set to 536698
[2025-02-28 14:40:44,380][pytorch_lightning.callbacks.model_summary][INFO] - 
  | Name    | Type                 | Params | Mode 
---------------------------------------------------------
0 | model   | AnemoiModelInterface | 317 M  | train
1 | loss    | WeightedMSELoss      | 0      | train
2 | metrics | ModuleList           | 0      | train
---------------------------------------------------------
317 M     Trainable params
0         Non-trainable params
317 M     Total params
1,270.613 Total estimated model params size (MB)
305       Modules in train mode
0         Modules in eval mode
[2025-02-28 14:40:44,381][pytorch_lightning.callbacks.model_summary][INFO] - 
  | Name    | Type                 | Params | Mode 
---------------------------------------------------------
0 | model   | AnemoiModelInterface | 320 M  | train
1 | loss    | WeightedMSELoss      | 0      | train
2 | metrics | ModuleList           | 0      | train
---------------------------------------------------------
320 M     Trainable params
0         Non-trainable params
320 M     Total params
1,283.014 Total estimated model params size (MB)
305       Modules in train mode
0         Modules in eval mode
[2025-02-28 14:40:44,385][pytorch_lightning.trainer.connectors.signal_connector][INFO] - SLURM auto-requeueing enabled. Setting signal handlers.
[2025-02-28 14:40:44,385][pytorch_lightning.trainer.connectors.signal_connector][INFO] - SLURM auto-requeueing enabled. Setting signal handlers.
[2025-02-28 14:40:44,385][pytorch_lightning.trainer.connectors.signal_connector][INFO] - SLURM auto-requeueing enabled. Setting signal handlers.
[2025-02-28 14:40:44,385][pytorch_lightning.trainer.connectors.signal_connector][INFO] - SLURM auto-requeueing enabled. Setting signal handlers.
[2025-02-28 14:40:44,387][pytorch_lightning.trainer.connectors.signal_connector][INFO] - SLURM auto-requeueing enabled. Setting signal handlers.
[2025-02-28 14:40:44,387][pytorch_lightning.trainer.connectors.signal_connector][INFO] - SLURM auto-requeueing enabled. Setting signal handlers.
[2025-02-28 14:40:44,387][pytorch_lightning.trainer.connectors.signal_connector][INFO] - SLURM auto-requeueing enabled. Setting signal handlers.
[2025-02-28 14:40:44,387][pytorch_lightning.trainer.connectors.signal_connector][INFO] - SLURM auto-requeueing enabled. Setting signal handlers.
[2025-02-28 14:46:49,619][anemoi.training.diagnostics.callbacks.sanity][INFO] - No variable order to compare. Skipping variable order check.
[2025-02-28 14:46:49,619][anemoi.training.diagnostics.callbacks.sanity][INFO] - No variable order to compare. Skipping variable order check.
[2025-02-28 14:46:49,619][anemoi.training.diagnostics.callbacks.sanity][INFO] - No variable order to compare. Skipping variable order check.
[2025-02-28 14:46:49,619][anemoi.training.diagnostics.callbacks.sanity][INFO] - No variable order to compare. Skipping variable order check.
[2025-02-28 14:46:55,952][anemoi.training.diagnostics.callbacks.sanity][INFO] - No variable order to compare. Skipping variable order check.
[2025-02-28 14:46:55,952][anemoi.training.diagnostics.callbacks.sanity][INFO] - No variable order to compare. Skipping variable order check.
[2025-02-28 14:46:55,952][anemoi.training.diagnostics.callbacks.sanity][INFO] - No variable order to compare. Skipping variable order check.
[2025-02-28 14:46:55,953][anemoi.training.diagnostics.callbacks.sanity][INFO] - No variable order to compare. Skipping variable order check.
[2025-02-28 14:47:29,326][anemoi.training.diagnostics.callbacks.sanity][INFO] - No variable order to compare. Skipping variable order check.
[2025-02-28 14:47:29,389][anemoi.training.diagnostics.callbacks.sanity][INFO] - No variable order to compare. Skipping variable order check.
[2025-02-28 14:47:29,475][anemoi.training.diagnostics.callbacks.sanity][INFO] - No variable order to compare. Skipping variable order check.
[2025-02-28 14:47:29,478][anemoi.training.diagnostics.callbacks.sanity][INFO] - No variable order to compare. Skipping variable order check.
[2025-02-28 14:47:32,169][anemoi.training.diagnostics.callbacks.sanity][INFO] - No variable order to compare. Skipping variable order check.
[2025-02-28 14:47:32,169][anemoi.training.diagnostics.callbacks.sanity][INFO] - No variable order to compare. Skipping variable order check.
[2025-02-28 14:47:32,255][anemoi.training.diagnostics.callbacks.sanity][INFO] - No variable order to compare. Skipping variable order check.
[2025-02-28 14:47:32,394][anemoi.training.diagnostics.callbacks.sanity][INFO] - No variable order to compare. Skipping variable order check.
[2025-02-28 14:47:36,374][anemoi.utils.checkpoints][INFO] - Adding extra information to checkpoint /work/hdd/bduu/jbanomedina/regional-ai/training/STRETCHED-6km/logs/outputs_checkpoint/81af6df2-51b7-4b19-b964-d03654b6bae9/inference-stage-x-by_epoch-epoch_000-step_000002.ckpt
[2025-02-28 14:47:36,377][anemoi.utils.checkpoints][INFO] - Saving metadata to inference-stage-x-by_epoch-epoch_000-step_000002/anemoi-metadata/ai-models.json
[2025-02-28 14:47:36,380][anemoi.utils.checkpoints][INFO] - Saving supporting array `latitudes` to inference-stage-x-by_epoch-epoch_000-step_000002/anemoi-metadata/latitudes.numpy (shape=(1817128,), dtype=float64)
[2025-02-28 14:47:36,405][anemoi.utils.checkpoints][INFO] - Saving supporting array `longitudes` to inference-stage-x-by_epoch-epoch_000-step_000002/anemoi-metadata/longitudes.numpy (shape=(1817128,), dtype=float64)
[2025-02-28 14:47:36,446][anemoi.utils.checkpoints][INFO] - Saving supporting array `lam_0/cutout_mask` to inference-stage-x-by_epoch-epoch_000-step_000002/anemoi-metadata/lam_0/cutout_mask.numpy (shape=(1323840,), dtype=bool)
[2025-02-28 14:47:36,447][anemoi.utils.checkpoints][INFO] - Saving supporting array `global/cutout_mask` to inference-stage-x-by_epoch-epoch_000-step_000002/anemoi-metadata/global/cutout_mask.numpy (shape=(542080,), dtype=bool)
[2025-02-28 14:47:36,447][anemoi.utils.checkpoints][INFO] - Saving supporting array `source0/latitudes` to inference-stage-x-by_epoch-epoch_000-step_000002/anemoi-metadata/source0/latitudes.numpy (shape=(1323840,), dtype=float32)
[2025-02-28 14:47:36,471][anemoi.utils.checkpoints][INFO] - Saving supporting array `source0/longitudes` to inference-stage-x-by_epoch-epoch_000-step_000002/anemoi-metadata/source0/longitudes.numpy (shape=(1323840,), dtype=float32)
[2025-02-28 14:47:36,496][anemoi.utils.checkpoints][INFO] - Saving supporting array `source0/thinning_mask` to inference-stage-x-by_epoch-epoch_000-step_000002/anemoi-metadata/source0/thinning_mask.numpy (shape=(1323840,), dtype=bool)
[2025-02-28 14:47:36,497][anemoi.utils.checkpoints][INFO] - Saving supporting array `source1/latitudes` to inference-stage-x-by_epoch-epoch_000-step_000002/anemoi-metadata/source1/latitudes.numpy (shape=(542080,), dtype=float64)
[2025-02-28 14:47:36,499][anemoi.utils.checkpoints][INFO] - Saving supporting array `source1/longitudes` to inference-stage-x-by_epoch-epoch_000-step_000002/anemoi-metadata/source1/longitudes.numpy (shape=(542080,), dtype=float64)
[2025-02-28 14:47:39,677][anemoi.utils.checkpoints][INFO] - Adding extra information to checkpoint /work/hdd/bduu/jbanomedina/regional-ai/training/STRETCHED-6km/logs/outputs_checkpoint/25347610-fdd1-406a-a784-2ee09f592087/inference-stage-x-by_epoch-epoch_000-step_000002.ckpt
[2025-02-28 14:47:39,682][anemoi.utils.checkpoints][INFO] - Saving metadata to inference-stage-x-by_epoch-epoch_000-step_000002/anemoi-metadata/ai-models.json
[2025-02-28 14:47:39,709][anemoi.utils.checkpoints][INFO] - Saving supporting array `latitudes` to inference-stage-x-by_epoch-epoch_000-step_000002/anemoi-metadata/latitudes.numpy (shape=(1817128,), dtype=float64)
[2025-02-28 14:47:39,734][anemoi.utils.checkpoints][INFO] - Saving supporting array `longitudes` to inference-stage-x-by_epoch-epoch_000-step_000002/anemoi-metadata/longitudes.numpy (shape=(1817128,), dtype=float64)
[2025-02-28 14:47:39,743][anemoi.utils.checkpoints][INFO] - Saving supporting array `lam_0/cutout_mask` to inference-stage-x-by_epoch-epoch_000-step_000002/anemoi-metadata/lam_0/cutout_mask.numpy (shape=(1323840,), dtype=bool)
[2025-02-28 14:47:39,748][anemoi.utils.checkpoints][INFO] - Saving supporting array `global/cutout_mask` to inference-stage-x-by_epoch-epoch_000-step_000002/anemoi-metadata/global/cutout_mask.numpy (shape=(542080,), dtype=bool)
[2025-02-28 14:47:39,749][anemoi.utils.checkpoints][INFO] - Saving supporting array `source0/latitudes` to inference-stage-x-by_epoch-epoch_000-step_000002/anemoi-metadata/source0/latitudes.numpy (shape=(1323840,), dtype=float32)
[2025-02-28 14:47:39,752][anemoi.utils.checkpoints][INFO] - Saving supporting array `source0/longitudes` to inference-stage-x-by_epoch-epoch_000-step_000002/anemoi-metadata/source0/longitudes.numpy (shape=(1323840,), dtype=float32)
[2025-02-28 14:47:39,755][anemoi.utils.checkpoints][INFO] - Saving supporting array `source0/thinning_mask` to inference-stage-x-by_epoch-epoch_000-step_000002/anemoi-metadata/source0/thinning_mask.numpy (shape=(1323840,), dtype=bool)
[2025-02-28 14:47:39,786][anemoi.utils.checkpoints][INFO] - Saving supporting array `source1/latitudes` to inference-stage-x-by_epoch-epoch_000-step_000002/anemoi-metadata/source1/latitudes.numpy (shape=(542080,), dtype=float64)
[2025-02-28 14:47:39,796][anemoi.utils.checkpoints][INFO] - Saving supporting array `source1/longitudes` to inference-stage-x-by_epoch-epoch_000-step_000002/anemoi-metadata/source1/longitudes.numpy (shape=(542080,), dtype=float64)
[2025-02-28 14:47:46,144][anemoi.utils.checkpoints][INFO] - Adding extra information to checkpoint /work/hdd/bduu/jbanomedina/regional-ai/training/STRETCHED-6km/logs/outputs_checkpoint/81af6df2-51b7-4b19-b964-d03654b6bae9/inference-last.ckpt
[2025-02-28 14:47:46,146][anemoi.utils.checkpoints][INFO] - Saving metadata to inference-last/anemoi-metadata/ai-models.json
[2025-02-28 14:47:46,148][anemoi.utils.checkpoints][INFO] - Saving supporting array `latitudes` to inference-last/anemoi-metadata/latitudes.numpy (shape=(1817128,), dtype=float64)
[2025-02-28 14:47:46,204][anemoi.utils.checkpoints][INFO] - Saving supporting array `longitudes` to inference-last/anemoi-metadata/longitudes.numpy (shape=(1817128,), dtype=float64)
[2025-02-28 14:47:46,247][anemoi.utils.checkpoints][INFO] - Saving supporting array `lam_0/cutout_mask` to inference-last/anemoi-metadata/lam_0/cutout_mask.numpy (shape=(1323840,), dtype=bool)
[2025-02-28 14:47:46,248][anemoi.utils.checkpoints][INFO] - Saving supporting array `global/cutout_mask` to inference-last/anemoi-metadata/global/cutout_mask.numpy (shape=(542080,), dtype=bool)
[2025-02-28 14:47:46,248][anemoi.utils.checkpoints][INFO] - Saving supporting array `source0/latitudes` to inference-last/anemoi-metadata/source0/latitudes.numpy (shape=(1323840,), dtype=float32)
[2025-02-28 14:47:46,271][anemoi.utils.checkpoints][INFO] - Saving supporting array `source0/longitudes` to inference-last/anemoi-metadata/source0/longitudes.numpy (shape=(1323840,), dtype=float32)
[2025-02-28 14:47:46,328][anemoi.utils.checkpoints][INFO] - Saving supporting array `source0/thinning_mask` to inference-last/anemoi-metadata/source0/thinning_mask.numpy (shape=(1323840,), dtype=bool)
[2025-02-28 14:47:46,329][anemoi.utils.checkpoints][INFO] - Saving supporting array `source1/latitudes` to inference-last/anemoi-metadata/source1/latitudes.numpy (shape=(542080,), dtype=float64)
[2025-02-28 14:47:46,331][anemoi.utils.checkpoints][INFO] - Saving supporting array `source1/longitudes` to inference-last/anemoi-metadata/source1/longitudes.numpy (shape=(542080,), dtype=float64)
[2025-02-28 14:47:50,290][anemoi.utils.checkpoints][INFO] - Adding extra information to checkpoint /work/hdd/bduu/jbanomedina/regional-ai/training/STRETCHED-6km/logs/outputs_checkpoint/25347610-fdd1-406a-a784-2ee09f592087/inference-last.ckpt
[2025-02-28 14:47:50,292][anemoi.utils.checkpoints][INFO] - Saving metadata to inference-last/anemoi-metadata/ai-models.json
[2025-02-28 14:47:50,294][anemoi.utils.checkpoints][INFO] - Saving supporting array `latitudes` to inference-last/anemoi-metadata/latitudes.numpy (shape=(1817128,), dtype=float64)
[2025-02-28 14:47:50,310][anemoi.utils.checkpoints][INFO] - Saving supporting array `longitudes` to inference-last/anemoi-metadata/longitudes.numpy (shape=(1817128,), dtype=float64)
[2025-02-28 14:47:50,361][anemoi.utils.checkpoints][INFO] - Saving supporting array `lam_0/cutout_mask` to inference-last/anemoi-metadata/lam_0/cutout_mask.numpy (shape=(1323840,), dtype=bool)
[2025-02-28 14:47:50,362][anemoi.utils.checkpoints][INFO] - Saving supporting array `global/cutout_mask` to inference-last/anemoi-metadata/global/cutout_mask.numpy (shape=(542080,), dtype=bool)
[2025-02-28 14:47:50,363][anemoi.utils.checkpoints][INFO] - Saving supporting array `source0/latitudes` to inference-last/anemoi-metadata/source0/latitudes.numpy (shape=(1323840,), dtype=float32)
[2025-02-28 14:47:50,365][anemoi.utils.checkpoints][INFO] - Saving supporting array `source0/longitudes` to inference-last/anemoi-metadata/source0/longitudes.numpy (shape=(1323840,), dtype=float32)
[2025-02-28 14:47:50,387][anemoi.utils.checkpoints][INFO] - Saving supporting array `source0/thinning_mask` to inference-last/anemoi-metadata/source0/thinning_mask.numpy (shape=(1323840,), dtype=bool)
[2025-02-28 14:47:50,404][anemoi.utils.checkpoints][INFO] - Saving supporting array `source1/latitudes` to inference-last/anemoi-metadata/source1/latitudes.numpy (shape=(542080,), dtype=float64)
[2025-02-28 14:47:50,406][anemoi.utils.checkpoints][INFO] - Saving supporting array `source1/longitudes` to inference-last/anemoi-metadata/source1/longitudes.numpy (shape=(542080,), dtype=float64)
[2025-02-28 14:47:53,484][anemoi.training.diagnostics.callbacks.sanity][INFO] - No variable order to compare. Skipping variable order check.
[2025-02-28 14:47:53,484][anemoi.training.diagnostics.callbacks.sanity][INFO] - No variable order to compare. Skipping variable order check.
[2025-02-28 14:47:53,485][anemoi.training.diagnostics.callbacks.sanity][INFO] - No variable order to compare. Skipping variable order check.
[2025-02-28 14:47:53,486][anemoi.training.diagnostics.callbacks.sanity][INFO] - No variable order to compare. Skipping variable order check.
[2025-02-28 14:47:58,438][anemoi.training.diagnostics.callbacks.sanity][INFO] - No variable order to compare. Skipping variable order check.
[2025-02-28 14:47:58,438][anemoi.training.diagnostics.callbacks.sanity][INFO] - No variable order to compare. Skipping variable order check.
[2025-02-28 14:47:58,438][anemoi.training.diagnostics.callbacks.sanity][INFO] - No variable order to compare. Skipping variable order check.
[2025-02-28 14:47:58,439][anemoi.training.diagnostics.callbacks.sanity][INFO] - No variable order to compare. Skipping variable order check.
[2025-02-28 14:48:31,409][anemoi.training.diagnostics.callbacks.sanity][INFO] - No variable order to compare. Skipping variable order check.
[2025-02-28 14:48:31,487][anemoi.training.diagnostics.callbacks.sanity][INFO] - No variable order to compare. Skipping variable order check.
[2025-02-28 14:48:31,553][anemoi.training.diagnostics.callbacks.sanity][INFO] - No variable order to compare. Skipping variable order check.
[2025-02-28 14:48:31,591][anemoi.training.diagnostics.callbacks.sanity][INFO] - No variable order to compare. Skipping variable order check.
[2025-02-28 14:48:38,235][anemoi.training.diagnostics.callbacks.sanity][INFO] - No variable order to compare. Skipping variable order check.
[2025-02-28 14:48:38,246][anemoi.training.diagnostics.callbacks.sanity][INFO] - No variable order to compare. Skipping variable order check.
[2025-02-28 14:48:38,334][anemoi.utils.checkpoints][INFO] - Adding extra information to checkpoint /work/hdd/bduu/jbanomedina/regional-ai/training/STRETCHED-6km/logs/outputs_checkpoint/81af6df2-51b7-4b19-b964-d03654b6bae9/inference-stage-x-by_epoch-epoch_001-step_000004.ckpt
[2025-02-28 14:48:38,336][anemoi.utils.checkpoints][INFO] - Saving metadata to inference-stage-x-by_epoch-epoch_001-step_000004/anemoi-metadata/ai-models.json
[2025-02-28 14:48:38,337][anemoi.training.diagnostics.callbacks.sanity][INFO] - No variable order to compare. Skipping variable order check.
[2025-02-28 14:48:38,341][anemoi.utils.checkpoints][INFO] - Saving supporting array `latitudes` to inference-stage-x-by_epoch-epoch_001-step_000004/anemoi-metadata/latitudes.numpy (shape=(1817128,), dtype=float64)
[2025-02-28 14:48:38,386][anemoi.utils.checkpoints][INFO] - Saving supporting array `longitudes` to inference-stage-x-by_epoch-epoch_001-step_000004/anemoi-metadata/longitudes.numpy (shape=(1817128,), dtype=float64)
[2025-02-28 14:48:38,417][anemoi.utils.checkpoints][INFO] - Saving supporting array `lam_0/cutout_mask` to inference-stage-x-by_epoch-epoch_001-step_000004/anemoi-metadata/lam_0/cutout_mask.numpy (shape=(1323840,), dtype=bool)
[2025-02-28 14:48:38,418][anemoi.utils.checkpoints][INFO] - Saving supporting array `global/cutout_mask` to inference-stage-x-by_epoch-epoch_001-step_000004/anemoi-metadata/global/cutout_mask.numpy (shape=(542080,), dtype=bool)
[2025-02-28 14:48:38,418][anemoi.utils.checkpoints][INFO] - Saving supporting array `source0/latitudes` to inference-stage-x-by_epoch-epoch_001-step_000004/anemoi-metadata/source0/latitudes.numpy (shape=(1323840,), dtype=float32)
[2025-02-28 14:48:38,462][anemoi.utils.checkpoints][INFO] - Saving supporting array `source0/longitudes` to inference-stage-x-by_epoch-epoch_001-step_000004/anemoi-metadata/source0/longitudes.numpy (shape=(1323840,), dtype=float32)
[2025-02-28 14:48:38,486][anemoi.utils.checkpoints][INFO] - Saving supporting array `source0/thinning_mask` to inference-stage-x-by_epoch-epoch_001-step_000004/anemoi-metadata/source0/thinning_mask.numpy (shape=(1323840,), dtype=bool)
[2025-02-28 14:48:38,487][anemoi.utils.checkpoints][INFO] - Saving supporting array `source1/latitudes` to inference-stage-x-by_epoch-epoch_001-step_000004/anemoi-metadata/source1/latitudes.numpy (shape=(542080,), dtype=float64)
[2025-02-28 14:48:38,489][anemoi.utils.checkpoints][INFO] - Saving supporting array `source1/longitudes` to inference-stage-x-by_epoch-epoch_001-step_000004/anemoi-metadata/source1/longitudes.numpy (shape=(542080,), dtype=float64)
[2025-02-28 14:48:38,606][anemoi.training.diagnostics.callbacks.sanity][INFO] - No variable order to compare. Skipping variable order check.
[2025-02-28 14:48:44,973][anemoi.utils.checkpoints][INFO] - Adding extra information to checkpoint /work/hdd/bduu/jbanomedina/regional-ai/training/STRETCHED-6km/logs/outputs_checkpoint/25347610-fdd1-406a-a784-2ee09f592087/inference-stage-x-by_epoch-epoch_001-step_000004.ckpt
[2025-02-28 14:48:44,974][anemoi.utils.checkpoints][INFO] - Saving metadata to inference-stage-x-by_epoch-epoch_001-step_000004/anemoi-metadata/ai-models.json
[2025-02-28 14:48:44,976][anemoi.utils.checkpoints][INFO] - Saving supporting array `latitudes` to inference-stage-x-by_epoch-epoch_001-step_000004/anemoi-metadata/latitudes.numpy (shape=(1817128,), dtype=float64)
[2025-02-28 14:48:45,014][anemoi.utils.checkpoints][INFO] - Saving supporting array `longitudes` to inference-stage-x-by_epoch-epoch_001-step_000004/anemoi-metadata/longitudes.numpy (shape=(1817128,), dtype=float64)
[2025-02-28 14:48:45,040][anemoi.utils.checkpoints][INFO] - Saving supporting array `lam_0/cutout_mask` to inference-stage-x-by_epoch-epoch_001-step_000004/anemoi-metadata/lam_0/cutout_mask.numpy (shape=(1323840,), dtype=bool)
[2025-02-28 14:48:45,041][anemoi.utils.checkpoints][INFO] - Saving supporting array `global/cutout_mask` to inference-stage-x-by_epoch-epoch_001-step_000004/anemoi-metadata/global/cutout_mask.numpy (shape=(542080,), dtype=bool)
[2025-02-28 14:48:45,042][anemoi.utils.checkpoints][INFO] - Saving supporting array `source0/latitudes` to inference-stage-x-by_epoch-epoch_001-step_000004/anemoi-metadata/source0/latitudes.numpy (shape=(1323840,), dtype=float32)
[2025-02-28 14:48:45,045][anemoi.utils.checkpoints][INFO] - Saving supporting array `source0/longitudes` to inference-stage-x-by_epoch-epoch_001-step_000004/anemoi-metadata/source0/longitudes.numpy (shape=(1323840,), dtype=float32)
[2025-02-28 14:48:45,074][anemoi.utils.checkpoints][INFO] - Saving supporting array `source0/thinning_mask` to inference-stage-x-by_epoch-epoch_001-step_000004/anemoi-metadata/source0/thinning_mask.numpy (shape=(1323840,), dtype=bool)
[2025-02-28 14:48:45,096][anemoi.utils.checkpoints][INFO] - Saving supporting array `source1/latitudes` to inference-stage-x-by_epoch-epoch_001-step_000004/anemoi-metadata/source1/latitudes.numpy (shape=(542080,), dtype=float64)
[2025-02-28 14:48:45,112][anemoi.utils.checkpoints][INFO] - Saving supporting array `source1/longitudes` to inference-stage-x-by_epoch-epoch_001-step_000004/anemoi-metadata/source1/longitudes.numpy (shape=(542080,), dtype=float64)
[2025-02-28 14:48:48,265][anemoi.utils.checkpoints][INFO] - Adding extra information to checkpoint /work/hdd/bduu/jbanomedina/regional-ai/training/STRETCHED-6km/logs/outputs_checkpoint/81af6df2-51b7-4b19-b964-d03654b6bae9/inference-last.ckpt
[2025-02-28 14:48:48,267][anemoi.utils.checkpoints][INFO] - Saving metadata to inference-last/anemoi-metadata/ai-models.json
[2025-02-28 14:48:48,269][anemoi.utils.checkpoints][INFO] - Saving supporting array `latitudes` to inference-last/anemoi-metadata/latitudes.numpy (shape=(1817128,), dtype=float64)
[2025-02-28 14:48:48,316][anemoi.utils.checkpoints][INFO] - Saving supporting array `longitudes` to inference-last/anemoi-metadata/longitudes.numpy (shape=(1817128,), dtype=float64)
[2025-02-28 14:48:48,344][anemoi.utils.checkpoints][INFO] - Saving supporting array `lam_0/cutout_mask` to inference-last/anemoi-metadata/lam_0/cutout_mask.numpy (shape=(1323840,), dtype=bool)
[2025-02-28 14:48:48,345][anemoi.utils.checkpoints][INFO] - Saving supporting array `global/cutout_mask` to inference-last/anemoi-metadata/global/cutout_mask.numpy (shape=(542080,), dtype=bool)
[2025-02-28 14:48:48,345][anemoi.utils.checkpoints][INFO] - Saving supporting array `source0/latitudes` to inference-last/anemoi-metadata/source0/latitudes.numpy (shape=(1323840,), dtype=float32)
[2025-02-28 14:48:48,356][anemoi.utils.checkpoints][INFO] - Saving supporting array `source0/longitudes` to inference-last/anemoi-metadata/source0/longitudes.numpy (shape=(1323840,), dtype=float32)
[2025-02-28 14:48:48,380][anemoi.utils.checkpoints][INFO] - Saving supporting array `source0/thinning_mask` to inference-last/anemoi-metadata/source0/thinning_mask.numpy (shape=(1323840,), dtype=bool)
[2025-02-28 14:48:48,381][anemoi.utils.checkpoints][INFO] - Saving supporting array `source1/latitudes` to inference-last/anemoi-metadata/source1/latitudes.numpy (shape=(542080,), dtype=float64)
[2025-02-28 14:48:48,383][anemoi.utils.checkpoints][INFO] - Saving supporting array `source1/longitudes` to inference-last/anemoi-metadata/source1/longitudes.numpy (shape=(542080,), dtype=float64)
[2025-02-28 14:48:55,441][anemoi.utils.checkpoints][INFO] - Adding extra information to checkpoint /work/hdd/bduu/jbanomedina/regional-ai/training/STRETCHED-6km/logs/outputs_checkpoint/25347610-fdd1-406a-a784-2ee09f592087/inference-last.ckpt
[2025-02-28 14:48:55,443][anemoi.utils.checkpoints][INFO] - Saving metadata to inference-last/anemoi-metadata/ai-models.json
[2025-02-28 14:48:55,447][anemoi.utils.checkpoints][INFO] - Saving supporting array `latitudes` to inference-last/anemoi-metadata/latitudes.numpy (shape=(1817128,), dtype=float64)
[2025-02-28 14:48:55,475][anemoi.utils.checkpoints][INFO] - Saving supporting array `longitudes` to inference-last/anemoi-metadata/longitudes.numpy (shape=(1817128,), dtype=float64)
[2025-02-28 14:48:55,595][anemoi.utils.checkpoints][INFO] - Saving supporting array `lam_0/cutout_mask` to inference-last/anemoi-metadata/lam_0/cutout_mask.numpy (shape=(1323840,), dtype=bool)
[2025-02-28 14:48:55,596][anemoi.utils.checkpoints][INFO] - Saving supporting array `global/cutout_mask` to inference-last/anemoi-metadata/global/cutout_mask.numpy (shape=(542080,), dtype=bool)
[2025-02-28 14:48:55,596][anemoi.utils.checkpoints][INFO] - Saving supporting array `source0/latitudes` to inference-last/anemoi-metadata/source0/latitudes.numpy (shape=(1323840,), dtype=float32)
[2025-02-28 14:48:55,599][anemoi.utils.checkpoints][INFO] - Saving supporting array `source0/longitudes` to inference-last/anemoi-metadata/source0/longitudes.numpy (shape=(1323840,), dtype=float32)
[2025-02-28 14:48:55,608][anemoi.utils.checkpoints][INFO] - Saving supporting array `source0/thinning_mask` to inference-last/anemoi-metadata/source0/thinning_mask.numpy (shape=(1323840,), dtype=bool)
[2025-02-28 14:48:55,628][anemoi.utils.checkpoints][INFO] - Saving supporting array `source1/latitudes` to inference-last/anemoi-metadata/source1/latitudes.numpy (shape=(542080,), dtype=float64)
[2025-02-28 14:48:55,648][anemoi.utils.checkpoints][INFO] - Saving supporting array `source1/longitudes` to inference-last/anemoi-metadata/source1/longitudes.numpy (shape=(542080,), dtype=float64)
[2025-02-28 14:48:55,664][anemoi.training.diagnostics.callbacks.sanity][INFO] - No variable order to compare. Skipping variable order check.
[2025-02-28 14:48:55,664][anemoi.training.diagnostics.callbacks.sanity][INFO] - No variable order to compare. Skipping variable order check.
[2025-02-28 14:48:55,665][anemoi.training.diagnostics.callbacks.sanity][INFO] - No variable order to compare. Skipping variable order check.
[2025-02-28 14:48:55,665][anemoi.training.diagnostics.callbacks.sanity][INFO] - No variable order to compare. Skipping variable order check.
[2025-02-28 14:49:03,333][anemoi.training.diagnostics.callbacks.sanity][INFO] - No variable order to compare. Skipping variable order check.
[2025-02-28 14:49:03,333][anemoi.training.diagnostics.callbacks.sanity][INFO] - No variable order to compare. Skipping variable order check.
[2025-02-28 14:49:03,334][anemoi.training.diagnostics.callbacks.sanity][INFO] - No variable order to compare. Skipping variable order check.
[2025-02-28 14:49:03,334][anemoi.training.diagnostics.callbacks.sanity][INFO] - No variable order to compare. Skipping variable order check.
[2025-02-28 14:49:33,370][anemoi.training.diagnostics.callbacks.sanity][INFO] - No variable order to compare. Skipping variable order check.
[2025-02-28 14:49:33,397][anemoi.training.diagnostics.callbacks.sanity][INFO] - No variable order to compare. Skipping variable order check.
[2025-02-28 14:49:33,501][anemoi.training.diagnostics.callbacks.sanity][INFO] - No variable order to compare. Skipping variable order check.
[2025-02-28 14:49:33,525][anemoi.training.diagnostics.callbacks.sanity][INFO] - No variable order to compare. Skipping variable order check.
[2025-02-28 14:49:40,022][anemoi.utils.checkpoints][INFO] - Adding extra information to checkpoint /work/hdd/bduu/jbanomedina/regional-ai/training/STRETCHED-6km/logs/outputs_checkpoint/81af6df2-51b7-4b19-b964-d03654b6bae9/inference-stage-x-by_epoch-epoch_002-step_000006.ckpt
[2025-02-28 14:49:40,022][anemoi.utils.checkpoints][INFO] - Saving metadata to inference-stage-x-by_epoch-epoch_002-step_000006/anemoi-metadata/ai-models.json
[2025-02-28 14:49:40,024][anemoi.utils.checkpoints][INFO] - Saving supporting array `latitudes` to inference-stage-x-by_epoch-epoch_002-step_000006/anemoi-metadata/latitudes.numpy (shape=(1817128,), dtype=float64)
[2025-02-28 14:49:40,097][anemoi.utils.checkpoints][INFO] - Saving supporting array `longitudes` to inference-stage-x-by_epoch-epoch_002-step_000006/anemoi-metadata/longitudes.numpy (shape=(1817128,), dtype=float64)
[2025-02-28 14:49:40,143][anemoi.utils.checkpoints][INFO] - Saving supporting array `lam_0/cutout_mask` to inference-stage-x-by_epoch-epoch_002-step_000006/anemoi-metadata/lam_0/cutout_mask.numpy (shape=(1323840,), dtype=bool)
[2025-02-28 14:49:40,144][anemoi.utils.checkpoints][INFO] - Saving supporting array `global/cutout_mask` to inference-stage-x-by_epoch-epoch_002-step_000006/anemoi-metadata/global/cutout_mask.numpy (shape=(542080,), dtype=bool)
[2025-02-28 14:49:40,145][anemoi.utils.checkpoints][INFO] - Saving supporting array `source0/latitudes` to inference-stage-x-by_epoch-epoch_002-step_000006/anemoi-metadata/source0/latitudes.numpy (shape=(1323840,), dtype=float32)
[2025-02-28 14:49:40,163][anemoi.utils.checkpoints][INFO] - Saving supporting array `source0/longitudes` to inference-stage-x-by_epoch-epoch_002-step_000006/anemoi-metadata/source0/longitudes.numpy (shape=(1323840,), dtype=float32)
[2025-02-28 14:49:40,187][anemoi.utils.checkpoints][INFO] - Saving supporting array `source0/thinning_mask` to inference-stage-x-by_epoch-epoch_002-step_000006/anemoi-metadata/source0/thinning_mask.numpy (shape=(1323840,), dtype=bool)
[2025-02-28 14:49:40,188][anemoi.utils.checkpoints][INFO] - Saving supporting array `source1/latitudes` to inference-stage-x-by_epoch-epoch_002-step_000006/anemoi-metadata/source1/latitudes.numpy (shape=(542080,), dtype=float64)
[2025-02-28 14:49:40,190][anemoi.utils.checkpoints][INFO] - Saving supporting array `source1/longitudes` to inference-stage-x-by_epoch-epoch_002-step_000006/anemoi-metadata/source1/longitudes.numpy (shape=(542080,), dtype=float64)
[2025-02-28 14:49:41,632][anemoi.training.diagnostics.callbacks.sanity][INFO] - No variable order to compare. Skipping variable order check.
[2025-02-28 14:49:41,757][anemoi.training.diagnostics.callbacks.sanity][INFO] - No variable order to compare. Skipping variable order check.
[2025-02-28 14:49:41,762][anemoi.training.diagnostics.callbacks.sanity][INFO] - No variable order to compare. Skipping variable order check.
[2025-02-28 14:49:42,083][anemoi.training.diagnostics.callbacks.sanity][INFO] - No variable order to compare. Skipping variable order check.
[2025-02-28 14:49:48,455][anemoi.utils.checkpoints][INFO] - Adding extra information to checkpoint /work/hdd/bduu/jbanomedina/regional-ai/training/STRETCHED-6km/logs/outputs_checkpoint/25347610-fdd1-406a-a784-2ee09f592087/inference-stage-x-by_epoch-epoch_002-step_000006.ckpt
[2025-02-28 14:49:48,455][anemoi.utils.checkpoints][INFO] - Saving metadata to inference-stage-x-by_epoch-epoch_002-step_000006/anemoi-metadata/ai-models.json
[2025-02-28 14:49:48,459][anemoi.utils.checkpoints][INFO] - Saving supporting array `latitudes` to inference-stage-x-by_epoch-epoch_002-step_000006/anemoi-metadata/latitudes.numpy (shape=(1817128,), dtype=float64)
[2025-02-28 14:49:48,475][anemoi.utils.checkpoints][INFO] - Saving supporting array `longitudes` to inference-stage-x-by_epoch-epoch_002-step_000006/anemoi-metadata/longitudes.numpy (shape=(1817128,), dtype=float64)
[2025-02-28 14:49:48,499][anemoi.utils.checkpoints][INFO] - Saving supporting array `lam_0/cutout_mask` to inference-stage-x-by_epoch-epoch_002-step_000006/anemoi-metadata/lam_0/cutout_mask.numpy (shape=(1323840,), dtype=bool)
[2025-02-28 14:49:48,500][anemoi.utils.checkpoints][INFO] - Saving supporting array `global/cutout_mask` to inference-stage-x-by_epoch-epoch_002-step_000006/anemoi-metadata/global/cutout_mask.numpy (shape=(542080,), dtype=bool)
[2025-02-28 14:49:48,501][anemoi.utils.checkpoints][INFO] - Saving supporting array `source0/latitudes` to inference-stage-x-by_epoch-epoch_002-step_000006/anemoi-metadata/source0/latitudes.numpy (shape=(1323840,), dtype=float32)
[2025-02-28 14:49:48,503][anemoi.utils.checkpoints][INFO] - Saving supporting array `source0/longitudes` to inference-stage-x-by_epoch-epoch_002-step_000006/anemoi-metadata/source0/longitudes.numpy (shape=(1323840,), dtype=float32)
[2025-02-28 14:49:48,516][anemoi.utils.checkpoints][INFO] - Saving supporting array `source0/thinning_mask` to inference-stage-x-by_epoch-epoch_002-step_000006/anemoi-metadata/source0/thinning_mask.numpy (shape=(1323840,), dtype=bool)
[2025-02-28 14:49:48,534][anemoi.utils.checkpoints][INFO] - Saving supporting array `source1/latitudes` to inference-stage-x-by_epoch-epoch_002-step_000006/anemoi-metadata/source1/latitudes.numpy (shape=(542080,), dtype=float64)
[2025-02-28 14:49:48,566][anemoi.utils.checkpoints][INFO] - Saving supporting array `source1/longitudes` to inference-stage-x-by_epoch-epoch_002-step_000006/anemoi-metadata/source1/longitudes.numpy (shape=(542080,), dtype=float64)
[2025-02-28 14:49:50,093][anemoi.utils.checkpoints][INFO] - Adding extra information to checkpoint /work/hdd/bduu/jbanomedina/regional-ai/training/STRETCHED-6km/logs/outputs_checkpoint/81af6df2-51b7-4b19-b964-d03654b6bae9/inference-last.ckpt
[2025-02-28 14:49:50,095][anemoi.utils.checkpoints][INFO] - Saving metadata to inference-last/anemoi-metadata/ai-models.json
[2025-02-28 14:49:50,097][anemoi.utils.checkpoints][INFO] - Saving supporting array `latitudes` to inference-last/anemoi-metadata/latitudes.numpy (shape=(1817128,), dtype=float64)
[2025-02-28 14:49:50,123][anemoi.utils.checkpoints][INFO] - Saving supporting array `longitudes` to inference-last/anemoi-metadata/longitudes.numpy (shape=(1817128,), dtype=float64)
[2025-02-28 14:49:50,150][anemoi.utils.checkpoints][INFO] - Saving supporting array `lam_0/cutout_mask` to inference-last/anemoi-metadata/lam_0/cutout_mask.numpy (shape=(1323840,), dtype=bool)
[2025-02-28 14:49:50,151][anemoi.utils.checkpoints][INFO] - Saving supporting array `global/cutout_mask` to inference-last/anemoi-metadata/global/cutout_mask.numpy (shape=(542080,), dtype=bool)
[2025-02-28 14:49:50,151][anemoi.utils.checkpoints][INFO] - Saving supporting array `source0/latitudes` to inference-last/anemoi-metadata/source0/latitudes.numpy (shape=(1323840,), dtype=float32)
[2025-02-28 14:49:50,190][anemoi.utils.checkpoints][INFO] - Saving supporting array `source0/longitudes` to inference-last/anemoi-metadata/source0/longitudes.numpy (shape=(1323840,), dtype=float32)
[2025-02-28 14:49:50,201][anemoi.utils.checkpoints][INFO] - Saving supporting array `source0/thinning_mask` to inference-last/anemoi-metadata/source0/thinning_mask.numpy (shape=(1323840,), dtype=bool)
[2025-02-28 14:49:50,201][anemoi.utils.checkpoints][INFO] - Saving supporting array `source1/latitudes` to inference-last/anemoi-metadata/source1/latitudes.numpy (shape=(542080,), dtype=float64)
[2025-02-28 14:49:50,204][anemoi.utils.checkpoints][INFO] - Saving supporting array `source1/longitudes` to inference-last/anemoi-metadata/source1/longitudes.numpy (shape=(542080,), dtype=float64)
[2025-02-28 14:49:57,490][anemoi.training.diagnostics.callbacks.sanity][INFO] - No variable order to compare. Skipping variable order check.
[2025-02-28 14:49:57,490][anemoi.training.diagnostics.callbacks.sanity][INFO] - No variable order to compare. Skipping variable order check.
[2025-02-28 14:49:57,490][anemoi.training.diagnostics.callbacks.sanity][INFO] - No variable order to compare. Skipping variable order check.
[2025-02-28 14:49:57,492][anemoi.training.diagnostics.callbacks.sanity][INFO] - No variable order to compare. Skipping variable order check.
[2025-02-28 14:49:58,718][anemoi.utils.checkpoints][INFO] - Adding extra information to checkpoint /work/hdd/bduu/jbanomedina/regional-ai/training/STRETCHED-6km/logs/outputs_checkpoint/25347610-fdd1-406a-a784-2ee09f592087/inference-last.ckpt
[2025-02-28 14:49:58,723][anemoi.utils.checkpoints][INFO] - Saving metadata to inference-last/anemoi-metadata/ai-models.json
[2025-02-28 14:49:58,725][anemoi.utils.checkpoints][INFO] - Saving supporting array `latitudes` to inference-last/anemoi-metadata/latitudes.numpy (shape=(1817128,), dtype=float64)
[2025-02-28 14:49:58,770][anemoi.utils.checkpoints][INFO] - Saving supporting array `longitudes` to inference-last/anemoi-metadata/longitudes.numpy (shape=(1817128,), dtype=float64)
[2025-02-28 14:49:58,805][anemoi.utils.checkpoints][INFO] - Saving supporting array `lam_0/cutout_mask` to inference-last/anemoi-metadata/lam_0/cutout_mask.numpy (shape=(1323840,), dtype=bool)
[2025-02-28 14:49:58,806][anemoi.utils.checkpoints][INFO] - Saving supporting array `global/cutout_mask` to inference-last/anemoi-metadata/global/cutout_mask.numpy (shape=(542080,), dtype=bool)
[2025-02-28 14:49:58,807][anemoi.utils.checkpoints][INFO] - Saving supporting array `source0/latitudes` to inference-last/anemoi-metadata/source0/latitudes.numpy (shape=(1323840,), dtype=float32)
[2025-02-28 14:49:58,810][anemoi.utils.checkpoints][INFO] - Saving supporting array `source0/longitudes` to inference-last/anemoi-metadata/source0/longitudes.numpy (shape=(1323840,), dtype=float32)
[2025-02-28 14:49:58,857][anemoi.utils.checkpoints][INFO] - Saving supporting array `source0/thinning_mask` to inference-last/anemoi-metadata/source0/thinning_mask.numpy (shape=(1323840,), dtype=bool)
[2025-02-28 14:49:58,879][anemoi.utils.checkpoints][INFO] - Saving supporting array `source1/latitudes` to inference-last/anemoi-metadata/source1/latitudes.numpy (shape=(542080,), dtype=float64)
[2025-02-28 14:49:58,905][anemoi.utils.checkpoints][INFO] - Saving supporting array `source1/longitudes` to inference-last/anemoi-metadata/source1/longitudes.numpy (shape=(542080,), dtype=float64)
[2025-02-28 14:50:07,650][anemoi.training.diagnostics.callbacks.sanity][INFO] - No variable order to compare. Skipping variable order check.
[2025-02-28 14:50:07,651][anemoi.training.diagnostics.callbacks.sanity][INFO] - No variable order to compare. Skipping variable order check.
[2025-02-28 14:50:07,666][anemoi.training.diagnostics.callbacks.sanity][INFO] - No variable order to compare. Skipping variable order check.
[2025-02-28 14:50:07,667][anemoi.training.diagnostics.callbacks.sanity][INFO] - No variable order to compare. Skipping variable order check.
[2025-02-28 14:50:35,506][anemoi.training.diagnostics.callbacks.sanity][INFO] - No variable order to compare. Skipping variable order check.
[2025-02-28 14:50:35,524][anemoi.training.diagnostics.callbacks.sanity][INFO] - No variable order to compare. Skipping variable order check.
[2025-02-28 14:50:35,582][anemoi.training.diagnostics.callbacks.sanity][INFO] - No variable order to compare. Skipping variable order check.
[2025-02-28 14:50:35,828][anemoi.training.diagnostics.callbacks.sanity][INFO] - No variable order to compare. Skipping variable order check.
[2025-02-28 14:50:42,275][anemoi.utils.checkpoints][INFO] - Adding extra information to checkpoint /work/hdd/bduu/jbanomedina/regional-ai/training/STRETCHED-6km/logs/outputs_checkpoint/81af6df2-51b7-4b19-b964-d03654b6bae9/inference-stage-x-by_epoch-epoch_003-step_000008.ckpt
[2025-02-28 14:50:42,276][anemoi.utils.checkpoints][INFO] - Saving metadata to inference-stage-x-by_epoch-epoch_003-step_000008/anemoi-metadata/ai-models.json
[2025-02-28 14:50:42,278][anemoi.utils.checkpoints][INFO] - Saving supporting array `latitudes` to inference-stage-x-by_epoch-epoch_003-step_000008/anemoi-metadata/latitudes.numpy (shape=(1817128,), dtype=float64)
[2025-02-28 14:50:42,294][anemoi.utils.checkpoints][INFO] - Saving supporting array `longitudes` to inference-stage-x-by_epoch-epoch_003-step_000008/anemoi-metadata/longitudes.numpy (shape=(1817128,), dtype=float64)
[2025-02-28 14:50:42,316][anemoi.utils.checkpoints][INFO] - Saving supporting array `lam_0/cutout_mask` to inference-stage-x-by_epoch-epoch_003-step_000008/anemoi-metadata/lam_0/cutout_mask.numpy (shape=(1323840,), dtype=bool)
[2025-02-28 14:50:42,317][anemoi.utils.checkpoints][INFO] - Saving supporting array `global/cutout_mask` to inference-stage-x-by_epoch-epoch_003-step_000008/anemoi-metadata/global/cutout_mask.numpy (shape=(542080,), dtype=bool)
[2025-02-28 14:50:42,318][anemoi.utils.checkpoints][INFO] - Saving supporting array `source0/latitudes` to inference-stage-x-by_epoch-epoch_003-step_000008/anemoi-metadata/source0/latitudes.numpy (shape=(1323840,), dtype=float32)
[2025-02-28 14:50:42,342][anemoi.utils.checkpoints][INFO] - Saving supporting array `source0/longitudes` to inference-stage-x-by_epoch-epoch_003-step_000008/anemoi-metadata/source0/longitudes.numpy (shape=(1323840,), dtype=float32)
[2025-02-28 14:50:42,361][anemoi.utils.checkpoints][INFO] - Saving supporting array `source0/thinning_mask` to inference-stage-x-by_epoch-epoch_003-step_000008/anemoi-metadata/source0/thinning_mask.numpy (shape=(1323840,), dtype=bool)
[2025-02-28 14:50:42,362][anemoi.utils.checkpoints][INFO] - Saving supporting array `source1/latitudes` to inference-stage-x-by_epoch-epoch_003-step_000008/anemoi-metadata/source1/latitudes.numpy (shape=(542080,), dtype=float64)
[2025-02-28 14:50:42,364][anemoi.utils.checkpoints][INFO] - Saving supporting array `source1/longitudes` to inference-stage-x-by_epoch-epoch_003-step_000008/anemoi-metadata/source1/longitudes.numpy (shape=(542080,), dtype=float64)
[2025-02-28 14:50:45,898][anemoi.training.diagnostics.callbacks.sanity][INFO] - No variable order to compare. Skipping variable order check.
[2025-02-28 14:50:45,901][anemoi.training.diagnostics.callbacks.sanity][INFO] - No variable order to compare. Skipping variable order check.
[2025-02-28 14:50:45,976][anemoi.training.diagnostics.callbacks.sanity][INFO] - No variable order to compare. Skipping variable order check.
[2025-02-28 14:50:46,219][anemoi.training.diagnostics.callbacks.sanity][INFO] - No variable order to compare. Skipping variable order check.
[2025-02-28 14:50:52,231][anemoi.utils.checkpoints][INFO] - Adding extra information to checkpoint /work/hdd/bduu/jbanomedina/regional-ai/training/STRETCHED-6km/logs/outputs_checkpoint/81af6df2-51b7-4b19-b964-d03654b6bae9/inference-last.ckpt
[2025-02-28 14:50:52,233][anemoi.utils.checkpoints][INFO] - Saving metadata to inference-last/anemoi-metadata/ai-models.json
[2025-02-28 14:50:52,235][anemoi.utils.checkpoints][INFO] - Saving supporting array `latitudes` to inference-last/anemoi-metadata/latitudes.numpy (shape=(1817128,), dtype=float64)
[2025-02-28 14:50:52,285][anemoi.utils.checkpoints][INFO] - Saving supporting array `longitudes` to inference-last/anemoi-metadata/longitudes.numpy (shape=(1817128,), dtype=float64)
[2025-02-28 14:50:52,296][anemoi.utils.checkpoints][INFO] - Saving supporting array `lam_0/cutout_mask` to inference-last/anemoi-metadata/lam_0/cutout_mask.numpy (shape=(1323840,), dtype=bool)
[2025-02-28 14:50:52,298][anemoi.utils.checkpoints][INFO] - Saving supporting array `global/cutout_mask` to inference-last/anemoi-metadata/global/cutout_mask.numpy (shape=(542080,), dtype=bool)
[2025-02-28 14:50:52,298][anemoi.utils.checkpoints][INFO] - Saving supporting array `source0/latitudes` to inference-last/anemoi-metadata/source0/latitudes.numpy (shape=(1323840,), dtype=float32)
[2025-02-28 14:50:52,301][anemoi.utils.checkpoints][INFO] - Saving supporting array `source0/longitudes` to inference-last/anemoi-metadata/source0/longitudes.numpy (shape=(1323840,), dtype=float32)
[2025-02-28 14:50:52,307][anemoi.utils.checkpoints][INFO] - Saving supporting array `source0/thinning_mask` to inference-last/anemoi-metadata/source0/thinning_mask.numpy (shape=(1323840,), dtype=bool)
[2025-02-28 14:50:52,308][anemoi.utils.checkpoints][INFO] - Saving supporting array `source1/latitudes` to inference-last/anemoi-metadata/source1/latitudes.numpy (shape=(542080,), dtype=float64)
[2025-02-28 14:50:52,312][anemoi.utils.checkpoints][INFO] - Saving supporting array `source1/longitudes` to inference-last/anemoi-metadata/source1/longitudes.numpy (shape=(542080,), dtype=float64)
[2025-02-28 14:50:52,597][anemoi.utils.checkpoints][INFO] - Adding extra information to checkpoint /work/hdd/bduu/jbanomedina/regional-ai/training/STRETCHED-6km/logs/outputs_checkpoint/25347610-fdd1-406a-a784-2ee09f592087/inference-stage-x-by_epoch-epoch_003-step_000008.ckpt
[2025-02-28 14:50:52,610][anemoi.utils.checkpoints][INFO] - Saving metadata to inference-stage-x-by_epoch-epoch_003-step_000008/anemoi-metadata/ai-models.json
[2025-02-28 14:50:52,612][anemoi.utils.checkpoints][INFO] - Saving supporting array `latitudes` to inference-stage-x-by_epoch-epoch_003-step_000008/anemoi-metadata/latitudes.numpy (shape=(1817128,), dtype=float64)
[2025-02-28 14:50:52,654][anemoi.utils.checkpoints][INFO] - Saving supporting array `longitudes` to inference-stage-x-by_epoch-epoch_003-step_000008/anemoi-metadata/longitudes.numpy (shape=(1817128,), dtype=float64)
[2025-02-28 14:50:52,674][anemoi.utils.checkpoints][INFO] - Saving supporting array `lam_0/cutout_mask` to inference-stage-x-by_epoch-epoch_003-step_000008/anemoi-metadata/lam_0/cutout_mask.numpy (shape=(1323840,), dtype=bool)
[2025-02-28 14:50:52,675][anemoi.utils.checkpoints][INFO] - Saving supporting array `global/cutout_mask` to inference-stage-x-by_epoch-epoch_003-step_000008/anemoi-metadata/global/cutout_mask.numpy (shape=(542080,), dtype=bool)
[2025-02-28 14:50:52,675][anemoi.utils.checkpoints][INFO] - Saving supporting array `source0/latitudes` to inference-stage-x-by_epoch-epoch_003-step_000008/anemoi-metadata/source0/latitudes.numpy (shape=(1323840,), dtype=float32)
[2025-02-28 14:50:52,678][anemoi.utils.checkpoints][INFO] - Saving supporting array `source0/longitudes` to inference-stage-x-by_epoch-epoch_003-step_000008/anemoi-metadata/source0/longitudes.numpy (shape=(1323840,), dtype=float32)
[2025-02-28 14:50:52,731][anemoi.utils.checkpoints][INFO] - Saving supporting array `source0/thinning_mask` to inference-stage-x-by_epoch-epoch_003-step_000008/anemoi-metadata/source0/thinning_mask.numpy (shape=(1323840,), dtype=bool)
[2025-02-28 14:50:52,757][anemoi.utils.checkpoints][INFO] - Saving supporting array `source1/latitudes` to inference-stage-x-by_epoch-epoch_003-step_000008/anemoi-metadata/source1/latitudes.numpy (shape=(542080,), dtype=float64)
[2025-02-28 14:50:52,777][anemoi.utils.checkpoints][INFO] - Saving supporting array `source1/longitudes` to inference-stage-x-by_epoch-epoch_003-step_000008/anemoi-metadata/source1/longitudes.numpy (shape=(542080,), dtype=float64)
[2025-02-28 14:50:59,300][anemoi.training.diagnostics.callbacks.sanity][INFO] - No variable order to compare. Skipping variable order check.
[2025-02-28 14:50:59,300][anemoi.training.diagnostics.callbacks.sanity][INFO] - No variable order to compare. Skipping variable order check.
[2025-02-28 14:50:59,300][anemoi.training.diagnostics.callbacks.sanity][INFO] - No variable order to compare. Skipping variable order check.
[2025-02-28 14:50:59,301][anemoi.training.diagnostics.callbacks.sanity][INFO] - No variable order to compare. Skipping variable order check.
[2025-02-28 14:51:03,555][anemoi.utils.checkpoints][INFO] - Adding extra information to checkpoint /work/hdd/bduu/jbanomedina/regional-ai/training/STRETCHED-6km/logs/outputs_checkpoint/25347610-fdd1-406a-a784-2ee09f592087/inference-last.ckpt
[2025-02-28 14:51:03,558][anemoi.utils.checkpoints][INFO] - Saving metadata to inference-last/anemoi-metadata/ai-models.json
[2025-02-28 14:51:03,560][anemoi.utils.checkpoints][INFO] - Saving supporting array `latitudes` to inference-last/anemoi-metadata/latitudes.numpy (shape=(1817128,), dtype=float64)
[2025-02-28 14:51:03,614][anemoi.utils.checkpoints][INFO] - Saving supporting array `longitudes` to inference-last/anemoi-metadata/longitudes.numpy (shape=(1817128,), dtype=float64)
[2025-02-28 14:51:03,665][anemoi.utils.checkpoints][INFO] - Saving supporting array `lam_0/cutout_mask` to inference-last/anemoi-metadata/lam_0/cutout_mask.numpy (shape=(1323840,), dtype=bool)
[2025-02-28 14:51:03,666][anemoi.utils.checkpoints][INFO] - Saving supporting array `global/cutout_mask` to inference-last/anemoi-metadata/global/cutout_mask.numpy (shape=(542080,), dtype=bool)
[2025-02-28 14:51:03,666][anemoi.utils.checkpoints][INFO] - Saving supporting array `source0/latitudes` to inference-last/anemoi-metadata/source0/latitudes.numpy (shape=(1323840,), dtype=float32)
[2025-02-28 14:51:03,669][anemoi.utils.checkpoints][INFO] - Saving supporting array `source0/longitudes` to inference-last/anemoi-metadata/source0/longitudes.numpy (shape=(1323840,), dtype=float32)
[2025-02-28 14:51:03,692][anemoi.utils.checkpoints][INFO] - Saving supporting array `source0/thinning_mask` to inference-last/anemoi-metadata/source0/thinning_mask.numpy (shape=(1323840,), dtype=bool)
[2025-02-28 14:51:03,717][anemoi.utils.checkpoints][INFO] - Saving supporting array `source1/latitudes` to inference-last/anemoi-metadata/source1/latitudes.numpy (shape=(542080,), dtype=float64)
[2025-02-28 14:51:03,748][anemoi.utils.checkpoints][INFO] - Saving supporting array `source1/longitudes` to inference-last/anemoi-metadata/source1/longitudes.numpy (shape=(542080,), dtype=float64)
[2025-02-28 14:51:11,372][anemoi.training.diagnostics.callbacks.sanity][INFO] - No variable order to compare. Skipping variable order check.
[2025-02-28 14:51:11,372][anemoi.training.diagnostics.callbacks.sanity][INFO] - No variable order to compare. Skipping variable order check.
[2025-02-28 14:51:11,372][anemoi.training.diagnostics.callbacks.sanity][INFO] - No variable order to compare. Skipping variable order check.
[2025-02-28 14:51:11,373][anemoi.training.diagnostics.callbacks.sanity][INFO] - No variable order to compare. Skipping variable order check.
[2025-02-28 14:51:37,319][anemoi.training.diagnostics.callbacks.sanity][INFO] - No variable order to compare. Skipping variable order check.
[2025-02-28 14:51:37,499][anemoi.training.diagnostics.callbacks.sanity][INFO] - No variable order to compare. Skipping variable order check.
[2025-02-28 14:51:37,570][anemoi.training.diagnostics.callbacks.sanity][INFO] - No variable order to compare. Skipping variable order check.
[2025-02-28 14:51:37,609][anemoi.training.diagnostics.callbacks.sanity][INFO] - No variable order to compare. Skipping variable order check.
[2025-02-28 14:51:43,914][anemoi.utils.checkpoints][INFO] - Adding extra information to checkpoint /work/hdd/bduu/jbanomedina/regional-ai/training/STRETCHED-6km/logs/outputs_checkpoint/81af6df2-51b7-4b19-b964-d03654b6bae9/inference-stage-x-by_epoch-epoch_004-step_000010.ckpt
[2025-02-28 14:51:43,914][anemoi.utils.checkpoints][INFO] - Saving metadata to inference-stage-x-by_epoch-epoch_004-step_000010/anemoi-metadata/ai-models.json
[2025-02-28 14:51:43,916][anemoi.utils.checkpoints][INFO] - Saving supporting array `latitudes` to inference-stage-x-by_epoch-epoch_004-step_000010/anemoi-metadata/latitudes.numpy (shape=(1817128,), dtype=float64)
[2025-02-28 14:51:43,955][anemoi.utils.checkpoints][INFO] - Saving supporting array `longitudes` to inference-stage-x-by_epoch-epoch_004-step_000010/anemoi-metadata/longitudes.numpy (shape=(1817128,), dtype=float64)
[2025-02-28 14:51:44,001][anemoi.utils.checkpoints][INFO] - Saving supporting array `lam_0/cutout_mask` to inference-stage-x-by_epoch-epoch_004-step_000010/anemoi-metadata/lam_0/cutout_mask.numpy (shape=(1323840,), dtype=bool)
[2025-02-28 14:51:44,002][anemoi.utils.checkpoints][INFO] - Saving supporting array `global/cutout_mask` to inference-stage-x-by_epoch-epoch_004-step_000010/anemoi-metadata/global/cutout_mask.numpy (shape=(542080,), dtype=bool)
[2025-02-28 14:51:44,002][anemoi.utils.checkpoints][INFO] - Saving supporting array `source0/latitudes` to inference-stage-x-by_epoch-epoch_004-step_000010/anemoi-metadata/source0/latitudes.numpy (shape=(1323840,), dtype=float32)
[2025-02-28 14:51:44,028][anemoi.utils.checkpoints][INFO] - Saving supporting array `source0/longitudes` to inference-stage-x-by_epoch-epoch_004-step_000010/anemoi-metadata/source0/longitudes.numpy (shape=(1323840,), dtype=float32)
[2025-02-28 14:51:44,053][anemoi.utils.checkpoints][INFO] - Saving supporting array `source0/thinning_mask` to inference-stage-x-by_epoch-epoch_004-step_000010/anemoi-metadata/source0/thinning_mask.numpy (shape=(1323840,), dtype=bool)
[2025-02-28 14:51:44,054][anemoi.utils.checkpoints][INFO] - Saving supporting array `source1/latitudes` to inference-stage-x-by_epoch-epoch_004-step_000010/anemoi-metadata/source1/latitudes.numpy (shape=(542080,), dtype=float64)
[2025-02-28 14:51:44,056][anemoi.utils.checkpoints][INFO] - Saving supporting array `source1/longitudes` to inference-stage-x-by_epoch-epoch_004-step_000010/anemoi-metadata/source1/longitudes.numpy (shape=(542080,), dtype=float64)
[2025-02-28 14:51:49,832][anemoi.training.diagnostics.callbacks.sanity][INFO] - No variable order to compare. Skipping variable order check.
[2025-02-28 14:51:49,942][anemoi.training.diagnostics.callbacks.sanity][INFO] - No variable order to compare. Skipping variable order check.
[2025-02-28 14:51:50,001][anemoi.training.diagnostics.callbacks.sanity][INFO] - No variable order to compare. Skipping variable order check.
[2025-02-28 14:51:50,360][anemoi.training.diagnostics.callbacks.sanity][INFO] - No variable order to compare. Skipping variable order check.
[2025-02-28 14:51:53,894][anemoi.utils.checkpoints][INFO] - Adding extra information to checkpoint /work/hdd/bduu/jbanomedina/regional-ai/training/STRETCHED-6km/logs/outputs_checkpoint/81af6df2-51b7-4b19-b964-d03654b6bae9/inference-last.ckpt
[2025-02-28 14:51:53,896][anemoi.utils.checkpoints][INFO] - Saving metadata to inference-last/anemoi-metadata/ai-models.json
[2025-02-28 14:51:53,898][anemoi.utils.checkpoints][INFO] - Saving supporting array `latitudes` to inference-last/anemoi-metadata/latitudes.numpy (shape=(1817128,), dtype=float64)
[2025-02-28 14:51:53,937][anemoi.utils.checkpoints][INFO] - Saving supporting array `longitudes` to inference-last/anemoi-metadata/longitudes.numpy (shape=(1817128,), dtype=float64)
[2025-02-28 14:51:53,982][anemoi.utils.checkpoints][INFO] - Saving supporting array `lam_0/cutout_mask` to inference-last/anemoi-metadata/lam_0/cutout_mask.numpy (shape=(1323840,), dtype=bool)
[2025-02-28 14:51:53,983][anemoi.utils.checkpoints][INFO] - Saving supporting array `global/cutout_mask` to inference-last/anemoi-metadata/global/cutout_mask.numpy (shape=(542080,), dtype=bool)
[2025-02-28 14:51:53,984][anemoi.utils.checkpoints][INFO] - Saving supporting array `source0/latitudes` to inference-last/anemoi-metadata/source0/latitudes.numpy (shape=(1323840,), dtype=float32)
[2025-02-28 14:51:54,015][anemoi.utils.checkpoints][INFO] - Saving supporting array `source0/longitudes` to inference-last/anemoi-metadata/source0/longitudes.numpy (shape=(1323840,), dtype=float32)
[2025-02-28 14:51:54,046][anemoi.utils.checkpoints][INFO] - Saving supporting array `source0/thinning_mask` to inference-last/anemoi-metadata/source0/thinning_mask.numpy (shape=(1323840,), dtype=bool)
[2025-02-28 14:51:54,047][anemoi.utils.checkpoints][INFO] - Saving supporting array `source1/latitudes` to inference-last/anemoi-metadata/source1/latitudes.numpy (shape=(542080,), dtype=float64)
[2025-02-28 14:51:54,050][anemoi.utils.checkpoints][INFO] - Saving supporting array `source1/longitudes` to inference-last/anemoi-metadata/source1/longitudes.numpy (shape=(542080,), dtype=float64)
[2025-02-28 14:51:56,649][anemoi.utils.checkpoints][INFO] - Adding extra information to checkpoint /work/hdd/bduu/jbanomedina/regional-ai/training/STRETCHED-6km/logs/outputs_checkpoint/25347610-fdd1-406a-a784-2ee09f592087/inference-stage-x-by_epoch-epoch_004-step_000010.ckpt
[2025-02-28 14:51:56,651][anemoi.utils.checkpoints][INFO] - Saving metadata to inference-stage-x-by_epoch-epoch_004-step_000010/anemoi-metadata/ai-models.json
[2025-02-28 14:51:56,654][anemoi.utils.checkpoints][INFO] - Saving supporting array `latitudes` to inference-stage-x-by_epoch-epoch_004-step_000010/anemoi-metadata/latitudes.numpy (shape=(1817128,), dtype=float64)
[2025-02-28 14:51:56,804][anemoi.utils.checkpoints][INFO] - Saving supporting array `longitudes` to inference-stage-x-by_epoch-epoch_004-step_000010/anemoi-metadata/longitudes.numpy (shape=(1817128,), dtype=float64)
[2025-02-28 14:51:56,855][anemoi.utils.checkpoints][INFO] - Saving supporting array `lam_0/cutout_mask` to inference-stage-x-by_epoch-epoch_004-step_000010/anemoi-metadata/lam_0/cutout_mask.numpy (shape=(1323840,), dtype=bool)
[2025-02-28 14:51:56,856][anemoi.utils.checkpoints][INFO] - Saving supporting array `global/cutout_mask` to inference-stage-x-by_epoch-epoch_004-step_000010/anemoi-metadata/global/cutout_mask.numpy (shape=(542080,), dtype=bool)
[2025-02-28 14:51:56,856][anemoi.utils.checkpoints][INFO] - Saving supporting array `source0/latitudes` to inference-stage-x-by_epoch-epoch_004-step_000010/anemoi-metadata/source0/latitudes.numpy (shape=(1323840,), dtype=float32)
[2025-02-28 14:51:56,860][anemoi.utils.checkpoints][INFO] - Saving supporting array `source0/longitudes` to inference-stage-x-by_epoch-epoch_004-step_000010/anemoi-metadata/source0/longitudes.numpy (shape=(1323840,), dtype=float32)
[2025-02-28 14:51:56,911][anemoi.utils.checkpoints][INFO] - Saving supporting array `source0/thinning_mask` to inference-stage-x-by_epoch-epoch_004-step_000010/anemoi-metadata/source0/thinning_mask.numpy (shape=(1323840,), dtype=bool)
[2025-02-28 14:51:56,921][anemoi.utils.checkpoints][INFO] - Saving supporting array `source1/latitudes` to inference-stage-x-by_epoch-epoch_004-step_000010/anemoi-metadata/source1/latitudes.numpy (shape=(542080,), dtype=float64)
[2025-02-28 14:51:56,940][anemoi.utils.checkpoints][INFO] - Saving supporting array `source1/longitudes` to inference-stage-x-by_epoch-epoch_004-step_000010/anemoi-metadata/source1/longitudes.numpy (shape=(542080,), dtype=float64)
[2025-02-28 14:52:01,388][anemoi.training.diagnostics.callbacks.sanity][INFO] - No variable order to compare. Skipping variable order check.
[2025-02-28 14:52:01,388][anemoi.training.diagnostics.callbacks.sanity][INFO] - No variable order to compare. Skipping variable order check.
[2025-02-28 14:52:01,388][anemoi.training.diagnostics.callbacks.sanity][INFO] - No variable order to compare. Skipping variable order check.
[2025-02-28 14:52:01,388][anemoi.training.diagnostics.callbacks.sanity][INFO] - No variable order to compare. Skipping variable order check.
[2025-02-28 14:52:07,850][anemoi.utils.checkpoints][INFO] - Adding extra information to checkpoint /work/hdd/bduu/jbanomedina/regional-ai/training/STRETCHED-6km/logs/outputs_checkpoint/25347610-fdd1-406a-a784-2ee09f592087/inference-last.ckpt
[2025-02-28 14:52:07,852][anemoi.utils.checkpoints][INFO] - Saving metadata to inference-last/anemoi-metadata/ai-models.json
[2025-02-28 14:52:07,854][anemoi.utils.checkpoints][INFO] - Saving supporting array `latitudes` to inference-last/anemoi-metadata/latitudes.numpy (shape=(1817128,), dtype=float64)
[2025-02-28 14:52:07,900][anemoi.utils.checkpoints][INFO] - Saving supporting array `longitudes` to inference-last/anemoi-metadata/longitudes.numpy (shape=(1817128,), dtype=float64)
[2025-02-28 14:52:07,995][anemoi.utils.checkpoints][INFO] - Saving supporting array `lam_0/cutout_mask` to inference-last/anemoi-metadata/lam_0/cutout_mask.numpy (shape=(1323840,), dtype=bool)
[2025-02-28 14:52:07,996][anemoi.utils.checkpoints][INFO] - Saving supporting array `global/cutout_mask` to inference-last/anemoi-metadata/global/cutout_mask.numpy (shape=(542080,), dtype=bool)
[2025-02-28 14:52:07,996][anemoi.utils.checkpoints][INFO] - Saving supporting array `source0/latitudes` to inference-last/anemoi-metadata/source0/latitudes.numpy (shape=(1323840,), dtype=float32)
[2025-02-28 14:52:07,999][anemoi.utils.checkpoints][INFO] - Saving supporting array `source0/longitudes` to inference-last/anemoi-metadata/source0/longitudes.numpy (shape=(1323840,), dtype=float32)
[2025-02-28 14:52:08,033][anemoi.utils.checkpoints][INFO] - Saving supporting array `source0/thinning_mask` to inference-last/anemoi-metadata/source0/thinning_mask.numpy (shape=(1323840,), dtype=bool)
[2025-02-28 14:52:08,059][anemoi.utils.checkpoints][INFO] - Saving supporting array `source1/latitudes` to inference-last/anemoi-metadata/source1/latitudes.numpy (shape=(542080,), dtype=float64)
[2025-02-28 14:52:08,083][anemoi.utils.checkpoints][INFO] - Saving supporting array `source1/longitudes` to inference-last/anemoi-metadata/source1/longitudes.numpy (shape=(542080,), dtype=float64)
[2025-02-28 14:52:15,520][anemoi.training.diagnostics.callbacks.sanity][INFO] - No variable order to compare. Skipping variable order check.
[2025-02-28 14:52:15,520][anemoi.training.diagnostics.callbacks.sanity][INFO] - No variable order to compare. Skipping variable order check.
[2025-02-28 14:52:15,521][anemoi.training.diagnostics.callbacks.sanity][INFO] - No variable order to compare. Skipping variable order check.
[2025-02-28 14:52:15,521][anemoi.training.diagnostics.callbacks.sanity][INFO] - No variable order to compare. Skipping variable order check.
