[2025-03-23 21:35:40,618][anemoi.training.train.train][INFO] - Run id: 49c06da1-0ca4-4ae9-bca4-ab056506d120
[2025-03-23 21:35:40,618][anemoi.training.train.train][INFO] - Run id: 5b99b948-6383-400c-8690-7f782093dd3a
[2025-03-23 21:35:40,618][anemoi.training.train.train][INFO] - Run id: 36f490d4-4a82-4022-a1b9-302ee5e8f056
[2025-03-23 21:35:40,619][anemoi.training.train.train][INFO] - Checkpoints path: /work/nvme/bduu/jbanomedina/regional-ai/training/GLOBAL-31km/logs/outputs_checkpoint/49c06da1-0ca4-4ae9-bca4-ab056506d120
[2025-03-23 21:35:40,619][anemoi.training.train.train][INFO] - Checkpoints path: /work/nvme/bduu/jbanomedina/regional-ai/training/GLOBAL-31km/logs/outputs_checkpoint/5b99b948-6383-400c-8690-7f782093dd3a
[2025-03-23 21:35:40,619][anemoi.training.train.train][INFO] - Plots path: /work/nvme/bduu/jbanomedina/regional-ai/training/GLOBAL-31km/logs/outputs_plots/49c06da1-0ca4-4ae9-bca4-ab056506d120
[2025-03-23 21:35:40,619][anemoi.training.train.train][INFO] - Plots path: /work/nvme/bduu/jbanomedina/regional-ai/training/GLOBAL-31km/logs/outputs_plots/5b99b948-6383-400c-8690-7f782093dd3a
[2025-03-23 21:35:40,619][anemoi.training.train.train][INFO] - Checkpoints path: /work/nvme/bduu/jbanomedina/regional-ai/training/GLOBAL-31km/logs/outputs_checkpoint/36f490d4-4a82-4022-a1b9-302ee5e8f056
[2025-03-23 21:35:40,619][anemoi.training.train.train][INFO] - Plots path: /work/nvme/bduu/jbanomedina/regional-ai/training/GLOBAL-31km/logs/outputs_plots/36f490d4-4a82-4022-a1b9-302ee5e8f056
[2025-03-23 21:35:40,621][anemoi.training.train.train][INFO] - Run id: ef018cbb-61c8-4df4-8062-e98810c5e2d6
[2025-03-23 21:35:40,622][anemoi.training.train.train][INFO] - Checkpoints path: /work/nvme/bduu/jbanomedina/regional-ai/training/GLOBAL-31km/logs/outputs_checkpoint/ef018cbb-61c8-4df4-8062-e98810c5e2d6
[2025-03-23 21:35:40,622][anemoi.training.train.train][INFO] - Plots path: /work/nvme/bduu/jbanomedina/regional-ai/training/GLOBAL-31km/logs/outputs_plots/ef018cbb-61c8-4df4-8062-e98810c5e2d6
[2025-03-23 21:35:45,894][anemoi.graphs.nodes.builders.from_file][INFO] - Reading the dataset from /work/nvme/bduu/jbanomedina/regional-ai/data/zarrs//era5-31km.zarr.
[2025-03-23 21:35:45,894][anemoi.graphs.nodes.builders.from_file][INFO] - Reading the dataset from /work/nvme/bduu/jbanomedina/regional-ai/data/zarrs//era5-31km.zarr.
[2025-03-23 21:35:45,894][anemoi.graphs.nodes.builders.from_file][INFO] - Reading the dataset from /work/nvme/bduu/jbanomedina/regional-ai/data/zarrs//era5-31km.zarr.
[2025-03-23 21:35:45,895][anemoi.graphs.nodes.builders.from_file][INFO] - Reading the dataset from /work/nvme/bduu/jbanomedina/regional-ai/data/zarrs//era5-31km.zarr.
[2025-03-23 21:35:53,592][anemoi.graphs.edges.builder][INFO] - Using KNN-Edges (with 12 nearest neighbours) between data and hidden.
[2025-03-23 21:35:53,593][anemoi.graphs.edges.builder][INFO] - Using KNN-Edges (with 12 nearest neighbours) between data and hidden.
[2025-03-23 21:35:53,634][anemoi.graphs.edges.builder][INFO] - Using KNN-Edges (with 12 nearest neighbours) between data and hidden.
[2025-03-23 21:35:53,638][anemoi.graphs.edges.builder][INFO] - Using KNN-Edges (with 12 nearest neighbours) between data and hidden.
[2025-03-23 21:36:20,834][anemoi.graphs.edges.builder][INFO] - Using KNN-Edges (with 3 nearest neighbours) between hidden and data.
[2025-03-23 21:36:20,836][anemoi.graphs.edges.builder][INFO] - Using KNN-Edges (with 3 nearest neighbours) between hidden and data.
[2025-03-23 21:36:20,849][anemoi.graphs.edges.builder][INFO] - Using KNN-Edges (with 3 nearest neighbours) between hidden and data.
[2025-03-23 21:36:21,052][anemoi.graphs.edges.builder][INFO] - Using KNN-Edges (with 3 nearest neighbours) between hidden and data.
[2025-03-23 21:36:27,634][anemoi.graphs.create][INFO] - Cleaning graph.
[2025-03-23 21:36:27,635][anemoi.graphs.create][INFO] - _dataset deleted from graph.
[2025-03-23 21:36:27,635][anemoi.graphs.create][INFO] - _resolutions deleted from graph.
[2025-03-23 21:36:27,636][anemoi.graphs.create][INFO] - _node_ordering deleted from graph.
[2025-03-23 21:36:27,636][anemoi.graphs.create][INFO] - _nx_graph deleted from graph.
[2025-03-23 21:36:27,650][anemoi.graphs.create][INFO] - Cleaning graph.
[2025-03-23 21:36:27,650][anemoi.graphs.create][INFO] - _dataset deleted from graph.
[2025-03-23 21:36:27,651][anemoi.graphs.create][INFO] - _node_ordering deleted from graph.
[2025-03-23 21:36:27,651][anemoi.graphs.create][INFO] - _nx_graph deleted from graph.
[2025-03-23 21:36:27,651][anemoi.graphs.create][INFO] - _resolutions deleted from graph.
[2025-03-23 21:36:27,665][anemoi.graphs.create][INFO] - Cleaning graph.
[2025-03-23 21:36:27,665][anemoi.graphs.create][INFO] - _dataset deleted from graph.
[2025-03-23 21:36:27,666][anemoi.graphs.create][INFO] - _nx_graph deleted from graph.
[2025-03-23 21:36:27,666][anemoi.graphs.create][INFO] - _node_ordering deleted from graph.
[2025-03-23 21:36:27,667][anemoi.graphs.create][INFO] - _resolutions deleted from graph.
[2025-03-23 21:36:27,783][anemoi.graphs.create][INFO] - Graph saved at /work/nvme/bduu/jbanomedina/regional-ai/training/GLOBAL-31km/logs/outputs_graphs/graph-31km-7-12x3.pt.
[2025-03-23 21:36:27,786][anemoi.graphs.create][INFO] - Graph saved at /work/nvme/bduu/jbanomedina/regional-ai/training/GLOBAL-31km/logs/outputs_graphs/graph-31km-7-12x3.pt.
[2025-03-23 21:36:27,789][anemoi.graphs.create][INFO] - Graph saved at /work/nvme/bduu/jbanomedina/regional-ai/training/GLOBAL-31km/logs/outputs_graphs/graph-31km-7-12x3.pt.
[2025-03-23 21:36:27,881][anemoi.graphs.create][INFO] - Cleaning graph.
[2025-03-23 21:36:27,881][anemoi.graphs.create][INFO] - _dataset deleted from graph.
[2025-03-23 21:36:27,881][anemoi.graphs.create][INFO] - _nx_graph deleted from graph.
[2025-03-23 21:36:27,882][anemoi.graphs.create][INFO] - _node_ordering deleted from graph.
[2025-03-23 21:36:27,882][anemoi.graphs.create][INFO] - _resolutions deleted from graph.
[2025-03-23 21:36:27,946][anemoi.graphs.create][INFO] - Graph saved at /work/nvme/bduu/jbanomedina/regional-ai/training/GLOBAL-31km/logs/outputs_graphs/graph-31km-7-12x3.pt.
[2025-03-23 21:36:28,025][anemoi.training.data.datamodule][INFO] - Timeincrement set to 1 for data with frequency, 21600, and timestep, 21600
[2025-03-23 21:36:28,031][anemoi.training.train.train][INFO] - Number of data variables: 87
[2025-03-23 21:36:28,031][anemoi.training.train.train][INFO] - Training limits: max_epochs=13, max_steps=7900. Training will stop when either limit is reached first. Learning rate scheduler will run for 7900 steps.
[2025-03-23 21:36:28,031][anemoi.training.data.datamodule][INFO] - Timeincrement set to 1 for data with frequency, 21600, and timestep, 21600
[2025-03-23 21:36:28,034][anemoi.training.train.train][INFO] - Number of data variables: 87
[2025-03-23 21:36:28,035][anemoi.training.train.train][INFO] - Training limits: max_epochs=13, max_steps=7900. Training will stop when either limit is reached first. Learning rate scheduler will run for 7900 steps.
[2025-03-23 21:36:28,051][anemoi.training.data.datamodule][INFO] - Timeincrement set to 1 for data with frequency, 21600, and timestep, 21600
[2025-03-23 21:36:28,055][anemoi.training.train.train][INFO] - Number of data variables: 87
[2025-03-23 21:36:28,055][anemoi.training.train.train][INFO] - Training limits: max_epochs=13, max_steps=7900. Training will stop when either limit is reached first. Learning rate scheduler will run for 7900 steps.
[2025-03-23 21:36:28,203][anemoi.training.data.datamodule][INFO] - Timeincrement set to 1 for data with frequency, 21600, and timestep, 21600
[2025-03-23 21:36:28,206][anemoi.training.train.train][INFO] - Number of data variables: 87
[2025-03-23 21:36:28,207][anemoi.training.train.train][INFO] - Training limits: max_epochs=13, max_steps=7900. Training will stop when either limit is reached first. Learning rate scheduler will run for 7900 steps.
[2025-03-23 21:36:29,270][pytorch_lightning.utilities.rank_zero][INFO] - Using 16bit Automatic Mixed Precision (AMP)
[2025-03-23 21:36:29,406][pytorch_lightning.utilities.rank_zero][INFO] - GPU available: True (cuda), used: True
[2025-03-23 21:36:29,406][pytorch_lightning.utilities.rank_zero][INFO] - TPU available: False, using: 0 TPU cores
[2025-03-23 21:36:29,406][pytorch_lightning.utilities.rank_zero][INFO] - HPU available: False, using: 0 HPUs
[2025-03-23 21:36:29,411][lightning_fabric.utilities.seed][INFO] - [rank: 3] Seed set to 582009
[2025-03-23 21:36:29,411][lightning_fabric.utilities.seed][INFO] - [rank: 2] Seed set to 582009
[2025-03-23 21:36:29,411][lightning_fabric.utilities.seed][INFO] - [rank: 1] Seed set to 582009
[2025-03-23 21:36:29,411][lightning_fabric.utilities.seed][INFO] - [rank: 0] Seed set to 582009
[2025-03-23 21:36:39,683][anemoi.models.preprocessing.normalizer][INFO] - Normalizing: cos_julian_day is not normalized.
[2025-03-23 21:36:39,683][anemoi.models.preprocessing.normalizer][INFO] - Normalizing: cos_julian_day is not normalized.
[2025-03-23 21:36:39,683][anemoi.models.preprocessing.normalizer][INFO] - Normalizing: cos_julian_day is not normalized.
[2025-03-23 21:36:39,683][anemoi.models.preprocessing.normalizer][INFO] - Normalizing: cos_latitude is not normalized.
[2025-03-23 21:36:39,683][anemoi.models.preprocessing.normalizer][INFO] - Normalizing: cos_latitude is not normalized.
[2025-03-23 21:36:39,683][anemoi.models.preprocessing.normalizer][INFO] - Normalizing: cos_julian_day is not normalized.
[2025-03-23 21:36:39,684][anemoi.models.preprocessing.normalizer][INFO] - Normalizing: cos_local_time is not normalized.
[2025-03-23 21:36:39,684][anemoi.models.preprocessing.normalizer][INFO] - Normalizing: cos_latitude is not normalized.
[2025-03-23 21:36:39,684][anemoi.models.preprocessing.normalizer][INFO] - Normalizing: cos_latitude is not normalized.
[2025-03-23 21:36:39,684][anemoi.models.preprocessing.normalizer][INFO] - Normalizing: cos_longitude is not normalized.
[2025-03-23 21:36:39,684][anemoi.models.preprocessing.normalizer][INFO] - Normalizing: cos_local_time is not normalized.
[2025-03-23 21:36:39,684][anemoi.models.preprocessing.normalizer][INFO] - Normalizing: cos_local_time is not normalized.
[2025-03-23 21:36:39,684][anemoi.models.preprocessing.normalizer][INFO] - Normalizing: insolation is not normalized.
[2025-03-23 21:36:39,684][anemoi.models.preprocessing.normalizer][INFO] - Normalizing: cos_local_time is not normalized.
[2025-03-23 21:36:39,684][anemoi.models.preprocessing.normalizer][INFO] - Normalizing: cos_longitude is not normalized.
[2025-03-23 21:36:39,684][anemoi.models.preprocessing.normalizer][INFO] - Normalizing: cos_longitude is not normalized.
[2025-03-23 21:36:39,684][anemoi.models.preprocessing.normalizer][INFO] - Normalizing: lsm is not normalized.
[2025-03-23 21:36:39,684][anemoi.models.preprocessing.normalizer][INFO] - Normalizing: cos_longitude is not normalized.
[2025-03-23 21:36:39,684][anemoi.models.preprocessing.normalizer][INFO] - Normalizing: insolation is not normalized.
[2025-03-23 21:36:39,684][anemoi.models.preprocessing.normalizer][INFO] - Normalizing: sin_julian_day is not normalized.
[2025-03-23 21:36:39,684][anemoi.models.preprocessing.normalizer][INFO] - Normalizing: insolation is not normalized.
[2025-03-23 21:36:39,684][anemoi.models.preprocessing.normalizer][INFO] - Normalizing: lsm is not normalized.
[2025-03-23 21:36:39,684][anemoi.models.preprocessing.normalizer][INFO] - Normalizing: sin_latitude is not normalized.
[2025-03-23 21:36:39,684][anemoi.models.preprocessing.normalizer][INFO] - Normalizing: insolation is not normalized.
[2025-03-23 21:36:39,685][anemoi.models.preprocessing.normalizer][INFO] - Normalizing: sin_julian_day is not normalized.
[2025-03-23 21:36:39,685][anemoi.models.preprocessing.normalizer][INFO] - Normalizing: sin_local_time is not normalized.
[2025-03-23 21:36:39,685][anemoi.models.preprocessing.normalizer][INFO] - Normalizing: sin_latitude is not normalized.
[2025-03-23 21:36:39,685][anemoi.models.preprocessing.normalizer][INFO] - Normalizing: lsm is not normalized.
[2025-03-23 21:36:39,685][anemoi.models.preprocessing.normalizer][INFO] - Normalizing: sin_longitude is not normalized.
[2025-03-23 21:36:39,685][anemoi.models.preprocessing.normalizer][INFO] - Normalizing: sin_local_time is not normalized.
[2025-03-23 21:36:39,685][anemoi.models.preprocessing.normalizer][INFO] - Normalizing: lsm is not normalized.
[2025-03-23 21:36:39,685][anemoi.models.preprocessing.normalizer][INFO] - Normalizing: sin_julian_day is not normalized.
[2025-03-23 21:36:39,685][anemoi.models.preprocessing.normalizer][INFO] - Normalizing: sin_longitude is not normalized.
[2025-03-23 21:36:39,685][anemoi.models.preprocessing.normalizer][INFO] - Normalizing: z_sfc is not normalized.
[2025-03-23 21:36:39,685][anemoi.models.preprocessing.normalizer][INFO] - Normalizing: sin_julian_day is not normalized.
[2025-03-23 21:36:39,685][anemoi.models.preprocessing.normalizer][INFO] - Normalizing: sin_latitude is not normalized.
[2025-03-23 21:36:39,685][anemoi.models.preprocessing.normalizer][INFO] - Normalizing: z_sfc is not normalized.
[2025-03-23 21:36:39,685][anemoi.models.preprocessing.normalizer][INFO] - Normalizing: sin_latitude is not normalized.
[2025-03-23 21:36:39,685][anemoi.models.preprocessing.normalizer][INFO] - Normalizing: sin_local_time is not normalized.
[2025-03-23 21:36:39,685][anemoi.models.preprocessing.normalizer][INFO] - Normalizing: sin_local_time is not normalized.
[2025-03-23 21:36:39,685][anemoi.models.preprocessing.normalizer][INFO] - Normalizing: sin_longitude is not normalized.
[2025-03-23 21:36:39,686][anemoi.models.preprocessing.normalizer][INFO] - Normalizing: sin_longitude is not normalized.
[2025-03-23 21:36:39,686][anemoi.models.preprocessing.normalizer][INFO] - Normalizing: z_sfc is not normalized.
[2025-03-23 21:36:39,686][anemoi.models.preprocessing.normalizer][INFO] - Normalizing: z_sfc is not normalized.
[2025-03-23 21:36:39,813][anemoi.models.layers.utils][INFO] - Linear kernel: {'_target_': 'torch.nn.Linear', '_partial_': True}
[2025-03-23 21:36:39,813][anemoi.models.layers.utils][INFO] - Linear kernel: {'_target_': 'torch.nn.Linear', '_partial_': True}
[2025-03-23 21:36:39,813][anemoi.models.layers.utils][INFO] - Linear kernel: {'_target_': 'torch.nn.Linear', '_partial_': True}
[2025-03-23 21:36:39,814][anemoi.models.layers.utils][INFO] - Linear kernel: {'_target_': 'torch.nn.Linear', '_partial_': True}
[2025-03-23 21:36:39,814][anemoi.models.layers.utils][INFO] - LayerNorm kernel: {'_target_': 'torch.nn.LayerNorm', '_partial_': True}
[2025-03-23 21:36:39,814][anemoi.models.layers.utils][INFO] - LayerNorm kernel: {'_target_': 'torch.nn.LayerNorm', '_partial_': True}
[2025-03-23 21:36:39,814][anemoi.models.layers.utils][INFO] - LayerNorm kernel: {'_target_': 'torch.nn.LayerNorm', '_partial_': True}
[2025-03-23 21:36:39,814][anemoi.models.layers.utils][INFO] - LayerNorm kernel: {'_target_': 'torch.nn.LayerNorm', '_partial_': True}
[2025-03-23 21:36:40,148][anemoi.training.losses.nodeweights][INFO] - Loading node attribute area_weight from the graph
[2025-03-23 21:36:40,148][anemoi.training.losses.nodeweights][INFO] - Loading node attribute area_weight from the graph
[2025-03-23 21:36:40,149][anemoi.training.losses.nodeweights][INFO] - Loading node attribute area_weight from the graph
[2025-03-23 21:36:40,153][anemoi.training.train.forecaster][INFO] - Pressure level scaling: use scaler ReluPressureLevelScaler with slope 0.0010 and minimum 0.20
[2025-03-23 21:36:40,153][anemoi.training.train.forecaster][INFO] - Pressure level scaling: use scaler ReluPressureLevelScaler with slope 0.0010 and minimum 0.20
[2025-03-23 21:36:40,153][anemoi.training.train.forecaster][INFO] - Pressure level scaling: use scaler ReluPressureLevelScaler with slope 0.0010 and minimum 0.20
[2025-03-23 21:36:40,174][anemoi.training.train.train][INFO] - Resuming training from last checkpoint: /work/nvme/bduu/jbanomedina/regional-ai/training/GLOBAL-31km/logs/outputs_checkpoint/1fc7d6fe-bf82-47a1-acfd-f15b1e1bfb7b/stage-A1-by_epoch-epoch_001-step_007560.ckpt
[2025-03-23 21:36:40,174][anemoi.training.train.train][INFO] - Restoring only model weights from /work/nvme/bduu/jbanomedina/regional-ai/training/GLOBAL-31km/logs/outputs_checkpoint/1fc7d6fe-bf82-47a1-acfd-f15b1e1bfb7b/stage-A1-by_epoch-epoch_001-step_007560.ckpt
[2025-03-23 21:36:40,174][anemoi.training.train.train][INFO] - Resuming training from last checkpoint: /work/nvme/bduu/jbanomedina/regional-ai/training/GLOBAL-31km/logs/outputs_checkpoint/1fc7d6fe-bf82-47a1-acfd-f15b1e1bfb7b/stage-A1-by_epoch-epoch_001-step_007560.ckpt
[2025-03-23 21:36:40,174][anemoi.training.train.train][INFO] - Resuming training from last checkpoint: /work/nvme/bduu/jbanomedina/regional-ai/training/GLOBAL-31km/logs/outputs_checkpoint/1fc7d6fe-bf82-47a1-acfd-f15b1e1bfb7b/stage-A1-by_epoch-epoch_001-step_007560.ckpt
[2025-03-23 21:36:40,174][anemoi.training.train.train][INFO] - Restoring only model weights from /work/nvme/bduu/jbanomedina/regional-ai/training/GLOBAL-31km/logs/outputs_checkpoint/1fc7d6fe-bf82-47a1-acfd-f15b1e1bfb7b/stage-A1-by_epoch-epoch_001-step_007560.ckpt
[2025-03-23 21:36:40,175][anemoi.training.train.train][INFO] - Restoring only model weights from /work/nvme/bduu/jbanomedina/regional-ai/training/GLOBAL-31km/logs/outputs_checkpoint/1fc7d6fe-bf82-47a1-acfd-f15b1e1bfb7b/stage-A1-by_epoch-epoch_001-step_007560.ckpt
[2025-03-23 21:36:40,188][anemoi.training.losses.nodeweights][INFO] - Loading node attribute area_weight from the graph
[2025-03-23 21:36:40,190][anemoi.training.train.forecaster][INFO] - Pressure level scaling: use scaler ReluPressureLevelScaler with slope 0.0010 and minimum 0.20
[2025-03-23 21:36:40,200][anemoi.training.train.train][INFO] - Resuming training from last checkpoint: /work/nvme/bduu/jbanomedina/regional-ai/training/GLOBAL-31km/logs/outputs_checkpoint/1fc7d6fe-bf82-47a1-acfd-f15b1e1bfb7b/stage-A1-by_epoch-epoch_001-step_007560.ckpt
[2025-03-23 21:36:40,200][anemoi.training.train.train][INFO] - Restoring only model weights from /work/nvme/bduu/jbanomedina/regional-ai/training/GLOBAL-31km/logs/outputs_checkpoint/1fc7d6fe-bf82-47a1-acfd-f15b1e1bfb7b/stage-A1-by_epoch-epoch_001-step_007560.ckpt
[2025-03-23 21:36:47,841][anemoi.models.preprocessing.normalizer][INFO] - Normalizing: cos_julian_day is not normalized.
[2025-03-23 21:36:47,841][anemoi.models.preprocessing.normalizer][INFO] - Normalizing: cos_julian_day is not normalized.
[2025-03-23 21:36:47,842][anemoi.models.preprocessing.normalizer][INFO] - Normalizing: cos_latitude is not normalized.
[2025-03-23 21:36:47,842][anemoi.models.preprocessing.normalizer][INFO] - Normalizing: cos_latitude is not normalized.
[2025-03-23 21:36:47,842][anemoi.models.preprocessing.normalizer][INFO] - Normalizing: cos_local_time is not normalized.
[2025-03-23 21:36:47,842][anemoi.models.preprocessing.normalizer][INFO] - Normalizing: cos_local_time is not normalized.
[2025-03-23 21:36:47,842][anemoi.models.preprocessing.normalizer][INFO] - Normalizing: cos_longitude is not normalized.
[2025-03-23 21:36:47,842][anemoi.models.preprocessing.normalizer][INFO] - Normalizing: cos_longitude is not normalized.
[2025-03-23 21:36:47,842][anemoi.models.preprocessing.normalizer][INFO] - Normalizing: insolation is not normalized.
[2025-03-23 21:36:47,842][anemoi.models.preprocessing.normalizer][INFO] - Normalizing: insolation is not normalized.
[2025-03-23 21:36:47,842][anemoi.models.preprocessing.normalizer][INFO] - Normalizing: lsm is not normalized.
[2025-03-23 21:36:47,842][anemoi.models.preprocessing.normalizer][INFO] - Normalizing: lsm is not normalized.
[2025-03-23 21:36:47,842][anemoi.models.preprocessing.normalizer][INFO] - Normalizing: sin_julian_day is not normalized.
[2025-03-23 21:36:47,842][anemoi.models.preprocessing.normalizer][INFO] - Normalizing: sin_julian_day is not normalized.
[2025-03-23 21:36:47,842][anemoi.models.preprocessing.normalizer][INFO] - Normalizing: sin_latitude is not normalized.
[2025-03-23 21:36:47,842][anemoi.models.preprocessing.normalizer][INFO] - Normalizing: sin_latitude is not normalized.
[2025-03-23 21:36:47,842][anemoi.models.preprocessing.normalizer][INFO] - Normalizing: sin_local_time is not normalized.
[2025-03-23 21:36:47,842][anemoi.models.preprocessing.normalizer][INFO] - Normalizing: sin_local_time is not normalized.
[2025-03-23 21:36:47,842][anemoi.models.preprocessing.normalizer][INFO] - Normalizing: cos_julian_day is not normalized.
[2025-03-23 21:36:47,842][anemoi.models.preprocessing.normalizer][INFO] - Normalizing: sin_longitude is not normalized.
[2025-03-23 21:36:47,842][anemoi.models.preprocessing.normalizer][INFO] - Normalizing: sin_longitude is not normalized.
[2025-03-23 21:36:47,843][anemoi.models.preprocessing.normalizer][INFO] - Normalizing: cos_latitude is not normalized.
[2025-03-23 21:36:47,843][anemoi.models.preprocessing.normalizer][INFO] - Normalizing: z_sfc is not normalized.
[2025-03-23 21:36:47,843][anemoi.models.preprocessing.normalizer][INFO] - Normalizing: z_sfc is not normalized.
[2025-03-23 21:36:47,843][anemoi.models.preprocessing.normalizer][INFO] - Normalizing: cos_local_time is not normalized.
[2025-03-23 21:36:47,843][anemoi.models.preprocessing.normalizer][INFO] - Normalizing: cos_longitude is not normalized.
[2025-03-23 21:36:47,843][anemoi.models.preprocessing.normalizer][INFO] - Normalizing: insolation is not normalized.
[2025-03-23 21:36:47,843][anemoi.models.preprocessing.normalizer][INFO] - Normalizing: lsm is not normalized.
[2025-03-23 21:36:47,843][anemoi.models.preprocessing.normalizer][INFO] - Normalizing: sin_julian_day is not normalized.
[2025-03-23 21:36:47,843][anemoi.models.preprocessing.normalizer][INFO] - Normalizing: sin_latitude is not normalized.
[2025-03-23 21:36:47,843][anemoi.models.preprocessing.normalizer][INFO] - Normalizing: sin_local_time is not normalized.
[2025-03-23 21:36:47,843][anemoi.models.preprocessing.normalizer][INFO] - Normalizing: sin_longitude is not normalized.
[2025-03-23 21:36:47,843][anemoi.models.preprocessing.normalizer][INFO] - Normalizing: z_sfc is not normalized.
[2025-03-23 21:36:47,873][anemoi.models.preprocessing.normalizer][INFO] - Normalizing: cos_julian_day is not normalized.
[2025-03-23 21:36:47,873][anemoi.models.preprocessing.normalizer][INFO] - Normalizing: cos_latitude is not normalized.
[2025-03-23 21:36:47,873][anemoi.models.preprocessing.normalizer][INFO] - Normalizing: cos_local_time is not normalized.
[2025-03-23 21:36:47,873][anemoi.models.preprocessing.normalizer][INFO] - Normalizing: cos_longitude is not normalized.
[2025-03-23 21:36:47,873][anemoi.models.preprocessing.normalizer][INFO] - Normalizing: insolation is not normalized.
[2025-03-23 21:36:47,873][anemoi.models.preprocessing.normalizer][INFO] - Normalizing: lsm is not normalized.
[2025-03-23 21:36:47,874][anemoi.models.preprocessing.normalizer][INFO] - Normalizing: sin_julian_day is not normalized.
[2025-03-23 21:36:47,874][anemoi.models.preprocessing.normalizer][INFO] - Normalizing: sin_latitude is not normalized.
[2025-03-23 21:36:47,874][anemoi.models.preprocessing.normalizer][INFO] - Normalizing: sin_local_time is not normalized.
[2025-03-23 21:36:47,874][anemoi.models.preprocessing.normalizer][INFO] - Normalizing: sin_longitude is not normalized.
[2025-03-23 21:36:47,874][anemoi.models.preprocessing.normalizer][INFO] - Normalizing: z_sfc is not normalized.
[2025-03-23 21:36:47,886][anemoi.models.layers.utils][INFO] - Linear kernel: {'_target_': 'torch.nn.Linear', '_partial_': True}
[2025-03-23 21:36:47,886][anemoi.models.layers.utils][INFO] - LayerNorm kernel: {'_target_': 'torch.nn.LayerNorm', '_partial_': True}
[2025-03-23 21:36:47,886][anemoi.models.layers.utils][INFO] - Linear kernel: {'_target_': 'torch.nn.Linear', '_partial_': True}
[2025-03-23 21:36:47,886][anemoi.models.layers.utils][INFO] - LayerNorm kernel: {'_target_': 'torch.nn.LayerNorm', '_partial_': True}
[2025-03-23 21:36:47,887][anemoi.models.layers.utils][INFO] - Linear kernel: {'_target_': 'torch.nn.Linear', '_partial_': True}
[2025-03-23 21:36:47,887][anemoi.models.layers.utils][INFO] - LayerNorm kernel: {'_target_': 'torch.nn.LayerNorm', '_partial_': True}
[2025-03-23 21:36:47,916][anemoi.models.layers.utils][INFO] - Linear kernel: {'_target_': 'torch.nn.Linear', '_partial_': True}
[2025-03-23 21:36:47,917][anemoi.models.layers.utils][INFO] - LayerNorm kernel: {'_target_': 'torch.nn.LayerNorm', '_partial_': True}
[2025-03-23 21:36:48,148][anemoi.training.losses.nodeweights][INFO] - Loading node attribute area_weight from the graph
[2025-03-23 21:36:48,149][anemoi.training.train.forecaster][INFO] - Pressure level scaling: use scaler ReluPressureLevelScaler with slope 0.0010 and minimum 0.20
[2025-03-23 21:36:48,151][anemoi.training.losses.nodeweights][INFO] - Loading node attribute area_weight from the graph
[2025-03-23 21:36:48,152][anemoi.training.train.forecaster][INFO] - Pressure level scaling: use scaler ReluPressureLevelScaler with slope 0.0010 and minimum 0.20
[2025-03-23 21:36:48,155][anemoi.training.losses.nodeweights][INFO] - Loading node attribute area_weight from the graph
[2025-03-23 21:36:48,156][anemoi.training.train.forecaster][INFO] - Pressure level scaling: use scaler ReluPressureLevelScaler with slope 0.0010 and minimum 0.20
[2025-03-23 21:36:48,184][anemoi.training.losses.nodeweights][INFO] - Loading node attribute area_weight from the graph
[2025-03-23 21:36:48,185][anemoi.training.train.forecaster][INFO] - Pressure level scaling: use scaler ReluPressureLevelScaler with slope 0.0010 and minimum 0.20
[2025-03-23 21:36:48,435][lightning_fabric.utilities.distributed][INFO] - Initializing distributed: GLOBAL_RANK: 0, MEMBER: 1/4
[2025-03-23 21:36:48,911][lightning_fabric.utilities.distributed][INFO] - Initializing distributed: GLOBAL_RANK: 3, MEMBER: 4/4
[2025-03-23 21:36:48,924][lightning_fabric.utilities.distributed][INFO] - Initializing distributed: GLOBAL_RANK: 2, MEMBER: 3/4
[2025-03-23 21:36:48,926][lightning_fabric.utilities.distributed][INFO] - Initializing distributed: GLOBAL_RANK: 1, MEMBER: 2/4
[2025-03-23 21:36:48,940][pytorch_lightning.utilities.rank_zero][INFO] - ----------------------------------------------------------------------------------------------------
distributed_backend=nccl
All distributed processes registered. Starting with 4 processes
----------------------------------------------------------------------------------------------------

[2025-03-23 21:36:54,844][pytorch_lightning.accelerators.cuda][INFO] - LOCAL_RANK: 0 - CUDA_VISIBLE_DEVICES: [0,1,2,3]
[2025-03-23 21:36:54,844][pytorch_lightning.accelerators.cuda][INFO] - LOCAL_RANK: 2 - CUDA_VISIBLE_DEVICES: [0,1,2,3]
[2025-03-23 21:36:54,844][pytorch_lightning.accelerators.cuda][INFO] - LOCAL_RANK: 1 - CUDA_VISIBLE_DEVICES: [0,1,2,3]
[2025-03-23 21:36:54,844][pytorch_lightning.accelerators.cuda][INFO] - LOCAL_RANK: 3 - CUDA_VISIBLE_DEVICES: [0,1,2,3]
[2025-03-23 21:36:54,970][lightning_fabric.utilities.seed][INFO] - [rank: 2] Seed set to 582009
[2025-03-23 21:36:54,970][lightning_fabric.utilities.seed][INFO] - [rank: 1] Seed set to 582009
[2025-03-23 21:36:54,970][lightning_fabric.utilities.seed][INFO] - [rank: 3] Seed set to 582009
[2025-03-23 21:36:54,970][lightning_fabric.utilities.seed][INFO] - [rank: 0] Seed set to 582009
[2025-03-23 21:36:54,983][pytorch_lightning.callbacks.model_summary][INFO] - 
  | Name    | Type                 | Params | Mode 
---------------------------------------------------------
0 | model   | AnemoiModelInterface | 61.7 M | train
1 | loss    | WeightedMSELoss      | 0      | train
2 | metrics | ModuleList           | 0      | train
---------------------------------------------------------
61.7 M    Trainable params
0         Non-trainable params
61.7 M    Total params
246.934   Total estimated model params size (MB)
305       Modules in train mode
0         Modules in eval mode
[2025-03-23 21:36:55,079][pytorch_lightning.trainer.connectors.signal_connector][INFO] - SLURM auto-requeueing enabled. Setting signal handlers.
[2025-03-23 21:36:55,079][pytorch_lightning.trainer.connectors.signal_connector][INFO] - SLURM auto-requeueing enabled. Setting signal handlers.
[2025-03-23 21:36:55,079][pytorch_lightning.trainer.connectors.signal_connector][INFO] - SLURM auto-requeueing enabled. Setting signal handlers.
[2025-03-23 21:36:55,079][pytorch_lightning.trainer.connectors.signal_connector][INFO] - SLURM auto-requeueing enabled. Setting signal handlers.
[2025-03-23 21:36:56,654][anemoi.training.diagnostics.callbacks.sanity][INFO] - No variable order to compare. Skipping variable order check.
[2025-03-23 21:36:56,658][anemoi.training.diagnostics.callbacks.sanity][INFO] - No variable order to compare. Skipping variable order check.
[2025-03-23 21:36:56,658][anemoi.training.diagnostics.callbacks.sanity][INFO] - No variable order to compare. Skipping variable order check.
[2025-03-23 21:36:56,672][anemoi.training.diagnostics.callbacks.sanity][INFO] - No variable order to compare. Skipping variable order check.
[2025-03-23 21:38:59,893][pytorch_lightning.trainer.connectors.signal_connector][INFO] - [rank: 2] Received SIGTERM: 15
[2025-03-23 21:38:59,894][pytorch_lightning.trainer.connectors.signal_connector][INFO] - Bypassing SIGTERM: 15
[2025-03-23 21:38:59,898][pytorch_lightning.trainer.connectors.signal_connector][INFO] - [rank: 3] Received SIGTERM: 15
[2025-03-23 21:38:59,898][pytorch_lightning.trainer.connectors.signal_connector][INFO] - [rank: 0] Received SIGTERM: 15
[2025-03-23 21:38:59,899][pytorch_lightning.trainer.connectors.signal_connector][INFO] - Bypassing SIGTERM: 15
[2025-03-23 21:38:59,899][pytorch_lightning.trainer.connectors.signal_connector][INFO] - Bypassing SIGTERM: 15
[2025-03-23 21:38:59,902][pytorch_lightning.trainer.connectors.signal_connector][INFO] - [rank: 1] Received SIGTERM: 15
[2025-03-23 21:38:59,902][pytorch_lightning.trainer.connectors.signal_connector][INFO] - Bypassing SIGTERM: 15
