[2025-02-26 18:21:50,115][anemoi.training.train.train][INFO] - Run id: 2fe6a344-27ad-4db0-bed5-499953f3b015
[2025-02-26 18:21:50,115][anemoi.training.train.train][INFO] - Run id: 52846b46-5016-4e93-bde9-99d42320c956
[2025-02-26 18:21:50,116][anemoi.training.train.train][INFO] - Checkpoints path: /work/hdd/bduu/jbanomedina/regional-ai/training/STRETCHED-6km/logs/outputs_checkpoint/52846b46-5016-4e93-bde9-99d42320c956
[2025-02-26 18:21:50,116][anemoi.training.train.train][INFO] - Checkpoints path: /work/hdd/bduu/jbanomedina/regional-ai/training/STRETCHED-6km/logs/outputs_checkpoint/2fe6a344-27ad-4db0-bed5-499953f3b015
[2025-02-26 18:21:50,116][anemoi.training.train.train][INFO] - Plots path: /work/hdd/bduu/jbanomedina/regional-ai/training/STRETCHED-6km/logs/outputs_plots/52846b46-5016-4e93-bde9-99d42320c956
[2025-02-26 18:21:50,116][anemoi.training.train.train][INFO] - Plots path: /work/hdd/bduu/jbanomedina/regional-ai/training/STRETCHED-6km/logs/outputs_plots/2fe6a344-27ad-4db0-bed5-499953f3b015
[2025-02-26 18:21:50,117][anemoi.training.train.train][INFO] - Run id: 16ec5774-3b08-42d9-ae33-684b547cfb63
[2025-02-26 18:21:50,118][anemoi.training.train.train][INFO] - Checkpoints path: /work/hdd/bduu/jbanomedina/regional-ai/training/STRETCHED-6km/logs/outputs_checkpoint/16ec5774-3b08-42d9-ae33-684b547cfb63
[2025-02-26 18:21:50,118][anemoi.training.train.train][INFO] - Plots path: /work/hdd/bduu/jbanomedina/regional-ai/training/STRETCHED-6km/logs/outputs_plots/16ec5774-3b08-42d9-ae33-684b547cfb63
[2025-02-26 18:21:50,119][anemoi.training.train.train][INFO] - Run id: b5ff4ca4-a2d3-4df5-bfca-9a05b83961ea
[2025-02-26 18:21:50,120][anemoi.training.train.train][INFO] - Checkpoints path: /work/hdd/bduu/jbanomedina/regional-ai/training/STRETCHED-6km/logs/outputs_checkpoint/b5ff4ca4-a2d3-4df5-bfca-9a05b83961ea
[2025-02-26 18:21:50,120][anemoi.training.train.train][INFO] - Plots path: /work/hdd/bduu/jbanomedina/regional-ai/training/STRETCHED-6km/logs/outputs_plots/b5ff4ca4-a2d3-4df5-bfca-9a05b83961ea
[2025-02-26 18:21:50,161][anemoi.training.train.train][INFO] - Loading graph data from /work/hdd/bduu/jbanomedina/regional-ai/training/STRETCHED-6km/logs/outputs_graphs/STRETCHED-6km.pt
[2025-02-26 18:21:50,162][anemoi.training.train.train][INFO] - Loading graph data from /work/hdd/bduu/jbanomedina/regional-ai/training/STRETCHED-6km/logs/outputs_graphs/STRETCHED-6km.pt
[2025-02-26 18:21:50,162][anemoi.training.train.train][INFO] - Loading graph data from /work/hdd/bduu/jbanomedina/regional-ai/training/STRETCHED-6km/logs/outputs_graphs/STRETCHED-6km.pt
[2025-02-26 18:21:50,161][anemoi.training.train.train][INFO] - Loading graph data from /work/hdd/bduu/jbanomedina/regional-ai/training/STRETCHED-6km/logs/outputs_graphs/STRETCHED-6km.pt
[2025-02-26 18:27:43,435][anemoi.training.data.datamodule][INFO] - Timeincrement set to 1 for data with frequency, 21600, and timestep, 21600
[2025-02-26 18:27:43,478][anemoi.training.train.train][INFO] - Number of data variables: 77
[2025-02-26 18:27:44,207][anemoi.training.data.datamodule][INFO] - Timeincrement set to 1 for data with frequency, 21600, and timestep, 21600
[2025-02-26 18:27:44,211][anemoi.training.train.train][INFO] - Number of data variables: 77
[2025-02-26 18:27:45,561][anemoi.training.data.datamodule][INFO] - Timeincrement set to 1 for data with frequency, 21600, and timestep, 21600
[2025-02-26 18:27:45,566][anemoi.training.train.train][INFO] - Number of data variables: 77
[2025-02-26 18:27:50,011][anemoi.training.data.datamodule][INFO] - Timeincrement set to 1 for data with frequency, 21600, and timestep, 21600
[2025-02-26 18:27:50,017][anemoi.training.train.train][INFO] - Number of data variables: 77
[2025-02-26 18:27:55,754][anemoi.training.diagnostics.callbacks.plot][INFO] - Setting up asynchronous plotting ...
[2025-02-26 18:27:55,754][anemoi.training.diagnostics.callbacks.plot][INFO] - Setting up asynchronous plotting ...
[2025-02-26 18:27:55,754][anemoi.training.diagnostics.callbacks.plot][INFO] - Setting up asynchronous plotting ...
[2025-02-26 18:27:55,755][anemoi.training.diagnostics.callbacks.plot][INFO] - Setting up asynchronous plotting ...
[2025-02-26 18:27:55,756][anemoi.training.diagnostics.callbacks.plot][INFO] - Setting up asynchronous plotting ...
[2025-02-26 18:27:55,757][anemoi.training.diagnostics.callbacks.plot][INFO] - Setting up asynchronous plotting ...
[2025-02-26 18:27:55,758][anemoi.training.diagnostics.callbacks.plot][INFO] - Setting up asynchronous plotting ...
[2025-02-26 18:27:55,758][anemoi.training.diagnostics.callbacks.plot][INFO] - Setting up asynchronous plotting ...
[2025-02-26 18:27:55,760][anemoi.training.diagnostics.callbacks.plot][INFO] - Setting up asynchronous plotting ...
[2025-02-26 18:27:55,761][anemoi.training.diagnostics.callbacks.plot][INFO] - Using defined accumulation colormap for fields: ['tp']
[2025-02-26 18:27:55,761][anemoi.training.diagnostics.callbacks.plot][INFO] - Setting up asynchronous plotting ...
[2025-02-26 18:27:55,762][anemoi.training.diagnostics.callbacks.plot][INFO] - Setting up asynchronous plotting ...
[2025-02-26 18:27:55,762][anemoi.training.diagnostics.callbacks.plot][INFO] - Setting up asynchronous plotting ...
[2025-02-26 18:27:55,762][anemoi.training.diagnostics.callbacks.plot][INFO] - Using defined accumulation colormap for fields: ['tp']
[2025-02-26 18:27:55,762][anemoi.training.diagnostics.callbacks.plot][INFO] - Setting up asynchronous plotting ...
[2025-02-26 18:27:55,762][anemoi.training.diagnostics.callbacks.plot][INFO] - Using defined accumulation colormap for fields: ['tp']
[2025-02-26 18:27:55,762][anemoi.training.diagnostics.callbacks.plot][INFO] - Using defined accumulation colormap for fields: ['tp']
[2025-02-26 18:27:55,763][anemoi.training.diagnostics.callbacks.plot][INFO] - Setting up asynchronous plotting ...
[2025-02-26 18:27:55,764][anemoi.training.diagnostics.callbacks.plot][INFO] - Setting up asynchronous plotting ...
[2025-02-26 18:27:55,764][anemoi.training.diagnostics.callbacks.plot][INFO] - Setting up asynchronous plotting ...
[2025-02-26 18:27:55,764][anemoi.training.diagnostics.callbacks.plot][INFO] - Setting up asynchronous plotting ...
[2025-02-26 18:27:55,764][anemoi.training.diagnostics.callbacks.plot][INFO] - Using precip histogram plotting method for fields: ['tp'].
[2025-02-26 18:27:55,765][anemoi.training.diagnostics.callbacks.plot][INFO] - Setting up asynchronous plotting ...
[2025-02-26 18:27:55,765][anemoi.training.diagnostics.callbacks.plot][INFO] - Setting up asynchronous plotting ...
[2025-02-26 18:27:55,765][anemoi.training.diagnostics.callbacks.plot][INFO] - Using precip histogram plotting method for fields: ['tp'].
[2025-02-26 18:27:55,766][anemoi.training.diagnostics.callbacks.plot][INFO] - Using precip histogram plotting method for fields: ['tp'].
[2025-02-26 18:27:55,766][anemoi.training.diagnostics.callbacks.plot][INFO] - Setting up asynchronous plotting ...
[2025-02-26 18:27:55,766][anemoi.training.diagnostics.callbacks.plot][INFO] - Using precip histogram plotting method for fields: ['tp'].
[2025-02-26 18:27:56,999][pytorch_lightning.utilities.rank_zero][INFO] - Using 16bit Automatic Mixed Precision (AMP)
[2025-02-26 18:27:57,137][pytorch_lightning.utilities.rank_zero][INFO] - GPU available: True (cuda), used: True
[2025-02-26 18:27:57,137][pytorch_lightning.utilities.rank_zero][INFO] - TPU available: False, using: 0 TPU cores
[2025-02-26 18:27:57,137][pytorch_lightning.utilities.rank_zero][INFO] - HPU available: False, using: 0 HPUs
[2025-02-26 18:27:57,194][lightning_fabric.utilities.seed][INFO] - [rank: 1] Seed set to 527757
[2025-02-26 18:27:57,194][lightning_fabric.utilities.seed][INFO] - [rank: 3] Seed set to 527757
[2025-02-26 18:27:57,194][lightning_fabric.utilities.seed][INFO] - [rank: 0] Seed set to 527757
[2025-02-26 18:27:57,194][lightning_fabric.utilities.seed][INFO] - [rank: 2] Seed set to 527757
[2025-02-26 18:28:10,035][anemoi.models.preprocessing.normalizer][INFO] - Normalizing: cos_julian_day is not normalized.
[2025-02-26 18:28:10,035][anemoi.models.preprocessing.normalizer][INFO] - Normalizing: cos_julian_day is not normalized.
[2025-02-26 18:28:10,035][anemoi.models.preprocessing.normalizer][INFO] - Normalizing: cos_julian_day is not normalized.
[2025-02-26 18:28:10,035][anemoi.models.preprocessing.normalizer][INFO] - Normalizing: cos_julian_day is not normalized.
[2025-02-26 18:28:10,036][anemoi.models.preprocessing.normalizer][INFO] - Normalizing: cos_latitude is not normalized.
[2025-02-26 18:28:10,036][anemoi.models.preprocessing.normalizer][INFO] - Normalizing: cos_latitude is not normalized.
[2025-02-26 18:28:10,036][anemoi.models.preprocessing.normalizer][INFO] - Normalizing: cos_latitude is not normalized.
[2025-02-26 18:28:10,036][anemoi.models.preprocessing.normalizer][INFO] - Normalizing: cos_latitude is not normalized.
[2025-02-26 18:28:10,036][anemoi.models.preprocessing.normalizer][INFO] - Normalizing: cos_local_time is not normalized.
[2025-02-26 18:28:10,036][anemoi.models.preprocessing.normalizer][INFO] - Normalizing: cos_local_time is not normalized.
[2025-02-26 18:28:10,036][anemoi.models.preprocessing.normalizer][INFO] - Normalizing: cos_local_time is not normalized.
[2025-02-26 18:28:10,036][anemoi.models.preprocessing.normalizer][INFO] - Normalizing: cos_longitude is not normalized.
[2025-02-26 18:28:10,036][anemoi.models.preprocessing.normalizer][INFO] - Normalizing: cos_local_time is not normalized.
[2025-02-26 18:28:10,036][anemoi.models.preprocessing.normalizer][INFO] - Normalizing: cos_longitude is not normalized.
[2025-02-26 18:28:10,037][anemoi.models.preprocessing.normalizer][INFO] - Normalizing: cos_longitude is not normalized.
[2025-02-26 18:28:10,037][anemoi.models.preprocessing.normalizer][INFO] - Normalizing: insolation is not normalized.
[2025-02-26 18:28:10,037][anemoi.models.preprocessing.normalizer][INFO] - Normalizing: cos_longitude is not normalized.
[2025-02-26 18:28:10,037][anemoi.models.preprocessing.normalizer][INFO] - Normalizing: insolation is not normalized.
[2025-02-26 18:28:10,037][anemoi.models.preprocessing.normalizer][INFO] - Normalizing: lsm is not normalized.
[2025-02-26 18:28:10,037][anemoi.models.preprocessing.normalizer][INFO] - Normalizing: insolation is not normalized.
[2025-02-26 18:28:10,037][anemoi.models.preprocessing.normalizer][INFO] - Normalizing: lsm is not normalized.
[2025-02-26 18:28:10,037][anemoi.models.preprocessing.normalizer][INFO] - Normalizing: sin_julian_day is not normalized.
[2025-02-26 18:28:10,037][anemoi.models.preprocessing.normalizer][INFO] - Normalizing: insolation is not normalized.
[2025-02-26 18:28:10,037][anemoi.models.preprocessing.normalizer][INFO] - Normalizing: lsm is not normalized.
[2025-02-26 18:28:10,037][anemoi.models.preprocessing.normalizer][INFO] - Normalizing: sin_julian_day is not normalized.
[2025-02-26 18:28:10,037][anemoi.models.preprocessing.normalizer][INFO] - Normalizing: sin_latitude is not normalized.
[2025-02-26 18:28:10,037][anemoi.models.preprocessing.normalizer][INFO] - Normalizing: lsm is not normalized.
[2025-02-26 18:28:10,037][anemoi.models.preprocessing.normalizer][INFO] - Normalizing: sin_latitude is not normalized.
[2025-02-26 18:28:10,037][anemoi.models.preprocessing.normalizer][INFO] - Normalizing: sin_local_time is not normalized.
[2025-02-26 18:28:10,037][anemoi.models.preprocessing.normalizer][INFO] - Normalizing: sin_local_time is not normalized.
[2025-02-26 18:28:10,037][anemoi.models.preprocessing.normalizer][INFO] - Normalizing: sin_julian_day is not normalized.
[2025-02-26 18:28:10,038][anemoi.models.preprocessing.normalizer][INFO] - Normalizing: sin_longitude is not normalized.
[2025-02-26 18:28:10,038][anemoi.models.preprocessing.normalizer][INFO] - Normalizing: sin_longitude is not normalized.
[2025-02-26 18:28:10,037][anemoi.models.preprocessing.normalizer][INFO] - Normalizing: sin_julian_day is not normalized.
[2025-02-26 18:28:10,038][anemoi.models.preprocessing.normalizer][INFO] - Normalizing: sin_latitude is not normalized.
[2025-02-26 18:28:10,038][anemoi.models.preprocessing.normalizer][INFO] - Normalizing: z_sfc is not normalized.
[2025-02-26 18:28:10,038][anemoi.models.preprocessing.normalizer][INFO] - Normalizing: z_sfc is not normalized.
[2025-02-26 18:28:10,038][anemoi.models.preprocessing.normalizer][INFO] - Normalizing: sin_latitude is not normalized.
[2025-02-26 18:28:10,038][anemoi.models.preprocessing.normalizer][INFO] - Normalizing: sin_local_time is not normalized.
[2025-02-26 18:28:10,038][anemoi.models.preprocessing.normalizer][INFO] - Normalizing: sin_local_time is not normalized.
[2025-02-26 18:28:10,038][anemoi.models.preprocessing.normalizer][INFO] - Normalizing: sin_longitude is not normalized.
[2025-02-26 18:28:10,038][anemoi.models.preprocessing.normalizer][INFO] - Normalizing: sin_longitude is not normalized.
[2025-02-26 18:28:10,038][anemoi.models.preprocessing.normalizer][INFO] - Normalizing: z_sfc is not normalized.
[2025-02-26 18:28:10,038][anemoi.models.preprocessing.normalizer][INFO] - Normalizing: z_sfc is not normalized.
[2025-02-26 18:28:10,268][anemoi.models.layers.utils][INFO] - Linear kernel: {'_target_': 'torch.nn.Linear', '_partial_': True}
[2025-02-26 18:28:10,269][anemoi.models.layers.utils][INFO] - LayerNorm kernel: {'_target_': 'torch.nn.LayerNorm', '_partial_': True}
[2025-02-26 18:28:10,269][anemoi.models.layers.utils][INFO] - Linear kernel: {'_target_': 'torch.nn.Linear', '_partial_': True}
[2025-02-26 18:28:10,269][anemoi.models.layers.utils][INFO] - Linear kernel: {'_target_': 'torch.nn.Linear', '_partial_': True}
[2025-02-26 18:28:10,270][anemoi.models.layers.utils][INFO] - LayerNorm kernel: {'_target_': 'torch.nn.LayerNorm', '_partial_': True}
[2025-02-26 18:28:10,270][anemoi.models.layers.utils][INFO] - LayerNorm kernel: {'_target_': 'torch.nn.LayerNorm', '_partial_': True}
[2025-02-26 18:28:10,270][anemoi.models.layers.utils][INFO] - Linear kernel: {'_target_': 'torch.nn.Linear', '_partial_': True}
[2025-02-26 18:28:10,271][anemoi.models.layers.utils][INFO] - LayerNorm kernel: {'_target_': 'torch.nn.LayerNorm', '_partial_': True}
[2025-02-26 18:28:14,925][anemoi.training.losses.nodeweights][INFO] - Loading node attribute area_weight from the graph
[2025-02-26 18:28:14,925][anemoi.training.losses.nodeweights][INFO] - Loading node attribute area_weight from the graph
[2025-02-26 18:28:14,925][anemoi.training.losses.nodeweights][INFO] - Loading node attribute area_weight from the graph
[2025-02-26 18:28:14,925][anemoi.training.losses.nodeweights][INFO] - Loading node attribute area_weight from the graph
[2025-02-26 18:28:14,930][anemoi.training.train.forecaster][INFO] - Pressure level scaling: use scaler ReluPressureLevelScaler with slope 0.0010 and minimum 0.20
[2025-02-26 18:28:15,133][anemoi.training.train.forecaster][INFO] - Pressure level scaling: use scaler ReluPressureLevelScaler with slope 0.0010 and minimum 0.20
[2025-02-26 18:28:15,133][anemoi.training.train.forecaster][INFO] - Pressure level scaling: use scaler ReluPressureLevelScaler with slope 0.0010 and minimum 0.20
[2025-02-26 18:28:15,133][anemoi.training.train.forecaster][INFO] - Pressure level scaling: use scaler ReluPressureLevelScaler with slope 0.0010 and minimum 0.20
[2025-02-26 18:28:21,437][lightning_fabric.utilities.distributed][INFO] - Initializing distributed: GLOBAL_RANK: 0, MEMBER: 1/4
[2025-02-26 18:28:22,119][lightning_fabric.utilities.distributed][INFO] - Initializing distributed: GLOBAL_RANK: 1, MEMBER: 2/4
[2025-02-26 18:28:22,119][lightning_fabric.utilities.distributed][INFO] - Initializing distributed: GLOBAL_RANK: 2, MEMBER: 3/4
[2025-02-26 18:28:22,120][lightning_fabric.utilities.distributed][INFO] - Initializing distributed: GLOBAL_RANK: 3, MEMBER: 4/4
[2025-02-26 18:28:22,142][pytorch_lightning.utilities.rank_zero][INFO] - ----------------------------------------------------------------------------------------------------
distributed_backend=nccl
All distributed processes registered. Starting with 4 processes
----------------------------------------------------------------------------------------------------

[2025-02-26 18:28:29,282][pytorch_lightning.accelerators.cuda][INFO] - LOCAL_RANK: 3 - CUDA_VISIBLE_DEVICES: [0,1,2,3]
[2025-02-26 18:28:29,282][pytorch_lightning.accelerators.cuda][INFO] - LOCAL_RANK: 0 - CUDA_VISIBLE_DEVICES: [0,1,2,3]
[2025-02-26 18:28:29,282][pytorch_lightning.accelerators.cuda][INFO] - LOCAL_RANK: 1 - CUDA_VISIBLE_DEVICES: [0,1,2,3]
[2025-02-26 18:28:29,282][pytorch_lightning.accelerators.cuda][INFO] - LOCAL_RANK: 2 - CUDA_VISIBLE_DEVICES: [0,1,2,3]
[2025-02-26 18:28:29,548][lightning_fabric.utilities.seed][INFO] - [rank: 1] Seed set to 527757
[2025-02-26 18:28:29,548][lightning_fabric.utilities.seed][INFO] - [rank: 3] Seed set to 527757
[2025-02-26 18:28:29,548][lightning_fabric.utilities.seed][INFO] - [rank: 2] Seed set to 527757
[2025-02-26 18:28:29,549][lightning_fabric.utilities.seed][INFO] - [rank: 0] Seed set to 527757
[2025-02-26 18:28:29,561][pytorch_lightning.callbacks.model_summary][INFO] - 
  | Name    | Type                 | Params | Mode 
---------------------------------------------------------
0 | model   | AnemoiModelInterface | 454 M  | train
1 | loss    | WeightedMSELoss      | 0      | train
2 | metrics | ModuleList           | 0      | train
---------------------------------------------------------
454 M     Trainable params
0         Non-trainable params
454 M     Total params
1,817.376 Total estimated model params size (MB)
305       Modules in train mode
0         Modules in eval mode
[2025-02-26 18:28:29,567][pytorch_lightning.trainer.connectors.signal_connector][INFO] - SLURM auto-requeueing enabled. Setting signal handlers.
[2025-02-26 18:28:29,567][pytorch_lightning.trainer.connectors.signal_connector][INFO] - SLURM auto-requeueing enabled. Setting signal handlers.
[2025-02-26 18:28:29,567][pytorch_lightning.trainer.connectors.signal_connector][INFO] - SLURM auto-requeueing enabled. Setting signal handlers.
[2025-02-26 18:28:29,567][pytorch_lightning.trainer.connectors.signal_connector][INFO] - SLURM auto-requeueing enabled. Setting signal handlers.
[2025-02-26 18:34:37,127][anemoi.training.diagnostics.callbacks.sanity][INFO] - No variable order to compare. Skipping variable order check.
[2025-02-26 18:34:37,127][anemoi.training.diagnostics.callbacks.sanity][INFO] - No variable order to compare. Skipping variable order check.
[2025-02-26 18:34:37,127][anemoi.training.diagnostics.callbacks.sanity][INFO] - No variable order to compare. Skipping variable order check.
[2025-02-26 18:34:37,128][anemoi.training.diagnostics.callbacks.sanity][INFO] - No variable order to compare. Skipping variable order check.
