[2025-03-24 12:35:10,773][anemoi.training.train.train][INFO] - Run id: 0ec30b12-c51f-44bd-90cc-d004fc6e16d1
[2025-03-24 12:35:10,773][anemoi.training.train.train][INFO] - Run id: 8bdcf988-f566-437a-bb7a-f80341c7ac88
[2025-03-24 12:35:10,773][anemoi.training.train.train][INFO] - Run id: 29d508f8-a529-4cae-a9de-a43a57093eef
[2025-03-24 12:35:10,774][anemoi.training.train.train][INFO] - Checkpoints path: /work/nvme/bduu/jbanomedina/regional-ai/training/GLOBAL-31km/logs/outputs_checkpoint/8bdcf988-f566-437a-bb7a-f80341c7ac88
[2025-03-24 12:35:10,774][anemoi.training.train.train][INFO] - Checkpoints path: /work/nvme/bduu/jbanomedina/regional-ai/training/GLOBAL-31km/logs/outputs_checkpoint/29d508f8-a529-4cae-a9de-a43a57093eef
[2025-03-24 12:35:10,774][anemoi.training.train.train][INFO] - Checkpoints path: /work/nvme/bduu/jbanomedina/regional-ai/training/GLOBAL-31km/logs/outputs_checkpoint/0ec30b12-c51f-44bd-90cc-d004fc6e16d1
[2025-03-24 12:35:10,774][anemoi.training.train.train][INFO] - Plots path: /work/nvme/bduu/jbanomedina/regional-ai/training/GLOBAL-31km/logs/outputs_plots/8bdcf988-f566-437a-bb7a-f80341c7ac88
[2025-03-24 12:35:10,774][anemoi.training.train.train][INFO] - Plots path: /work/nvme/bduu/jbanomedina/regional-ai/training/GLOBAL-31km/logs/outputs_plots/29d508f8-a529-4cae-a9de-a43a57093eef
[2025-03-24 12:35:10,774][anemoi.training.train.train][INFO] - Plots path: /work/nvme/bduu/jbanomedina/regional-ai/training/GLOBAL-31km/logs/outputs_plots/0ec30b12-c51f-44bd-90cc-d004fc6e16d1
[2025-03-24 12:35:10,777][anemoi.training.train.train][INFO] - Run id: a214ebd7-b6d1-4d70-9f69-de591615587f
[2025-03-24 12:35:10,778][anemoi.training.train.train][INFO] - Checkpoints path: /work/nvme/bduu/jbanomedina/regional-ai/training/GLOBAL-31km/logs/outputs_checkpoint/a214ebd7-b6d1-4d70-9f69-de591615587f
[2025-03-24 12:35:10,778][anemoi.training.train.train][INFO] - Plots path: /work/nvme/bduu/jbanomedina/regional-ai/training/GLOBAL-31km/logs/outputs_plots/a214ebd7-b6d1-4d70-9f69-de591615587f
[2025-03-24 12:35:15,742][anemoi.graphs.nodes.builders.from_file][INFO] - Reading the dataset from /work/nvme/bduu/jbanomedina/regional-ai/data/zarrs//era5-31km.zarr.
[2025-03-24 12:35:15,743][anemoi.graphs.nodes.builders.from_file][INFO] - Reading the dataset from /work/nvme/bduu/jbanomedina/regional-ai/data/zarrs//era5-31km.zarr.
[2025-03-24 12:35:15,743][anemoi.graphs.nodes.builders.from_file][INFO] - Reading the dataset from /work/nvme/bduu/jbanomedina/regional-ai/data/zarrs//era5-31km.zarr.
[2025-03-24 12:35:15,743][anemoi.graphs.nodes.builders.from_file][INFO] - Reading the dataset from /work/nvme/bduu/jbanomedina/regional-ai/data/zarrs//era5-31km.zarr.
[2025-03-24 12:35:23,600][anemoi.graphs.edges.builder][INFO] - Using KNN-Edges (with 12 nearest neighbours) between data and hidden.
[2025-03-24 12:35:23,665][anemoi.graphs.edges.builder][INFO] - Using KNN-Edges (with 12 nearest neighbours) between data and hidden.
[2025-03-24 12:35:23,699][anemoi.graphs.edges.builder][INFO] - Using KNN-Edges (with 12 nearest neighbours) between data and hidden.
[2025-03-24 12:35:23,823][anemoi.graphs.edges.builder][INFO] - Using KNN-Edges (with 12 nearest neighbours) between data and hidden.
[2025-03-24 12:35:51,198][anemoi.graphs.edges.builder][INFO] - Using KNN-Edges (with 3 nearest neighbours) between hidden and data.
[2025-03-24 12:35:51,307][anemoi.graphs.edges.builder][INFO] - Using KNN-Edges (with 3 nearest neighbours) between hidden and data.
[2025-03-24 12:35:51,411][anemoi.graphs.edges.builder][INFO] - Using KNN-Edges (with 3 nearest neighbours) between hidden and data.
[2025-03-24 12:35:52,053][anemoi.graphs.edges.builder][INFO] - Using KNN-Edges (with 3 nearest neighbours) between hidden and data.
[2025-03-24 12:35:58,004][anemoi.graphs.create][INFO] - Cleaning graph.
[2025-03-24 12:35:58,005][anemoi.graphs.create][INFO] - _dataset deleted from graph.
[2025-03-24 12:35:58,005][anemoi.graphs.create][INFO] - _nx_graph deleted from graph.
[2025-03-24 12:35:58,005][anemoi.graphs.create][INFO] - _node_ordering deleted from graph.
[2025-03-24 12:35:58,006][anemoi.graphs.create][INFO] - _resolutions deleted from graph.
[2025-03-24 12:35:58,092][anemoi.graphs.create][INFO] - Graph saved at /work/nvme/bduu/jbanomedina/regional-ai/training/GLOBAL-31km/logs/outputs_graphs/graph-31km-7-12x3.pt.
[2025-03-24 12:35:58,131][anemoi.graphs.create][INFO] - Cleaning graph.
[2025-03-24 12:35:58,132][anemoi.graphs.create][INFO] - _dataset deleted from graph.
[2025-03-24 12:35:58,133][anemoi.graphs.create][INFO] - _node_ordering deleted from graph.
[2025-03-24 12:35:58,133][anemoi.graphs.create][INFO] - _resolutions deleted from graph.
[2025-03-24 12:35:58,133][anemoi.graphs.create][INFO] - _nx_graph deleted from graph.
[2025-03-24 12:35:58,190][anemoi.graphs.create][INFO] - Graph saved at /work/nvme/bduu/jbanomedina/regional-ai/training/GLOBAL-31km/logs/outputs_graphs/graph-31km-7-12x3.pt.
[2025-03-24 12:35:58,296][anemoi.graphs.create][INFO] - Cleaning graph.
[2025-03-24 12:35:58,297][anemoi.graphs.create][INFO] - _dataset deleted from graph.
[2025-03-24 12:35:58,297][anemoi.graphs.create][INFO] - _resolutions deleted from graph.
[2025-03-24 12:35:58,297][anemoi.graphs.create][INFO] - _node_ordering deleted from graph.
[2025-03-24 12:35:58,297][anemoi.graphs.create][INFO] - _nx_graph deleted from graph.
[2025-03-24 12:35:58,356][anemoi.graphs.create][INFO] - Graph saved at /work/nvme/bduu/jbanomedina/regional-ai/training/GLOBAL-31km/logs/outputs_graphs/graph-31km-7-12x3.pt.
[2025-03-24 12:35:58,361][anemoi.training.data.datamodule][INFO] - Timeincrement set to 1 for data with frequency, 21600, and timestep, 21600
[2025-03-24 12:35:58,373][anemoi.training.train.train][INFO] - Number of data variables: 87
[2025-03-24 12:35:58,373][anemoi.training.train.train][INFO] - Training limits: max_epochs=13, max_steps=7900. Training will stop when either limit is reached first. Learning rate scheduler will run for 7900 steps.
[2025-03-24 12:35:58,414][anemoi.training.data.datamodule][INFO] - Timeincrement set to 1 for data with frequency, 21600, and timestep, 21600
[2025-03-24 12:35:58,417][anemoi.training.train.train][INFO] - Number of data variables: 87
[2025-03-24 12:35:58,417][anemoi.training.train.train][INFO] - Training limits: max_epochs=13, max_steps=7900. Training will stop when either limit is reached first. Learning rate scheduler will run for 7900 steps.
[2025-03-24 12:35:58,615][anemoi.training.data.datamodule][INFO] - Timeincrement set to 1 for data with frequency, 21600, and timestep, 21600
[2025-03-24 12:35:58,618][anemoi.training.train.train][INFO] - Number of data variables: 87
[2025-03-24 12:35:58,619][anemoi.training.train.train][INFO] - Training limits: max_epochs=13, max_steps=7900. Training will stop when either limit is reached first. Learning rate scheduler will run for 7900 steps.
[2025-03-24 12:35:59,097][anemoi.graphs.create][INFO] - Cleaning graph.
[2025-03-24 12:35:59,097][anemoi.graphs.create][INFO] - _dataset deleted from graph.
[2025-03-24 12:35:59,097][anemoi.graphs.create][INFO] - _nx_graph deleted from graph.
[2025-03-24 12:35:59,098][anemoi.graphs.create][INFO] - _resolutions deleted from graph.
[2025-03-24 12:35:59,098][anemoi.graphs.create][INFO] - _node_ordering deleted from graph.
[2025-03-24 12:35:59,188][anemoi.graphs.create][INFO] - Graph saved at /work/nvme/bduu/jbanomedina/regional-ai/training/GLOBAL-31km/logs/outputs_graphs/graph-31km-7-12x3.pt.
[2025-03-24 12:35:59,425][anemoi.training.data.datamodule][INFO] - Timeincrement set to 1 for data with frequency, 21600, and timestep, 21600
[2025-03-24 12:35:59,430][anemoi.training.train.train][INFO] - Number of data variables: 87
[2025-03-24 12:35:59,431][anemoi.training.train.train][INFO] - Training limits: max_epochs=13, max_steps=7900. Training will stop when either limit is reached first. Learning rate scheduler will run for 7900 steps.
[2025-03-24 12:35:59,780][pytorch_lightning.utilities.rank_zero][INFO] - Using 16bit Automatic Mixed Precision (AMP)
[2025-03-24 12:35:59,821][pytorch_lightning.utilities.rank_zero][INFO] - GPU available: True (cuda), used: True
[2025-03-24 12:35:59,821][pytorch_lightning.utilities.rank_zero][INFO] - TPU available: False, using: 0 TPU cores
[2025-03-24 12:35:59,821][pytorch_lightning.utilities.rank_zero][INFO] - HPU available: False, using: 0 HPUs
[2025-03-24 12:35:59,847][lightning_fabric.utilities.seed][INFO] - [rank: 3] Seed set to 584242
[2025-03-24 12:35:59,847][lightning_fabric.utilities.seed][INFO] - [rank: 2] Seed set to 584242
[2025-03-24 12:35:59,847][lightning_fabric.utilities.seed][INFO] - [rank: 1] Seed set to 584242
[2025-03-24 12:35:59,847][lightning_fabric.utilities.seed][INFO] - [rank: 0] Seed set to 584242
[2025-03-24 12:36:11,222][anemoi.models.preprocessing.normalizer][INFO] - Normalizing: cos_julian_day is not normalized.
[2025-03-24 12:36:11,222][anemoi.models.preprocessing.normalizer][INFO] - Normalizing: cos_julian_day is not normalized.
[2025-03-24 12:36:11,222][anemoi.models.preprocessing.normalizer][INFO] - Normalizing: cos_latitude is not normalized.
[2025-03-24 12:36:11,222][anemoi.models.preprocessing.normalizer][INFO] - Normalizing: cos_local_time is not normalized.
[2025-03-24 12:36:11,222][anemoi.models.preprocessing.normalizer][INFO] - Normalizing: cos_julian_day is not normalized.
[2025-03-24 12:36:11,222][anemoi.models.preprocessing.normalizer][INFO] - Normalizing: cos_longitude is not normalized.
[2025-03-24 12:36:11,222][anemoi.models.preprocessing.normalizer][INFO] - Normalizing: cos_latitude is not normalized.
[2025-03-24 12:36:11,222][anemoi.models.preprocessing.normalizer][INFO] - Normalizing: cos_latitude is not normalized.
[2025-03-24 12:36:11,223][anemoi.models.preprocessing.normalizer][INFO] - Normalizing: insolation is not normalized.
[2025-03-24 12:36:11,223][anemoi.models.preprocessing.normalizer][INFO] - Normalizing: cos_local_time is not normalized.
[2025-03-24 12:36:11,223][anemoi.models.preprocessing.normalizer][INFO] - Normalizing: cos_local_time is not normalized.
[2025-03-24 12:36:11,223][anemoi.models.preprocessing.normalizer][INFO] - Normalizing: lsm is not normalized.
[2025-03-24 12:36:11,223][anemoi.models.preprocessing.normalizer][INFO] - Normalizing: cos_longitude is not normalized.
[2025-03-24 12:36:11,223][anemoi.models.preprocessing.normalizer][INFO] - Normalizing: sin_julian_day is not normalized.
[2025-03-24 12:36:11,223][anemoi.models.preprocessing.normalizer][INFO] - Normalizing: insolation is not normalized.
[2025-03-24 12:36:11,223][anemoi.models.preprocessing.normalizer][INFO] - Normalizing: sin_latitude is not normalized.
[2025-03-24 12:36:11,223][anemoi.models.preprocessing.normalizer][INFO] - Normalizing: lsm is not normalized.
[2025-03-24 12:36:11,223][anemoi.models.preprocessing.normalizer][INFO] - Normalizing: sin_local_time is not normalized.
[2025-03-24 12:36:11,223][anemoi.models.preprocessing.normalizer][INFO] - Normalizing: sin_julian_day is not normalized.
[2025-03-24 12:36:11,223][anemoi.models.preprocessing.normalizer][INFO] - Normalizing: sin_longitude is not normalized.
[2025-03-24 12:36:11,223][anemoi.models.preprocessing.normalizer][INFO] - Normalizing: cos_longitude is not normalized.
[2025-03-24 12:36:11,223][anemoi.models.preprocessing.normalizer][INFO] - Normalizing: sin_latitude is not normalized.
[2025-03-24 12:36:11,223][anemoi.models.preprocessing.normalizer][INFO] - Normalizing: z_sfc is not normalized.
[2025-03-24 12:36:11,223][anemoi.models.preprocessing.normalizer][INFO] - Normalizing: sin_local_time is not normalized.
[2025-03-24 12:36:11,223][anemoi.models.preprocessing.normalizer][INFO] - Normalizing: insolation is not normalized.
[2025-03-24 12:36:11,223][anemoi.models.preprocessing.normalizer][INFO] - Normalizing: sin_longitude is not normalized.
[2025-03-24 12:36:11,223][anemoi.models.preprocessing.normalizer][INFO] - Normalizing: lsm is not normalized.
[2025-03-24 12:36:11,224][anemoi.models.preprocessing.normalizer][INFO] - Normalizing: z_sfc is not normalized.
[2025-03-24 12:36:11,224][anemoi.models.preprocessing.normalizer][INFO] - Normalizing: sin_julian_day is not normalized.
[2025-03-24 12:36:11,224][anemoi.models.preprocessing.normalizer][INFO] - Normalizing: sin_latitude is not normalized.
[2025-03-24 12:36:11,224][anemoi.models.preprocessing.normalizer][INFO] - Normalizing: sin_local_time is not normalized.
[2025-03-24 12:36:11,224][anemoi.models.preprocessing.normalizer][INFO] - Normalizing: sin_longitude is not normalized.
[2025-03-24 12:36:11,224][anemoi.models.preprocessing.normalizer][INFO] - Normalizing: z_sfc is not normalized.
[2025-03-24 12:36:11,228][anemoi.models.preprocessing.normalizer][INFO] - Normalizing: cos_julian_day is not normalized.
[2025-03-24 12:36:11,228][anemoi.models.preprocessing.normalizer][INFO] - Normalizing: cos_latitude is not normalized.
[2025-03-24 12:36:11,228][anemoi.models.preprocessing.normalizer][INFO] - Normalizing: cos_local_time is not normalized.
[2025-03-24 12:36:11,228][anemoi.models.preprocessing.normalizer][INFO] - Normalizing: cos_longitude is not normalized.
[2025-03-24 12:36:11,228][anemoi.models.preprocessing.normalizer][INFO] - Normalizing: insolation is not normalized.
[2025-03-24 12:36:11,229][anemoi.models.preprocessing.normalizer][INFO] - Normalizing: lsm is not normalized.
[2025-03-24 12:36:11,229][anemoi.models.preprocessing.normalizer][INFO] - Normalizing: sin_julian_day is not normalized.
[2025-03-24 12:36:11,229][anemoi.models.preprocessing.normalizer][INFO] - Normalizing: sin_latitude is not normalized.
[2025-03-24 12:36:11,229][anemoi.models.preprocessing.normalizer][INFO] - Normalizing: sin_local_time is not normalized.
[2025-03-24 12:36:11,229][anemoi.models.preprocessing.normalizer][INFO] - Normalizing: sin_longitude is not normalized.
[2025-03-24 12:36:11,229][anemoi.models.preprocessing.normalizer][INFO] - Normalizing: z_sfc is not normalized.
[2025-03-24 12:36:11,350][anemoi.models.layers.utils][INFO] - Linear kernel: {'_target_': 'torch.nn.Linear', '_partial_': True}
[2025-03-24 12:36:11,350][anemoi.models.layers.utils][INFO] - Linear kernel: {'_target_': 'torch.nn.Linear', '_partial_': True}
[2025-03-24 12:36:11,350][anemoi.models.layers.utils][INFO] - Linear kernel: {'_target_': 'torch.nn.Linear', '_partial_': True}
[2025-03-24 12:36:11,350][anemoi.models.layers.utils][INFO] - LayerNorm kernel: {'_target_': 'torch.nn.LayerNorm', '_partial_': True}
[2025-03-24 12:36:11,350][anemoi.models.layers.utils][INFO] - LayerNorm kernel: {'_target_': 'torch.nn.LayerNorm', '_partial_': True}
[2025-03-24 12:36:11,350][anemoi.models.layers.utils][INFO] - LayerNorm kernel: {'_target_': 'torch.nn.LayerNorm', '_partial_': True}
[2025-03-24 12:36:11,351][anemoi.models.layers.utils][INFO] - Linear kernel: {'_target_': 'torch.nn.Linear', '_partial_': True}
[2025-03-24 12:36:11,351][anemoi.models.layers.utils][INFO] - LayerNorm kernel: {'_target_': 'torch.nn.LayerNorm', '_partial_': True}
[2025-03-24 12:36:11,698][anemoi.training.losses.nodeweights][INFO] - Loading node attribute area_weight from the graph
[2025-03-24 12:36:11,698][anemoi.training.losses.nodeweights][INFO] - Loading node attribute area_weight from the graph
[2025-03-24 12:36:11,698][anemoi.training.losses.nodeweights][INFO] - Loading node attribute area_weight from the graph
[2025-03-24 12:36:11,699][anemoi.training.losses.nodeweights][INFO] - Loading node attribute area_weight from the graph
[2025-03-24 12:36:11,702][anemoi.training.train.forecaster][INFO] - Pressure level scaling: use scaler ReluPressureLevelScaler with slope 0.0010 and minimum 0.20
[2025-03-24 12:36:11,702][anemoi.training.train.forecaster][INFO] - Pressure level scaling: use scaler ReluPressureLevelScaler with slope 0.0010 and minimum 0.20
[2025-03-24 12:36:11,702][anemoi.training.train.forecaster][INFO] - Pressure level scaling: use scaler ReluPressureLevelScaler with slope 0.0010 and minimum 0.20
[2025-03-24 12:36:11,703][anemoi.training.train.forecaster][INFO] - Pressure level scaling: use scaler ReluPressureLevelScaler with slope 0.0010 and minimum 0.20
[2025-03-24 12:36:11,720][anemoi.training.train.train][INFO] - Resuming training from last checkpoint: /work/nvme/bduu/jbanomedina/regional-ai/training/GLOBAL-31km/logs/outputs_checkpoint/1fc7d6fe-bf82-47a1-acfd-f15b1e1bfb7b/last.ckpt
[2025-03-24 12:36:11,720][anemoi.training.train.train][INFO] - Resuming training from last checkpoint: /work/nvme/bduu/jbanomedina/regional-ai/training/GLOBAL-31km/logs/outputs_checkpoint/1fc7d6fe-bf82-47a1-acfd-f15b1e1bfb7b/last.ckpt
[2025-03-24 12:36:11,720][anemoi.training.train.train][INFO] - Resuming training from last checkpoint: /work/nvme/bduu/jbanomedina/regional-ai/training/GLOBAL-31km/logs/outputs_checkpoint/1fc7d6fe-bf82-47a1-acfd-f15b1e1bfb7b/last.ckpt
[2025-03-24 12:36:11,720][anemoi.training.train.train][INFO] - Restoring only model weights from /work/nvme/bduu/jbanomedina/regional-ai/training/GLOBAL-31km/logs/outputs_checkpoint/1fc7d6fe-bf82-47a1-acfd-f15b1e1bfb7b/last.ckpt
[2025-03-24 12:36:11,720][anemoi.training.train.train][INFO] - Restoring only model weights from /work/nvme/bduu/jbanomedina/regional-ai/training/GLOBAL-31km/logs/outputs_checkpoint/1fc7d6fe-bf82-47a1-acfd-f15b1e1bfb7b/last.ckpt
[2025-03-24 12:36:11,720][anemoi.training.train.train][INFO] - Restoring only model weights from /work/nvme/bduu/jbanomedina/regional-ai/training/GLOBAL-31km/logs/outputs_checkpoint/1fc7d6fe-bf82-47a1-acfd-f15b1e1bfb7b/last.ckpt
[2025-03-24 12:36:11,720][anemoi.training.train.train][INFO] - Resuming training from last checkpoint: /work/nvme/bduu/jbanomedina/regional-ai/training/GLOBAL-31km/logs/outputs_checkpoint/1fc7d6fe-bf82-47a1-acfd-f15b1e1bfb7b/last.ckpt
[2025-03-24 12:36:11,720][anemoi.training.train.train][INFO] - Restoring only model weights from /work/nvme/bduu/jbanomedina/regional-ai/training/GLOBAL-31km/logs/outputs_checkpoint/1fc7d6fe-bf82-47a1-acfd-f15b1e1bfb7b/last.ckpt
[2025-03-24 12:36:19,672][anemoi.models.preprocessing.normalizer][INFO] - Normalizing: cos_julian_day is not normalized.
[2025-03-24 12:36:19,672][anemoi.models.preprocessing.normalizer][INFO] - Normalizing: cos_latitude is not normalized.
[2025-03-24 12:36:19,672][anemoi.models.preprocessing.normalizer][INFO] - Normalizing: cos_local_time is not normalized.
[2025-03-24 12:36:19,672][anemoi.models.preprocessing.normalizer][INFO] - Normalizing: cos_longitude is not normalized.
[2025-03-24 12:36:19,672][anemoi.models.preprocessing.normalizer][INFO] - Normalizing: insolation is not normalized.
[2025-03-24 12:36:19,673][anemoi.models.preprocessing.normalizer][INFO] - Normalizing: lsm is not normalized.
[2025-03-24 12:36:19,673][anemoi.models.preprocessing.normalizer][INFO] - Normalizing: sin_julian_day is not normalized.
[2025-03-24 12:36:19,673][anemoi.models.preprocessing.normalizer][INFO] - Normalizing: sin_latitude is not normalized.
[2025-03-24 12:36:19,673][anemoi.models.preprocessing.normalizer][INFO] - Normalizing: sin_local_time is not normalized.
[2025-03-24 12:36:19,673][anemoi.models.preprocessing.normalizer][INFO] - Normalizing: sin_longitude is not normalized.
[2025-03-24 12:36:19,673][anemoi.models.preprocessing.normalizer][INFO] - Normalizing: z_sfc is not normalized.
[2025-03-24 12:36:19,673][anemoi.models.preprocessing.normalizer][INFO] - Normalizing: cos_julian_day is not normalized.
[2025-03-24 12:36:19,673][anemoi.models.preprocessing.normalizer][INFO] - Normalizing: cos_latitude is not normalized.
[2025-03-24 12:36:19,673][anemoi.models.preprocessing.normalizer][INFO] - Normalizing: cos_local_time is not normalized.
[2025-03-24 12:36:19,673][anemoi.models.preprocessing.normalizer][INFO] - Normalizing: cos_longitude is not normalized.
[2025-03-24 12:36:19,673][anemoi.models.preprocessing.normalizer][INFO] - Normalizing: insolation is not normalized.
[2025-03-24 12:36:19,673][anemoi.models.preprocessing.normalizer][INFO] - Normalizing: lsm is not normalized.
[2025-03-24 12:36:19,673][anemoi.models.preprocessing.normalizer][INFO] - Normalizing: cos_julian_day is not normalized.
[2025-03-24 12:36:19,673][anemoi.models.preprocessing.normalizer][INFO] - Normalizing: sin_julian_day is not normalized.
[2025-03-24 12:36:19,673][anemoi.models.preprocessing.normalizer][INFO] - Normalizing: sin_latitude is not normalized.
[2025-03-24 12:36:19,673][anemoi.models.preprocessing.normalizer][INFO] - Normalizing: sin_local_time is not normalized.
[2025-03-24 12:36:19,673][anemoi.models.preprocessing.normalizer][INFO] - Normalizing: sin_longitude is not normalized.
[2025-03-24 12:36:19,673][anemoi.models.preprocessing.normalizer][INFO] - Normalizing: cos_latitude is not normalized.
[2025-03-24 12:36:19,673][anemoi.models.preprocessing.normalizer][INFO] - Normalizing: cos_local_time is not normalized.
[2025-03-24 12:36:19,673][anemoi.models.preprocessing.normalizer][INFO] - Normalizing: z_sfc is not normalized.
[2025-03-24 12:36:19,674][anemoi.models.preprocessing.normalizer][INFO] - Normalizing: cos_longitude is not normalized.
[2025-03-24 12:36:19,674][anemoi.models.preprocessing.normalizer][INFO] - Normalizing: insolation is not normalized.
[2025-03-24 12:36:19,674][anemoi.models.preprocessing.normalizer][INFO] - Normalizing: lsm is not normalized.
[2025-03-24 12:36:19,674][anemoi.models.preprocessing.normalizer][INFO] - Normalizing: sin_julian_day is not normalized.
[2025-03-24 12:36:19,674][anemoi.models.preprocessing.normalizer][INFO] - Normalizing: sin_latitude is not normalized.
[2025-03-24 12:36:19,674][anemoi.models.preprocessing.normalizer][INFO] - Normalizing: sin_local_time is not normalized.
[2025-03-24 12:36:19,674][anemoi.models.preprocessing.normalizer][INFO] - Normalizing: sin_longitude is not normalized.
[2025-03-24 12:36:19,674][anemoi.models.preprocessing.normalizer][INFO] - Normalizing: z_sfc is not normalized.
[2025-03-24 12:36:19,700][anemoi.models.preprocessing.normalizer][INFO] - Normalizing: cos_julian_day is not normalized.
[2025-03-24 12:36:19,700][anemoi.models.preprocessing.normalizer][INFO] - Normalizing: cos_latitude is not normalized.
[2025-03-24 12:36:19,701][anemoi.models.preprocessing.normalizer][INFO] - Normalizing: cos_local_time is not normalized.
[2025-03-24 12:36:19,701][anemoi.models.preprocessing.normalizer][INFO] - Normalizing: cos_longitude is not normalized.
[2025-03-24 12:36:19,701][anemoi.models.preprocessing.normalizer][INFO] - Normalizing: insolation is not normalized.
[2025-03-24 12:36:19,701][anemoi.models.preprocessing.normalizer][INFO] - Normalizing: lsm is not normalized.
[2025-03-24 12:36:19,701][anemoi.models.preprocessing.normalizer][INFO] - Normalizing: sin_julian_day is not normalized.
[2025-03-24 12:36:19,701][anemoi.models.preprocessing.normalizer][INFO] - Normalizing: sin_latitude is not normalized.
[2025-03-24 12:36:19,701][anemoi.models.preprocessing.normalizer][INFO] - Normalizing: sin_local_time is not normalized.
[2025-03-24 12:36:19,701][anemoi.models.preprocessing.normalizer][INFO] - Normalizing: sin_longitude is not normalized.
[2025-03-24 12:36:19,701][anemoi.models.preprocessing.normalizer][INFO] - Normalizing: z_sfc is not normalized.
[2025-03-24 12:36:19,716][anemoi.models.layers.utils][INFO] - Linear kernel: {'_target_': 'torch.nn.Linear', '_partial_': True}
[2025-03-24 12:36:19,717][anemoi.models.layers.utils][INFO] - Linear kernel: {'_target_': 'torch.nn.Linear', '_partial_': True}
[2025-03-24 12:36:19,717][anemoi.models.layers.utils][INFO] - LayerNorm kernel: {'_target_': 'torch.nn.LayerNorm', '_partial_': True}
[2025-03-24 12:36:19,717][anemoi.models.layers.utils][INFO] - LayerNorm kernel: {'_target_': 'torch.nn.LayerNorm', '_partial_': True}
[2025-03-24 12:36:19,717][anemoi.models.layers.utils][INFO] - Linear kernel: {'_target_': 'torch.nn.Linear', '_partial_': True}
[2025-03-24 12:36:19,718][anemoi.models.layers.utils][INFO] - LayerNorm kernel: {'_target_': 'torch.nn.LayerNorm', '_partial_': True}
[2025-03-24 12:36:19,744][anemoi.models.layers.utils][INFO] - Linear kernel: {'_target_': 'torch.nn.Linear', '_partial_': True}
[2025-03-24 12:36:19,745][anemoi.models.layers.utils][INFO] - LayerNorm kernel: {'_target_': 'torch.nn.LayerNorm', '_partial_': True}
[2025-03-24 12:36:19,978][anemoi.training.losses.nodeweights][INFO] - Loading node attribute area_weight from the graph
[2025-03-24 12:36:19,979][anemoi.training.losses.nodeweights][INFO] - Loading node attribute area_weight from the graph
[2025-03-24 12:36:19,979][anemoi.training.train.forecaster][INFO] - Pressure level scaling: use scaler ReluPressureLevelScaler with slope 0.0010 and minimum 0.20
[2025-03-24 12:36:19,980][anemoi.training.train.forecaster][INFO] - Pressure level scaling: use scaler ReluPressureLevelScaler with slope 0.0010 and minimum 0.20
[2025-03-24 12:36:19,980][anemoi.training.losses.nodeweights][INFO] - Loading node attribute area_weight from the graph
[2025-03-24 12:36:19,981][anemoi.training.train.forecaster][INFO] - Pressure level scaling: use scaler ReluPressureLevelScaler with slope 0.0010 and minimum 0.20
[2025-03-24 12:36:20,010][anemoi.training.losses.nodeweights][INFO] - Loading node attribute area_weight from the graph
[2025-03-24 12:36:20,011][anemoi.training.train.forecaster][INFO] - Pressure level scaling: use scaler ReluPressureLevelScaler with slope 0.0010 and minimum 0.20
[2025-03-24 12:36:20,341][lightning_fabric.utilities.distributed][INFO] - Initializing distributed: GLOBAL_RANK: 0, MEMBER: 1/4
[2025-03-24 12:36:20,791][lightning_fabric.utilities.distributed][INFO] - Initializing distributed: GLOBAL_RANK: 1, MEMBER: 2/4
[2025-03-24 12:36:20,791][lightning_fabric.utilities.distributed][INFO] - Initializing distributed: GLOBAL_RANK: 3, MEMBER: 4/4
[2025-03-24 12:36:20,791][lightning_fabric.utilities.distributed][INFO] - Initializing distributed: GLOBAL_RANK: 2, MEMBER: 3/4
[2025-03-24 12:36:20,804][pytorch_lightning.utilities.rank_zero][INFO] - ----------------------------------------------------------------------------------------------------
distributed_backend=nccl
All distributed processes registered. Starting with 4 processes
----------------------------------------------------------------------------------------------------

[2025-03-24 12:36:26,604][pytorch_lightning.accelerators.cuda][INFO] - LOCAL_RANK: 2 - CUDA_VISIBLE_DEVICES: [0,1,2,3]
[2025-03-24 12:36:26,604][pytorch_lightning.accelerators.cuda][INFO] - LOCAL_RANK: 1 - CUDA_VISIBLE_DEVICES: [0,1,2,3]
[2025-03-24 12:36:26,604][pytorch_lightning.accelerators.cuda][INFO] - LOCAL_RANK: 3 - CUDA_VISIBLE_DEVICES: [0,1,2,3]
[2025-03-24 12:36:26,604][pytorch_lightning.accelerators.cuda][INFO] - LOCAL_RANK: 0 - CUDA_VISIBLE_DEVICES: [0,1,2,3]
[2025-03-24 12:36:26,710][lightning_fabric.utilities.seed][INFO] - [rank: 2] Seed set to 584242
[2025-03-24 12:36:26,710][lightning_fabric.utilities.seed][INFO] - [rank: 1] Seed set to 584242
[2025-03-24 12:36:26,710][lightning_fabric.utilities.seed][INFO] - [rank: 3] Seed set to 584242
[2025-03-24 12:36:26,711][lightning_fabric.utilities.seed][INFO] - [rank: 0] Seed set to 584242
[2025-03-24 12:36:26,723][pytorch_lightning.callbacks.model_summary][INFO] - 
  | Name    | Type                 | Params | Mode 
---------------------------------------------------------
0 | model   | AnemoiModelInterface | 61.7 M | train
1 | loss    | WeightedMSELoss      | 0      | train
2 | metrics | ModuleList           | 0      | train
---------------------------------------------------------
61.7 M    Trainable params
0         Non-trainable params
61.7 M    Total params
246.934   Total estimated model params size (MB)
305       Modules in train mode
0         Modules in eval mode
[2025-03-24 12:36:26,816][pytorch_lightning.trainer.connectors.signal_connector][INFO] - SLURM auto-requeueing enabled. Setting signal handlers.
[2025-03-24 12:36:26,817][pytorch_lightning.trainer.connectors.signal_connector][INFO] - SLURM auto-requeueing enabled. Setting signal handlers.
[2025-03-24 12:36:26,817][pytorch_lightning.trainer.connectors.signal_connector][INFO] - SLURM auto-requeueing enabled. Setting signal handlers.
[2025-03-24 12:36:26,817][pytorch_lightning.trainer.connectors.signal_connector][INFO] - SLURM auto-requeueing enabled. Setting signal handlers.
[2025-03-24 12:36:31,017][anemoi.training.diagnostics.callbacks.sanity][INFO] - No variable order to compare. Skipping variable order check.
[2025-03-24 12:36:31,017][anemoi.training.diagnostics.callbacks.sanity][INFO] - No variable order to compare. Skipping variable order check.
[2025-03-24 12:36:31,017][anemoi.training.diagnostics.callbacks.sanity][INFO] - No variable order to compare. Skipping variable order check.
[2025-03-24 12:36:31,045][anemoi.training.diagnostics.callbacks.sanity][INFO] - No variable order to compare. Skipping variable order check.
[2025-03-24 12:44:51,049][pytorch_lightning.trainer.connectors.signal_connector][INFO] - [rank: 3] Received SIGTERM: 15
[2025-03-24 12:44:51,049][pytorch_lightning.trainer.connectors.signal_connector][INFO] - [rank: 2] Received SIGTERM: 15
[2025-03-24 12:44:51,049][pytorch_lightning.trainer.connectors.signal_connector][INFO] - [rank: 1] Received SIGTERM: 15
[2025-03-24 12:44:51,049][pytorch_lightning.trainer.connectors.signal_connector][INFO] - [rank: 0] Received SIGTERM: 15
[2025-03-24 12:44:51,051][pytorch_lightning.trainer.connectors.signal_connector][INFO] - Bypassing SIGTERM: 15
[2025-03-24 12:44:51,051][pytorch_lightning.trainer.connectors.signal_connector][INFO] - Bypassing SIGTERM: 15
[2025-03-24 12:44:51,051][pytorch_lightning.trainer.connectors.signal_connector][INFO] - Bypassing SIGTERM: 15
[2025-03-24 12:44:51,051][pytorch_lightning.trainer.connectors.signal_connector][INFO] - Bypassing SIGTERM: 15
