[2025-03-12 11:41:00,521][anemoi.training.train.train][INFO] - Run id: 8e7b8007-02fc-4767-87f4-b03b47b097de
[2025-03-12 11:41:00,522][anemoi.training.train.train][INFO] - Run id: 8e7b8007-02fc-4767-87f4-b03b47b097de
[2025-03-12 11:41:00,522][anemoi.training.train.train][INFO] - Checkpoints path: /work/nvme/bduu/jbanomedina/regional-ai/training/GLOBAL-31km/logs/outputs_checkpoint/8e7b8007-02fc-4767-87f4-b03b47b097de
[2025-03-12 11:41:00,524][anemoi.training.train.train][INFO] - Run id: 8e7b8007-02fc-4767-87f4-b03b47b097de
[2025-03-12 11:41:00,523][anemoi.training.train.train][INFO] - Run id: 8e7b8007-02fc-4767-87f4-b03b47b097de
[2025-03-12 11:41:00,525][anemoi.training.train.train][INFO] - Checkpoints path: /work/nvme/bduu/jbanomedina/regional-ai/training/GLOBAL-31km/logs/outputs_checkpoint/8e7b8007-02fc-4767-87f4-b03b47b097de
[2025-03-12 11:41:00,526][anemoi.training.train.train][INFO] - Run id: 8e7b8007-02fc-4767-87f4-b03b47b097de
[2025-03-12 11:41:00,527][anemoi.training.train.train][INFO] - Checkpoints path: /work/nvme/bduu/jbanomedina/regional-ai/training/GLOBAL-31km/logs/outputs_checkpoint/8e7b8007-02fc-4767-87f4-b03b47b097de
[2025-03-12 11:41:00,526][anemoi.training.train.train][INFO] - Plots path: /work/nvme/bduu/jbanomedina/regional-ai/training/GLOBAL-31km/logs/outputs_plots/8e7b8007-02fc-4767-87f4-b03b47b097de
[2025-03-12 11:41:00,529][anemoi.training.train.train][INFO] - Run id: 8e7b8007-02fc-4767-87f4-b03b47b097de
[2025-03-12 11:41:00,529][anemoi.training.train.train][INFO] - Checkpoints path: /work/nvme/bduu/jbanomedina/regional-ai/training/GLOBAL-31km/logs/outputs_checkpoint/8e7b8007-02fc-4767-87f4-b03b47b097de
[2025-03-12 11:41:00,530][anemoi.training.train.train][INFO] - Plots path: /work/nvme/bduu/jbanomedina/regional-ai/training/GLOBAL-31km/logs/outputs_plots/8e7b8007-02fc-4767-87f4-b03b47b097de
[2025-03-12 11:41:00,531][anemoi.training.train.train][INFO] - Checkpoints path: /work/nvme/bduu/jbanomedina/regional-ai/training/GLOBAL-31km/logs/outputs_checkpoint/8e7b8007-02fc-4767-87f4-b03b47b097de
[2025-03-12 11:41:00,529][anemoi.training.train.train][INFO] - Run id: 8e7b8007-02fc-4767-87f4-b03b47b097de
[2025-03-12 11:41:00,533][anemoi.training.train.train][INFO] - Run id: 8e7b8007-02fc-4767-87f4-b03b47b097de
[2025-03-12 11:41:00,533][anemoi.training.train.train][INFO] - Plots path: /work/nvme/bduu/jbanomedina/regional-ai/training/GLOBAL-31km/logs/outputs_plots/8e7b8007-02fc-4767-87f4-b03b47b097de
[2025-03-12 11:41:00,537][anemoi.training.train.train][INFO] - Plots path: /work/nvme/bduu/jbanomedina/regional-ai/training/GLOBAL-31km/logs/outputs_plots/8e7b8007-02fc-4767-87f4-b03b47b097de
[2025-03-12 11:41:00,536][anemoi.training.train.train][INFO] - Checkpoints path: /work/nvme/bduu/jbanomedina/regional-ai/training/GLOBAL-31km/logs/outputs_checkpoint/8e7b8007-02fc-4767-87f4-b03b47b097de
[2025-03-12 11:41:00,540][anemoi.training.train.train][INFO] - Plots path: /work/nvme/bduu/jbanomedina/regional-ai/training/GLOBAL-31km/logs/outputs_plots/8e7b8007-02fc-4767-87f4-b03b47b097de
[2025-03-12 11:41:00,542][anemoi.training.train.train][INFO] - Checkpoints path: /work/nvme/bduu/jbanomedina/regional-ai/training/GLOBAL-31km/logs/outputs_checkpoint/8e7b8007-02fc-4767-87f4-b03b47b097de
[2025-03-12 11:41:00,541][anemoi.training.train.train][INFO] - Loading graph data from /work/nvme/bduu/jbanomedina/regional-ai/training/GLOBAL-31km/logs/outputs_graphs/graph-31km-7-12x3.pt
[2025-03-12 11:41:00,544][anemoi.training.train.train][INFO] - Loading graph data from /work/nvme/bduu/jbanomedina/regional-ai/training/GLOBAL-31km/logs/outputs_graphs/graph-31km-7-12x3.pt
[2025-03-12 11:41:00,543][anemoi.training.train.train][INFO] - Checkpoints path: /work/nvme/bduu/jbanomedina/regional-ai/training/GLOBAL-31km/logs/outputs_checkpoint/8e7b8007-02fc-4767-87f4-b03b47b097de
[2025-03-12 11:41:00,544][anemoi.training.train.train][INFO] - Loading graph data from /work/nvme/bduu/jbanomedina/regional-ai/training/GLOBAL-31km/logs/outputs_graphs/graph-31km-7-12x3.pt
[2025-03-12 11:41:00,545][anemoi.training.train.train][INFO] - Loading graph data from /work/nvme/bduu/jbanomedina/regional-ai/training/GLOBAL-31km/logs/outputs_graphs/graph-31km-7-12x3.pt
[2025-03-12 11:41:00,546][anemoi.training.train.train][INFO] - Plots path: /work/nvme/bduu/jbanomedina/regional-ai/training/GLOBAL-31km/logs/outputs_plots/8e7b8007-02fc-4767-87f4-b03b47b097de
[2025-03-12 11:41:00,548][anemoi.training.train.train][INFO] - Loading graph data from /work/nvme/bduu/jbanomedina/regional-ai/training/GLOBAL-31km/logs/outputs_graphs/graph-31km-7-12x3.pt
[2025-03-12 11:41:00,551][anemoi.training.train.train][INFO] - Plots path: /work/nvme/bduu/jbanomedina/regional-ai/training/GLOBAL-31km/logs/outputs_plots/8e7b8007-02fc-4767-87f4-b03b47b097de
[2025-03-12 11:41:00,557][anemoi.training.train.train][INFO] - Plots path: /work/nvme/bduu/jbanomedina/regional-ai/training/GLOBAL-31km/logs/outputs_plots/8e7b8007-02fc-4767-87f4-b03b47b097de
[2025-03-12 11:41:00,562][anemoi.training.train.train][INFO] - Loading graph data from /work/nvme/bduu/jbanomedina/regional-ai/training/GLOBAL-31km/logs/outputs_graphs/graph-31km-7-12x3.pt
[2025-03-12 11:41:00,567][anemoi.training.train.train][INFO] - Loading graph data from /work/nvme/bduu/jbanomedina/regional-ai/training/GLOBAL-31km/logs/outputs_graphs/graph-31km-7-12x3.pt
[2025-03-12 11:41:00,565][anemoi.training.train.train][INFO] - Loading graph data from /work/nvme/bduu/jbanomedina/regional-ai/training/GLOBAL-31km/logs/outputs_graphs/graph-31km-7-12x3.pt
[2025-03-12 11:41:00,882][anemoi.training.data.datamodule][INFO] - Timeincrement set to 1 for data with frequency, 21600, and timestep, 21600
[2025-03-12 11:41:00,883][anemoi.training.data.datamodule][INFO] - Timeincrement set to 1 for data with frequency, 21600, and timestep, 21600
[2025-03-12 11:41:00,882][anemoi.training.data.datamodule][INFO] - Timeincrement set to 1 for data with frequency, 21600, and timestep, 21600
[2025-03-12 11:41:00,883][anemoi.training.data.datamodule][INFO] - Timeincrement set to 1 for data with frequency, 21600, and timestep, 21600
[2025-03-12 11:41:00,882][anemoi.training.data.datamodule][INFO] - Timeincrement set to 1 for data with frequency, 21600, and timestep, 21600
[2025-03-12 11:41:00,885][anemoi.training.data.datamodule][INFO] - Timeincrement set to 1 for data with frequency, 21600, and timestep, 21600
[2025-03-12 11:41:00,886][anemoi.training.data.datamodule][INFO] - Timeincrement set to 1 for data with frequency, 21600, and timestep, 21600
[2025-03-12 11:41:00,891][anemoi.training.train.train][INFO] - Number of data variables: 92
[2025-03-12 11:41:00,895][anemoi.training.train.train][INFO] - Number of data variables: 92
[2025-03-12 11:41:00,884][anemoi.training.data.datamodule][INFO] - Timeincrement set to 1 for data with frequency, 21600, and timestep, 21600
[2025-03-12 11:41:00,890][anemoi.training.train.train][INFO] - Number of data variables: 92
[2025-03-12 11:41:00,890][anemoi.training.train.train][INFO] - Number of data variables: 92
[2025-03-12 11:41:00,920][anemoi.training.train.train][INFO] - Number of data variables: 92
[2025-03-12 11:41:00,926][anemoi.training.train.train][INFO] - Number of data variables: 92
[2025-03-12 11:41:00,928][anemoi.training.train.train][INFO] - Number of data variables: 92
[2025-03-12 11:41:00,926][anemoi.training.train.train][INFO] - Number of data variables: 92
[2025-03-12 11:41:02,244][pytorch_lightning.utilities.rank_zero][INFO] - Using 16bit Automatic Mixed Precision (AMP)
[2025-03-12 11:41:02,339][lightning_fabric.utilities.seed][INFO] - [rank: 7] Seed set to 562167
[2025-03-12 11:41:02,339][lightning_fabric.utilities.seed][INFO] - [rank: 5] Seed set to 562167
[2025-03-12 11:41:02,339][lightning_fabric.utilities.seed][INFO] - [rank: 6] Seed set to 562167
[2025-03-12 11:41:02,339][lightning_fabric.utilities.seed][INFO] - [rank: 4] Seed set to 562167
[2025-03-12 11:41:02,388][pytorch_lightning.utilities.rank_zero][INFO] - GPU available: True (cuda), used: True
[2025-03-12 11:41:02,390][pytorch_lightning.utilities.rank_zero][INFO] - TPU available: False, using: 0 TPU cores
[2025-03-12 11:41:02,390][pytorch_lightning.utilities.rank_zero][INFO] - HPU available: False, using: 0 HPUs
[2025-03-12 11:41:02,401][lightning_fabric.utilities.seed][INFO] - [rank: 0] Seed set to 562167
[2025-03-12 11:41:02,401][lightning_fabric.utilities.seed][INFO] - [rank: 3] Seed set to 562167
[2025-03-12 11:41:02,401][lightning_fabric.utilities.seed][INFO] - [rank: 1] Seed set to 562167
[2025-03-12 11:41:02,401][lightning_fabric.utilities.seed][INFO] - [rank: 2] Seed set to 562167
[2025-03-12 11:41:13,206][anemoi.models.preprocessing.normalizer][INFO] - Normalizing: cos_julian_day is not normalized.
[2025-03-12 11:41:13,206][anemoi.models.preprocessing.normalizer][INFO] - Normalizing: cos_latitude is not normalized.
[2025-03-12 11:41:13,206][anemoi.models.preprocessing.normalizer][INFO] - Normalizing: cos_local_time is not normalized.
[2025-03-12 11:41:13,206][anemoi.models.preprocessing.normalizer][INFO] - Normalizing: cos_longitude is not normalized.
[2025-03-12 11:41:13,206][anemoi.models.preprocessing.normalizer][INFO] - Normalizing: insolation is not normalized.
[2025-03-12 11:41:13,206][anemoi.models.preprocessing.normalizer][INFO] - Normalizing: cos_julian_day is not normalized.
[2025-03-12 11:41:13,206][anemoi.models.preprocessing.normalizer][INFO] - Normalizing: lsm is not normalized.
[2025-03-12 11:41:13,206][anemoi.models.preprocessing.normalizer][INFO] - Normalizing: sin_julian_day is not normalized.
[2025-03-12 11:41:13,206][anemoi.models.preprocessing.normalizer][INFO] - Normalizing: sin_latitude is not normalized.
[2025-03-12 11:41:13,206][anemoi.models.preprocessing.normalizer][INFO] - Normalizing: sin_local_time is not normalized.
[2025-03-12 11:41:13,206][anemoi.models.preprocessing.normalizer][INFO] - Normalizing: cos_latitude is not normalized.
[2025-03-12 11:41:13,206][anemoi.models.preprocessing.normalizer][INFO] - Normalizing: sin_longitude is not normalized.
[2025-03-12 11:41:13,207][anemoi.models.preprocessing.normalizer][INFO] - Normalizing: cos_local_time is not normalized.
[2025-03-12 11:41:13,207][anemoi.models.preprocessing.normalizer][INFO] - Normalizing: z_sfc is not normalized.
[2025-03-12 11:41:13,207][anemoi.models.preprocessing.normalizer][INFO] - Normalizing: cos_longitude is not normalized.
[2025-03-12 11:41:13,207][anemoi.models.preprocessing.normalizer][INFO] - Normalizing: cos_julian_day is not normalized.
[2025-03-12 11:41:13,207][anemoi.models.preprocessing.normalizer][INFO] - Normalizing: insolation is not normalized.
[2025-03-12 11:41:13,207][anemoi.models.preprocessing.normalizer][INFO] - Normalizing: cos_latitude is not normalized.
[2025-03-12 11:41:13,207][anemoi.models.preprocessing.normalizer][INFO] - Normalizing: lsm is not normalized.
[2025-03-12 11:41:13,207][anemoi.models.preprocessing.normalizer][INFO] - Normalizing: cos_local_time is not normalized.
[2025-03-12 11:41:13,207][anemoi.models.preprocessing.normalizer][INFO] - Normalizing: sin_julian_day is not normalized.
[2025-03-12 11:41:13,207][anemoi.models.preprocessing.normalizer][INFO] - Normalizing: cos_longitude is not normalized.
[2025-03-12 11:41:13,207][anemoi.models.preprocessing.normalizer][INFO] - Normalizing: sin_latitude is not normalized.
[2025-03-12 11:41:13,207][anemoi.models.preprocessing.normalizer][INFO] - Normalizing: insolation is not normalized.
[2025-03-12 11:41:13,207][anemoi.models.preprocessing.normalizer][INFO] - Normalizing: sin_local_time is not normalized.
[2025-03-12 11:41:13,208][anemoi.models.preprocessing.normalizer][INFO] - Normalizing: lsm is not normalized.
[2025-03-12 11:41:13,208][anemoi.models.preprocessing.normalizer][INFO] - Normalizing: sin_longitude is not normalized.
[2025-03-12 11:41:13,208][anemoi.models.preprocessing.normalizer][INFO] - Normalizing: sin_julian_day is not normalized.
[2025-03-12 11:41:13,208][anemoi.models.preprocessing.normalizer][INFO] - Normalizing: z_sfc is not normalized.
[2025-03-12 11:41:13,208][anemoi.models.preprocessing.normalizer][INFO] - Normalizing: sin_latitude is not normalized.
[2025-03-12 11:41:13,208][anemoi.models.preprocessing.normalizer][INFO] - Normalizing: sin_local_time is not normalized.
[2025-03-12 11:41:13,208][anemoi.models.preprocessing.normalizer][INFO] - Normalizing: sin_longitude is not normalized.
[2025-03-12 11:41:13,208][anemoi.models.preprocessing.normalizer][INFO] - Normalizing: z_sfc is not normalized.
[2025-03-12 11:41:13,209][anemoi.models.preprocessing.normalizer][INFO] - Normalizing: cos_julian_day is not normalized.
[2025-03-12 11:41:13,209][anemoi.models.preprocessing.normalizer][INFO] - Normalizing: cos_latitude is not normalized.
[2025-03-12 11:41:13,210][anemoi.models.preprocessing.normalizer][INFO] - Normalizing: cos_local_time is not normalized.
[2025-03-12 11:41:13,210][anemoi.models.preprocessing.normalizer][INFO] - Normalizing: cos_longitude is not normalized.
[2025-03-12 11:41:13,210][anemoi.models.preprocessing.normalizer][INFO] - Normalizing: insolation is not normalized.
[2025-03-12 11:41:13,210][anemoi.models.preprocessing.normalizer][INFO] - Normalizing: lsm is not normalized.
[2025-03-12 11:41:13,210][anemoi.models.preprocessing.normalizer][INFO] - Normalizing: sin_julian_day is not normalized.
[2025-03-12 11:41:13,210][anemoi.models.preprocessing.normalizer][INFO] - Normalizing: sin_latitude is not normalized.
[2025-03-12 11:41:13,210][anemoi.models.preprocessing.normalizer][INFO] - Normalizing: sin_local_time is not normalized.
[2025-03-12 11:41:13,210][anemoi.models.preprocessing.normalizer][INFO] - Normalizing: sin_longitude is not normalized.
[2025-03-12 11:41:13,210][anemoi.models.preprocessing.normalizer][INFO] - Normalizing: z_sfc is not normalized.
[2025-03-12 11:41:13,210][anemoi.models.preprocessing.normalizer][INFO] - Normalizing: cos_julian_day is not normalized.
[2025-03-12 11:41:13,210][anemoi.models.preprocessing.normalizer][INFO] - Normalizing: cos_julian_day is not normalized.
[2025-03-12 11:41:13,210][anemoi.models.preprocessing.normalizer][INFO] - Normalizing: cos_julian_day is not normalized.
[2025-03-12 11:41:13,213][anemoi.models.preprocessing.normalizer][INFO] - Normalizing: cos_latitude is not normalized.
[2025-03-12 11:41:13,213][anemoi.models.preprocessing.normalizer][INFO] - Normalizing: cos_latitude is not normalized.
[2025-03-12 11:41:13,213][anemoi.models.preprocessing.normalizer][INFO] - Normalizing: cos_latitude is not normalized.
[2025-03-12 11:41:13,213][anemoi.models.preprocessing.normalizer][INFO] - Normalizing: cos_local_time is not normalized.
[2025-03-12 11:41:13,214][anemoi.models.preprocessing.normalizer][INFO] - Normalizing: cos_local_time is not normalized.
[2025-03-12 11:41:13,214][anemoi.models.preprocessing.normalizer][INFO] - Normalizing: cos_local_time is not normalized.
[2025-03-12 11:41:13,214][anemoi.models.preprocessing.normalizer][INFO] - Normalizing: cos_longitude is not normalized.
[2025-03-12 11:41:13,214][anemoi.models.preprocessing.normalizer][INFO] - Normalizing: cos_longitude is not normalized.
[2025-03-12 11:41:13,214][anemoi.models.preprocessing.normalizer][INFO] - Normalizing: cos_longitude is not normalized.
[2025-03-12 11:41:13,214][anemoi.models.preprocessing.normalizer][INFO] - Normalizing: insolation is not normalized.
[2025-03-12 11:41:13,214][anemoi.models.preprocessing.normalizer][INFO] - Normalizing: insolation is not normalized.
[2025-03-12 11:41:13,214][anemoi.models.preprocessing.normalizer][INFO] - Normalizing: insolation is not normalized.
[2025-03-12 11:41:13,214][anemoi.models.preprocessing.normalizer][INFO] - Normalizing: lsm is not normalized.
[2025-03-12 11:41:13,214][anemoi.models.preprocessing.normalizer][INFO] - Normalizing: lsm is not normalized.
[2025-03-12 11:41:13,214][anemoi.models.preprocessing.normalizer][INFO] - Normalizing: lsm is not normalized.
[2025-03-12 11:41:13,214][anemoi.models.preprocessing.normalizer][INFO] - Normalizing: sin_julian_day is not normalized.
[2025-03-12 11:41:13,214][anemoi.models.preprocessing.normalizer][INFO] - Normalizing: sin_julian_day is not normalized.
[2025-03-12 11:41:13,214][anemoi.models.preprocessing.normalizer][INFO] - Normalizing: sin_julian_day is not normalized.
[2025-03-12 11:41:13,214][anemoi.models.preprocessing.normalizer][INFO] - Normalizing: sin_latitude is not normalized.
[2025-03-12 11:41:13,214][anemoi.models.preprocessing.normalizer][INFO] - Normalizing: sin_latitude is not normalized.
[2025-03-12 11:41:13,214][anemoi.models.preprocessing.normalizer][INFO] - Normalizing: sin_latitude is not normalized.
[2025-03-12 11:41:13,214][anemoi.models.preprocessing.normalizer][INFO] - Normalizing: sin_local_time is not normalized.
[2025-03-12 11:41:13,214][anemoi.models.preprocessing.normalizer][INFO] - Normalizing: sin_local_time is not normalized.
[2025-03-12 11:41:13,214][anemoi.models.preprocessing.normalizer][INFO] - Normalizing: sin_local_time is not normalized.
[2025-03-12 11:41:13,214][anemoi.models.preprocessing.normalizer][INFO] - Normalizing: sin_longitude is not normalized.
[2025-03-12 11:41:13,215][anemoi.models.preprocessing.normalizer][INFO] - Normalizing: sin_longitude is not normalized.
[2025-03-12 11:41:13,215][anemoi.models.preprocessing.normalizer][INFO] - Normalizing: sin_longitude is not normalized.
[2025-03-12 11:41:13,215][anemoi.models.preprocessing.normalizer][INFO] - Normalizing: z_sfc is not normalized.
[2025-03-12 11:41:13,215][anemoi.models.preprocessing.normalizer][INFO] - Normalizing: z_sfc is not normalized.
[2025-03-12 11:41:13,215][anemoi.models.preprocessing.normalizer][INFO] - Normalizing: z_sfc is not normalized.
[2025-03-12 11:41:13,215][anemoi.models.preprocessing.normalizer][INFO] - Normalizing: cos_julian_day is not normalized.
[2025-03-12 11:41:13,216][anemoi.models.preprocessing.normalizer][INFO] - Normalizing: cos_latitude is not normalized.
[2025-03-12 11:41:13,216][anemoi.models.preprocessing.normalizer][INFO] - Normalizing: cos_local_time is not normalized.
[2025-03-12 11:41:13,216][anemoi.models.preprocessing.normalizer][INFO] - Normalizing: cos_longitude is not normalized.
[2025-03-12 11:41:13,216][anemoi.models.preprocessing.normalizer][INFO] - Normalizing: insolation is not normalized.
[2025-03-12 11:41:13,216][anemoi.models.preprocessing.normalizer][INFO] - Normalizing: lsm is not normalized.
[2025-03-12 11:41:13,216][anemoi.models.preprocessing.normalizer][INFO] - Normalizing: sin_julian_day is not normalized.
[2025-03-12 11:41:13,216][anemoi.models.preprocessing.normalizer][INFO] - Normalizing: sin_latitude is not normalized.
[2025-03-12 11:41:13,217][anemoi.models.preprocessing.normalizer][INFO] - Normalizing: sin_local_time is not normalized.
[2025-03-12 11:41:13,217][anemoi.models.preprocessing.normalizer][INFO] - Normalizing: sin_longitude is not normalized.
[2025-03-12 11:41:13,217][anemoi.models.preprocessing.normalizer][INFO] - Normalizing: z_sfc is not normalized.
[2025-03-12 11:41:13,318][anemoi.models.layers.utils][INFO] - Linear kernel: {'_target_': 'torch.nn.Linear', '_partial_': True}
[2025-03-12 11:41:13,318][anemoi.models.layers.utils][INFO] - Linear kernel: {'_target_': 'torch.nn.Linear', '_partial_': True}
[2025-03-12 11:41:13,318][anemoi.models.layers.utils][INFO] - Linear kernel: {'_target_': 'torch.nn.Linear', '_partial_': True}
[2025-03-12 11:41:13,319][anemoi.models.layers.utils][INFO] - Linear kernel: {'_target_': 'torch.nn.Linear', '_partial_': True}
[2025-03-12 11:41:13,322][anemoi.models.layers.utils][INFO] - LayerNorm kernel: {'_target_': 'torch.nn.LayerNorm', '_partial_': True}
[2025-03-12 11:41:13,322][anemoi.models.layers.utils][INFO] - LayerNorm kernel: {'_target_': 'torch.nn.LayerNorm', '_partial_': True}
[2025-03-12 11:41:13,322][anemoi.models.layers.utils][INFO] - LayerNorm kernel: {'_target_': 'torch.nn.LayerNorm', '_partial_': True}
[2025-03-12 11:41:13,323][anemoi.models.layers.utils][INFO] - LayerNorm kernel: {'_target_': 'torch.nn.LayerNorm', '_partial_': True}
[2025-03-12 11:41:13,330][anemoi.models.layers.utils][INFO] - Linear kernel: {'_target_': 'torch.nn.Linear', '_partial_': True}
[2025-03-12 11:41:13,330][anemoi.models.layers.utils][INFO] - Linear kernel: {'_target_': 'torch.nn.Linear', '_partial_': True}
[2025-03-12 11:41:13,330][anemoi.models.layers.utils][INFO] - Linear kernel: {'_target_': 'torch.nn.Linear', '_partial_': True}
[2025-03-12 11:41:13,331][anemoi.models.layers.utils][INFO] - Linear kernel: {'_target_': 'torch.nn.Linear', '_partial_': True}
[2025-03-12 11:41:13,332][anemoi.models.layers.utils][INFO] - LayerNorm kernel: {'_target_': 'torch.nn.LayerNorm', '_partial_': True}
[2025-03-12 11:41:13,332][anemoi.models.layers.utils][INFO] - LayerNorm kernel: {'_target_': 'torch.nn.LayerNorm', '_partial_': True}
[2025-03-12 11:41:13,332][anemoi.models.layers.utils][INFO] - LayerNorm kernel: {'_target_': 'torch.nn.LayerNorm', '_partial_': True}
[2025-03-12 11:41:13,333][anemoi.models.layers.utils][INFO] - LayerNorm kernel: {'_target_': 'torch.nn.LayerNorm', '_partial_': True}
[2025-03-12 11:41:18,759][anemoi.training.losses.nodeweights][INFO] - Loading node attribute area_weight from the graph
[2025-03-12 11:41:18,759][anemoi.training.losses.nodeweights][INFO] - Loading node attribute area_weight from the graph
[2025-03-12 11:41:18,760][anemoi.training.losses.nodeweights][INFO] - Loading node attribute area_weight from the graph
[2025-03-12 11:41:18,760][anemoi.training.losses.nodeweights][INFO] - Loading node attribute area_weight from the graph
[2025-03-12 11:41:18,804][anemoi.training.train.forecaster][INFO] - Pressure level scaling: use scaler ReluPressureLevelScaler with slope 0.0010 and minimum 0.20
[2025-03-12 11:41:18,804][anemoi.training.train.forecaster][INFO] - Pressure level scaling: use scaler ReluPressureLevelScaler with slope 0.0010 and minimum 0.20
[2025-03-12 11:41:18,804][anemoi.training.train.forecaster][INFO] - Pressure level scaling: use scaler ReluPressureLevelScaler with slope 0.0010 and minimum 0.20
[2025-03-12 11:41:18,805][anemoi.training.train.forecaster][INFO] - Pressure level scaling: use scaler ReluPressureLevelScaler with slope 0.0010 and minimum 0.20
[2025-03-12 11:41:18,831][anemoi.training.train.train][INFO] - Resuming training from last checkpoint: /work/nvme/bduu/jbanomedina/regional-ai/training/GLOBAL-31km/logs/outputs_checkpoint/8e7b8007-02fc-4767-87f4-b03b47b097de/last.ckpt
[2025-03-12 11:41:18,831][anemoi.training.train.train][INFO] - Resuming training from last checkpoint: /work/nvme/bduu/jbanomedina/regional-ai/training/GLOBAL-31km/logs/outputs_checkpoint/8e7b8007-02fc-4767-87f4-b03b47b097de/last.ckpt
[2025-03-12 11:41:18,831][anemoi.training.train.train][INFO] - Resuming training from last checkpoint: /work/nvme/bduu/jbanomedina/regional-ai/training/GLOBAL-31km/logs/outputs_checkpoint/8e7b8007-02fc-4767-87f4-b03b47b097de/last.ckpt
[2025-03-12 11:41:18,832][anemoi.training.train.train][INFO] - Resuming training from last checkpoint: /work/nvme/bduu/jbanomedina/regional-ai/training/GLOBAL-31km/logs/outputs_checkpoint/8e7b8007-02fc-4767-87f4-b03b47b097de/last.ckpt
[2025-03-12 11:41:18,853][anemoi.training.losses.nodeweights][INFO] - Loading node attribute area_weight from the graph
[2025-03-12 11:41:18,856][anemoi.training.losses.nodeweights][INFO] - Loading node attribute area_weight from the graph
[2025-03-12 11:41:18,859][anemoi.training.losses.nodeweights][INFO] - Loading node attribute area_weight from the graph
[2025-03-12 11:41:18,860][anemoi.training.losses.nodeweights][INFO] - Loading node attribute area_weight from the graph
[2025-03-12 11:41:18,874][anemoi.training.train.forecaster][INFO] - Pressure level scaling: use scaler ReluPressureLevelScaler with slope 0.0010 and minimum 0.20
[2025-03-12 11:41:18,873][anemoi.training.train.forecaster][INFO] - Pressure level scaling: use scaler ReluPressureLevelScaler with slope 0.0010 and minimum 0.20
[2025-03-12 11:41:18,874][anemoi.training.train.forecaster][INFO] - Pressure level scaling: use scaler ReluPressureLevelScaler with slope 0.0010 and minimum 0.20
[2025-03-12 11:41:18,876][anemoi.training.train.forecaster][INFO] - Pressure level scaling: use scaler ReluPressureLevelScaler with slope 0.0010 and minimum 0.20
[2025-03-12 11:41:18,890][anemoi.training.train.train][INFO] - Resuming training from last checkpoint: /work/nvme/bduu/jbanomedina/regional-ai/training/GLOBAL-31km/logs/outputs_checkpoint/8e7b8007-02fc-4767-87f4-b03b47b097de/last.ckpt
[2025-03-12 11:41:18,890][anemoi.training.train.train][INFO] - Resuming training from last checkpoint: /work/nvme/bduu/jbanomedina/regional-ai/training/GLOBAL-31km/logs/outputs_checkpoint/8e7b8007-02fc-4767-87f4-b03b47b097de/last.ckpt
[2025-03-12 11:41:18,890][anemoi.training.train.train][INFO] - Resuming training from last checkpoint: /work/nvme/bduu/jbanomedina/regional-ai/training/GLOBAL-31km/logs/outputs_checkpoint/8e7b8007-02fc-4767-87f4-b03b47b097de/last.ckpt
[2025-03-12 11:41:18,890][anemoi.training.train.train][INFO] - Resuming training from last checkpoint: /work/nvme/bduu/jbanomedina/regional-ai/training/GLOBAL-31km/logs/outputs_checkpoint/8e7b8007-02fc-4767-87f4-b03b47b097de/last.ckpt
[2025-03-12 11:41:24,904][lightning_fabric.utilities.distributed][INFO] - Initializing distributed: GLOBAL_RANK: 4, MEMBER: 5/8
[2025-03-12 11:41:25,032][lightning_fabric.utilities.distributed][INFO] - Initializing distributed: GLOBAL_RANK: 0, MEMBER: 1/8
[2025-03-12 11:41:25,479][lightning_fabric.utilities.distributed][INFO] - Initializing distributed: GLOBAL_RANK: 5, MEMBER: 6/8
[2025-03-12 11:41:25,479][lightning_fabric.utilities.distributed][INFO] - Initializing distributed: GLOBAL_RANK: 7, MEMBER: 8/8
[2025-03-12 11:41:25,480][lightning_fabric.utilities.distributed][INFO] - Initializing distributed: GLOBAL_RANK: 6, MEMBER: 7/8
[2025-03-12 11:41:25,530][lightning_fabric.utilities.distributed][INFO] - Initializing distributed: GLOBAL_RANK: 3, MEMBER: 4/8
[2025-03-12 11:41:25,531][lightning_fabric.utilities.distributed][INFO] - Initializing distributed: GLOBAL_RANK: 1, MEMBER: 2/8
[2025-03-12 11:41:25,533][lightning_fabric.utilities.distributed][INFO] - Initializing distributed: GLOBAL_RANK: 2, MEMBER: 3/8
[2025-03-12 11:41:25,608][pytorch_lightning.utilities.rank_zero][INFO] - ----------------------------------------------------------------------------------------------------
distributed_backend=nccl
All distributed processes registered. Starting with 8 processes
----------------------------------------------------------------------------------------------------

[2025-03-12 11:41:31,298][pytorch_lightning.utilities.rank_zero][INFO] - Restoring states from the checkpoint path at /work/nvme/bduu/jbanomedina/regional-ai/training/GLOBAL-31km/logs/outputs_checkpoint/8e7b8007-02fc-4767-87f4-b03b47b097de/last.ckpt
[2025-03-12 11:41:33,830][anemoi.training.diagnostics.callbacks.sanity][INFO] - The order of the variables in the model matches the order in the data.
[2025-03-12 11:41:33,831][anemoi.training.diagnostics.callbacks.sanity][INFO] - The order of the variables in the model matches the order in the data.
[2025-03-12 11:41:33,831][anemoi.training.diagnostics.callbacks.sanity][INFO] - The order of the variables in the model matches the order in the data.
[2025-03-12 11:41:33,833][pytorch_lightning.accelerators.cuda][INFO] - LOCAL_RANK: 1 - CUDA_VISIBLE_DEVICES: [0,1,2,3]
[2025-03-12 11:41:33,834][pytorch_lightning.accelerators.cuda][INFO] - LOCAL_RANK: 3 - CUDA_VISIBLE_DEVICES: [0,1,2,3]
[2025-03-12 11:41:33,834][pytorch_lightning.accelerators.cuda][INFO] - LOCAL_RANK: 2 - CUDA_VISIBLE_DEVICES: [0,1,2,3]
[2025-03-12 11:41:33,915][anemoi.training.diagnostics.callbacks.sanity][INFO] - The order of the variables in the model matches the order in the data.
[2025-03-12 11:41:33,916][pytorch_lightning.accelerators.cuda][INFO] - LOCAL_RANK: 0 - CUDA_VISIBLE_DEVICES: [0,1,2,3]
[2025-03-12 11:41:34,148][anemoi.training.diagnostics.callbacks.sanity][INFO] - The order of the variables in the model matches the order in the data.
[2025-03-12 11:41:34,148][anemoi.training.diagnostics.callbacks.sanity][INFO] - The order of the variables in the model matches the order in the data.
[2025-03-12 11:41:34,149][anemoi.training.diagnostics.callbacks.sanity][INFO] - The order of the variables in the model matches the order in the data.
[2025-03-12 11:41:34,150][pytorch_lightning.accelerators.cuda][INFO] - LOCAL_RANK: 3 - CUDA_VISIBLE_DEVICES: [0,1,2,3]
[2025-03-12 11:41:34,150][pytorch_lightning.accelerators.cuda][INFO] - LOCAL_RANK: 1 - CUDA_VISIBLE_DEVICES: [0,1,2,3]
[2025-03-12 11:41:34,150][pytorch_lightning.accelerators.cuda][INFO] - LOCAL_RANK: 2 - CUDA_VISIBLE_DEVICES: [0,1,2,3]
[2025-03-12 11:41:34,192][anemoi.training.diagnostics.callbacks.sanity][INFO] - The order of the variables in the model matches the order in the data.
[2025-03-12 11:41:34,193][pytorch_lightning.accelerators.cuda][INFO] - LOCAL_RANK: 0 - CUDA_VISIBLE_DEVICES: [0,1,2,3]
[2025-03-12 11:41:34,312][lightning_fabric.utilities.seed][INFO] - [rank: 2] Seed set to 562167
[2025-03-12 11:41:34,312][lightning_fabric.utilities.seed][INFO] - [rank: 1] Seed set to 562167
[2025-03-12 11:41:34,312][lightning_fabric.utilities.seed][INFO] - [rank: 3] Seed set to 562167
[2025-03-12 11:41:34,317][lightning_fabric.utilities.seed][INFO] - [rank: 7] Seed set to 1124334
[2025-03-12 11:41:34,317][lightning_fabric.utilities.seed][INFO] - [rank: 6] Seed set to 1124334
[2025-03-12 11:41:34,318][lightning_fabric.utilities.seed][INFO] - [rank: 5] Seed set to 1124334
[2025-03-12 11:41:34,435][lightning_fabric.utilities.seed][INFO] - [rank: 0] Seed set to 562167
[2025-03-12 11:41:34,451][lightning_fabric.utilities.seed][INFO] - [rank: 4] Seed set to 1124334
[2025-03-12 11:41:34,472][pytorch_lightning.callbacks.model_summary][INFO] - 
  | Name    | Type                 | Params | Mode 
---------------------------------------------------------
0 | model   | AnemoiModelInterface | 246 M  | train
1 | loss    | WeightedMSELoss      | 0      | train
2 | metrics | ModuleList           | 0      | train
---------------------------------------------------------
246 M     Trainable params
0         Non-trainable params
246 M     Total params
984.703   Total estimated model params size (MB)
305       Modules in train mode
0         Modules in eval mode
[2025-03-12 11:41:35,187][pytorch_lightning.utilities.rank_zero][INFO] - Restored all states from the checkpoint at /work/nvme/bduu/jbanomedina/regional-ai/training/GLOBAL-31km/logs/outputs_checkpoint/8e7b8007-02fc-4767-87f4-b03b47b097de/last.ckpt
[2025-03-12 11:41:35,533][pytorch_lightning.trainer.connectors.signal_connector][INFO] - SLURM auto-requeueing enabled. Setting signal handlers.
[2025-03-12 11:41:35,534][pytorch_lightning.trainer.connectors.signal_connector][INFO] - SLURM auto-requeueing enabled. Setting signal handlers.
[2025-03-12 11:41:35,533][pytorch_lightning.trainer.connectors.signal_connector][INFO] - SLURM auto-requeueing enabled. Setting signal handlers.
[2025-03-12 11:41:35,534][pytorch_lightning.trainer.connectors.signal_connector][INFO] - SLURM auto-requeueing enabled. Setting signal handlers.
[2025-03-12 11:41:35,534][pytorch_lightning.trainer.connectors.signal_connector][INFO] - SLURM auto-requeueing enabled. Setting signal handlers.
[2025-03-12 11:41:35,534][pytorch_lightning.trainer.connectors.signal_connector][INFO] - SLURM auto-requeueing enabled. Setting signal handlers.
[2025-03-12 11:41:35,534][pytorch_lightning.trainer.connectors.signal_connector][INFO] - SLURM auto-requeueing enabled. Setting signal handlers.
[2025-03-12 11:41:35,603][pytorch_lightning.trainer.connectors.signal_connector][INFO] - SLURM auto-requeueing enabled. Setting signal handlers.
[2025-03-12 11:42:22,341][pytorch_lightning.trainer.connectors.signal_connector][INFO] - [rank: 3] Received SIGTERM: 15
[2025-03-12 11:42:22,342][pytorch_lightning.trainer.connectors.signal_connector][INFO] - [rank: 2] Received SIGTERM: 15
[2025-03-12 11:42:22,342][pytorch_lightning.trainer.connectors.signal_connector][INFO] - Bypassing SIGTERM: 15
[2025-03-12 11:42:22,342][pytorch_lightning.trainer.connectors.signal_connector][INFO] - Bypassing SIGTERM: 15
[2025-03-12 11:42:22,344][pytorch_lightning.trainer.connectors.signal_connector][INFO] - [rank: 1] Received SIGTERM: 15
[2025-03-12 11:42:22,344][pytorch_lightning.trainer.connectors.signal_connector][INFO] - Bypassing SIGTERM: 15
[2025-03-12 11:42:22,347][pytorch_lightning.trainer.connectors.signal_connector][INFO] - [rank: 3] Received SIGTERM: 15
[2025-03-12 11:42:22,347][pytorch_lightning.trainer.connectors.signal_connector][INFO] - [rank: 2] Received SIGTERM: 15
[2025-03-12 11:42:22,349][pytorch_lightning.trainer.connectors.signal_connector][INFO] - [rank: 1] Received SIGTERM: 15
[2025-03-12 11:42:22,350][pytorch_lightning.trainer.connectors.signal_connector][INFO] - Bypassing SIGTERM: 15
[2025-03-12 11:42:22,350][pytorch_lightning.trainer.connectors.signal_connector][INFO] - Bypassing SIGTERM: 15
[2025-03-12 11:42:22,350][pytorch_lightning.trainer.connectors.signal_connector][INFO] - Bypassing SIGTERM: 15
[2025-03-12 11:42:22,349][pytorch_lightning.trainer.connectors.signal_connector][INFO] - [rank: 0] Received SIGTERM: 15
[2025-03-12 11:42:22,356][pytorch_lightning.trainer.connectors.signal_connector][INFO] - Bypassing SIGTERM: 15
[2025-03-12 11:42:22,356][pytorch_lightning.trainer.connectors.signal_connector][INFO] - [rank: 0] Received SIGTERM: 15
[2025-03-12 11:42:22,364][pytorch_lightning.trainer.connectors.signal_connector][INFO] - Bypassing SIGTERM: 15
