[2025-04-18 14:03:18,630][anemoi.training.train.train][INFO] - Run id: 40d854bc-8176-40c1-bd5f-7bc72b55737a
[2025-04-18 14:03:18,632][anemoi.training.train.train][INFO] - Checkpoints path: /work/nvme/bduu/jbanomedina/regional-ai/training/GLOBAL-31km/logs/outputs_checkpoint/40d854bc-8176-40c1-bd5f-7bc72b55737a
[2025-04-18 14:03:18,632][anemoi.training.train.train][INFO] - Plots path: /work/nvme/bduu/jbanomedina/regional-ai/training/GLOBAL-31km/logs/outputs_plots/40d854bc-8176-40c1-bd5f-7bc72b55737a
[2025-04-18 14:03:18,648][anemoi.training.train.train][INFO] - Run id: 40d854bc-8176-40c1-bd5f-7bc72b55737a
[2025-04-18 14:03:18,648][anemoi.training.train.train][INFO] - Checkpoints path: /work/nvme/bduu/jbanomedina/regional-ai/training/GLOBAL-31km/logs/outputs_checkpoint/40d854bc-8176-40c1-bd5f-7bc72b55737a
[2025-04-18 14:03:18,648][anemoi.training.train.train][INFO] - Run id: 40d854bc-8176-40c1-bd5f-7bc72b55737a
[2025-04-18 14:03:18,648][anemoi.training.train.train][INFO] - Plots path: /work/nvme/bduu/jbanomedina/regional-ai/training/GLOBAL-31km/logs/outputs_plots/40d854bc-8176-40c1-bd5f-7bc72b55737a
[2025-04-18 14:03:18,649][anemoi.training.train.train][INFO] - Checkpoints path: /work/nvme/bduu/jbanomedina/regional-ai/training/GLOBAL-31km/logs/outputs_checkpoint/40d854bc-8176-40c1-bd5f-7bc72b55737a
[2025-04-18 14:03:18,649][anemoi.training.train.train][INFO] - Plots path: /work/nvme/bduu/jbanomedina/regional-ai/training/GLOBAL-31km/logs/outputs_plots/40d854bc-8176-40c1-bd5f-7bc72b55737a
[2025-04-18 14:03:18,651][anemoi.training.train.train][INFO] - Run id: 40d854bc-8176-40c1-bd5f-7bc72b55737a
[2025-04-18 14:03:18,651][anemoi.training.train.train][INFO] - Checkpoints path: /work/nvme/bduu/jbanomedina/regional-ai/training/GLOBAL-31km/logs/outputs_checkpoint/40d854bc-8176-40c1-bd5f-7bc72b55737a
[2025-04-18 14:03:18,652][anemoi.training.train.train][INFO] - Plots path: /work/nvme/bduu/jbanomedina/regional-ai/training/GLOBAL-31km/logs/outputs_plots/40d854bc-8176-40c1-bd5f-7bc72b55737a
[2025-04-18 14:03:41,286][anemoi.graphs.nodes.builders.from_file][INFO] - Reading the dataset from /work/nvme/bduu/jbanomedina/regional-ai/data/zarrs//era5-31km.zarr.
[2025-04-18 14:03:41,286][anemoi.graphs.nodes.builders.from_file][INFO] - Reading the dataset from /work/nvme/bduu/jbanomedina/regional-ai/data/zarrs//era5-31km.zarr.
[2025-04-18 14:03:41,287][anemoi.graphs.nodes.builders.from_file][INFO] - Reading the dataset from /work/nvme/bduu/jbanomedina/regional-ai/data/zarrs//era5-31km.zarr.
[2025-04-18 14:03:41,287][anemoi.graphs.nodes.builders.from_file][INFO] - Reading the dataset from /work/nvme/bduu/jbanomedina/regional-ai/data/zarrs//era5-31km.zarr.
[2025-04-18 14:03:49,079][anemoi.graphs.edges.builder][INFO] - Using KNN-Edges (with 12 nearest neighbours) between data and hidden.
[2025-04-18 14:03:49,083][anemoi.graphs.edges.builder][INFO] - Using KNN-Edges (with 12 nearest neighbours) between data and hidden.
[2025-04-18 14:03:49,089][anemoi.graphs.edges.builder][INFO] - Using KNN-Edges (with 12 nearest neighbours) between data and hidden.
[2025-04-18 14:03:49,261][anemoi.graphs.edges.builder][INFO] - Using KNN-Edges (with 12 nearest neighbours) between data and hidden.
[2025-04-18 14:04:16,393][anemoi.graphs.edges.builder][INFO] - Using KNN-Edges (with 3 nearest neighbours) between hidden and data.
[2025-04-18 14:04:16,657][anemoi.graphs.edges.builder][INFO] - Using KNN-Edges (with 3 nearest neighbours) between hidden and data.
[2025-04-18 14:04:16,740][anemoi.graphs.edges.builder][INFO] - Using KNN-Edges (with 3 nearest neighbours) between hidden and data.
[2025-04-18 14:04:16,836][anemoi.graphs.edges.builder][INFO] - Using KNN-Edges (with 3 nearest neighbours) between hidden and data.
[2025-04-18 14:04:23,219][anemoi.graphs.create][INFO] - Cleaning graph.
[2025-04-18 14:04:23,219][anemoi.graphs.create][INFO] - _dataset deleted from graph.
[2025-04-18 14:04:23,220][anemoi.graphs.create][INFO] - _node_ordering deleted from graph.
[2025-04-18 14:04:23,220][anemoi.graphs.create][INFO] - _resolutions deleted from graph.
[2025-04-18 14:04:23,220][anemoi.graphs.create][INFO] - _nx_graph deleted from graph.
[2025-04-18 14:04:23,301][anemoi.graphs.create][INFO] - Graph saved at /work/nvme/bduu/jbanomedina/regional-ai/training/GLOBAL-31km/logs/outputs_graphs/graph-31km-7-12x3.pt.
[2025-04-18 14:04:23,510][anemoi.graphs.create][INFO] - Cleaning graph.
[2025-04-18 14:04:23,510][anemoi.graphs.create][INFO] - _dataset deleted from graph.
[2025-04-18 14:04:23,511][anemoi.graphs.create][INFO] - _node_ordering deleted from graph.
[2025-04-18 14:04:23,511][anemoi.graphs.create][INFO] - _resolutions deleted from graph.
[2025-04-18 14:04:23,511][anemoi.graphs.create][INFO] - _nx_graph deleted from graph.
[2025-04-18 14:04:23,536][anemoi.training.data.datamodule][INFO] - Timeincrement set to 1 for data with frequency, 21600, and timestep, 21600
[2025-04-18 14:04:23,541][anemoi.training.train.train][INFO] - Number of data variables: 87
[2025-04-18 14:04:23,541][anemoi.training.train.train][INFO] - Training limits: max_epochs=13, max_steps=150000. Training will stop when either limit is reached first. Learning rate scheduler will run for 8500 steps.
[2025-04-18 14:04:23,571][anemoi.graphs.create][INFO] - Graph saved at /work/nvme/bduu/jbanomedina/regional-ai/training/GLOBAL-31km/logs/outputs_graphs/graph-31km-7-12x3.pt.
[2025-04-18 14:04:23,635][anemoi.graphs.create][INFO] - Cleaning graph.
[2025-04-18 14:04:23,635][anemoi.graphs.create][INFO] - _dataset deleted from graph.
[2025-04-18 14:04:23,635][anemoi.graphs.create][INFO] - _nx_graph deleted from graph.
[2025-04-18 14:04:23,636][anemoi.graphs.create][INFO] - _node_ordering deleted from graph.
[2025-04-18 14:04:23,636][anemoi.graphs.create][INFO] - _resolutions deleted from graph.
[2025-04-18 14:04:23,703][anemoi.graphs.create][INFO] - Cleaning graph.
[2025-04-18 14:04:23,703][anemoi.graphs.create][INFO] - _dataset deleted from graph.
[2025-04-18 14:04:23,703][anemoi.graphs.create][INFO] - _nx_graph deleted from graph.
[2025-04-18 14:04:23,703][anemoi.graphs.create][INFO] - _resolutions deleted from graph.
[2025-04-18 14:04:23,704][anemoi.graphs.create][INFO] - _node_ordering deleted from graph.
[2025-04-18 14:04:23,731][anemoi.graphs.create][INFO] - Graph saved at /work/nvme/bduu/jbanomedina/regional-ai/training/GLOBAL-31km/logs/outputs_graphs/graph-31km-7-12x3.pt.
[2025-04-18 14:04:23,773][anemoi.graphs.create][INFO] - Graph saved at /work/nvme/bduu/jbanomedina/regional-ai/training/GLOBAL-31km/logs/outputs_graphs/graph-31km-7-12x3.pt.
[2025-04-18 14:04:23,792][anemoi.training.data.datamodule][INFO] - Timeincrement set to 1 for data with frequency, 21600, and timestep, 21600
[2025-04-18 14:04:23,795][anemoi.training.train.train][INFO] - Number of data variables: 87
[2025-04-18 14:04:23,795][anemoi.training.train.train][INFO] - Training limits: max_epochs=13, max_steps=150000. Training will stop when either limit is reached first. Learning rate scheduler will run for 8500 steps.
[2025-04-18 14:04:23,998][anemoi.training.data.datamodule][INFO] - Timeincrement set to 1 for data with frequency, 21600, and timestep, 21600
[2025-04-18 14:04:24,004][anemoi.training.train.train][INFO] - Number of data variables: 87
[2025-04-18 14:04:24,004][anemoi.training.train.train][INFO] - Training limits: max_epochs=13, max_steps=150000. Training will stop when either limit is reached first. Learning rate scheduler will run for 8500 steps.
[2025-04-18 14:04:24,011][anemoi.training.data.datamodule][INFO] - Timeincrement set to 1 for data with frequency, 21600, and timestep, 21600
[2025-04-18 14:04:24,014][anemoi.training.train.train][INFO] - Number of data variables: 87
[2025-04-18 14:04:24,015][anemoi.training.train.train][INFO] - Training limits: max_epochs=13, max_steps=150000. Training will stop when either limit is reached first. Learning rate scheduler will run for 8500 steps.
[2025-04-18 14:04:24,930][lightning_fabric.utilities.seed][INFO] - [rank: 61] Seed set to 640343
[2025-04-18 14:04:24,930][lightning_fabric.utilities.seed][INFO] - [rank: 60] Seed set to 640343
[2025-04-18 14:04:24,930][lightning_fabric.utilities.seed][INFO] - [rank: 62] Seed set to 640343
[2025-04-18 14:04:24,930][lightning_fabric.utilities.seed][INFO] - [rank: 63] Seed set to 640343
[2025-04-18 14:04:36,136][anemoi.models.preprocessing.normalizer][INFO] - Normalizing: cos_julian_day is not normalized.
[2025-04-18 14:04:36,136][anemoi.models.preprocessing.normalizer][INFO] - Normalizing: cos_latitude is not normalized.
[2025-04-18 14:04:36,136][anemoi.models.preprocessing.normalizer][INFO] - Normalizing: cos_local_time is not normalized.
[2025-04-18 14:04:36,136][anemoi.models.preprocessing.normalizer][INFO] - Normalizing: cos_julian_day is not normalized.
[2025-04-18 14:04:36,136][anemoi.models.preprocessing.normalizer][INFO] - Normalizing: cos_longitude is not normalized.
[2025-04-18 14:04:36,137][anemoi.models.preprocessing.normalizer][INFO] - Normalizing: cos_latitude is not normalized.
[2025-04-18 14:04:36,137][anemoi.models.preprocessing.normalizer][INFO] - Normalizing: insolation is not normalized.
[2025-04-18 14:04:36,136][anemoi.models.preprocessing.normalizer][INFO] - Normalizing: cos_julian_day is not normalized.
[2025-04-18 14:04:36,137][anemoi.models.preprocessing.normalizer][INFO] - Normalizing: cos_local_time is not normalized.
[2025-04-18 14:04:36,137][anemoi.models.preprocessing.normalizer][INFO] - Normalizing: lsm is not normalized.
[2025-04-18 14:04:36,137][anemoi.models.preprocessing.normalizer][INFO] - Normalizing: cos_longitude is not normalized.
[2025-04-18 14:04:36,137][anemoi.models.preprocessing.normalizer][INFO] - Normalizing: cos_latitude is not normalized.
[2025-04-18 14:04:36,137][anemoi.models.preprocessing.normalizer][INFO] - Normalizing: sin_julian_day is not normalized.
[2025-04-18 14:04:36,137][anemoi.models.preprocessing.normalizer][INFO] - Normalizing: insolation is not normalized.
[2025-04-18 14:04:36,137][anemoi.models.preprocessing.normalizer][INFO] - Normalizing: sin_latitude is not normalized.
[2025-04-18 14:04:36,137][anemoi.models.preprocessing.normalizer][INFO] - Normalizing: lsm is not normalized.
[2025-04-18 14:04:36,137][anemoi.models.preprocessing.normalizer][INFO] - Normalizing: sin_local_time is not normalized.
[2025-04-18 14:04:36,137][anemoi.models.preprocessing.normalizer][INFO] - Normalizing: cos_local_time is not normalized.
[2025-04-18 14:04:36,137][anemoi.models.preprocessing.normalizer][INFO] - Normalizing: sin_julian_day is not normalized.
[2025-04-18 14:04:36,137][anemoi.models.preprocessing.normalizer][INFO] - Normalizing: sin_longitude is not normalized.
[2025-04-18 14:04:36,137][anemoi.models.preprocessing.normalizer][INFO] - Normalizing: sin_latitude is not normalized.
[2025-04-18 14:04:36,137][anemoi.models.preprocessing.normalizer][INFO] - Normalizing: cos_longitude is not normalized.
[2025-04-18 14:04:36,137][anemoi.models.preprocessing.normalizer][INFO] - Normalizing: sin_local_time is not normalized.
[2025-04-18 14:04:36,137][anemoi.models.preprocessing.normalizer][INFO] - Normalizing: z_sfc is not normalized.
[2025-04-18 14:04:36,137][anemoi.models.preprocessing.normalizer][INFO] - Normalizing: sin_longitude is not normalized.
[2025-04-18 14:04:36,137][anemoi.models.preprocessing.normalizer][INFO] - Normalizing: insolation is not normalized.
[2025-04-18 14:04:36,138][anemoi.models.preprocessing.normalizer][INFO] - Normalizing: z_sfc is not normalized.
[2025-04-18 14:04:36,138][anemoi.models.preprocessing.normalizer][INFO] - Normalizing: lsm is not normalized.
[2025-04-18 14:04:36,138][anemoi.models.preprocessing.normalizer][INFO] - Normalizing: sin_julian_day is not normalized.
[2025-04-18 14:04:36,138][anemoi.models.preprocessing.normalizer][INFO] - Normalizing: sin_latitude is not normalized.
[2025-04-18 14:04:36,138][anemoi.models.preprocessing.normalizer][INFO] - Normalizing: sin_local_time is not normalized.
[2025-04-18 14:04:36,138][anemoi.models.preprocessing.normalizer][INFO] - Normalizing: sin_longitude is not normalized.
[2025-04-18 14:04:36,138][anemoi.models.preprocessing.normalizer][INFO] - Normalizing: z_sfc is not normalized.
[2025-04-18 14:04:36,139][anemoi.models.preprocessing.normalizer][INFO] - Normalizing: cos_julian_day is not normalized.
[2025-04-18 14:04:36,139][anemoi.models.preprocessing.normalizer][INFO] - Normalizing: cos_latitude is not normalized.
[2025-04-18 14:04:36,139][anemoi.models.preprocessing.normalizer][INFO] - Normalizing: cos_local_time is not normalized.
[2025-04-18 14:04:36,139][anemoi.models.preprocessing.normalizer][INFO] - Normalizing: cos_longitude is not normalized.
[2025-04-18 14:04:36,139][anemoi.models.preprocessing.normalizer][INFO] - Normalizing: insolation is not normalized.
[2025-04-18 14:04:36,139][anemoi.models.preprocessing.normalizer][INFO] - Normalizing: lsm is not normalized.
[2025-04-18 14:04:36,139][anemoi.models.preprocessing.normalizer][INFO] - Normalizing: sin_julian_day is not normalized.
[2025-04-18 14:04:36,139][anemoi.models.preprocessing.normalizer][INFO] - Normalizing: sin_latitude is not normalized.
[2025-04-18 14:04:36,139][anemoi.models.preprocessing.normalizer][INFO] - Normalizing: sin_local_time is not normalized.
[2025-04-18 14:04:36,139][anemoi.models.preprocessing.normalizer][INFO] - Normalizing: sin_longitude is not normalized.
[2025-04-18 14:04:36,140][anemoi.models.preprocessing.normalizer][INFO] - Normalizing: z_sfc is not normalized.
[2025-04-18 14:04:36,253][anemoi.models.layers.utils][INFO] - Linear kernel: {'_target_': 'torch.nn.Linear', '_partial_': True}
[2025-04-18 14:04:36,253][anemoi.models.layers.utils][INFO] - Linear kernel: {'_target_': 'torch.nn.Linear', '_partial_': True}
[2025-04-18 14:04:36,253][anemoi.models.layers.utils][INFO] - Linear kernel: {'_target_': 'torch.nn.Linear', '_partial_': True}
[2025-04-18 14:04:36,253][anemoi.models.layers.utils][INFO] - Linear kernel: {'_target_': 'torch.nn.Linear', '_partial_': True}
[2025-04-18 14:04:36,253][anemoi.models.layers.utils][INFO] - LayerNorm kernel: {'_target_': 'torch.nn.LayerNorm', '_partial_': True}
[2025-04-18 14:04:36,253][anemoi.models.layers.utils][INFO] - LayerNorm kernel: {'_target_': 'torch.nn.LayerNorm', '_partial_': True}
[2025-04-18 14:04:36,253][anemoi.models.layers.utils][INFO] - LayerNorm kernel: {'_target_': 'torch.nn.LayerNorm', '_partial_': True}
[2025-04-18 14:04:36,254][anemoi.models.layers.utils][INFO] - LayerNorm kernel: {'_target_': 'torch.nn.LayerNorm', '_partial_': True}
[2025-04-18 14:04:36,593][anemoi.training.losses.nodeweights][INFO] - Loading node attribute area_weight from the graph
[2025-04-18 14:04:36,593][anemoi.training.losses.nodeweights][INFO] - Loading node attribute area_weight from the graph
[2025-04-18 14:04:36,593][anemoi.training.losses.nodeweights][INFO] - Loading node attribute area_weight from the graph
[2025-04-18 14:04:36,593][anemoi.training.losses.nodeweights][INFO] - Loading node attribute area_weight from the graph
[2025-04-18 14:04:36,597][anemoi.training.train.forecaster][INFO] - Pressure level scaling: use scaler ReluPressureLevelScaler with slope 0.0010 and minimum 0.20
[2025-04-18 14:04:36,597][anemoi.training.train.forecaster][INFO] - Pressure level scaling: use scaler ReluPressureLevelScaler with slope 0.0010 and minimum 0.20
[2025-04-18 14:04:36,597][anemoi.training.train.forecaster][INFO] - Pressure level scaling: use scaler ReluPressureLevelScaler with slope 0.0010 and minimum 0.20
[2025-04-18 14:04:36,597][anemoi.training.train.forecaster][INFO] - Pressure level scaling: use scaler ReluPressureLevelScaler with slope 0.0010 and minimum 0.20
[2025-04-18 14:04:36,611][anemoi.training.train.train][INFO] - Resuming training from last checkpoint: /work/nvme/bduu/jbanomedina/regional-ai/training/GLOBAL-31km/logs/outputs_checkpoint/40d854bc-8176-40c1-bd5f-7bc72b55737a/last.ckpt
[2025-04-18 14:04:36,611][anemoi.training.train.train][INFO] - Resuming training from last checkpoint: /work/nvme/bduu/jbanomedina/regional-ai/training/GLOBAL-31km/logs/outputs_checkpoint/40d854bc-8176-40c1-bd5f-7bc72b55737a/last.ckpt
[2025-04-18 14:04:36,611][anemoi.training.train.train][INFO] - Resuming training from last checkpoint: /work/nvme/bduu/jbanomedina/regional-ai/training/GLOBAL-31km/logs/outputs_checkpoint/40d854bc-8176-40c1-bd5f-7bc72b55737a/last.ckpt
[2025-04-18 14:04:36,611][anemoi.training.train.train][INFO] - Resuming training from last checkpoint: /work/nvme/bduu/jbanomedina/regional-ai/training/GLOBAL-31km/logs/outputs_checkpoint/40d854bc-8176-40c1-bd5f-7bc72b55737a/last.ckpt
[2025-04-18 14:04:42,738][lightning_fabric.utilities.distributed][INFO] - Initializing distributed: GLOBAL_RANK: 60, MEMBER: 61/64
[2025-04-18 14:04:43,302][lightning_fabric.utilities.distributed][INFO] - Initializing distributed: GLOBAL_RANK: 61, MEMBER: 62/64
[2025-04-18 14:04:43,344][lightning_fabric.utilities.distributed][INFO] - Initializing distributed: GLOBAL_RANK: 63, MEMBER: 64/64
[2025-04-18 14:04:43,404][lightning_fabric.utilities.distributed][INFO] - Initializing distributed: GLOBAL_RANK: 62, MEMBER: 63/64
[2025-04-18 14:04:51,303][anemoi.training.diagnostics.callbacks.sanity][INFO] - The order of the variables in the model matches the order in the data.
[2025-04-18 14:04:51,304][anemoi.training.diagnostics.callbacks.sanity][INFO] - The order of the variables in the model matches the order in the data.
[2025-04-18 14:04:51,304][pytorch_lightning.accelerators.cuda][INFO] - LOCAL_RANK: 2 - CUDA_VISIBLE_DEVICES: [0,1,2,3]
[2025-04-18 14:04:51,305][pytorch_lightning.accelerators.cuda][INFO] - LOCAL_RANK: 3 - CUDA_VISIBLE_DEVICES: [0,1,2,3]
[2025-04-18 14:04:51,306][anemoi.training.diagnostics.callbacks.sanity][INFO] - The order of the variables in the model matches the order in the data.
[2025-04-18 14:04:51,307][pytorch_lightning.accelerators.cuda][INFO] - LOCAL_RANK: 1 - CUDA_VISIBLE_DEVICES: [0,1,2,3]
[2025-04-18 14:04:51,354][anemoi.training.diagnostics.callbacks.sanity][INFO] - The order of the variables in the model matches the order in the data.
[2025-04-18 14:04:51,355][pytorch_lightning.accelerators.cuda][INFO] - LOCAL_RANK: 0 - CUDA_VISIBLE_DEVICES: [0,1,2,3]
[2025-04-18 14:04:51,960][lightning_fabric.utilities.seed][INFO] - [rank: 61] Seed set to 10245488
[2025-04-18 14:04:51,960][lightning_fabric.utilities.seed][INFO] - [rank: 62] Seed set to 10245488
[2025-04-18 14:04:51,960][lightning_fabric.utilities.seed][INFO] - [rank: 60] Seed set to 10245488
[2025-04-18 14:04:51,960][lightning_fabric.utilities.seed][INFO] - [rank: 63] Seed set to 10245488
[2025-04-18 14:04:53,237][pytorch_lightning.trainer.connectors.signal_connector][INFO] - SLURM auto-requeueing enabled. Setting signal handlers.
[2025-04-18 14:04:53,237][pytorch_lightning.trainer.connectors.signal_connector][INFO] - SLURM auto-requeueing enabled. Setting signal handlers.
[2025-04-18 14:04:53,237][pytorch_lightning.trainer.connectors.signal_connector][INFO] - SLURM auto-requeueing enabled. Setting signal handlers.
[2025-04-18 14:04:53,238][pytorch_lightning.trainer.connectors.signal_connector][INFO] - SLURM auto-requeueing enabled. Setting signal handlers.
[2025-04-18 14:04:58,057][anemoi.training.diagnostics.callbacks.sanity][INFO] - The order of the variables in the model matches the order in the data.
[2025-04-18 14:04:58,058][anemoi.training.diagnostics.callbacks.sanity][INFO] - The order of the variables in the model matches the order in the data.
[2025-04-18 14:04:58,063][anemoi.training.diagnostics.callbacks.sanity][INFO] - The order of the variables in the model matches the order in the data.
[2025-04-18 14:04:58,074][anemoi.training.diagnostics.callbacks.sanity][INFO] - The order of the variables in the model matches the order in the data.
[2025-04-18 15:09:45,681][anemoi.training.diagnostics.callbacks.sanity][INFO] - The order of the variables in the model matches the order in the data.
[2025-04-18 15:09:45,686][anemoi.training.diagnostics.callbacks.sanity][INFO] - The order of the variables in the model matches the order in the data.
[2025-04-18 15:09:45,688][anemoi.training.diagnostics.callbacks.sanity][INFO] - The order of the variables in the model matches the order in the data.
[2025-04-18 15:09:45,693][anemoi.training.diagnostics.callbacks.sanity][INFO] - The order of the variables in the model matches the order in the data.
[2025-04-18 15:10:53,381][anemoi.training.diagnostics.callbacks.sanity][INFO] - The order of the variables in the model matches the order in the data.
[2025-04-18 15:10:53,381][anemoi.training.diagnostics.callbacks.sanity][INFO] - The order of the variables in the model matches the order in the data.
[2025-04-18 15:10:53,381][anemoi.training.diagnostics.callbacks.sanity][INFO] - The order of the variables in the model matches the order in the data.
[2025-04-18 15:10:53,381][anemoi.training.diagnostics.callbacks.sanity][INFO] - The order of the variables in the model matches the order in the data.
[2025-04-18 16:20:36,140][anemoi.training.diagnostics.callbacks.sanity][INFO] - The order of the variables in the model matches the order in the data.
[2025-04-18 16:20:36,147][anemoi.training.diagnostics.callbacks.sanity][INFO] - The order of the variables in the model matches the order in the data.
[2025-04-18 16:20:36,149][anemoi.training.diagnostics.callbacks.sanity][INFO] - The order of the variables in the model matches the order in the data.
[2025-04-18 16:20:36,156][anemoi.training.diagnostics.callbacks.sanity][INFO] - The order of the variables in the model matches the order in the data.
[2025-04-18 16:21:46,714][anemoi.training.diagnostics.callbacks.sanity][INFO] - The order of the variables in the model matches the order in the data.
[2025-04-18 16:21:46,714][anemoi.training.diagnostics.callbacks.sanity][INFO] - The order of the variables in the model matches the order in the data.
[2025-04-18 16:21:46,714][anemoi.training.diagnostics.callbacks.sanity][INFO] - The order of the variables in the model matches the order in the data.
[2025-04-18 16:21:46,714][anemoi.training.diagnostics.callbacks.sanity][INFO] - The order of the variables in the model matches the order in the data.
[2025-04-18 17:36:32,610][anemoi.training.diagnostics.callbacks.sanity][INFO] - The order of the variables in the model matches the order in the data.
[2025-04-18 17:36:32,636][anemoi.training.diagnostics.callbacks.sanity][INFO] - The order of the variables in the model matches the order in the data.
[2025-04-18 17:36:32,646][anemoi.training.diagnostics.callbacks.sanity][INFO] - The order of the variables in the model matches the order in the data.
[2025-04-18 17:36:32,657][anemoi.training.diagnostics.callbacks.sanity][INFO] - The order of the variables in the model matches the order in the data.
[2025-04-18 17:37:51,863][anemoi.training.train.train][INFO] - memory summary: |===========================================================================|
|                  PyTorch CUDA memory summary, device ID 3                 |
|---------------------------------------------------------------------------|
|            CUDA OOMs: 0            |        cudaMalloc retries: 0         |
|===========================================================================|
|        Metric         | Cur Usage  | Peak Usage | Tot Alloc  | Tot Freed  |
|---------------------------------------------------------------------------|
| Allocated memory      |   1536 B   |  21044 MiB |   2452 TiB |   2452 TiB |
|       from large pool |      0 B   |  20728 MiB |   2449 TiB |   2449 TiB |
|       from small pool |   1536 B   |    457 MiB |      3 TiB |      3 TiB |
|---------------------------------------------------------------------------|
| Active memory         |   2048 B   |  27743 MiB |   2452 TiB |   2452 TiB |
|       from large pool |      0 B   |  27441 MiB |   2449 TiB |   2449 TiB |
|       from small pool |   2048 B   |    457 MiB |      3 TiB |      3 TiB |
|---------------------------------------------------------------------------|
| Requested memory      |     13 B   |  27732 MiB |   2451 TiB |   2451 TiB |
|       from large pool |      0 B   |  27430 MiB |   2448 TiB |   2448 TiB |
|       from small pool |     13 B   |    457 MiB |      3 TiB |      3 TiB |
|---------------------------------------------------------------------------|
| GPU reserved memory   |  10240 KiB |  31080 MiB |  31426 MiB |  31416 MiB |
|       from large pool |      0 KiB |  30620 MiB |  30966 MiB |  30966 MiB |
|       from small pool |  10240 KiB |    460 MiB |    460 MiB |    450 MiB |
|---------------------------------------------------------------------------|
| Non-releasable memory |   4094 KiB |  15323 MiB |   2155 TiB |   2155 TiB |
|       from large pool |      0 KiB |  15315 MiB |   2151 TiB |   2151 TiB |
|       from small pool |   4094 KiB |     28 MiB |      3 TiB |      3 TiB |
|---------------------------------------------------------------------------|
| Allocations           |       3    |    2194    |   43380 K  |   43380 K  |
|       from large pool |       0    |     358    |   32351 K  |   32351 K  |
|       from small pool |       3    |    1991    |   11029 K  |   11029 K  |
|---------------------------------------------------------------------------|
| Active allocs         |       4    |    2434    |   43380 K  |   43380 K  |
|       from large pool |       0    |     561    |   32351 K  |   32351 K  |
|       from small pool |       4    |    1991    |   11029 K  |   11029 K  |
|---------------------------------------------------------------------------|
| GPU reserved segments |       5    |     316    |     319    |     314    |
|       from large pool |       0    |      86    |      89    |      89    |
|       from small pool |       5    |     230    |     230    |     225    |
|---------------------------------------------------------------------------|
| Non-releasable allocs |       4    |     161    |   20039 K  |   20039 K  |
|       from large pool |       0    |     118    |   14369 K  |   14369 K  |
|       from small pool |       4    |     104    |    5669 K  |    5669 K  |
|---------------------------------------------------------------------------|
| Oversize allocations  |       0    |       0    |       0    |       0    |
|---------------------------------------------------------------------------|
| Oversize GPU segments |       0    |       0    |       0    |       0    |
|===========================================================================|

[2025-04-18 17:37:51,874][anemoi.training.train.train][INFO] - memory summary: |===========================================================================|
|                  PyTorch CUDA memory summary, device ID 2                 |
|---------------------------------------------------------------------------|
|            CUDA OOMs: 0            |        cudaMalloc retries: 0         |
|===========================================================================|
|        Metric         | Cur Usage  | Peak Usage | Tot Alloc  | Tot Freed  |
|---------------------------------------------------------------------------|
| Allocated memory      |   1536 B   |  21042 MiB |   2452 TiB |   2452 TiB |
|       from large pool |      0 B   |  20729 MiB |   2449 TiB |   2449 TiB |
|       from small pool |   1536 B   |    457 MiB |      3 TiB |      3 TiB |
|---------------------------------------------------------------------------|
| Active memory         |   2048 B   |  26927 MiB |   2452 TiB |   2452 TiB |
|       from large pool |      0 B   |  26625 MiB |   2449 TiB |   2449 TiB |
|       from small pool |   2048 B   |    457 MiB |      3 TiB |      3 TiB |
|---------------------------------------------------------------------------|
| Requested memory      |     13 B   |  26919 MiB |   2451 TiB |   2451 TiB |
|       from large pool |      0 B   |  26617 MiB |   2448 TiB |   2448 TiB |
|       from small pool |     13 B   |    457 MiB |      3 TiB |      3 TiB |
|---------------------------------------------------------------------------|
| GPU reserved memory   |  10240 KiB |  31376 MiB |  31722 MiB |  31712 MiB |
|       from large pool |      0 KiB |  30916 MiB |  31262 MiB |  31262 MiB |
|       from small pool |  10240 KiB |    460 MiB |    460 MiB |    450 MiB |
|---------------------------------------------------------------------------|
| Non-releasable memory |   4094 KiB |  16947 MiB |   2147 TiB |   2147 TiB |
|       from large pool |      0 KiB |  16941 MiB |   2143 TiB |   2143 TiB |
|       from small pool |   4094 KiB |     30 MiB |      3 TiB |      3 TiB |
|---------------------------------------------------------------------------|
| Allocations           |       3    |    2194    |   43380 K  |   43380 K  |
|       from large pool |       0    |     358    |   32351 K  |   32351 K  |
|       from small pool |       3    |    1991    |   11029 K  |   11029 K  |
|---------------------------------------------------------------------------|
| Active allocs         |       4    |    2434    |   43380 K  |   43380 K  |
|       from large pool |       0    |     561    |   32351 K  |   32351 K  |
|       from small pool |       4    |    1991    |   11029 K  |   11029 K  |
|---------------------------------------------------------------------------|
| GPU reserved segments |       5    |     316    |     319    |     314    |
|       from large pool |       0    |      86    |      89    |      89    |
|       from small pool |       5    |     230    |     230    |     225    |
|---------------------------------------------------------------------------|
| Non-releasable allocs |       5    |     145    |   19867 K  |   19867 K  |
|       from large pool |       0    |     118    |   14198 K  |   14198 K  |
|       from small pool |       5    |     100    |    5668 K  |    5668 K  |
|---------------------------------------------------------------------------|
| Oversize allocations  |       0    |       0    |       0    |       0    |
|---------------------------------------------------------------------------|
| Oversize GPU segments |       0    |       0    |       0    |       0    |
|===========================================================================|

[2025-04-18 17:37:51,881][anemoi.training.train.train][INFO] - memory summary: |===========================================================================|
|                  PyTorch CUDA memory summary, device ID 0                 |
|---------------------------------------------------------------------------|
|            CUDA OOMs: 0            |        cudaMalloc retries: 0         |
|===========================================================================|
|        Metric         | Cur Usage  | Peak Usage | Tot Alloc  | Tot Freed  |
|---------------------------------------------------------------------------|
| Allocated memory      |   1536 B   |  21044 MiB |   2452 TiB |   2452 TiB |
|       from large pool |      0 B   |  20728 MiB |   2449 TiB |   2449 TiB |
|       from small pool |   1536 B   |    457 MiB |      3 TiB |      3 TiB |
|---------------------------------------------------------------------------|
| Active memory         |   2048 B   |  26903 MiB |   2452 TiB |   2452 TiB |
|       from large pool |      0 B   |  26601 MiB |   2449 TiB |   2449 TiB |
|       from small pool |   2048 B   |    457 MiB |      3 TiB |      3 TiB |
|---------------------------------------------------------------------------|
| Requested memory      |     13 B   |  26895 MiB |   2451 TiB |   2451 TiB |
|       from large pool |      0 B   |  26593 MiB |   2448 TiB |   2448 TiB |
|       from small pool |     13 B   |    457 MiB |      3 TiB |      3 TiB |
|---------------------------------------------------------------------------|
| GPU reserved memory   |  10240 KiB |  30558 MiB |  30904 MiB |  30894 MiB |
|       from large pool |      0 KiB |  30098 MiB |  30444 MiB |  30444 MiB |
|       from small pool |  10240 KiB |    460 MiB |    460 MiB |    450 MiB |
|---------------------------------------------------------------------------|
| Non-releasable memory |   4094 KiB |  16444 MiB |   2083 TiB |   2083 TiB |
|       from large pool |      0 KiB |  16436 MiB |   2080 TiB |   2080 TiB |
|       from small pool |   4094 KiB |     30 MiB |      3 TiB |      3 TiB |
|---------------------------------------------------------------------------|
| Allocations           |       3    |    2194    |   43380 K  |   43380 K  |
|       from large pool |       0    |     358    |   32351 K  |   32351 K  |
|       from small pool |       3    |    1991    |   11029 K  |   11029 K  |
|---------------------------------------------------------------------------|
| Active allocs         |       4    |    2434    |   43380 K  |   43380 K  |
|       from large pool |       0    |     561    |   32351 K  |   32351 K  |
|       from small pool |       4    |    1991    |   11029 K  |   11029 K  |
|---------------------------------------------------------------------------|
| GPU reserved segments |       5    |     314    |     317    |     312    |
|       from large pool |       0    |      84    |      87    |      87    |
|       from small pool |       5    |     230    |     230    |     225    |
|---------------------------------------------------------------------------|
| Non-releasable allocs |       5    |     155    |   19539 K  |   19539 K  |
|       from large pool |       0    |     121    |   13837 K  |   13837 K  |
|       from small pool |       5    |     101    |    5702 K  |    5702 K  |
|---------------------------------------------------------------------------|
| Oversize allocations  |       0    |       0    |       0    |       0    |
|---------------------------------------------------------------------------|
| Oversize GPU segments |       0    |       0    |       0    |       0    |
|===========================================================================|

[2025-04-18 17:37:51,883][anemoi.training.train.train][INFO] - memory summary: |===========================================================================|
|                  PyTorch CUDA memory summary, device ID 1                 |
|---------------------------------------------------------------------------|
|            CUDA OOMs: 0            |        cudaMalloc retries: 0         |
|===========================================================================|
|        Metric         | Cur Usage  | Peak Usage | Tot Alloc  | Tot Freed  |
|---------------------------------------------------------------------------|
| Allocated memory      |   1536 B   |  21043 MiB |   2452 TiB |   2452 TiB |
|       from large pool |      0 B   |  20727 MiB |   2449 TiB |   2449 TiB |
|       from small pool |   1536 B   |    457 MiB |      3 TiB |      3 TiB |
|---------------------------------------------------------------------------|
| Active memory         |   2048 B   |  27743 MiB |   2452 TiB |   2452 TiB |
|       from large pool |      0 B   |  27441 MiB |   2449 TiB |   2449 TiB |
|       from small pool |   2048 B   |    457 MiB |      3 TiB |      3 TiB |
|---------------------------------------------------------------------------|
| Requested memory      |     13 B   |  27733 MiB |   2451 TiB |   2451 TiB |
|       from large pool |      0 B   |  27431 MiB |   2448 TiB |   2448 TiB |
|       from small pool |     13 B   |    457 MiB |      3 TiB |      3 TiB |
|---------------------------------------------------------------------------|
| GPU reserved memory   |  10240 KiB |  30924 MiB |  31270 MiB |  31260 MiB |
|       from large pool |      0 KiB |  30464 MiB |  30810 MiB |  30810 MiB |
|       from small pool |  10240 KiB |    460 MiB |    460 MiB |    450 MiB |
|---------------------------------------------------------------------------|
| Non-releasable memory |   6142 KiB |  16327 MiB |   2168 TiB |   2168 TiB |
|       from large pool |      0 KiB |  16311 MiB |   2165 TiB |   2165 TiB |
|       from small pool |   6142 KiB |     28 MiB |      3 TiB |      3 TiB |
|---------------------------------------------------------------------------|
| Allocations           |       3    |    2194    |   43380 K  |   43380 K  |
|       from large pool |       0    |     358    |   32351 K  |   32351 K  |
|       from small pool |       3    |    1991    |   11029 K  |   11029 K  |
|---------------------------------------------------------------------------|
| Active allocs         |       4    |    2434    |   43380 K  |   43380 K  |
|       from large pool |       0    |     561    |   32351 K  |   32351 K  |
|       from small pool |       4    |    1991    |   11029 K  |   11029 K  |
|---------------------------------------------------------------------------|
| GPU reserved segments |       5    |     314    |     317    |     312    |
|       from large pool |       0    |      84    |      87    |      87    |
|       from small pool |       5    |     230    |     230    |     225    |
|---------------------------------------------------------------------------|
| Non-releasable allocs |       6    |     169    |   20088 K  |   20088 K  |
|       from large pool |       0    |     125    |   14275 K  |   14275 K  |
|       from small pool |       6    |     100    |    5813 K  |    5813 K  |
|---------------------------------------------------------------------------|
| Oversize allocations  |       0    |       0    |       0    |       0    |
|---------------------------------------------------------------------------|
| Oversize GPU segments |       0    |       0    |       0    |       0    |
|===========================================================================|

