[2025-02-28 13:11:02,527][anemoi.training.train.train][INFO] - Run id: 39dbe815-d425-49e5-8904-3451c7ab789f
[2025-02-28 13:11:02,527][anemoi.training.train.train][INFO] - Run id: 2854e8e3-5158-4c75-9914-1b3b8e551358
[2025-02-28 13:11:02,528][anemoi.training.train.train][INFO] - Checkpoints path: /work/hdd/bduu/jbanomedina/regional-ai/training/STRETCHED-6km/logs/outputs_checkpoint/39dbe815-d425-49e5-8904-3451c7ab789f
[2025-02-28 13:11:02,529][anemoi.training.train.train][INFO] - Checkpoints path: /work/hdd/bduu/jbanomedina/regional-ai/training/STRETCHED-6km/logs/outputs_checkpoint/2854e8e3-5158-4c75-9914-1b3b8e551358
[2025-02-28 13:11:02,530][anemoi.training.train.train][INFO] - Plots path: /work/hdd/bduu/jbanomedina/regional-ai/training/STRETCHED-6km/logs/outputs_plots/39dbe815-d425-49e5-8904-3451c7ab789f
[2025-02-28 13:11:02,530][anemoi.training.train.train][INFO] - Run id: 049c8c4e-c48d-462b-b302-c38e15d930c8
[2025-02-28 13:11:02,531][anemoi.training.train.train][INFO] - Run id: 0d3711ff-1c61-48ed-b5d0-aa74fd61e798
[2025-02-28 13:11:02,531][anemoi.training.train.train][INFO] - Plots path: /work/hdd/bduu/jbanomedina/regional-ai/training/STRETCHED-6km/logs/outputs_plots/2854e8e3-5158-4c75-9914-1b3b8e551358
[2025-02-28 13:11:02,530][anemoi.training.train.train][INFO] - Run id: e62699ea-cded-4a4f-85b1-82a86358e53c
[2025-02-28 13:11:02,532][anemoi.training.train.train][INFO] - Run id: e989ad3b-e04c-4029-be4a-0fcfee66aae5
[2025-02-28 13:11:02,533][anemoi.training.train.train][INFO] - Run id: fa42323f-f534-4c90-9fbb-c7155d134683
[2025-02-28 13:11:02,535][anemoi.training.train.train][INFO] - Checkpoints path: /work/hdd/bduu/jbanomedina/regional-ai/training/STRETCHED-6km/logs/outputs_checkpoint/049c8c4e-c48d-462b-b302-c38e15d930c8
[2025-02-28 13:11:02,537][anemoi.training.train.train][INFO] - Checkpoints path: /work/hdd/bduu/jbanomedina/regional-ai/training/STRETCHED-6km/logs/outputs_checkpoint/0d3711ff-1c61-48ed-b5d0-aa74fd61e798
[2025-02-28 13:11:02,537][anemoi.training.train.train][INFO] - Run id: 71d5cdf8-9712-41dc-b3de-c5a768db2fd6
[2025-02-28 13:11:02,539][anemoi.training.train.train][INFO] - Checkpoints path: /work/hdd/bduu/jbanomedina/regional-ai/training/STRETCHED-6km/logs/outputs_checkpoint/e62699ea-cded-4a4f-85b1-82a86358e53c
[2025-02-28 13:11:02,540][anemoi.training.train.train][INFO] - Checkpoints path: /work/hdd/bduu/jbanomedina/regional-ai/training/STRETCHED-6km/logs/outputs_checkpoint/e989ad3b-e04c-4029-be4a-0fcfee66aae5
[2025-02-28 13:11:02,541][anemoi.training.train.train][INFO] - Checkpoints path: /work/hdd/bduu/jbanomedina/regional-ai/training/STRETCHED-6km/logs/outputs_checkpoint/fa42323f-f534-4c90-9fbb-c7155d134683
[2025-02-28 13:11:02,542][anemoi.training.train.train][INFO] - Plots path: /work/hdd/bduu/jbanomedina/regional-ai/training/STRETCHED-6km/logs/outputs_plots/049c8c4e-c48d-462b-b302-c38e15d930c8
[2025-02-28 13:11:02,543][anemoi.training.train.train][INFO] - Plots path: /work/hdd/bduu/jbanomedina/regional-ai/training/STRETCHED-6km/logs/outputs_plots/0d3711ff-1c61-48ed-b5d0-aa74fd61e798
[2025-02-28 13:11:02,545][anemoi.training.train.train][INFO] - Checkpoints path: /work/hdd/bduu/jbanomedina/regional-ai/training/STRETCHED-6km/logs/outputs_checkpoint/71d5cdf8-9712-41dc-b3de-c5a768db2fd6
[2025-02-28 13:11:02,546][anemoi.training.train.train][INFO] - Plots path: /work/hdd/bduu/jbanomedina/regional-ai/training/STRETCHED-6km/logs/outputs_plots/e62699ea-cded-4a4f-85b1-82a86358e53c
[2025-02-28 13:11:02,547][anemoi.training.train.train][INFO] - Plots path: /work/hdd/bduu/jbanomedina/regional-ai/training/STRETCHED-6km/logs/outputs_plots/e989ad3b-e04c-4029-be4a-0fcfee66aae5
[2025-02-28 13:11:02,547][anemoi.training.train.train][INFO] - Loading graph data from /work/hdd/bduu/jbanomedina/regional-ai/training/STRETCHED-6km/logs/outputs_graphs/STRETCHED-6km-8x6-8x3.pt
[2025-02-28 13:11:02,551][anemoi.training.train.train][INFO] - Plots path: /work/hdd/bduu/jbanomedina/regional-ai/training/STRETCHED-6km/logs/outputs_plots/71d5cdf8-9712-41dc-b3de-c5a768db2fd6
[2025-02-28 13:11:02,548][anemoi.training.train.train][INFO] - Plots path: /work/hdd/bduu/jbanomedina/regional-ai/training/STRETCHED-6km/logs/outputs_plots/fa42323f-f534-4c90-9fbb-c7155d134683
[2025-02-28 13:11:02,550][anemoi.training.train.train][INFO] - Loading graph data from /work/hdd/bduu/jbanomedina/regional-ai/training/STRETCHED-6km/logs/outputs_graphs/STRETCHED-6km-8x6-8x3.pt
[2025-02-28 13:11:02,552][anemoi.training.train.train][INFO] - Loading graph data from /work/hdd/bduu/jbanomedina/regional-ai/training/STRETCHED-6km/logs/outputs_graphs/STRETCHED-6km-8x6-8x3.pt
[2025-02-28 13:11:02,557][anemoi.training.train.train][INFO] - Loading graph data from /work/hdd/bduu/jbanomedina/regional-ai/training/STRETCHED-6km/logs/outputs_graphs/STRETCHED-6km-8x6-8x3.pt
[2025-02-28 13:11:02,587][anemoi.training.train.train][INFO] - Loading graph data from /work/hdd/bduu/jbanomedina/regional-ai/training/STRETCHED-6km/logs/outputs_graphs/STRETCHED-6km-8x6-12x3.pt
[2025-02-28 13:11:02,587][anemoi.training.train.train][INFO] - Loading graph data from /work/hdd/bduu/jbanomedina/regional-ai/training/STRETCHED-6km/logs/outputs_graphs/STRETCHED-6km-8x6-12x3.pt
[2025-02-28 13:11:02,587][anemoi.training.train.train][INFO] - Loading graph data from /work/hdd/bduu/jbanomedina/regional-ai/training/STRETCHED-6km/logs/outputs_graphs/STRETCHED-6km-8x6-12x3.pt
[2025-02-28 13:11:02,587][anemoi.training.train.train][INFO] - Loading graph data from /work/hdd/bduu/jbanomedina/regional-ai/training/STRETCHED-6km/logs/outputs_graphs/STRETCHED-6km-8x6-12x3.pt
[2025-02-28 13:16:54,371][anemoi.training.data.datamodule][INFO] - Timeincrement set to 1 for data with frequency, 21600, and timestep, 21600
[2025-02-28 13:16:54,380][anemoi.training.train.train][INFO] - Number of data variables: 92
[2025-02-28 13:16:54,564][anemoi.training.data.datamodule][INFO] - Timeincrement set to 1 for data with frequency, 21600, and timestep, 21600
[2025-02-28 13:16:54,602][anemoi.training.train.train][INFO] - Number of data variables: 77
[2025-02-28 13:16:55,357][anemoi.training.data.datamodule][INFO] - Timeincrement set to 1 for data with frequency, 21600, and timestep, 21600
[2025-02-28 13:16:55,363][anemoi.training.train.train][INFO] - Number of data variables: 92
[2025-02-28 13:16:55,959][anemoi.training.data.datamodule][INFO] - Timeincrement set to 1 for data with frequency, 21600, and timestep, 21600
[2025-02-28 13:16:55,966][anemoi.training.train.train][INFO] - Number of data variables: 77
[2025-02-28 13:16:56,512][anemoi.training.data.datamodule][INFO] - Timeincrement set to 1 for data with frequency, 21600, and timestep, 21600
[2025-02-28 13:16:56,520][anemoi.training.train.train][INFO] - Number of data variables: 92
[2025-02-28 13:16:59,066][anemoi.training.data.datamodule][INFO] - Timeincrement set to 1 for data with frequency, 21600, and timestep, 21600
[2025-02-28 13:16:59,073][anemoi.training.train.train][INFO] - Number of data variables: 77
[2025-02-28 13:16:59,495][anemoi.training.data.datamodule][INFO] - Timeincrement set to 1 for data with frequency, 21600, and timestep, 21600
[2025-02-28 13:16:59,504][anemoi.training.train.train][INFO] - Number of data variables: 92
[2025-02-28 13:17:01,262][anemoi.training.data.datamodule][INFO] - Timeincrement set to 1 for data with frequency, 21600, and timestep, 21600
[2025-02-28 13:17:01,269][anemoi.training.train.train][INFO] - Number of data variables: 77
[2025-02-28 13:17:08,424][anemoi.training.diagnostics.callbacks.plot][INFO] - Setting up asynchronous plotting ...
[2025-02-28 13:17:08,424][anemoi.training.diagnostics.callbacks.plot][INFO] - Setting up asynchronous plotting ...
[2025-02-28 13:17:08,424][anemoi.training.diagnostics.callbacks.plot][INFO] - Setting up asynchronous plotting ...
[2025-02-28 13:17:08,424][anemoi.training.diagnostics.callbacks.plot][INFO] - Setting up asynchronous plotting ...
[2025-02-28 13:17:08,424][anemoi.training.diagnostics.callbacks.plot][INFO] - Setting up asynchronous plotting ...
[2025-02-28 13:17:08,425][anemoi.training.diagnostics.callbacks.plot][INFO] - Setting up asynchronous plotting ...
[2025-02-28 13:17:08,424][anemoi.training.diagnostics.callbacks.plot][INFO] - Setting up asynchronous plotting ...
[2025-02-28 13:17:08,426][anemoi.training.diagnostics.callbacks.plot][INFO] - Setting up asynchronous plotting ...
[2025-02-28 13:17:08,424][anemoi.training.diagnostics.callbacks.plot][INFO] - Setting up asynchronous plotting ...
[2025-02-28 13:17:08,426][anemoi.training.diagnostics.callbacks.plot][INFO] - Setting up asynchronous plotting ...
[2025-02-28 13:17:08,428][anemoi.training.diagnostics.callbacks.plot][INFO] - Setting up asynchronous plotting ...
[2025-02-28 13:17:08,429][anemoi.training.diagnostics.callbacks.plot][INFO] - Setting up asynchronous plotting ...
[2025-02-28 13:17:08,430][anemoi.training.diagnostics.callbacks.plot][INFO] - Setting up asynchronous plotting ...
[2025-02-28 13:17:08,432][anemoi.training.diagnostics.callbacks.plot][INFO] - Setting up asynchronous plotting ...
[2025-02-28 13:17:08,433][anemoi.training.diagnostics.callbacks.plot][INFO] - Setting up asynchronous plotting ...
[2025-02-28 13:17:08,436][anemoi.training.diagnostics.callbacks.plot][INFO] - Setting up asynchronous plotting ...
[2025-02-28 13:17:08,436][anemoi.training.diagnostics.callbacks.plot][INFO] - Setting up asynchronous plotting ...
[2025-02-28 13:17:08,439][anemoi.training.diagnostics.callbacks.plot][INFO] - Setting up asynchronous plotting ...
[2025-02-28 13:17:08,439][anemoi.training.diagnostics.callbacks.plot][INFO] - Setting up asynchronous plotting ...
[2025-02-28 13:17:08,440][anemoi.training.diagnostics.callbacks.plot][INFO] - Setting up asynchronous plotting ...
[2025-02-28 13:17:08,442][anemoi.training.diagnostics.callbacks.plot][INFO] - Setting up asynchronous plotting ...
[2025-02-28 13:17:08,442][anemoi.training.diagnostics.callbacks.plot][INFO] - Using defined accumulation colormap for fields: ['tp']
[2025-02-28 13:17:08,444][anemoi.training.diagnostics.callbacks.plot][INFO] - Setting up asynchronous plotting ...
[2025-02-28 13:17:08,445][anemoi.training.diagnostics.callbacks.plot][INFO] - Setting up asynchronous plotting ...
[2025-02-28 13:17:08,446][anemoi.training.diagnostics.callbacks.plot][INFO] - Using defined accumulation colormap for fields: ['tp']
[2025-02-28 13:17:08,445][anemoi.training.diagnostics.callbacks.plot][INFO] - Using defined accumulation colormap for fields: ['tp']
[2025-02-28 13:17:08,448][anemoi.training.diagnostics.callbacks.plot][INFO] - Setting up asynchronous plotting ...
[2025-02-28 13:17:08,447][anemoi.training.diagnostics.callbacks.plot][INFO] - Using defined accumulation colormap for fields: ['tp']
[2025-02-28 13:17:08,448][anemoi.training.diagnostics.callbacks.plot][INFO] - Using defined accumulation colormap for fields: ['tp']
[2025-02-28 13:17:08,450][anemoi.training.diagnostics.callbacks.plot][INFO] - Setting up asynchronous plotting ...
[2025-02-28 13:17:08,450][anemoi.training.diagnostics.callbacks.plot][INFO] - Using defined accumulation colormap for fields: ['tp']
[2025-02-28 13:17:08,452][anemoi.training.diagnostics.callbacks.plot][INFO] - Using defined accumulation colormap for fields: ['tp']
[2025-02-28 13:17:08,454][anemoi.training.diagnostics.callbacks.plot][INFO] - Setting up asynchronous plotting ...
[2025-02-28 13:17:08,455][anemoi.training.diagnostics.callbacks.plot][INFO] - Setting up asynchronous plotting ...
[2025-02-28 13:17:08,455][anemoi.training.diagnostics.callbacks.plot][INFO] - Using defined accumulation colormap for fields: ['tp']
[2025-02-28 13:17:08,457][anemoi.training.diagnostics.callbacks.plot][INFO] - Setting up asynchronous plotting ...
[2025-02-28 13:17:08,458][anemoi.training.diagnostics.callbacks.plot][INFO] - Setting up asynchronous plotting ...
[2025-02-28 13:17:08,460][anemoi.training.diagnostics.callbacks.plot][INFO] - Setting up asynchronous plotting ...
[2025-02-28 13:17:08,461][anemoi.training.diagnostics.callbacks.plot][INFO] - Setting up asynchronous plotting ...
[2025-02-28 13:17:08,462][anemoi.training.diagnostics.callbacks.plot][INFO] - Setting up asynchronous plotting ...
[2025-02-28 13:17:08,463][anemoi.training.diagnostics.callbacks.plot][INFO] - Setting up asynchronous plotting ...
[2025-02-28 13:17:08,464][anemoi.training.diagnostics.callbacks.plot][INFO] - Setting up asynchronous plotting ...
[2025-02-28 13:17:08,465][anemoi.training.diagnostics.callbacks.plot][INFO] - Setting up asynchronous plotting ...
[2025-02-28 13:17:08,466][anemoi.training.diagnostics.callbacks.plot][INFO] - Setting up asynchronous plotting ...
[2025-02-28 13:17:08,467][anemoi.training.diagnostics.callbacks.plot][INFO] - Setting up asynchronous plotting ...
[2025-02-28 13:17:08,467][anemoi.training.diagnostics.callbacks.plot][INFO] - Using precip histogram plotting method for fields: ['tp'].
[2025-02-28 13:17:08,469][anemoi.training.diagnostics.callbacks.plot][INFO] - Setting up asynchronous plotting ...
[2025-02-28 13:17:08,471][anemoi.training.diagnostics.callbacks.plot][INFO] - Setting up asynchronous plotting ...
[2025-02-28 13:17:08,471][anemoi.training.diagnostics.callbacks.plot][INFO] - Using precip histogram plotting method for fields: ['tp'].
[2025-02-28 13:17:08,472][anemoi.training.diagnostics.callbacks.plot][INFO] - Using precip histogram plotting method for fields: ['tp'].
[2025-02-28 13:17:08,475][anemoi.training.diagnostics.callbacks.plot][INFO] - Setting up asynchronous plotting ...
[2025-02-28 13:17:08,474][anemoi.training.diagnostics.callbacks.plot][INFO] - Using precip histogram plotting method for fields: ['tp'].
[2025-02-28 13:17:08,476][anemoi.training.diagnostics.callbacks.plot][INFO] - Using precip histogram plotting method for fields: ['tp'].
[2025-02-28 13:17:08,479][anemoi.training.diagnostics.callbacks.plot][INFO] - Using precip histogram plotting method for fields: ['tp'].
[2025-02-28 13:17:08,478][anemoi.training.diagnostics.callbacks.plot][INFO] - Using precip histogram plotting method for fields: ['tp'].
[2025-02-28 13:17:08,482][anemoi.training.diagnostics.callbacks.plot][INFO] - Using precip histogram plotting method for fields: ['tp'].
[2025-02-28 13:17:09,721][pytorch_lightning.utilities.rank_zero][INFO] - Using 16bit Automatic Mixed Precision (AMP)
[2025-02-28 13:17:09,734][pytorch_lightning.utilities.rank_zero][INFO] - Using 16bit Automatic Mixed Precision (AMP)
[2025-02-28 13:17:09,856][pytorch_lightning.utilities.rank_zero][INFO] - GPU available: True (cuda), used: True
[2025-02-28 13:17:09,858][pytorch_lightning.utilities.rank_zero][INFO] - TPU available: False, using: 0 TPU cores
[2025-02-28 13:17:09,858][pytorch_lightning.utilities.rank_zero][INFO] - HPU available: False, using: 0 HPUs
[2025-02-28 13:17:09,862][pytorch_lightning.utilities.rank_zero][INFO] - GPU available: True (cuda), used: True
[2025-02-28 13:17:09,864][pytorch_lightning.utilities.rank_zero][INFO] - TPU available: False, using: 0 TPU cores
[2025-02-28 13:17:09,864][pytorch_lightning.utilities.rank_zero][INFO] - HPU available: False, using: 0 HPUs
[2025-02-28 13:17:09,894][lightning_fabric.utilities.seed][INFO] - [rank: 0] Seed set to 536565
[2025-02-28 13:17:09,894][lightning_fabric.utilities.seed][INFO] - [rank: 2] Seed set to 536565
[2025-02-28 13:17:09,894][lightning_fabric.utilities.seed][INFO] - [rank: 3] Seed set to 536565
[2025-02-28 13:17:09,894][lightning_fabric.utilities.seed][INFO] - [rank: 1] Seed set to 536565
[2025-02-28 13:17:09,898][lightning_fabric.utilities.seed][INFO] - [rank: 3] Seed set to 536564
[2025-02-28 13:17:09,898][lightning_fabric.utilities.seed][INFO] - [rank: 0] Seed set to 536564
[2025-02-28 13:17:09,898][lightning_fabric.utilities.seed][INFO] - [rank: 1] Seed set to 536564
[2025-02-28 13:17:09,898][lightning_fabric.utilities.seed][INFO] - [rank: 2] Seed set to 536564
[2025-02-28 13:17:26,315][anemoi.models.preprocessing.normalizer][INFO] - Normalizing: cos_julian_day is not normalized.
[2025-02-28 13:17:26,316][anemoi.models.preprocessing.normalizer][INFO] - Normalizing: cos_latitude is not normalized.
[2025-02-28 13:17:26,316][anemoi.models.preprocessing.normalizer][INFO] - Normalizing: cos_local_time is not normalized.
[2025-02-28 13:17:26,316][anemoi.models.preprocessing.normalizer][INFO] - Normalizing: cos_longitude is not normalized.
[2025-02-28 13:17:26,316][anemoi.models.preprocessing.normalizer][INFO] - Normalizing: insolation is not normalized.
[2025-02-28 13:17:26,316][anemoi.models.preprocessing.normalizer][INFO] - Normalizing: lsm is not normalized.
[2025-02-28 13:17:26,316][anemoi.models.preprocessing.normalizer][INFO] - Normalizing: sin_julian_day is not normalized.
[2025-02-28 13:17:26,316][anemoi.models.preprocessing.normalizer][INFO] - Normalizing: sin_latitude is not normalized.
[2025-02-28 13:17:26,316][anemoi.models.preprocessing.normalizer][INFO] - Normalizing: sin_local_time is not normalized.
[2025-02-28 13:17:26,316][anemoi.models.preprocessing.normalizer][INFO] - Normalizing: sin_longitude is not normalized.
[2025-02-28 13:17:26,316][anemoi.models.preprocessing.normalizer][INFO] - Normalizing: z_sfc is not normalized.
[2025-02-28 13:17:26,318][anemoi.models.preprocessing.normalizer][INFO] - Normalizing: cos_julian_day is not normalized.
[2025-02-28 13:17:26,318][anemoi.models.preprocessing.normalizer][INFO] - Normalizing: cos_julian_day is not normalized.
[2025-02-28 13:17:26,318][anemoi.models.preprocessing.normalizer][INFO] - Normalizing: cos_julian_day is not normalized.
[2025-02-28 13:17:26,320][anemoi.models.preprocessing.normalizer][INFO] - Normalizing: cos_latitude is not normalized.
[2025-02-28 13:17:26,320][anemoi.models.preprocessing.normalizer][INFO] - Normalizing: cos_latitude is not normalized.
[2025-02-28 13:17:26,320][anemoi.models.preprocessing.normalizer][INFO] - Normalizing: cos_latitude is not normalized.
[2025-02-28 13:17:26,320][anemoi.models.preprocessing.normalizer][INFO] - Normalizing: cos_local_time is not normalized.
[2025-02-28 13:17:26,320][anemoi.models.preprocessing.normalizer][INFO] - Normalizing: cos_local_time is not normalized.
[2025-02-28 13:17:26,320][anemoi.models.preprocessing.normalizer][INFO] - Normalizing: cos_longitude is not normalized.
[2025-02-28 13:17:26,320][anemoi.models.preprocessing.normalizer][INFO] - Normalizing: cos_local_time is not normalized.
[2025-02-28 13:17:26,320][anemoi.models.preprocessing.normalizer][INFO] - Normalizing: insolation is not normalized.
[2025-02-28 13:17:26,320][anemoi.models.preprocessing.normalizer][INFO] - Normalizing: lsm is not normalized.
[2025-02-28 13:17:26,320][anemoi.models.preprocessing.normalizer][INFO] - Normalizing: sin_julian_day is not normalized.
[2025-02-28 13:17:26,320][anemoi.models.preprocessing.normalizer][INFO] - Normalizing: cos_longitude is not normalized.
[2025-02-28 13:17:26,320][anemoi.models.preprocessing.normalizer][INFO] - Normalizing: sin_latitude is not normalized.
[2025-02-28 13:17:26,320][anemoi.models.preprocessing.normalizer][INFO] - Normalizing: sin_local_time is not normalized.
[2025-02-28 13:17:26,320][anemoi.models.preprocessing.normalizer][INFO] - Normalizing: cos_longitude is not normalized.
[2025-02-28 13:17:26,320][anemoi.models.preprocessing.normalizer][INFO] - Normalizing: sin_longitude is not normalized.
[2025-02-28 13:17:26,320][anemoi.models.preprocessing.normalizer][INFO] - Normalizing: insolation is not normalized.
[2025-02-28 13:17:26,321][anemoi.models.preprocessing.normalizer][INFO] - Normalizing: insolation is not normalized.
[2025-02-28 13:17:26,321][anemoi.models.preprocessing.normalizer][INFO] - Normalizing: z_sfc is not normalized.
[2025-02-28 13:17:26,321][anemoi.models.preprocessing.normalizer][INFO] - Normalizing: lsm is not normalized.
[2025-02-28 13:17:26,321][anemoi.models.preprocessing.normalizer][INFO] - Normalizing: lsm is not normalized.
[2025-02-28 13:17:26,321][anemoi.models.preprocessing.normalizer][INFO] - Normalizing: sin_julian_day is not normalized.
[2025-02-28 13:17:26,321][anemoi.models.preprocessing.normalizer][INFO] - Normalizing: sin_julian_day is not normalized.
[2025-02-28 13:17:26,321][anemoi.models.preprocessing.normalizer][INFO] - Normalizing: sin_latitude is not normalized.
[2025-02-28 13:17:26,321][anemoi.models.preprocessing.normalizer][INFO] - Normalizing: sin_latitude is not normalized.
[2025-02-28 13:17:26,321][anemoi.models.preprocessing.normalizer][INFO] - Normalizing: sin_local_time is not normalized.
[2025-02-28 13:17:26,321][anemoi.models.preprocessing.normalizer][INFO] - Normalizing: sin_local_time is not normalized.
[2025-02-28 13:17:26,321][anemoi.models.preprocessing.normalizer][INFO] - Normalizing: sin_longitude is not normalized.
[2025-02-28 13:17:26,322][anemoi.models.preprocessing.normalizer][INFO] - Normalizing: sin_longitude is not normalized.
[2025-02-28 13:17:26,322][anemoi.models.preprocessing.normalizer][INFO] - Normalizing: z_sfc is not normalized.
[2025-02-28 13:17:26,322][anemoi.models.preprocessing.normalizer][INFO] - Normalizing: z_sfc is not normalized.
[2025-02-28 13:17:26,322][anemoi.models.preprocessing.normalizer][INFO] - Normalizing: cos_julian_day is not normalized.
[2025-02-28 13:17:26,322][anemoi.models.preprocessing.normalizer][INFO] - Normalizing: cos_latitude is not normalized.
[2025-02-28 13:17:26,322][anemoi.models.preprocessing.normalizer][INFO] - Normalizing: cos_local_time is not normalized.
[2025-02-28 13:17:26,323][anemoi.models.preprocessing.normalizer][INFO] - Normalizing: cos_longitude is not normalized.
[2025-02-28 13:17:26,323][anemoi.models.preprocessing.normalizer][INFO] - Normalizing: insolation is not normalized.
[2025-02-28 13:17:26,323][anemoi.models.preprocessing.normalizer][INFO] - Normalizing: lsm is not normalized.
[2025-02-28 13:17:26,323][anemoi.models.preprocessing.normalizer][INFO] - Normalizing: sin_julian_day is not normalized.
[2025-02-28 13:17:26,323][anemoi.models.preprocessing.normalizer][INFO] - Normalizing: sin_latitude is not normalized.
[2025-02-28 13:17:26,323][anemoi.models.preprocessing.normalizer][INFO] - Normalizing: sin_local_time is not normalized.
[2025-02-28 13:17:26,323][anemoi.models.preprocessing.normalizer][INFO] - Normalizing: sin_longitude is not normalized.
[2025-02-28 13:17:26,323][anemoi.models.preprocessing.normalizer][INFO] - Normalizing: z_sfc is not normalized.
[2025-02-28 13:17:26,325][anemoi.models.preprocessing.normalizer][INFO] - Normalizing: cos_julian_day is not normalized.
[2025-02-28 13:17:26,326][anemoi.models.preprocessing.normalizer][INFO] - Normalizing: cos_julian_day is not normalized.
[2025-02-28 13:17:26,326][anemoi.models.preprocessing.normalizer][INFO] - Normalizing: cos_julian_day is not normalized.
[2025-02-28 13:17:26,327][anemoi.models.preprocessing.normalizer][INFO] - Normalizing: cos_latitude is not normalized.
[2025-02-28 13:17:26,327][anemoi.models.preprocessing.normalizer][INFO] - Normalizing: cos_latitude is not normalized.
[2025-02-28 13:17:26,327][anemoi.models.preprocessing.normalizer][INFO] - Normalizing: cos_local_time is not normalized.
[2025-02-28 13:17:26,327][anemoi.models.preprocessing.normalizer][INFO] - Normalizing: cos_local_time is not normalized.
[2025-02-28 13:17:26,327][anemoi.models.preprocessing.normalizer][INFO] - Normalizing: cos_longitude is not normalized.
[2025-02-28 13:17:26,327][anemoi.models.preprocessing.normalizer][INFO] - Normalizing: cos_longitude is not normalized.
[2025-02-28 13:17:26,328][anemoi.models.preprocessing.normalizer][INFO] - Normalizing: insolation is not normalized.
[2025-02-28 13:17:26,328][anemoi.models.preprocessing.normalizer][INFO] - Normalizing: insolation is not normalized.
[2025-02-28 13:17:26,328][anemoi.models.preprocessing.normalizer][INFO] - Normalizing: lsm is not normalized.
[2025-02-28 13:17:26,328][anemoi.models.preprocessing.normalizer][INFO] - Normalizing: lsm is not normalized.
[2025-02-28 13:17:26,328][anemoi.models.preprocessing.normalizer][INFO] - Normalizing: sin_julian_day is not normalized.
[2025-02-28 13:17:26,328][anemoi.models.preprocessing.normalizer][INFO] - Normalizing: sin_julian_day is not normalized.
[2025-02-28 13:17:26,328][anemoi.models.preprocessing.normalizer][INFO] - Normalizing: sin_latitude is not normalized.
[2025-02-28 13:17:26,328][anemoi.models.preprocessing.normalizer][INFO] - Normalizing: sin_latitude is not normalized.
[2025-02-28 13:17:26,328][anemoi.models.preprocessing.normalizer][INFO] - Normalizing: sin_local_time is not normalized.
[2025-02-28 13:17:26,328][anemoi.models.preprocessing.normalizer][INFO] - Normalizing: sin_local_time is not normalized.
[2025-02-28 13:17:26,328][anemoi.models.preprocessing.normalizer][INFO] - Normalizing: sin_longitude is not normalized.
[2025-02-28 13:17:26,328][anemoi.models.preprocessing.normalizer][INFO] - Normalizing: sin_longitude is not normalized.
[2025-02-28 13:17:26,328][anemoi.models.preprocessing.normalizer][INFO] - Normalizing: z_sfc is not normalized.
[2025-02-28 13:17:26,328][anemoi.models.preprocessing.normalizer][INFO] - Normalizing: z_sfc is not normalized.
[2025-02-28 13:17:26,327][anemoi.models.preprocessing.normalizer][INFO] - Normalizing: cos_latitude is not normalized.
[2025-02-28 13:17:26,328][anemoi.models.preprocessing.normalizer][INFO] - Normalizing: cos_local_time is not normalized.
[2025-02-28 13:17:26,328][anemoi.models.preprocessing.normalizer][INFO] - Normalizing: cos_longitude is not normalized.
[2025-02-28 13:17:26,329][anemoi.models.preprocessing.normalizer][INFO] - Normalizing: insolation is not normalized.
[2025-02-28 13:17:26,329][anemoi.models.preprocessing.normalizer][INFO] - Normalizing: lsm is not normalized.
[2025-02-28 13:17:26,329][anemoi.models.preprocessing.normalizer][INFO] - Normalizing: sin_julian_day is not normalized.
[2025-02-28 13:17:26,329][anemoi.models.preprocessing.normalizer][INFO] - Normalizing: sin_latitude is not normalized.
[2025-02-28 13:17:26,329][anemoi.models.preprocessing.normalizer][INFO] - Normalizing: sin_local_time is not normalized.
[2025-02-28 13:17:26,329][anemoi.models.preprocessing.normalizer][INFO] - Normalizing: sin_longitude is not normalized.
[2025-02-28 13:17:26,329][anemoi.models.preprocessing.normalizer][INFO] - Normalizing: z_sfc is not normalized.
[2025-02-28 13:17:26,518][anemoi.models.layers.utils][INFO] - Linear kernel: {'_target_': 'torch.nn.Linear', '_partial_': True}
[2025-02-28 13:17:26,518][anemoi.models.layers.utils][INFO] - Linear kernel: {'_target_': 'torch.nn.Linear', '_partial_': True}
[2025-02-28 13:17:26,518][anemoi.models.layers.utils][INFO] - Linear kernel: {'_target_': 'torch.nn.Linear', '_partial_': True}
[2025-02-28 13:17:26,518][anemoi.models.layers.utils][INFO] - LayerNorm kernel: {'_target_': 'torch.nn.LayerNorm', '_partial_': True}
[2025-02-28 13:17:26,518][anemoi.models.layers.utils][INFO] - LayerNorm kernel: {'_target_': 'torch.nn.LayerNorm', '_partial_': True}
[2025-02-28 13:17:26,518][anemoi.models.layers.utils][INFO] - Linear kernel: {'_target_': 'torch.nn.Linear', '_partial_': True}
[2025-02-28 13:17:26,519][anemoi.models.layers.utils][INFO] - LayerNorm kernel: {'_target_': 'torch.nn.LayerNorm', '_partial_': True}
[2025-02-28 13:17:26,519][anemoi.models.layers.utils][INFO] - Linear kernel: {'_target_': 'torch.nn.Linear', '_partial_': True}
[2025-02-28 13:17:26,519][anemoi.models.layers.utils][INFO] - Linear kernel: {'_target_': 'torch.nn.Linear', '_partial_': True}
[2025-02-28 13:17:26,519][anemoi.models.layers.utils][INFO] - Linear kernel: {'_target_': 'torch.nn.Linear', '_partial_': True}
[2025-02-28 13:17:26,525][anemoi.models.layers.utils][INFO] - LayerNorm kernel: {'_target_': 'torch.nn.LayerNorm', '_partial_': True}
[2025-02-28 13:17:26,520][anemoi.models.layers.utils][INFO] - Linear kernel: {'_target_': 'torch.nn.Linear', '_partial_': True}
[2025-02-28 13:17:26,521][anemoi.models.layers.utils][INFO] - LayerNorm kernel: {'_target_': 'torch.nn.LayerNorm', '_partial_': True}
[2025-02-28 13:17:26,523][anemoi.models.layers.utils][INFO] - LayerNorm kernel: {'_target_': 'torch.nn.LayerNorm', '_partial_': True}
[2025-02-28 13:17:26,526][anemoi.models.layers.utils][INFO] - LayerNorm kernel: {'_target_': 'torch.nn.LayerNorm', '_partial_': True}
[2025-02-28 13:17:26,529][anemoi.models.layers.utils][INFO] - LayerNorm kernel: {'_target_': 'torch.nn.LayerNorm', '_partial_': True}
[2025-02-28 13:17:31,067][anemoi.training.losses.nodeweights][INFO] - Loading node attribute area_weight from the graph
[2025-02-28 13:17:31,067][anemoi.training.losses.nodeweights][INFO] - Loading node attribute area_weight from the graph
[2025-02-28 13:17:31,068][anemoi.training.losses.nodeweights][INFO] - Loading node attribute area_weight from the graph
[2025-02-28 13:17:31,070][anemoi.training.losses.nodeweights][INFO] - Loading node attribute area_weight from the graph
[2025-02-28 13:17:31,072][anemoi.training.train.forecaster][INFO] - Pressure level scaling: use scaler ReluPressureLevelScaler with slope 0.0010 and minimum 0.20
[2025-02-28 13:17:31,072][anemoi.training.train.forecaster][INFO] - Pressure level scaling: use scaler ReluPressureLevelScaler with slope 0.0010 and minimum 0.20
[2025-02-28 13:17:31,072][anemoi.training.train.forecaster][INFO] - Pressure level scaling: use scaler ReluPressureLevelScaler with slope 0.0010 and minimum 0.20
[2025-02-28 13:17:31,072][anemoi.training.train.forecaster][INFO] - Pressure level scaling: use scaler ReluPressureLevelScaler with slope 0.0010 and minimum 0.20
[2025-02-28 13:17:31,078][anemoi.training.losses.nodeweights][INFO] - Loading node attribute area_weight from the graph
[2025-02-28 13:17:31,078][anemoi.training.losses.nodeweights][INFO] - Loading node attribute area_weight from the graph
[2025-02-28 13:17:31,078][anemoi.training.losses.nodeweights][INFO] - Loading node attribute area_weight from the graph
[2025-02-28 13:17:31,078][anemoi.training.losses.nodeweights][INFO] - Loading node attribute area_weight from the graph
[2025-02-28 13:17:31,085][anemoi.training.train.forecaster][INFO] - Pressure level scaling: use scaler ReluPressureLevelScaler with slope 0.0010 and minimum 0.20
[2025-02-28 13:17:31,085][anemoi.training.train.forecaster][INFO] - Pressure level scaling: use scaler ReluPressureLevelScaler with slope 0.0010 and minimum 0.20
[2025-02-28 13:17:31,085][anemoi.training.train.forecaster][INFO] - Pressure level scaling: use scaler ReluPressureLevelScaler with slope 0.0010 and minimum 0.20
[2025-02-28 13:17:31,085][anemoi.training.train.forecaster][INFO] - Pressure level scaling: use scaler ReluPressureLevelScaler with slope 0.0010 and minimum 0.20
[2025-02-28 13:17:37,488][lightning_fabric.utilities.distributed][INFO] - Initializing distributed: GLOBAL_RANK: 0, MEMBER: 1/4
[2025-02-28 13:17:37,629][lightning_fabric.utilities.distributed][INFO] - Initializing distributed: GLOBAL_RANK: 0, MEMBER: 1/4
[2025-02-28 13:17:37,961][lightning_fabric.utilities.distributed][INFO] - Initializing distributed: GLOBAL_RANK: 3, MEMBER: 4/4
[2025-02-28 13:17:37,960][lightning_fabric.utilities.distributed][INFO] - Initializing distributed: GLOBAL_RANK: 2, MEMBER: 3/4
[2025-02-28 13:17:37,962][lightning_fabric.utilities.distributed][INFO] - Initializing distributed: GLOBAL_RANK: 1, MEMBER: 2/4
[2025-02-28 13:17:37,986][pytorch_lightning.utilities.rank_zero][INFO] - ----------------------------------------------------------------------------------------------------
distributed_backend=nccl
All distributed processes registered. Starting with 4 processes
----------------------------------------------------------------------------------------------------

[2025-02-28 13:17:38,383][lightning_fabric.utilities.distributed][INFO] - Initializing distributed: GLOBAL_RANK: 1, MEMBER: 2/4
[2025-02-28 13:17:38,384][lightning_fabric.utilities.distributed][INFO] - Initializing distributed: GLOBAL_RANK: 3, MEMBER: 4/4
[2025-02-28 13:17:38,384][lightning_fabric.utilities.distributed][INFO] - Initializing distributed: GLOBAL_RANK: 2, MEMBER: 3/4
[2025-02-28 13:17:38,404][pytorch_lightning.utilities.rank_zero][INFO] - ----------------------------------------------------------------------------------------------------
distributed_backend=nccl
All distributed processes registered. Starting with 4 processes
----------------------------------------------------------------------------------------------------

[2025-02-28 13:17:44,406][pytorch_lightning.accelerators.cuda][INFO] - LOCAL_RANK: 0 - CUDA_VISIBLE_DEVICES: [0,1,2,3]
[2025-02-28 13:17:44,406][pytorch_lightning.accelerators.cuda][INFO] - LOCAL_RANK: 3 - CUDA_VISIBLE_DEVICES: [0,1,2,3]
[2025-02-28 13:17:44,406][pytorch_lightning.accelerators.cuda][INFO] - LOCAL_RANK: 1 - CUDA_VISIBLE_DEVICES: [0,1,2,3]
[2025-02-28 13:17:44,406][pytorch_lightning.accelerators.cuda][INFO] - LOCAL_RANK: 2 - CUDA_VISIBLE_DEVICES: [0,1,2,3]
[2025-02-28 13:17:44,643][lightning_fabric.utilities.seed][INFO] - [rank: 3] Seed set to 536564
[2025-02-28 13:17:44,643][lightning_fabric.utilities.seed][INFO] - [rank: 1] Seed set to 536564
[2025-02-28 13:17:44,643][lightning_fabric.utilities.seed][INFO] - [rank: 0] Seed set to 536564
[2025-02-28 13:17:44,644][lightning_fabric.utilities.seed][INFO] - [rank: 2] Seed set to 536564
[2025-02-28 13:17:44,655][pytorch_lightning.callbacks.model_summary][INFO] - 
  | Name    | Type                 | Params | Mode 
---------------------------------------------------------
0 | model   | AnemoiModelInterface | 320 M  | train
1 | loss    | WeightedMSELoss      | 0      | train
2 | metrics | ModuleList           | 0      | train
---------------------------------------------------------
320 M     Trainable params
0         Non-trainable params
320 M     Total params
1,283.014 Total estimated model params size (MB)
305       Modules in train mode
0         Modules in eval mode
[2025-02-28 13:17:44,661][pytorch_lightning.trainer.connectors.signal_connector][INFO] - SLURM auto-requeueing enabled. Setting signal handlers.
[2025-02-28 13:17:44,661][pytorch_lightning.trainer.connectors.signal_connector][INFO] - SLURM auto-requeueing enabled. Setting signal handlers.
[2025-02-28 13:17:44,661][pytorch_lightning.trainer.connectors.signal_connector][INFO] - SLURM auto-requeueing enabled. Setting signal handlers.
[2025-02-28 13:17:44,662][pytorch_lightning.trainer.connectors.signal_connector][INFO] - SLURM auto-requeueing enabled. Setting signal handlers.
[2025-02-28 13:17:44,681][pytorch_lightning.accelerators.cuda][INFO] - LOCAL_RANK: 0 - CUDA_VISIBLE_DEVICES: [0,1,2,3]
[2025-02-28 13:17:44,681][pytorch_lightning.accelerators.cuda][INFO] - LOCAL_RANK: 3 - CUDA_VISIBLE_DEVICES: [0,1,2,3]
[2025-02-28 13:17:44,681][pytorch_lightning.accelerators.cuda][INFO] - LOCAL_RANK: 2 - CUDA_VISIBLE_DEVICES: [0,1,2,3]
[2025-02-28 13:17:44,681][pytorch_lightning.accelerators.cuda][INFO] - LOCAL_RANK: 1 - CUDA_VISIBLE_DEVICES: [0,1,2,3]
[2025-02-28 13:17:44,804][lightning_fabric.utilities.seed][INFO] - [rank: 2] Seed set to 536565
[2025-02-28 13:17:44,804][lightning_fabric.utilities.seed][INFO] - [rank: 3] Seed set to 536565
[2025-02-28 13:17:44,804][lightning_fabric.utilities.seed][INFO] - [rank: 1] Seed set to 536565
[2025-02-28 13:17:44,804][lightning_fabric.utilities.seed][INFO] - [rank: 0] Seed set to 536565
[2025-02-28 13:17:44,816][pytorch_lightning.callbacks.model_summary][INFO] - 
  | Name    | Type                 | Params | Mode 
---------------------------------------------------------
0 | model   | AnemoiModelInterface | 317 M  | train
1 | loss    | WeightedMSELoss      | 0      | train
2 | metrics | ModuleList           | 0      | train
---------------------------------------------------------
317 M     Trainable params
0         Non-trainable params
317 M     Total params
1,270.306 Total estimated model params size (MB)
305       Modules in train mode
0         Modules in eval mode
[2025-02-28 13:17:44,821][pytorch_lightning.trainer.connectors.signal_connector][INFO] - SLURM auto-requeueing enabled. Setting signal handlers.
[2025-02-28 13:17:44,821][pytorch_lightning.trainer.connectors.signal_connector][INFO] - SLURM auto-requeueing enabled. Setting signal handlers.
[2025-02-28 13:17:44,821][pytorch_lightning.trainer.connectors.signal_connector][INFO] - SLURM auto-requeueing enabled. Setting signal handlers.
[2025-02-28 13:17:44,821][pytorch_lightning.trainer.connectors.signal_connector][INFO] - SLURM auto-requeueing enabled. Setting signal handlers.
[2025-02-28 13:23:38,016][anemoi.training.diagnostics.callbacks.sanity][INFO] - No variable order to compare. Skipping variable order check.
[2025-02-28 13:23:38,016][anemoi.training.diagnostics.callbacks.sanity][INFO] - No variable order to compare. Skipping variable order check.
[2025-02-28 13:23:38,016][anemoi.training.diagnostics.callbacks.sanity][INFO] - No variable order to compare. Skipping variable order check.
[2025-02-28 13:23:38,016][anemoi.training.diagnostics.callbacks.sanity][INFO] - No variable order to compare. Skipping variable order check.
[2025-02-28 13:23:38,055][anemoi.training.diagnostics.callbacks.sanity][INFO] - No variable order to compare. Skipping variable order check.
[2025-02-28 13:23:38,055][anemoi.training.diagnostics.callbacks.sanity][INFO] - No variable order to compare. Skipping variable order check.
[2025-02-28 13:23:38,056][anemoi.training.diagnostics.callbacks.sanity][INFO] - No variable order to compare. Skipping variable order check.
[2025-02-28 13:23:38,056][anemoi.training.diagnostics.callbacks.sanity][INFO] - No variable order to compare. Skipping variable order check.
[2025-02-28 13:23:38,059][anemoi.training.diagnostics.callbacks.sanity][INFO] - No variable order to compare. Skipping variable order check.
[2025-02-28 13:23:38,060][anemoi.training.diagnostics.callbacks.sanity][INFO] - No variable order to compare. Skipping variable order check.
[2025-02-28 13:23:38,060][anemoi.training.diagnostics.callbacks.sanity][INFO] - No variable order to compare. Skipping variable order check.
[2025-02-28 13:23:38,061][anemoi.training.diagnostics.callbacks.sanity][INFO] - No variable order to compare. Skipping variable order check.
[2025-02-28 13:23:38,062][pytorch_lightning.utilities.rank_zero][INFO] - `Trainer.fit` stopped: `max_epochs=3` reached.
[2025-02-28 13:23:38,781][anemoi.training.diagnostics.callbacks.sanity][INFO] - No variable order to compare. Skipping variable order check.
[2025-02-28 13:23:38,782][anemoi.training.diagnostics.callbacks.sanity][INFO] - No variable order to compare. Skipping variable order check.
[2025-02-28 13:23:38,781][anemoi.training.diagnostics.callbacks.sanity][INFO] - No variable order to compare. Skipping variable order check.
[2025-02-28 13:23:38,782][anemoi.training.diagnostics.callbacks.sanity][INFO] - No variable order to compare. Skipping variable order check.
[2025-02-28 13:23:38,784][anemoi.training.diagnostics.callbacks.sanity][INFO] - No variable order to compare. Skipping variable order check.
[2025-02-28 13:23:38,784][anemoi.training.diagnostics.callbacks.sanity][INFO] - No variable order to compare. Skipping variable order check.
[2025-02-28 13:23:38,784][anemoi.training.diagnostics.callbacks.sanity][INFO] - No variable order to compare. Skipping variable order check.
[2025-02-28 13:23:38,785][anemoi.training.diagnostics.callbacks.sanity][INFO] - No variable order to compare. Skipping variable order check.
[2025-02-28 13:23:38,788][anemoi.training.diagnostics.callbacks.sanity][INFO] - No variable order to compare. Skipping variable order check.
[2025-02-28 13:23:38,788][anemoi.training.diagnostics.callbacks.sanity][INFO] - No variable order to compare. Skipping variable order check.
[2025-02-28 13:23:38,789][anemoi.training.diagnostics.callbacks.sanity][INFO] - No variable order to compare. Skipping variable order check.
[2025-02-28 13:23:38,789][anemoi.training.diagnostics.callbacks.sanity][INFO] - No variable order to compare. Skipping variable order check.
[2025-02-28 13:23:38,792][pytorch_lightning.utilities.rank_zero][INFO] - `Trainer.fit` stopped: `max_epochs=3` reached.
[2025-02-28 13:23:42,434][anemoi.training.diagnostics.callbacks.plot][INFO] - Teardown of the Plot Callback ...
[2025-02-28 13:23:42,436][anemoi.training.diagnostics.callbacks.plot][INFO] - waiting and shutting down the executor ...
[2025-02-28 13:23:42,437][anemoi.training.diagnostics.callbacks.plot][INFO] - Teardown of the Plot Callback ...
[2025-02-28 13:23:42,437][anemoi.training.diagnostics.callbacks.plot][INFO] - waiting and shutting down the executor ...
[2025-02-28 13:23:42,437][anemoi.training.diagnostics.callbacks.plot][INFO] - Teardown of the Plot Callback ...
[2025-02-28 13:23:42,438][anemoi.training.diagnostics.callbacks.plot][INFO] - waiting and shutting down the executor ...
[2025-02-28 13:23:42,438][anemoi.training.diagnostics.callbacks.plot][INFO] - Teardown of the Plot Callback ...
[2025-02-28 13:23:42,438][anemoi.training.diagnostics.callbacks.plot][INFO] - waiting and shutting down the executor ...
[2025-02-28 13:23:42,439][anemoi.training.diagnostics.callbacks.plot][INFO] - Teardown of the Plot Callback ...
[2025-02-28 13:23:42,439][anemoi.training.diagnostics.callbacks.plot][INFO] - waiting and shutting down the executor ...
[2025-02-28 13:23:42,440][anemoi.training.train.train][INFO] - memory summary: |===========================================================================|
|                  PyTorch CUDA memory summary, device ID 1                 |
|---------------------------------------------------------------------------|
|            CUDA OOMs: 0            |        cudaMalloc retries: 0         |
|===========================================================================|
|        Metric         | Cur Usage  | Peak Usage | Tot Alloc  | Tot Freed  |
|---------------------------------------------------------------------------|
| Allocated memory      |    512 B   |   2634 MiB |   4041 MiB |   4041 MiB |
|       from large pool |      0 B   |   2630 MiB |   4038 MiB |   4038 MiB |
|       from small pool |    512 B   |      3 MiB |      3 MiB |      3 MiB |
|---------------------------------------------------------------------------|
| Active memory         |    512 B   |   2690 MiB |   4041 MiB |   4041 MiB |
|       from large pool |      0 B   |   2687 MiB |   4038 MiB |   4038 MiB |
|       from small pool |    512 B   |      3 MiB |      3 MiB |      3 MiB |
|---------------------------------------------------------------------------|
| Requested memory      |      1 B   |   2687 MiB |   4038 MiB |   4038 MiB |
|       from large pool |      0 B   |   2683 MiB |   4034 MiB |   4034 MiB |
|       from small pool |      1 B   |      3 MiB |      3 MiB |      3 MiB |
|---------------------------------------------------------------------------|
| GPU reserved memory   |   2048 KiB |   3834 MiB |   3834 MiB |   3832 MiB |
|       from large pool |      0 KiB |   3828 MiB |   3828 MiB |   3828 MiB |
|       from small pool |   2048 KiB |      6 MiB |      6 MiB |      4 MiB |
|---------------------------------------------------------------------------|
| Non-releasable memory |   2047 KiB | 232691 KiB |    924 MiB |    922 MiB |
|       from large pool |      0 KiB | 230384 KiB |    908 MiB |    908 MiB |
|       from small pool |   2047 KiB |   4095 KiB |     15 MiB |     13 MiB |
|---------------------------------------------------------------------------|
| Allocations           |       1    |     403    |     434    |     433    |
|       from large pool |       0    |     143    |     148    |     148    |
|       from small pool |       1    |     262    |     286    |     285    |
|---------------------------------------------------------------------------|
| Active allocs         |       1    |     403    |     434    |     433    |
|       from large pool |       0    |     145    |     148    |     148    |
|       from small pool |       1    |     262    |     286    |     285    |
|---------------------------------------------------------------------------|
| GPU reserved segments |       1    |      73    |      73    |      72    |
|       from large pool |       0    |      70    |      70    |      70    |
|       from small pool |       1    |       3    |       3    |       2    |
|---------------------------------------------------------------------------|
| Non-releasable allocs |       2    |      12    |      68    |      66    |
|       from large pool |       0    |      10    |      50    |      50    |
|       from small pool |       2    |       4    |      18    |      16    |
|---------------------------------------------------------------------------|
| Oversize allocations  |       0    |       0    |       0    |       0    |
|---------------------------------------------------------------------------|
| Oversize GPU segments |       0    |       0    |       0    |       0    |
|===========================================================================|

[2025-02-28 13:23:42,502][anemoi.training.diagnostics.callbacks.plot][INFO] - Teardown of the Plot Callback ...
[2025-02-28 13:23:42,504][anemoi.training.diagnostics.callbacks.plot][INFO] - waiting and shutting down the executor ...
[2025-02-28 13:23:42,505][anemoi.training.diagnostics.callbacks.plot][INFO] - Teardown of the Plot Callback ...
[2025-02-28 13:23:42,505][anemoi.training.diagnostics.callbacks.plot][INFO] - waiting and shutting down the executor ...
[2025-02-28 13:23:42,506][anemoi.training.diagnostics.callbacks.plot][INFO] - Teardown of the Plot Callback ...
[2025-02-28 13:23:42,507][anemoi.training.diagnostics.callbacks.plot][INFO] - waiting and shutting down the executor ...
[2025-02-28 13:23:42,507][anemoi.training.diagnostics.callbacks.plot][INFO] - Teardown of the Plot Callback ...
[2025-02-28 13:23:42,507][anemoi.training.diagnostics.callbacks.plot][INFO] - waiting and shutting down the executor ...
[2025-02-28 13:23:42,508][anemoi.training.diagnostics.callbacks.plot][INFO] - Teardown of the Plot Callback ...
[2025-02-28 13:23:42,508][anemoi.training.diagnostics.callbacks.plot][INFO] - waiting and shutting down the executor ...
[2025-02-28 13:23:42,509][anemoi.training.train.train][INFO] - memory summary: |===========================================================================|
|                  PyTorch CUDA memory summary, device ID 2                 |
|---------------------------------------------------------------------------|
|            CUDA OOMs: 0            |        cudaMalloc retries: 0         |
|===========================================================================|
|        Metric         | Cur Usage  | Peak Usage | Tot Alloc  | Tot Freed  |
|---------------------------------------------------------------------------|
| Allocated memory      |    512 B   |   2634 MiB |   4041 MiB |   4041 MiB |
|       from large pool |      0 B   |   2630 MiB |   4038 MiB |   4038 MiB |
|       from small pool |    512 B   |      3 MiB |      3 MiB |      3 MiB |
|---------------------------------------------------------------------------|
| Active memory         |    512 B   |   2690 MiB |   4041 MiB |   4041 MiB |
|       from large pool |      0 B   |   2687 MiB |   4038 MiB |   4038 MiB |
|       from small pool |    512 B   |      3 MiB |      3 MiB |      3 MiB |
|---------------------------------------------------------------------------|
| Requested memory      |      1 B   |   2687 MiB |   4038 MiB |   4038 MiB |
|       from large pool |      0 B   |   2683 MiB |   4034 MiB |   4034 MiB |
|       from small pool |      1 B   |      3 MiB |      3 MiB |      3 MiB |
|---------------------------------------------------------------------------|
| GPU reserved memory   |   2048 KiB |   3834 MiB |   3834 MiB |   3832 MiB |
|       from large pool |      0 KiB |   3828 MiB |   3828 MiB |   3828 MiB |
|       from small pool |   2048 KiB |      6 MiB |      6 MiB |      4 MiB |
|---------------------------------------------------------------------------|
| Non-releasable memory |   2047 KiB | 232691 KiB |    924 MiB |    922 MiB |
|       from large pool |      0 KiB | 230384 KiB |    908 MiB |    908 MiB |
|       from small pool |   2047 KiB |   4095 KiB |     15 MiB |     13 MiB |
|---------------------------------------------------------------------------|
| Allocations           |       1    |     403    |     434    |     433    |
|       from large pool |       0    |     143    |     148    |     148    |
|       from small pool |       1    |     262    |     286    |     285    |
|---------------------------------------------------------------------------|
| Active allocs         |       1    |     403    |     434    |     433    |
|       from large pool |       0    |     145    |     148    |     148    |
|       from small pool |       1    |     262    |     286    |     285    |
|---------------------------------------------------------------------------|
| GPU reserved segments |       1    |      73    |      73    |      72    |
|       from large pool |       0    |      70    |      70    |      70    |
|       from small pool |       1    |       3    |       3    |       2    |
|---------------------------------------------------------------------------|
| Non-releasable allocs |       2    |      12    |      68    |      66    |
|       from large pool |       0    |      10    |      50    |      50    |
|       from small pool |       2    |       4    |      18    |      16    |
|---------------------------------------------------------------------------|
| Oversize allocations  |       0    |       0    |       0    |       0    |
|---------------------------------------------------------------------------|
| Oversize GPU segments |       0    |       0    |       0    |       0    |
|===========================================================================|

[2025-02-28 13:23:42,517][anemoi.training.diagnostics.callbacks.plot][INFO] - Teardown of the Plot Callback ...
[2025-02-28 13:23:42,517][anemoi.training.diagnostics.callbacks.plot][INFO] - waiting and shutting down the executor ...
[2025-02-28 13:23:42,519][anemoi.training.diagnostics.callbacks.plot][INFO] - Teardown of the Plot Callback ...
[2025-02-28 13:23:42,519][anemoi.training.diagnostics.callbacks.plot][INFO] - waiting and shutting down the executor ...
[2025-02-28 13:23:42,520][anemoi.training.diagnostics.callbacks.plot][INFO] - Teardown of the Plot Callback ...
[2025-02-28 13:23:42,520][anemoi.training.diagnostics.callbacks.plot][INFO] - waiting and shutting down the executor ...
[2025-02-28 13:23:42,520][anemoi.training.diagnostics.callbacks.plot][INFO] - Teardown of the Plot Callback ...
[2025-02-28 13:23:42,521][anemoi.training.diagnostics.callbacks.plot][INFO] - waiting and shutting down the executor ...
[2025-02-28 13:23:42,521][anemoi.training.diagnostics.callbacks.plot][INFO] - Teardown of the Plot Callback ...
[2025-02-28 13:23:42,521][anemoi.training.diagnostics.callbacks.plot][INFO] - waiting and shutting down the executor ...
[2025-02-28 13:23:42,522][anemoi.training.train.train][INFO] - memory summary: |===========================================================================|
|                  PyTorch CUDA memory summary, device ID 3                 |
|---------------------------------------------------------------------------|
|            CUDA OOMs: 0            |        cudaMalloc retries: 0         |
|===========================================================================|
|        Metric         | Cur Usage  | Peak Usage | Tot Alloc  | Tot Freed  |
|---------------------------------------------------------------------------|
| Allocated memory      |    512 B   |   2634 MiB |   4041 MiB |   4041 MiB |
|       from large pool |      0 B   |   2630 MiB |   4038 MiB |   4038 MiB |
|       from small pool |    512 B   |      3 MiB |      3 MiB |      3 MiB |
|---------------------------------------------------------------------------|
| Active memory         |    512 B   |   2690 MiB |   4041 MiB |   4041 MiB |
|       from large pool |      0 B   |   2687 MiB |   4038 MiB |   4038 MiB |
|       from small pool |    512 B   |      3 MiB |      3 MiB |      3 MiB |
|---------------------------------------------------------------------------|
| Requested memory      |      1 B   |   2687 MiB |   4038 MiB |   4038 MiB |
|       from large pool |      0 B   |   2683 MiB |   4034 MiB |   4034 MiB |
|       from small pool |      1 B   |      3 MiB |      3 MiB |      3 MiB |
|---------------------------------------------------------------------------|
| GPU reserved memory   |   2048 KiB |   3834 MiB |   3834 MiB |   3832 MiB |
|       from large pool |      0 KiB |   3828 MiB |   3828 MiB |   3828 MiB |
|       from small pool |   2048 KiB |      6 MiB |      6 MiB |      4 MiB |
|---------------------------------------------------------------------------|
| Non-releasable memory |   2047 KiB | 232691 KiB |    924 MiB |    922 MiB |
|       from large pool |      0 KiB | 230384 KiB |    908 MiB |    908 MiB |
|       from small pool |   2047 KiB |   4095 KiB |     15 MiB |     13 MiB |
|---------------------------------------------------------------------------|
| Allocations           |       1    |     403    |     434    |     433    |
|       from large pool |       0    |     143    |     148    |     148    |
|       from small pool |       1    |     262    |     286    |     285    |
|---------------------------------------------------------------------------|
| Active allocs         |       1    |     403    |     434    |     433    |
|       from large pool |       0    |     145    |     148    |     148    |
|       from small pool |       1    |     262    |     286    |     285    |
|---------------------------------------------------------------------------|
| GPU reserved segments |       1    |      73    |      73    |      72    |
|       from large pool |       0    |      70    |      70    |      70    |
|       from small pool |       1    |       3    |       3    |       2    |
|---------------------------------------------------------------------------|
| Non-releasable allocs |       2    |      12    |      68    |      66    |
|       from large pool |       0    |      10    |      50    |      50    |
|       from small pool |       2    |       4    |      18    |      16    |
|---------------------------------------------------------------------------|
| Oversize allocations  |       0    |       0    |       0    |       0    |
|---------------------------------------------------------------------------|
| Oversize GPU segments |       0    |       0    |       0    |       0    |
|===========================================================================|

[2025-02-28 13:23:42,710][anemoi.training.diagnostics.callbacks.plot][INFO] - Teardown of the Plot Callback ...
[2025-02-28 13:23:42,710][anemoi.training.diagnostics.callbacks.plot][INFO] - waiting and shutting down the executor ...
[2025-02-28 13:23:42,713][anemoi.training.diagnostics.callbacks.plot][INFO] - Teardown of the Plot Callback ...
[2025-02-28 13:23:42,713][anemoi.training.diagnostics.callbacks.plot][INFO] - waiting and shutting down the executor ...
[2025-02-28 13:23:42,713][anemoi.training.diagnostics.callbacks.plot][INFO] - Teardown of the Plot Callback ...
[2025-02-28 13:23:42,713][anemoi.training.diagnostics.callbacks.plot][INFO] - waiting and shutting down the executor ...
[2025-02-28 13:23:42,714][anemoi.training.diagnostics.callbacks.plot][INFO] - Teardown of the Plot Callback ...
[2025-02-28 13:23:42,714][anemoi.training.diagnostics.callbacks.plot][INFO] - waiting and shutting down the executor ...
[2025-02-28 13:23:42,715][anemoi.training.diagnostics.callbacks.plot][INFO] - Teardown of the Plot Callback ...
[2025-02-28 13:23:42,715][anemoi.training.diagnostics.callbacks.plot][INFO] - waiting and shutting down the executor ...
[2025-02-28 13:23:42,716][anemoi.training.train.train][INFO] - memory summary: |===========================================================================|
|                  PyTorch CUDA memory summary, device ID 0                 |
|---------------------------------------------------------------------------|
|            CUDA OOMs: 0            |        cudaMalloc retries: 0         |
|===========================================================================|
|        Metric         | Cur Usage  | Peak Usage | Tot Alloc  | Tot Freed  |
|---------------------------------------------------------------------------|
| Allocated memory      |    512 B   |   2634 MiB |   4041 MiB |   4041 MiB |
|       from large pool |      0 B   |   2630 MiB |   4038 MiB |   4038 MiB |
|       from small pool |    512 B   |      3 MiB |      3 MiB |      3 MiB |
|---------------------------------------------------------------------------|
| Active memory         |    512 B   |   2634 MiB |   4041 MiB |   4041 MiB |
|       from large pool |      0 B   |   2630 MiB |   4038 MiB |   4038 MiB |
|       from small pool |    512 B   |      3 MiB |      3 MiB |      3 MiB |
|---------------------------------------------------------------------------|
| Requested memory      |      1 B   |   2631 MiB |   4038 MiB |   4038 MiB |
|       from large pool |      0 B   |   2627 MiB |   4034 MiB |   4034 MiB |
|       from small pool |      1 B   |      3 MiB |      3 MiB |      3 MiB |
|---------------------------------------------------------------------------|
| GPU reserved memory   |   2048 KiB |   3834 MiB |   3834 MiB |   3832 MiB |
|       from large pool |      0 KiB |   3828 MiB |   3828 MiB |   3828 MiB |
|       from small pool |   2048 KiB |      6 MiB |      6 MiB |      4 MiB |
|---------------------------------------------------------------------------|
| Non-releasable memory |   2047 KiB | 232691 KiB |    924 MiB |    922 MiB |
|       from large pool |      0 KiB | 230384 KiB |    908 MiB |    908 MiB |
|       from small pool |   2047 KiB |   4095 KiB |     15 MiB |     13 MiB |
|---------------------------------------------------------------------------|
| Allocations           |       1    |     403    |     430    |     429    |
|       from large pool |       0    |     143    |     148    |     148    |
|       from small pool |       1    |     262    |     282    |     281    |
|---------------------------------------------------------------------------|
| Active allocs         |       1    |     403    |     430    |     429    |
|       from large pool |       0    |     145    |     148    |     148    |
|       from small pool |       1    |     262    |     282    |     281    |
|---------------------------------------------------------------------------|
| GPU reserved segments |       1    |      73    |      73    |      72    |
|       from large pool |       0    |      70    |      70    |      70    |
|       from small pool |       1    |       3    |       3    |       2    |
|---------------------------------------------------------------------------|
| Non-releasable allocs |       2    |      11    |      68    |      66    |
|       from large pool |       0    |      10    |      50    |      50    |
|       from small pool |       2    |       4    |      18    |      16    |
|---------------------------------------------------------------------------|
| Oversize allocations  |       0    |       0    |       0    |       0    |
|---------------------------------------------------------------------------|
| Oversize GPU segments |       0    |       0    |       0    |       0    |
|===========================================================================|

[2025-02-28 13:23:43,018][anemoi.training.diagnostics.callbacks.plot][INFO] - Teardown of the Plot Callback ...
[2025-02-28 13:23:43,022][anemoi.training.diagnostics.callbacks.plot][INFO] - waiting and shutting down the executor ...
[2025-02-28 13:23:43,023][anemoi.training.diagnostics.callbacks.plot][INFO] - Teardown of the Plot Callback ...
[2025-02-28 13:23:43,023][anemoi.training.diagnostics.callbacks.plot][INFO] - waiting and shutting down the executor ...
[2025-02-28 13:23:43,024][anemoi.training.diagnostics.callbacks.plot][INFO] - Teardown of the Plot Callback ...
[2025-02-28 13:23:43,024][anemoi.training.diagnostics.callbacks.plot][INFO] - waiting and shutting down the executor ...
[2025-02-28 13:23:43,025][anemoi.training.diagnostics.callbacks.plot][INFO] - Teardown of the Plot Callback ...
[2025-02-28 13:23:43,025][anemoi.training.diagnostics.callbacks.plot][INFO] - waiting and shutting down the executor ...
[2025-02-28 13:23:43,025][anemoi.training.diagnostics.callbacks.plot][INFO] - Teardown of the Plot Callback ...
[2025-02-28 13:23:43,025][anemoi.training.diagnostics.callbacks.plot][INFO] - waiting and shutting down the executor ...
[2025-02-28 13:23:43,027][anemoi.training.train.train][INFO] - memory summary: |===========================================================================|
|                  PyTorch CUDA memory summary, device ID 1                 |
|---------------------------------------------------------------------------|
|            CUDA OOMs: 0            |        cudaMalloc retries: 0         |
|===========================================================================|
|        Metric         | Cur Usage  | Peak Usage | Tot Alloc  | Tot Freed  |
|---------------------------------------------------------------------------|
| Allocated memory      |    512 B   |   2602 MiB |   3990 MiB |   3990 MiB |
|       from large pool |      0 B   |   2598 MiB |   3986 MiB |   3986 MiB |
|       from small pool |    512 B   |      3 MiB |      3 MiB |      3 MiB |
|---------------------------------------------------------------------------|
| Active memory         |    512 B   |   2655 MiB |   3990 MiB |   3990 MiB |
|       from large pool |      0 B   |   2651 MiB |   3986 MiB |   3986 MiB |
|       from small pool |    512 B   |      3 MiB |      3 MiB |      3 MiB |
|---------------------------------------------------------------------------|
| Requested memory      |      1 B   |   2652 MiB |   3987 MiB |   3987 MiB |
|       from large pool |      0 B   |   2649 MiB |   3984 MiB |   3984 MiB |
|       from small pool |      1 B   |      3 MiB |      3 MiB |      3 MiB |
|---------------------------------------------------------------------------|
| GPU reserved memory   |   2048 KiB |   3542 MiB |   3542 MiB |   3540 MiB |
|       from large pool |      0 KiB |   3536 MiB |   3536 MiB |   3536 MiB |
|       from small pool |   2048 KiB |      6 MiB |      6 MiB |      4 MiB |
|---------------------------------------------------------------------------|
| Non-releasable memory |   2047 KiB | 252492 KiB |    938 MiB |    936 MiB |
|       from large pool |      0 KiB | 249885 KiB |    923 MiB |    923 MiB |
|       from small pool |   2047 KiB |   4095 KiB |     15 MiB |     13 MiB |
|---------------------------------------------------------------------------|
| Allocations           |       1    |     403    |     434    |     433    |
|       from large pool |       0    |     143    |     148    |     148    |
|       from small pool |       1    |     262    |     286    |     285    |
|---------------------------------------------------------------------------|
| Active allocs         |       1    |     403    |     434    |     433    |
|       from large pool |       0    |     145    |     148    |     148    |
|       from small pool |       1    |     262    |     286    |     285    |
|---------------------------------------------------------------------------|
| GPU reserved segments |       1    |      72    |      72    |      71    |
|       from large pool |       0    |      69    |      69    |      69    |
|       from small pool |       1    |       3    |       3    |       2    |
|---------------------------------------------------------------------------|
| Non-releasable allocs |       2    |      14    |      69    |      67    |
|       from large pool |       0    |      12    |      51    |      51    |
|       from small pool |       2    |       4    |      18    |      16    |
|---------------------------------------------------------------------------|
| Oversize allocations  |       0    |       0    |       0    |       0    |
|---------------------------------------------------------------------------|
| Oversize GPU segments |       0    |       0    |       0    |       0    |
|===========================================================================|

[2025-02-28 13:23:43,080][anemoi.training.diagnostics.callbacks.plot][INFO] - Teardown of the Plot Callback ...
[2025-02-28 13:23:43,080][anemoi.training.diagnostics.callbacks.plot][INFO] - waiting and shutting down the executor ...
[2025-02-28 13:23:43,083][anemoi.training.diagnostics.callbacks.plot][INFO] - Teardown of the Plot Callback ...
[2025-02-28 13:23:43,083][anemoi.training.diagnostics.callbacks.plot][INFO] - waiting and shutting down the executor ...
[2025-02-28 13:23:43,084][anemoi.training.diagnostics.callbacks.plot][INFO] - Teardown of the Plot Callback ...
[2025-02-28 13:23:43,084][anemoi.training.diagnostics.callbacks.plot][INFO] - waiting and shutting down the executor ...
[2025-02-28 13:23:43,084][anemoi.training.diagnostics.callbacks.plot][INFO] - Teardown of the Plot Callback ...
[2025-02-28 13:23:43,085][anemoi.training.diagnostics.callbacks.plot][INFO] - waiting and shutting down the executor ...
[2025-02-28 13:23:43,085][anemoi.training.diagnostics.callbacks.plot][INFO] - Teardown of the Plot Callback ...
[2025-02-28 13:23:43,085][anemoi.training.diagnostics.callbacks.plot][INFO] - waiting and shutting down the executor ...
[2025-02-28 13:23:43,086][anemoi.training.train.train][INFO] - memory summary: |===========================================================================|
|                  PyTorch CUDA memory summary, device ID 3                 |
|---------------------------------------------------------------------------|
|            CUDA OOMs: 0            |        cudaMalloc retries: 0         |
|===========================================================================|
|        Metric         | Cur Usage  | Peak Usage | Tot Alloc  | Tot Freed  |
|---------------------------------------------------------------------------|
| Allocated memory      |    512 B   |   2602 MiB |   3990 MiB |   3990 MiB |
|       from large pool |      0 B   |   2598 MiB |   3986 MiB |   3986 MiB |
|       from small pool |    512 B   |      3 MiB |      3 MiB |      3 MiB |
|---------------------------------------------------------------------------|
| Active memory         |    512 B   |   2655 MiB |   3990 MiB |   3990 MiB |
|       from large pool |      0 B   |   2651 MiB |   3986 MiB |   3986 MiB |
|       from small pool |    512 B   |      3 MiB |      3 MiB |      3 MiB |
|---------------------------------------------------------------------------|
| Requested memory      |      1 B   |   2652 MiB |   3987 MiB |   3987 MiB |
|       from large pool |      0 B   |   2649 MiB |   3984 MiB |   3984 MiB |
|       from small pool |      1 B   |      3 MiB |      3 MiB |      3 MiB |
|---------------------------------------------------------------------------|
| GPU reserved memory   |   2048 KiB |   3804 MiB |   3804 MiB |   3802 MiB |
|       from large pool |      0 KiB |   3798 MiB |   3798 MiB |   3798 MiB |
|       from small pool |   2048 KiB |      6 MiB |      6 MiB |      4 MiB |
|---------------------------------------------------------------------------|
| Non-releasable memory |   2047 KiB | 252492 KiB |    936 MiB |    934 MiB |
|       from large pool |      0 KiB | 249885 KiB |    921 MiB |    921 MiB |
|       from small pool |   2047 KiB |   4095 KiB |     15 MiB |     13 MiB |
|---------------------------------------------------------------------------|
| Allocations           |       1    |     403    |     434    |     433    |
|       from large pool |       0    |     143    |     148    |     148    |
|       from small pool |       1    |     262    |     286    |     285    |
|---------------------------------------------------------------------------|
| Active allocs         |       1    |     403    |     434    |     433    |
|       from large pool |       0    |     145    |     148    |     148    |
|       from small pool |       1    |     262    |     286    |     285    |
|---------------------------------------------------------------------------|
| GPU reserved segments |       1    |      73    |      73    |      72    |
|       from large pool |       0    |      70    |      70    |      70    |
|       from small pool |       1    |       3    |       3    |       2    |
|---------------------------------------------------------------------------|
| Non-releasable allocs |       2    |      14    |      69    |      67    |
|       from large pool |       0    |      12    |      51    |      51    |
|       from small pool |       2    |       4    |      18    |      16    |
|---------------------------------------------------------------------------|
| Oversize allocations  |       0    |       0    |       0    |       0    |
|---------------------------------------------------------------------------|
| Oversize GPU segments |       0    |       0    |       0    |       0    |
|===========================================================================|

[2025-02-28 13:23:43,106][anemoi.training.diagnostics.callbacks.plot][INFO] - Teardown of the Plot Callback ...
[2025-02-28 13:23:43,106][anemoi.training.diagnostics.callbacks.plot][INFO] - waiting and shutting down the executor ...
[2025-02-28 13:23:43,108][anemoi.training.diagnostics.callbacks.plot][INFO] - Teardown of the Plot Callback ...
[2025-02-28 13:23:43,108][anemoi.training.diagnostics.callbacks.plot][INFO] - waiting and shutting down the executor ...
[2025-02-28 13:23:43,109][anemoi.training.diagnostics.callbacks.plot][INFO] - Teardown of the Plot Callback ...
[2025-02-28 13:23:43,109][anemoi.training.diagnostics.callbacks.plot][INFO] - waiting and shutting down the executor ...
[2025-02-28 13:23:43,110][anemoi.training.diagnostics.callbacks.plot][INFO] - Teardown of the Plot Callback ...
[2025-02-28 13:23:43,110][anemoi.training.diagnostics.callbacks.plot][INFO] - waiting and shutting down the executor ...
[2025-02-28 13:23:43,110][anemoi.training.diagnostics.callbacks.plot][INFO] - Teardown of the Plot Callback ...
[2025-02-28 13:23:43,110][anemoi.training.diagnostics.callbacks.plot][INFO] - waiting and shutting down the executor ...
[2025-02-28 13:23:43,111][anemoi.training.train.train][INFO] - memory summary: |===========================================================================|
|                  PyTorch CUDA memory summary, device ID 2                 |
|---------------------------------------------------------------------------|
|            CUDA OOMs: 0            |        cudaMalloc retries: 0         |
|===========================================================================|
|        Metric         | Cur Usage  | Peak Usage | Tot Alloc  | Tot Freed  |
|---------------------------------------------------------------------------|
| Allocated memory      |    512 B   |   2602 MiB |   3990 MiB |   3990 MiB |
|       from large pool |      0 B   |   2598 MiB |   3986 MiB |   3986 MiB |
|       from small pool |    512 B   |      3 MiB |      3 MiB |      3 MiB |
|---------------------------------------------------------------------------|
| Active memory         |    512 B   |   2655 MiB |   3990 MiB |   3990 MiB |
|       from large pool |      0 B   |   2651 MiB |   3986 MiB |   3986 MiB |
|       from small pool |    512 B   |      3 MiB |      3 MiB |      3 MiB |
|---------------------------------------------------------------------------|
| Requested memory      |      1 B   |   2652 MiB |   3987 MiB |   3987 MiB |
|       from large pool |      0 B   |   2649 MiB |   3984 MiB |   3984 MiB |
|       from small pool |      1 B   |      3 MiB |      3 MiB |      3 MiB |
|---------------------------------------------------------------------------|
| GPU reserved memory   |   2048 KiB |   3542 MiB |   3542 MiB |   3540 MiB |
|       from large pool |      0 KiB |   3536 MiB |   3536 MiB |   3536 MiB |
|       from small pool |   2048 KiB |      6 MiB |      6 MiB |      4 MiB |
|---------------------------------------------------------------------------|
| Non-releasable memory |   2047 KiB | 252492 KiB |    938 MiB |    936 MiB |
|       from large pool |      0 KiB | 249885 KiB |    923 MiB |    923 MiB |
|       from small pool |   2047 KiB |   4095 KiB |     15 MiB |     13 MiB |
|---------------------------------------------------------------------------|
| Allocations           |       1    |     403    |     434    |     433    |
|       from large pool |       0    |     143    |     148    |     148    |
|       from small pool |       1    |     262    |     286    |     285    |
|---------------------------------------------------------------------------|
| Active allocs         |       1    |     403    |     434    |     433    |
|       from large pool |       0    |     145    |     148    |     148    |
|       from small pool |       1    |     262    |     286    |     285    |
|---------------------------------------------------------------------------|
| GPU reserved segments |       1    |      72    |      72    |      71    |
|       from large pool |       0    |      69    |      69    |      69    |
|       from small pool |       1    |       3    |       3    |       2    |
|---------------------------------------------------------------------------|
| Non-releasable allocs |       2    |      14    |      69    |      67    |
|       from large pool |       0    |      12    |      51    |      51    |
|       from small pool |       2    |       4    |      18    |      16    |
|---------------------------------------------------------------------------|
| Oversize allocations  |       0    |       0    |       0    |       0    |
|---------------------------------------------------------------------------|
| Oversize GPU segments |       0    |       0    |       0    |       0    |
|===========================================================================|

[2025-02-28 13:23:43,135][anemoi.training.diagnostics.callbacks.plot][INFO] - Teardown of the Plot Callback ...
[2025-02-28 13:23:43,135][anemoi.training.diagnostics.callbacks.plot][INFO] - waiting and shutting down the executor ...
[2025-02-28 13:23:43,137][anemoi.training.diagnostics.callbacks.plot][INFO] - Teardown of the Plot Callback ...
[2025-02-28 13:23:43,137][anemoi.training.diagnostics.callbacks.plot][INFO] - waiting and shutting down the executor ...
[2025-02-28 13:23:43,138][anemoi.training.diagnostics.callbacks.plot][INFO] - Teardown of the Plot Callback ...
[2025-02-28 13:23:43,138][anemoi.training.diagnostics.callbacks.plot][INFO] - waiting and shutting down the executor ...
[2025-02-28 13:23:43,138][anemoi.training.diagnostics.callbacks.plot][INFO] - Teardown of the Plot Callback ...
[2025-02-28 13:23:43,138][anemoi.training.diagnostics.callbacks.plot][INFO] - waiting and shutting down the executor ...
[2025-02-28 13:23:43,139][anemoi.training.diagnostics.callbacks.plot][INFO] - Teardown of the Plot Callback ...
[2025-02-28 13:23:43,139][anemoi.training.diagnostics.callbacks.plot][INFO] - waiting and shutting down the executor ...
[2025-02-28 13:23:43,140][anemoi.training.train.train][INFO] - memory summary: |===========================================================================|
|                  PyTorch CUDA memory summary, device ID 0                 |
|---------------------------------------------------------------------------|
|            CUDA OOMs: 0            |        cudaMalloc retries: 0         |
|===========================================================================|
|        Metric         | Cur Usage  | Peak Usage | Tot Alloc  | Tot Freed  |
|---------------------------------------------------------------------------|
| Allocated memory      |    512 B   |   2602 MiB |   3990 MiB |   3990 MiB |
|       from large pool |      0 B   |   2598 MiB |   3986 MiB |   3986 MiB |
|       from small pool |    512 B   |      3 MiB |      3 MiB |      3 MiB |
|---------------------------------------------------------------------------|
| Active memory         |    512 B   |   2602 MiB |   3990 MiB |   3990 MiB |
|       from large pool |      0 B   |   2598 MiB |   3986 MiB |   3986 MiB |
|       from small pool |    512 B   |      3 MiB |      3 MiB |      3 MiB |
|---------------------------------------------------------------------------|
| Requested memory      |      1 B   |   2599 MiB |   3987 MiB |   3987 MiB |
|       from large pool |      0 B   |   2596 MiB |   3984 MiB |   3984 MiB |
|       from small pool |      1 B   |      3 MiB |      3 MiB |      3 MiB |
|---------------------------------------------------------------------------|
| GPU reserved memory   |   2048 KiB |   3542 MiB |   3542 MiB |   3540 MiB |
|       from large pool |      0 KiB |   3536 MiB |   3536 MiB |   3536 MiB |
|       from small pool |   2048 KiB |      6 MiB |      6 MiB |      4 MiB |
|---------------------------------------------------------------------------|
| Non-releasable memory |   2047 KiB | 252492 KiB |    938 MiB |    936 MiB |
|       from large pool |      0 KiB | 249885 KiB |    923 MiB |    923 MiB |
|       from small pool |   2047 KiB |   4095 KiB |     15 MiB |     13 MiB |
|---------------------------------------------------------------------------|
| Allocations           |       1    |     403    |     430    |     429    |
|       from large pool |       0    |     143    |     148    |     148    |
|       from small pool |       1    |     262    |     282    |     281    |
|---------------------------------------------------------------------------|
| Active allocs         |       1    |     403    |     430    |     429    |
|       from large pool |       0    |     145    |     148    |     148    |
|       from small pool |       1    |     262    |     282    |     281    |
|---------------------------------------------------------------------------|
| GPU reserved segments |       1    |      72    |      72    |      71    |
|       from large pool |       0    |      69    |      69    |      69    |
|       from small pool |       1    |       3    |       3    |       2    |
|---------------------------------------------------------------------------|
| Non-releasable allocs |       2    |      13    |      69    |      67    |
|       from large pool |       0    |      12    |      51    |      51    |
|       from small pool |       2    |       4    |      18    |      16    |
|---------------------------------------------------------------------------|
| Oversize allocations  |       0    |       0    |       0    |       0    |
|---------------------------------------------------------------------------|
| Oversize GPU segments |       0    |       0    |       0    |       0    |
|===========================================================================|

