[2025-04-07 15:09:24,333][anemoi.training.train.train][INFO] - Run id: 52461548-deaf-45db-b5c9-4de590e0fff1
[2025-04-07 15:09:24,333][anemoi.training.train.train][INFO] - Run id: 8b736c41-c4e9-43e8-bb7e-9d19069c7399
[2025-04-07 15:09:24,333][anemoi.training.train.train][INFO] - Run id: 205d2223-9a7a-40ef-b41a-c3efa10c20e5
[2025-04-07 15:09:24,334][anemoi.training.train.train][INFO] - Checkpoints path: /work/nvme/bduu/jbanomedina/regional-ai/training/STRETCHED-6km/logs/outputs_checkpoint/52461548-deaf-45db-b5c9-4de590e0fff1
[2025-04-07 15:09:24,334][anemoi.training.train.train][INFO] - Checkpoints path: /work/nvme/bduu/jbanomedina/regional-ai/training/STRETCHED-6km/logs/outputs_checkpoint/8b736c41-c4e9-43e8-bb7e-9d19069c7399
[2025-04-07 15:09:24,334][anemoi.training.train.train][INFO] - Checkpoints path: /work/nvme/bduu/jbanomedina/regional-ai/training/STRETCHED-6km/logs/outputs_checkpoint/205d2223-9a7a-40ef-b41a-c3efa10c20e5
[2025-04-07 15:09:24,334][anemoi.training.train.train][INFO] - Plots path: /work/nvme/bduu/jbanomedina/regional-ai/training/STRETCHED-6km/logs/outputs_plots/8b736c41-c4e9-43e8-bb7e-9d19069c7399
[2025-04-07 15:09:24,334][anemoi.training.train.train][INFO] - Plots path: /work/nvme/bduu/jbanomedina/regional-ai/training/STRETCHED-6km/logs/outputs_plots/205d2223-9a7a-40ef-b41a-c3efa10c20e5
[2025-04-07 15:09:24,334][anemoi.training.train.train][INFO] - Plots path: /work/nvme/bduu/jbanomedina/regional-ai/training/STRETCHED-6km/logs/outputs_plots/52461548-deaf-45db-b5c9-4de590e0fff1
[2025-04-07 15:09:24,335][anemoi.training.train.train][INFO] - Run id: 3a68ab1d-3a00-4634-b104-a9908b749d0a
[2025-04-07 15:09:24,336][anemoi.training.train.train][INFO] - Checkpoints path: /work/nvme/bduu/jbanomedina/regional-ai/training/STRETCHED-6km/logs/outputs_checkpoint/3a68ab1d-3a00-4634-b104-a9908b749d0a
[2025-04-07 15:09:24,336][anemoi.training.train.train][INFO] - Plots path: /work/nvme/bduu/jbanomedina/regional-ai/training/STRETCHED-6km/logs/outputs_plots/3a68ab1d-3a00-4634-b104-a9908b749d0a
[2025-04-07 15:09:24,354][anemoi.training.train.train][INFO] - Loading graph data from /work/nvme/bduu/jbanomedina/regional-ai/training/STRETCHED-6km/logs/outputs_graphs/STRETCHED-6km-9x7-12x3.pt
[2025-04-07 15:09:24,354][anemoi.training.train.train][INFO] - Loading graph data from /work/nvme/bduu/jbanomedina/regional-ai/training/STRETCHED-6km/logs/outputs_graphs/STRETCHED-6km-9x7-12x3.pt
[2025-04-07 15:09:24,354][anemoi.training.train.train][INFO] - Loading graph data from /work/nvme/bduu/jbanomedina/regional-ai/training/STRETCHED-6km/logs/outputs_graphs/STRETCHED-6km-9x7-12x3.pt
[2025-04-07 15:09:24,354][anemoi.training.train.train][INFO] - Loading graph data from /work/nvme/bduu/jbanomedina/regional-ai/training/STRETCHED-6km/logs/outputs_graphs/STRETCHED-6km-9x7-12x3.pt
[2025-04-07 15:15:01,321][anemoi.training.data.datamodule][INFO] - Timeincrement set to 1 for data with frequency, 21600, and timestep, 21600
[2025-04-07 15:15:01,345][anemoi.training.train.train][INFO] - Number of data variables: 87
[2025-04-07 15:15:01,345][anemoi.training.train.train][INFO] - Training limits: max_epochs=10, max_steps=25000. Training will stop when either limit is reached first. Learning rate scheduler will run for 25000 steps.
[2025-04-07 15:15:02,143][lightning_fabric.utilities.seed][INFO] - [rank: 2] Seed set to 616757
[2025-04-07 15:15:02,388][anemoi.training.data.datamodule][INFO] - Timeincrement set to 1 for data with frequency, 21600, and timestep, 21600
[2025-04-07 15:15:02,393][anemoi.training.train.train][INFO] - Number of data variables: 87
[2025-04-07 15:15:02,393][anemoi.training.train.train][INFO] - Training limits: max_epochs=10, max_steps=25000. Training will stop when either limit is reached first. Learning rate scheduler will run for 25000 steps.
[2025-04-07 15:15:02,808][lightning_fabric.utilities.seed][INFO] - [rank: 1] Seed set to 616757
[2025-04-07 15:15:08,364][anemoi.training.data.datamodule][INFO] - Timeincrement set to 1 for data with frequency, 21600, and timestep, 21600
[2025-04-07 15:15:08,368][anemoi.training.train.train][INFO] - Number of data variables: 87
[2025-04-07 15:15:08,369][anemoi.training.train.train][INFO] - Training limits: max_epochs=10, max_steps=25000. Training will stop when either limit is reached first. Learning rate scheduler will run for 25000 steps.
[2025-04-07 15:15:08,873][lightning_fabric.utilities.seed][INFO] - [rank: 3] Seed set to 616757
[2025-04-07 15:15:11,485][anemoi.training.data.datamodule][INFO] - Timeincrement set to 1 for data with frequency, 21600, and timestep, 21600
[2025-04-07 15:15:11,490][anemoi.training.train.train][INFO] - Number of data variables: 87
[2025-04-07 15:15:11,490][anemoi.training.train.train][INFO] - Training limits: max_epochs=10, max_steps=25000. Training will stop when either limit is reached first. Learning rate scheduler will run for 25000 steps.
[2025-04-07 15:15:11,856][pytorch_lightning.utilities.rank_zero][INFO] - Using 16bit Automatic Mixed Precision (AMP)
[2025-04-07 15:15:11,975][pytorch_lightning.utilities.rank_zero][INFO] - GPU available: True (cuda), used: True
[2025-04-07 15:15:11,976][pytorch_lightning.utilities.rank_zero][INFO] - TPU available: False, using: 0 TPU cores
[2025-04-07 15:15:11,976][pytorch_lightning.utilities.rank_zero][INFO] - HPU available: False, using: 0 HPUs
[2025-04-07 15:15:11,979][lightning_fabric.utilities.seed][INFO] - [rank: 0] Seed set to 616757
[2025-04-07 15:15:24,008][anemoi.models.preprocessing.normalizer][INFO] - Normalizing: cos_julian_day is not normalized.
[2025-04-07 15:15:24,008][anemoi.models.preprocessing.normalizer][INFO] - Normalizing: cos_julian_day is not normalized.
[2025-04-07 15:15:24,008][anemoi.models.preprocessing.normalizer][INFO] - Normalizing: cos_latitude is not normalized.
[2025-04-07 15:15:24,008][anemoi.models.preprocessing.normalizer][INFO] - Normalizing: cos_latitude is not normalized.
[2025-04-07 15:15:24,008][anemoi.models.preprocessing.normalizer][INFO] - Normalizing: cos_local_time is not normalized.
[2025-04-07 15:15:24,009][anemoi.models.preprocessing.normalizer][INFO] - Normalizing: cos_local_time is not normalized.
[2025-04-07 15:15:24,009][anemoi.models.preprocessing.normalizer][INFO] - Normalizing: cos_longitude is not normalized.
[2025-04-07 15:15:24,009][anemoi.models.preprocessing.normalizer][INFO] - Normalizing: cos_longitude is not normalized.
[2025-04-07 15:15:24,009][anemoi.models.preprocessing.normalizer][INFO] - Normalizing: insolation is not normalized.
[2025-04-07 15:15:24,009][anemoi.models.preprocessing.normalizer][INFO] - Normalizing: insolation is not normalized.
[2025-04-07 15:15:24,009][anemoi.models.preprocessing.normalizer][INFO] - Normalizing: lsm is not normalized.
[2025-04-07 15:15:24,009][anemoi.models.preprocessing.normalizer][INFO] - Normalizing: lsm is not normalized.
[2025-04-07 15:15:24,009][anemoi.models.preprocessing.normalizer][INFO] - Normalizing: sin_julian_day is not normalized.
[2025-04-07 15:15:24,009][anemoi.models.preprocessing.normalizer][INFO] - Normalizing: sin_julian_day is not normalized.
[2025-04-07 15:15:24,009][anemoi.models.preprocessing.normalizer][INFO] - Normalizing: sin_latitude is not normalized.
[2025-04-07 15:15:24,009][anemoi.models.preprocessing.normalizer][INFO] - Normalizing: sin_latitude is not normalized.
[2025-04-07 15:15:24,009][anemoi.models.preprocessing.normalizer][INFO] - Normalizing: sin_local_time is not normalized.
[2025-04-07 15:15:24,009][anemoi.models.preprocessing.normalizer][INFO] - Normalizing: sin_local_time is not normalized.
[2025-04-07 15:15:24,009][anemoi.models.preprocessing.normalizer][INFO] - Normalizing: sin_longitude is not normalized.
[2025-04-07 15:15:24,009][anemoi.models.preprocessing.normalizer][INFO] - Normalizing: sin_longitude is not normalized.
[2025-04-07 15:15:24,009][anemoi.models.preprocessing.normalizer][INFO] - Normalizing: z_sfc is not normalized.
[2025-04-07 15:15:24,009][anemoi.models.preprocessing.normalizer][INFO] - Normalizing: z_sfc is not normalized.
[2025-04-07 15:15:24,009][anemoi.models.preprocessing.normalizer][INFO] - Normalizing: cos_julian_day is not normalized.
[2025-04-07 15:15:24,009][anemoi.models.preprocessing.normalizer][INFO] - Normalizing: cos_latitude is not normalized.
[2025-04-07 15:15:24,009][anemoi.models.preprocessing.normalizer][INFO] - Normalizing: cos_local_time is not normalized.
[2025-04-07 15:15:24,010][anemoi.models.preprocessing.normalizer][INFO] - Normalizing: cos_longitude is not normalized.
[2025-04-07 15:15:24,010][anemoi.models.preprocessing.normalizer][INFO] - Normalizing: insolation is not normalized.
[2025-04-07 15:15:24,010][anemoi.models.preprocessing.normalizer][INFO] - Normalizing: lsm is not normalized.
[2025-04-07 15:15:24,010][anemoi.models.preprocessing.normalizer][INFO] - Normalizing: sin_julian_day is not normalized.
[2025-04-07 15:15:24,010][anemoi.models.preprocessing.normalizer][INFO] - Normalizing: sin_latitude is not normalized.
[2025-04-07 15:15:24,010][anemoi.models.preprocessing.normalizer][INFO] - Normalizing: sin_local_time is not normalized.
[2025-04-07 15:15:24,010][anemoi.models.preprocessing.normalizer][INFO] - Normalizing: sin_longitude is not normalized.
[2025-04-07 15:15:24,010][anemoi.models.preprocessing.normalizer][INFO] - Normalizing: z_sfc is not normalized.
[2025-04-07 15:15:24,023][anemoi.models.preprocessing.normalizer][INFO] - Normalizing: cos_julian_day is not normalized.
[2025-04-07 15:15:24,023][anemoi.models.preprocessing.normalizer][INFO] - Normalizing: cos_latitude is not normalized.
[2025-04-07 15:15:24,023][anemoi.models.preprocessing.normalizer][INFO] - Normalizing: cos_local_time is not normalized.
[2025-04-07 15:15:24,023][anemoi.models.preprocessing.normalizer][INFO] - Normalizing: cos_longitude is not normalized.
[2025-04-07 15:15:24,023][anemoi.models.preprocessing.normalizer][INFO] - Normalizing: insolation is not normalized.
[2025-04-07 15:15:24,023][anemoi.models.preprocessing.normalizer][INFO] - Normalizing: lsm is not normalized.
[2025-04-07 15:15:24,023][anemoi.models.preprocessing.normalizer][INFO] - Normalizing: sin_julian_day is not normalized.
[2025-04-07 15:15:24,024][anemoi.models.preprocessing.normalizer][INFO] - Normalizing: sin_latitude is not normalized.
[2025-04-07 15:15:24,024][anemoi.models.preprocessing.normalizer][INFO] - Normalizing: sin_local_time is not normalized.
[2025-04-07 15:15:24,024][anemoi.models.preprocessing.normalizer][INFO] - Normalizing: sin_longitude is not normalized.
[2025-04-07 15:15:24,024][anemoi.models.preprocessing.normalizer][INFO] - Normalizing: z_sfc is not normalized.
[2025-04-07 15:15:24,410][anemoi.models.layers.utils][INFO] - Linear kernel: {'_target_': 'torch.nn.Linear', '_partial_': True}
[2025-04-07 15:15:24,410][anemoi.models.layers.utils][INFO] - Linear kernel: {'_target_': 'torch.nn.Linear', '_partial_': True}
[2025-04-07 15:15:24,410][anemoi.models.layers.utils][INFO] - Linear kernel: {'_target_': 'torch.nn.Linear', '_partial_': True}
[2025-04-07 15:15:24,410][anemoi.models.layers.utils][INFO] - Linear kernel: {'_target_': 'torch.nn.Linear', '_partial_': True}
[2025-04-07 15:15:24,411][anemoi.models.layers.utils][INFO] - LayerNorm kernel: {'_target_': 'torch.nn.LayerNorm', '_partial_': True}
[2025-04-07 15:15:24,411][anemoi.models.layers.utils][INFO] - LayerNorm kernel: {'_target_': 'torch.nn.LayerNorm', '_partial_': True}
[2025-04-07 15:15:24,411][anemoi.models.layers.utils][INFO] - LayerNorm kernel: {'_target_': 'torch.nn.LayerNorm', '_partial_': True}
[2025-04-07 15:15:24,411][anemoi.models.layers.utils][INFO] - LayerNorm kernel: {'_target_': 'torch.nn.LayerNorm', '_partial_': True}
[2025-04-07 15:15:37,847][anemoi.training.losses.nodeweights][INFO] - Loading node attribute area_weight from the graph
[2025-04-07 15:15:37,847][anemoi.training.losses.nodeweights][INFO] - Loading node attribute area_weight from the graph
[2025-04-07 15:15:37,847][anemoi.training.losses.nodeweights][INFO] - Loading node attribute area_weight from the graph
[2025-04-07 15:15:37,847][anemoi.training.losses.nodeweights][INFO] - Loading node attribute area_weight from the graph
[2025-04-07 15:15:37,852][anemoi.training.train.forecaster][INFO] - Pressure level scaling: use scaler ReluPressureLevelScaler with slope 0.0010 and minimum 0.20
[2025-04-07 15:15:37,852][anemoi.training.train.forecaster][INFO] - Pressure level scaling: use scaler ReluPressureLevelScaler with slope 0.0010 and minimum 0.20
[2025-04-07 15:15:37,852][anemoi.training.train.forecaster][INFO] - Pressure level scaling: use scaler ReluPressureLevelScaler with slope 0.0010 and minimum 0.20
[2025-04-07 15:15:37,852][anemoi.training.train.forecaster][INFO] - Pressure level scaling: use scaler ReluPressureLevelScaler with slope 0.0010 and minimum 0.20
[2025-04-07 15:15:37,912][anemoi.training.train.train][INFO] - Resuming training from last checkpoint: /work/nvme/bduu/jbanomedina/regional-ai/training/STRETCHED-6km/logs/outputs_checkpoint/source/last.ckpt
[2025-04-07 15:15:37,912][anemoi.training.train.train][INFO] - Resuming training from last checkpoint: /work/nvme/bduu/jbanomedina/regional-ai/training/STRETCHED-6km/logs/outputs_checkpoint/source/last.ckpt
[2025-04-07 15:15:37,912][anemoi.training.train.train][INFO] - Resuming training from last checkpoint: /work/nvme/bduu/jbanomedina/regional-ai/training/STRETCHED-6km/logs/outputs_checkpoint/source/last.ckpt
[2025-04-07 15:15:37,912][anemoi.training.train.train][INFO] - Loading weights with Transfer Learning from /work/nvme/bduu/jbanomedina/regional-ai/training/STRETCHED-6km/logs/outputs_checkpoint/source/last.ckpt
[2025-04-07 15:15:37,912][anemoi.training.train.train][INFO] - Loading weights with Transfer Learning from /work/nvme/bduu/jbanomedina/regional-ai/training/STRETCHED-6km/logs/outputs_checkpoint/source/last.ckpt
[2025-04-07 15:15:37,913][anemoi.training.train.train][INFO] - Loading weights with Transfer Learning from /work/nvme/bduu/jbanomedina/regional-ai/training/STRETCHED-6km/logs/outputs_checkpoint/source/last.ckpt
[2025-04-07 15:15:37,912][anemoi.training.train.train][INFO] - Resuming training from last checkpoint: /work/nvme/bduu/jbanomedina/regional-ai/training/STRETCHED-6km/logs/outputs_checkpoint/source/last.ckpt
[2025-04-07 15:15:37,913][anemoi.training.train.train][INFO] - Loading weights with Transfer Learning from /work/nvme/bduu/jbanomedina/regional-ai/training/STRETCHED-6km/logs/outputs_checkpoint/source/last.ckpt
[2025-04-07 15:15:39,129][anemoi.training.utils.checkpoint][INFO] - Skipping loading parameter: model.model.node_attributes.latlons_data
[2025-04-07 15:15:39,129][anemoi.training.utils.checkpoint][INFO] - Skipping loading parameter: model.model.node_attributes.latlons_data
[2025-04-07 15:15:39,130][anemoi.training.utils.checkpoint][INFO] - Checkpoint shape: torch.Size([542080, 4])
[2025-04-07 15:15:39,130][anemoi.training.utils.checkpoint][INFO] - Model shape: torch.Size([1817128, 4])
[2025-04-07 15:15:39,130][anemoi.training.utils.checkpoint][INFO] - Checkpoint shape: torch.Size([542080, 4])
[2025-04-07 15:15:39,130][anemoi.training.utils.checkpoint][INFO] - Skipping loading parameter: model.model.node_attributes.latlons_hidden
[2025-04-07 15:15:39,130][anemoi.training.utils.checkpoint][INFO] - Model shape: torch.Size([1817128, 4])
[2025-04-07 15:15:39,130][anemoi.training.utils.checkpoint][INFO] - Checkpoint shape: torch.Size([163842, 4])
[2025-04-07 15:15:39,130][anemoi.training.utils.checkpoint][INFO] - Skipping loading parameter: model.model.node_attributes.latlons_hidden
[2025-04-07 15:15:39,130][anemoi.training.utils.checkpoint][INFO] - Model shape: torch.Size([387462, 4])
[2025-04-07 15:15:39,130][anemoi.training.utils.checkpoint][INFO] - Checkpoint shape: torch.Size([163842, 4])
[2025-04-07 15:15:39,130][anemoi.training.utils.checkpoint][INFO] - Skipping loading parameter: model.model.encoder.proc.lin_edge.weight
[2025-04-07 15:15:39,130][anemoi.training.utils.checkpoint][INFO] - Model shape: torch.Size([387462, 4])
[2025-04-07 15:15:39,130][anemoi.training.utils.checkpoint][INFO] - Checkpoint shape: torch.Size([512, 3])
[2025-04-07 15:15:39,130][anemoi.training.utils.checkpoint][INFO] - Skipping loading parameter: model.model.encoder.proc.lin_edge.weight
[2025-04-07 15:15:39,130][anemoi.training.utils.checkpoint][INFO] - Model shape: torch.Size([512, 11])
[2025-04-07 15:15:39,130][anemoi.training.utils.checkpoint][INFO] - Checkpoint shape: torch.Size([512, 3])
[2025-04-07 15:15:39,130][anemoi.training.utils.checkpoint][INFO] - Model shape: torch.Size([512, 11])
[2025-04-07 15:15:39,130][anemoi.training.utils.checkpoint][INFO] - Skipping loading parameter: model.model.encoder.emb_nodes_dst.weight
[2025-04-07 15:15:39,130][anemoi.training.utils.checkpoint][INFO] - Skipping loading parameter: model.model.encoder.emb_nodes_dst.weight
[2025-04-07 15:15:39,130][anemoi.training.utils.checkpoint][INFO] - Checkpoint shape: torch.Size([512, 4])
[2025-04-07 15:15:39,130][anemoi.training.utils.checkpoint][INFO] - Checkpoint shape: torch.Size([512, 4])
[2025-04-07 15:15:39,130][anemoi.training.utils.checkpoint][INFO] - Model shape: torch.Size([512, 12])
[2025-04-07 15:15:39,131][anemoi.training.utils.checkpoint][INFO] - Model shape: torch.Size([512, 12])
[2025-04-07 15:15:39,131][anemoi.training.utils.checkpoint][INFO] - Skipping loading parameter: model.model.encoder.emb_nodes_src.weight
[2025-04-07 15:15:39,131][anemoi.training.utils.checkpoint][INFO] - Skipping loading parameter: model.model.encoder.emb_nodes_src.weight
[2025-04-07 15:15:39,131][anemoi.training.utils.checkpoint][INFO] - Checkpoint shape: torch.Size([512, 176])
[2025-04-07 15:15:39,131][anemoi.training.utils.checkpoint][INFO] - Checkpoint shape: torch.Size([512, 176])
[2025-04-07 15:15:39,131][anemoi.training.utils.checkpoint][INFO] - Model shape: torch.Size([512, 184])
[2025-04-07 15:15:39,131][anemoi.training.utils.checkpoint][INFO] - Model shape: torch.Size([512, 184])
[2025-04-07 15:15:39,131][anemoi.training.utils.checkpoint][INFO] - Skipping loading parameter: model.model.processor.proc.0.blocks.0.lin_edge.weight
[2025-04-07 15:15:39,131][anemoi.training.utils.checkpoint][INFO] - Skipping loading parameter: model.model.processor.proc.0.blocks.0.lin_edge.weight
[2025-04-07 15:15:39,131][anemoi.training.utils.checkpoint][INFO] - Checkpoint shape: torch.Size([512, 3])
[2025-04-07 15:15:39,131][anemoi.training.utils.checkpoint][INFO] - Checkpoint shape: torch.Size([512, 3])
[2025-04-07 15:15:39,131][anemoi.training.utils.checkpoint][INFO] - Model shape: torch.Size([512, 11])
[2025-04-07 15:15:39,131][anemoi.training.utils.checkpoint][INFO] - Model shape: torch.Size([512, 11])
[2025-04-07 15:15:39,131][anemoi.training.utils.checkpoint][INFO] - Skipping loading parameter: model.model.processor.proc.0.blocks.1.lin_edge.weight
[2025-04-07 15:15:39,131][anemoi.training.utils.checkpoint][INFO] - Skipping loading parameter: model.model.processor.proc.0.blocks.1.lin_edge.weight
[2025-04-07 15:15:39,131][anemoi.training.utils.checkpoint][INFO] - Checkpoint shape: torch.Size([512, 3])
[2025-04-07 15:15:39,131][anemoi.training.utils.checkpoint][INFO] - Checkpoint shape: torch.Size([512, 3])
[2025-04-07 15:15:39,131][anemoi.training.utils.checkpoint][INFO] - Model shape: torch.Size([512, 11])
[2025-04-07 15:15:39,131][anemoi.training.utils.checkpoint][INFO] - Model shape: torch.Size([512, 11])
[2025-04-07 15:15:39,131][anemoi.training.utils.checkpoint][INFO] - Skipping loading parameter: model.model.processor.proc.0.blocks.2.lin_edge.weight
[2025-04-07 15:15:39,131][anemoi.training.utils.checkpoint][INFO] - Skipping loading parameter: model.model.processor.proc.0.blocks.2.lin_edge.weight
[2025-04-07 15:15:39,131][anemoi.training.utils.checkpoint][INFO] - Checkpoint shape: torch.Size([512, 3])
[2025-04-07 15:15:39,131][anemoi.training.utils.checkpoint][INFO] - Checkpoint shape: torch.Size([512, 3])
[2025-04-07 15:15:39,131][anemoi.training.utils.checkpoint][INFO] - Model shape: torch.Size([512, 11])
[2025-04-07 15:15:39,131][anemoi.training.utils.checkpoint][INFO] - Model shape: torch.Size([512, 11])
[2025-04-07 15:15:39,132][anemoi.training.utils.checkpoint][INFO] - Skipping loading parameter: model.model.processor.proc.0.blocks.3.lin_edge.weight
[2025-04-07 15:15:39,132][anemoi.training.utils.checkpoint][INFO] - Skipping loading parameter: model.model.processor.proc.0.blocks.3.lin_edge.weight
[2025-04-07 15:15:39,132][anemoi.training.utils.checkpoint][INFO] - Checkpoint shape: torch.Size([512, 3])
[2025-04-07 15:15:39,132][anemoi.training.utils.checkpoint][INFO] - Checkpoint shape: torch.Size([512, 3])
[2025-04-07 15:15:39,132][anemoi.training.utils.checkpoint][INFO] - Model shape: torch.Size([512, 11])
[2025-04-07 15:15:39,132][anemoi.training.utils.checkpoint][INFO] - Model shape: torch.Size([512, 11])
[2025-04-07 15:15:39,132][anemoi.training.utils.checkpoint][INFO] - Skipping loading parameter: model.model.processor.proc.0.blocks.4.lin_edge.weight
[2025-04-07 15:15:39,132][anemoi.training.utils.checkpoint][INFO] - Skipping loading parameter: model.model.processor.proc.0.blocks.4.lin_edge.weight
[2025-04-07 15:15:39,132][anemoi.training.utils.checkpoint][INFO] - Checkpoint shape: torch.Size([512, 3])
[2025-04-07 15:15:39,132][anemoi.training.utils.checkpoint][INFO] - Checkpoint shape: torch.Size([512, 3])
[2025-04-07 15:15:39,132][anemoi.training.utils.checkpoint][INFO] - Model shape: torch.Size([512, 11])
[2025-04-07 15:15:39,132][anemoi.training.utils.checkpoint][INFO] - Model shape: torch.Size([512, 11])
[2025-04-07 15:15:39,132][anemoi.training.utils.checkpoint][INFO] - Skipping loading parameter: model.model.processor.proc.0.blocks.5.lin_edge.weight
[2025-04-07 15:15:39,132][anemoi.training.utils.checkpoint][INFO] - Skipping loading parameter: model.model.processor.proc.0.blocks.5.lin_edge.weight
[2025-04-07 15:15:39,132][anemoi.training.utils.checkpoint][INFO] - Checkpoint shape: torch.Size([512, 3])
[2025-04-07 15:15:39,132][anemoi.training.utils.checkpoint][INFO] - Checkpoint shape: torch.Size([512, 3])
[2025-04-07 15:15:39,132][anemoi.training.utils.checkpoint][INFO] - Model shape: torch.Size([512, 11])
[2025-04-07 15:15:39,132][anemoi.training.utils.checkpoint][INFO] - Model shape: torch.Size([512, 11])
[2025-04-07 15:15:39,132][anemoi.training.utils.checkpoint][INFO] - Skipping loading parameter: model.model.processor.proc.0.blocks.6.lin_edge.weight
[2025-04-07 15:15:39,132][anemoi.training.utils.checkpoint][INFO] - Skipping loading parameter: model.model.processor.proc.0.blocks.6.lin_edge.weight
[2025-04-07 15:15:39,132][anemoi.training.utils.checkpoint][INFO] - Checkpoint shape: torch.Size([512, 3])
[2025-04-07 15:15:39,132][anemoi.training.utils.checkpoint][INFO] - Checkpoint shape: torch.Size([512, 3])
[2025-04-07 15:15:39,132][anemoi.training.utils.checkpoint][INFO] - Model shape: torch.Size([512, 11])
[2025-04-07 15:15:39,132][anemoi.training.utils.checkpoint][INFO] - Model shape: torch.Size([512, 11])
[2025-04-07 15:15:39,132][anemoi.training.utils.checkpoint][INFO] - Skipping loading parameter: model.model.processor.proc.0.blocks.7.lin_edge.weight
[2025-04-07 15:15:39,132][anemoi.training.utils.checkpoint][INFO] - Skipping loading parameter: model.model.processor.proc.0.blocks.7.lin_edge.weight
[2025-04-07 15:15:39,133][anemoi.training.utils.checkpoint][INFO] - Checkpoint shape: torch.Size([512, 3])
[2025-04-07 15:15:39,133][anemoi.training.utils.checkpoint][INFO] - Checkpoint shape: torch.Size([512, 3])
[2025-04-07 15:15:39,133][anemoi.training.utils.checkpoint][INFO] - Model shape: torch.Size([512, 11])
[2025-04-07 15:15:39,133][anemoi.training.utils.checkpoint][INFO] - Model shape: torch.Size([512, 11])
[2025-04-07 15:15:39,133][anemoi.training.utils.checkpoint][INFO] - Skipping loading parameter: model.model.processor.proc.1.blocks.0.lin_edge.weight
[2025-04-07 15:15:39,133][anemoi.training.utils.checkpoint][INFO] - Skipping loading parameter: model.model.processor.proc.1.blocks.0.lin_edge.weight
[2025-04-07 15:15:39,133][anemoi.training.utils.checkpoint][INFO] - Checkpoint shape: torch.Size([512, 3])
[2025-04-07 15:15:39,133][anemoi.training.utils.checkpoint][INFO] - Checkpoint shape: torch.Size([512, 3])
[2025-04-07 15:15:39,133][anemoi.training.utils.checkpoint][INFO] - Model shape: torch.Size([512, 11])
[2025-04-07 15:15:39,133][anemoi.training.utils.checkpoint][INFO] - Model shape: torch.Size([512, 11])
[2025-04-07 15:15:39,133][anemoi.training.utils.checkpoint][INFO] - Skipping loading parameter: model.model.processor.proc.1.blocks.1.lin_edge.weight
[2025-04-07 15:15:39,133][anemoi.training.utils.checkpoint][INFO] - Skipping loading parameter: model.model.processor.proc.1.blocks.1.lin_edge.weight
[2025-04-07 15:15:39,133][anemoi.training.utils.checkpoint][INFO] - Checkpoint shape: torch.Size([512, 3])
[2025-04-07 15:15:39,133][anemoi.training.utils.checkpoint][INFO] - Checkpoint shape: torch.Size([512, 3])
[2025-04-07 15:15:39,133][anemoi.training.utils.checkpoint][INFO] - Model shape: torch.Size([512, 11])
[2025-04-07 15:15:39,133][anemoi.training.utils.checkpoint][INFO] - Model shape: torch.Size([512, 11])
[2025-04-07 15:15:39,133][anemoi.training.utils.checkpoint][INFO] - Skipping loading parameter: model.model.processor.proc.1.blocks.2.lin_edge.weight
[2025-04-07 15:15:39,133][anemoi.training.utils.checkpoint][INFO] - Skipping loading parameter: model.model.processor.proc.1.blocks.2.lin_edge.weight
[2025-04-07 15:15:39,133][anemoi.training.utils.checkpoint][INFO] - Checkpoint shape: torch.Size([512, 3])
[2025-04-07 15:15:39,133][anemoi.training.utils.checkpoint][INFO] - Checkpoint shape: torch.Size([512, 3])
[2025-04-07 15:15:39,133][anemoi.training.utils.checkpoint][INFO] - Model shape: torch.Size([512, 11])
[2025-04-07 15:15:39,133][anemoi.training.utils.checkpoint][INFO] - Model shape: torch.Size([512, 11])
[2025-04-07 15:15:39,133][anemoi.training.utils.checkpoint][INFO] - Skipping loading parameter: model.model.processor.proc.1.blocks.3.lin_edge.weight
[2025-04-07 15:15:39,133][anemoi.training.utils.checkpoint][INFO] - Skipping loading parameter: model.model.processor.proc.1.blocks.3.lin_edge.weight
[2025-04-07 15:15:39,133][anemoi.training.utils.checkpoint][INFO] - Checkpoint shape: torch.Size([512, 3])
[2025-04-07 15:15:39,133][anemoi.training.utils.checkpoint][INFO] - Checkpoint shape: torch.Size([512, 3])
[2025-04-07 15:15:39,133][anemoi.training.utils.checkpoint][INFO] - Model shape: torch.Size([512, 11])
[2025-04-07 15:15:39,134][anemoi.training.utils.checkpoint][INFO] - Model shape: torch.Size([512, 11])
[2025-04-07 15:15:39,134][anemoi.training.utils.checkpoint][INFO] - Skipping loading parameter: model.model.processor.proc.1.blocks.4.lin_edge.weight
[2025-04-07 15:15:39,134][anemoi.training.utils.checkpoint][INFO] - Skipping loading parameter: model.model.processor.proc.1.blocks.4.lin_edge.weight
[2025-04-07 15:15:39,134][anemoi.training.utils.checkpoint][INFO] - Checkpoint shape: torch.Size([512, 3])
[2025-04-07 15:15:39,134][anemoi.training.utils.checkpoint][INFO] - Checkpoint shape: torch.Size([512, 3])
[2025-04-07 15:15:39,134][anemoi.training.utils.checkpoint][INFO] - Model shape: torch.Size([512, 11])
[2025-04-07 15:15:39,134][anemoi.training.utils.checkpoint][INFO] - Model shape: torch.Size([512, 11])
[2025-04-07 15:15:39,134][anemoi.training.utils.checkpoint][INFO] - Skipping loading parameter: model.model.processor.proc.1.blocks.5.lin_edge.weight
[2025-04-07 15:15:39,134][anemoi.training.utils.checkpoint][INFO] - Skipping loading parameter: model.model.processor.proc.1.blocks.5.lin_edge.weight
[2025-04-07 15:15:39,134][anemoi.training.utils.checkpoint][INFO] - Checkpoint shape: torch.Size([512, 3])
[2025-04-07 15:15:39,134][anemoi.training.utils.checkpoint][INFO] - Checkpoint shape: torch.Size([512, 3])
[2025-04-07 15:15:39,134][anemoi.training.utils.checkpoint][INFO] - Model shape: torch.Size([512, 11])
[2025-04-07 15:15:39,134][anemoi.training.utils.checkpoint][INFO] - Model shape: torch.Size([512, 11])
[2025-04-07 15:15:39,134][anemoi.training.utils.checkpoint][INFO] - Skipping loading parameter: model.model.processor.proc.1.blocks.6.lin_edge.weight
[2025-04-07 15:15:39,134][anemoi.training.utils.checkpoint][INFO] - Skipping loading parameter: model.model.processor.proc.1.blocks.6.lin_edge.weight
[2025-04-07 15:15:39,134][anemoi.training.utils.checkpoint][INFO] - Checkpoint shape: torch.Size([512, 3])
[2025-04-07 15:15:39,134][anemoi.training.utils.checkpoint][INFO] - Checkpoint shape: torch.Size([512, 3])
[2025-04-07 15:15:39,134][anemoi.training.utils.checkpoint][INFO] - Model shape: torch.Size([512, 11])
[2025-04-07 15:15:39,134][anemoi.training.utils.checkpoint][INFO] - Model shape: torch.Size([512, 11])
[2025-04-07 15:15:39,134][anemoi.training.utils.checkpoint][INFO] - Skipping loading parameter: model.model.node_attributes.latlons_data
[2025-04-07 15:15:39,134][anemoi.training.utils.checkpoint][INFO] - Skipping loading parameter: model.model.processor.proc.1.blocks.7.lin_edge.weight
[2025-04-07 15:15:39,134][anemoi.training.utils.checkpoint][INFO] - Skipping loading parameter: model.model.processor.proc.1.blocks.7.lin_edge.weight
[2025-04-07 15:15:39,134][anemoi.training.utils.checkpoint][INFO] - Checkpoint shape: torch.Size([512, 3])
[2025-04-07 15:15:39,134][anemoi.training.utils.checkpoint][INFO] - Checkpoint shape: torch.Size([542080, 4])
[2025-04-07 15:15:39,134][anemoi.training.utils.checkpoint][INFO] - Checkpoint shape: torch.Size([512, 3])
[2025-04-07 15:15:39,134][anemoi.training.utils.checkpoint][INFO] - Model shape: torch.Size([512, 11])
[2025-04-07 15:15:39,135][anemoi.training.utils.checkpoint][INFO] - Model shape: torch.Size([512, 11])
[2025-04-07 15:15:39,135][anemoi.training.utils.checkpoint][INFO] - Model shape: torch.Size([1817128, 4])
[2025-04-07 15:15:39,135][anemoi.training.utils.checkpoint][INFO] - Skipping loading parameter: model.model.decoder.proc.lin_edge.weight
[2025-04-07 15:15:39,135][anemoi.training.utils.checkpoint][INFO] - Skipping loading parameter: model.model.decoder.proc.lin_edge.weight
[2025-04-07 15:15:39,135][anemoi.training.utils.checkpoint][INFO] - Skipping loading parameter: model.model.node_attributes.latlons_hidden
[2025-04-07 15:15:39,135][anemoi.training.utils.checkpoint][INFO] - Checkpoint shape: torch.Size([512, 3])
[2025-04-07 15:15:39,135][anemoi.training.utils.checkpoint][INFO] - Checkpoint shape: torch.Size([512, 3])
[2025-04-07 15:15:39,135][anemoi.training.utils.checkpoint][INFO] - Model shape: torch.Size([512, 11])
[2025-04-07 15:15:39,135][anemoi.training.utils.checkpoint][INFO] - Model shape: torch.Size([512, 11])
[2025-04-07 15:15:39,135][anemoi.training.utils.checkpoint][INFO] - Skipping loading parameter: model.model.decoder.emb_nodes_dst.weight
[2025-04-07 15:15:39,135][anemoi.training.utils.checkpoint][INFO] - Skipping loading parameter: model.model.decoder.emb_nodes_dst.weight
[2025-04-07 15:15:39,135][anemoi.training.utils.checkpoint][INFO] - Checkpoint shape: torch.Size([512, 176])
[2025-04-07 15:15:39,135][anemoi.training.utils.checkpoint][INFO] - Checkpoint shape: torch.Size([163842, 4])
[2025-04-07 15:15:39,135][anemoi.training.utils.checkpoint][INFO] - Checkpoint shape: torch.Size([512, 176])
[2025-04-07 15:15:39,135][anemoi.training.utils.checkpoint][INFO] - Model shape: torch.Size([512, 184])
[2025-04-07 15:15:39,135][anemoi.training.utils.checkpoint][INFO] - Model shape: torch.Size([387462, 4])
[2025-04-07 15:15:39,135][anemoi.training.utils.checkpoint][INFO] - Model shape: torch.Size([512, 184])
[2025-04-07 15:15:39,135][anemoi.training.utils.checkpoint][INFO] - Skipping loading parameter: loss.node_weights
[2025-04-07 15:15:39,135][anemoi.training.utils.checkpoint][INFO] - Skipping loading parameter: model.model.encoder.proc.lin_edge.weight
[2025-04-07 15:15:39,135][anemoi.training.utils.checkpoint][INFO] - Skipping loading parameter: loss.node_weights
[2025-04-07 15:15:39,135][anemoi.training.utils.checkpoint][INFO] - Checkpoint shape: torch.Size([542080])
[2025-04-07 15:15:39,136][anemoi.training.utils.checkpoint][INFO] - Checkpoint shape: torch.Size([542080])
[2025-04-07 15:15:39,136][anemoi.training.utils.checkpoint][INFO] - Model shape: torch.Size([1817128])
[2025-04-07 15:15:39,136][anemoi.training.utils.checkpoint][INFO] - Model shape: torch.Size([1817128])
[2025-04-07 15:15:39,136][anemoi.training.utils.checkpoint][INFO] - Skipping loading parameter: metrics.0.node_weights
[2025-04-07 15:15:39,136][anemoi.training.utils.checkpoint][INFO] - Skipping loading parameter: metrics.0.node_weights
[2025-04-07 15:15:39,136][anemoi.training.utils.checkpoint][INFO] - Checkpoint shape: torch.Size([542080])
[2025-04-07 15:15:39,136][anemoi.training.utils.checkpoint][INFO] - Checkpoint shape: torch.Size([542080])
[2025-04-07 15:15:39,136][anemoi.training.utils.checkpoint][INFO] - Model shape: torch.Size([1817128])
[2025-04-07 15:15:39,136][anemoi.training.utils.checkpoint][INFO] - Model shape: torch.Size([1817128])
[2025-04-07 15:15:39,136][anemoi.training.utils.checkpoint][INFO] - Checkpoint shape: torch.Size([512, 3])
[2025-04-07 15:15:39,136][anemoi.training.utils.checkpoint][INFO] - Model shape: torch.Size([512, 11])
[2025-04-07 15:15:39,136][anemoi.training.utils.checkpoint][INFO] - Skipping loading parameter: model.model.encoder.emb_nodes_dst.weight
[2025-04-07 15:15:39,136][anemoi.training.utils.checkpoint][INFO] - Checkpoint shape: torch.Size([512, 4])
[2025-04-07 15:15:39,136][anemoi.training.utils.checkpoint][INFO] - Model shape: torch.Size([512, 12])
[2025-04-07 15:15:39,136][anemoi.training.utils.checkpoint][INFO] - Skipping loading parameter: model.model.encoder.emb_nodes_src.weight
[2025-04-07 15:15:39,136][anemoi.training.utils.checkpoint][INFO] - Checkpoint shape: torch.Size([512, 176])
[2025-04-07 15:15:39,137][anemoi.training.utils.checkpoint][INFO] - Model shape: torch.Size([512, 184])
[2025-04-07 15:15:39,137][anemoi.training.utils.checkpoint][INFO] - Skipping loading parameter: model.model.processor.proc.0.blocks.0.lin_edge.weight
[2025-04-07 15:15:39,137][anemoi.training.utils.checkpoint][INFO] - Checkpoint shape: torch.Size([512, 3])
[2025-04-07 15:15:39,137][anemoi.training.utils.checkpoint][INFO] - Model shape: torch.Size([512, 11])
[2025-04-07 15:15:39,137][anemoi.training.utils.checkpoint][INFO] - Skipping loading parameter: model.model.processor.proc.0.blocks.1.lin_edge.weight
[2025-04-07 15:15:39,137][anemoi.training.utils.checkpoint][INFO] - Checkpoint shape: torch.Size([512, 3])
[2025-04-07 15:15:39,137][anemoi.training.utils.checkpoint][INFO] - Model shape: torch.Size([512, 11])
[2025-04-07 15:15:39,137][anemoi.training.utils.checkpoint][INFO] - Skipping loading parameter: model.model.processor.proc.0.blocks.2.lin_edge.weight
[2025-04-07 15:15:39,137][anemoi.training.utils.checkpoint][INFO] - Checkpoint shape: torch.Size([512, 3])
[2025-04-07 15:15:39,137][anemoi.training.utils.checkpoint][INFO] - Model shape: torch.Size([512, 11])
[2025-04-07 15:15:39,137][anemoi.training.utils.checkpoint][INFO] - Skipping loading parameter: model.model.processor.proc.0.blocks.3.lin_edge.weight
[2025-04-07 15:15:39,137][anemoi.training.utils.checkpoint][INFO] - Checkpoint shape: torch.Size([512, 3])
[2025-04-07 15:15:39,137][anemoi.training.utils.checkpoint][INFO] - Model shape: torch.Size([512, 11])
[2025-04-07 15:15:39,137][anemoi.training.utils.checkpoint][INFO] - Skipping loading parameter: model.model.processor.proc.0.blocks.4.lin_edge.weight
[2025-04-07 15:15:39,137][anemoi.training.utils.checkpoint][INFO] - Checkpoint shape: torch.Size([512, 3])
[2025-04-07 15:15:39,137][anemoi.training.utils.checkpoint][INFO] - Model shape: torch.Size([512, 11])
[2025-04-07 15:15:39,137][anemoi.training.utils.checkpoint][INFO] - Skipping loading parameter: model.model.processor.proc.0.blocks.5.lin_edge.weight
[2025-04-07 15:15:39,138][anemoi.training.utils.checkpoint][INFO] - Checkpoint shape: torch.Size([512, 3])
[2025-04-07 15:15:39,138][anemoi.training.utils.checkpoint][INFO] - Model shape: torch.Size([512, 11])
[2025-04-07 15:15:39,138][anemoi.training.utils.checkpoint][INFO] - Skipping loading parameter: model.model.processor.proc.0.blocks.6.lin_edge.weight
[2025-04-07 15:15:39,138][anemoi.training.utils.checkpoint][INFO] - Checkpoint shape: torch.Size([512, 3])
[2025-04-07 15:15:39,138][anemoi.training.utils.checkpoint][INFO] - Model shape: torch.Size([512, 11])
[2025-04-07 15:15:39,138][anemoi.training.utils.checkpoint][INFO] - Skipping loading parameter: model.model.processor.proc.0.blocks.7.lin_edge.weight
[2025-04-07 15:15:39,138][anemoi.training.utils.checkpoint][INFO] - Checkpoint shape: torch.Size([512, 3])
[2025-04-07 15:15:39,138][anemoi.training.utils.checkpoint][INFO] - Model shape: torch.Size([512, 11])
[2025-04-07 15:15:39,138][anemoi.training.utils.checkpoint][INFO] - Skipping loading parameter: model.model.processor.proc.1.blocks.0.lin_edge.weight
[2025-04-07 15:15:39,138][anemoi.training.utils.checkpoint][INFO] - Checkpoint shape: torch.Size([512, 3])
[2025-04-07 15:15:39,138][anemoi.training.utils.checkpoint][INFO] - Model shape: torch.Size([512, 11])
[2025-04-07 15:15:39,138][anemoi.training.utils.checkpoint][INFO] - Skipping loading parameter: model.model.processor.proc.1.blocks.1.lin_edge.weight
[2025-04-07 15:15:39,138][anemoi.training.utils.checkpoint][INFO] - Checkpoint shape: torch.Size([512, 3])
[2025-04-07 15:15:39,138][anemoi.training.utils.checkpoint][INFO] - Model shape: torch.Size([512, 11])
[2025-04-07 15:15:39,138][anemoi.training.utils.checkpoint][INFO] - Skipping loading parameter: model.model.processor.proc.1.blocks.2.lin_edge.weight
[2025-04-07 15:15:39,138][anemoi.training.utils.checkpoint][INFO] - Checkpoint shape: torch.Size([512, 3])
[2025-04-07 15:15:39,138][anemoi.training.utils.checkpoint][INFO] - Model shape: torch.Size([512, 11])
[2025-04-07 15:15:39,138][anemoi.training.utils.checkpoint][INFO] - Skipping loading parameter: model.model.processor.proc.1.blocks.3.lin_edge.weight
[2025-04-07 15:15:39,138][anemoi.training.utils.checkpoint][INFO] - Checkpoint shape: torch.Size([512, 3])
[2025-04-07 15:15:39,138][anemoi.training.utils.checkpoint][INFO] - Model shape: torch.Size([512, 11])
[2025-04-07 15:15:39,138][anemoi.training.utils.checkpoint][INFO] - Skipping loading parameter: model.model.processor.proc.1.blocks.4.lin_edge.weight
[2025-04-07 15:15:39,138][anemoi.training.utils.checkpoint][INFO] - Checkpoint shape: torch.Size([512, 3])
[2025-04-07 15:15:39,138][anemoi.training.utils.checkpoint][INFO] - Model shape: torch.Size([512, 11])
[2025-04-07 15:15:39,139][anemoi.training.utils.checkpoint][INFO] - Skipping loading parameter: model.model.processor.proc.1.blocks.5.lin_edge.weight
[2025-04-07 15:15:39,139][anemoi.training.utils.checkpoint][INFO] - Checkpoint shape: torch.Size([512, 3])
[2025-04-07 15:15:39,139][anemoi.training.utils.checkpoint][INFO] - Model shape: torch.Size([512, 11])
[2025-04-07 15:15:39,139][anemoi.training.utils.checkpoint][INFO] - Skipping loading parameter: model.model.processor.proc.1.blocks.6.lin_edge.weight
[2025-04-07 15:15:39,139][anemoi.training.utils.checkpoint][INFO] - Checkpoint shape: torch.Size([512, 3])
[2025-04-07 15:15:39,139][anemoi.training.utils.checkpoint][INFO] - Model shape: torch.Size([512, 11])
[2025-04-07 15:15:39,139][anemoi.training.utils.checkpoint][INFO] - Skipping loading parameter: model.model.processor.proc.1.blocks.7.lin_edge.weight
[2025-04-07 15:15:39,139][anemoi.training.utils.checkpoint][INFO] - Checkpoint shape: torch.Size([512, 3])
[2025-04-07 15:15:39,139][anemoi.training.utils.checkpoint][INFO] - Model shape: torch.Size([512, 11])
[2025-04-07 15:15:39,139][anemoi.training.utils.checkpoint][INFO] - Skipping loading parameter: model.model.decoder.proc.lin_edge.weight
[2025-04-07 15:15:39,139][anemoi.training.utils.checkpoint][INFO] - Checkpoint shape: torch.Size([512, 3])
[2025-04-07 15:15:39,139][anemoi.training.utils.checkpoint][INFO] - Model shape: torch.Size([512, 11])
[2025-04-07 15:15:39,139][anemoi.training.utils.checkpoint][INFO] - Skipping loading parameter: model.model.decoder.emb_nodes_dst.weight
[2025-04-07 15:15:39,140][anemoi.training.utils.checkpoint][INFO] - Checkpoint shape: torch.Size([512, 176])
[2025-04-07 15:15:39,140][anemoi.training.utils.checkpoint][INFO] - Model shape: torch.Size([512, 184])
[2025-04-07 15:15:39,140][anemoi.training.utils.checkpoint][INFO] - Skipping loading parameter: loss.node_weights
[2025-04-07 15:15:39,140][anemoi.training.utils.checkpoint][INFO] - Checkpoint shape: torch.Size([542080])
[2025-04-07 15:15:39,140][anemoi.training.utils.checkpoint][INFO] - Model shape: torch.Size([1817128])
[2025-04-07 15:15:39,140][anemoi.training.utils.checkpoint][INFO] - Skipping loading parameter: metrics.0.node_weights
[2025-04-07 15:15:39,140][anemoi.training.utils.checkpoint][INFO] - Checkpoint shape: torch.Size([542080])
[2025-04-07 15:15:39,140][anemoi.training.utils.checkpoint][INFO] - Model shape: torch.Size([1817128])
[2025-04-07 15:15:39,155][anemoi.training.utils.checkpoint][INFO] - Skipping loading parameter: model.model.node_attributes.latlons_data
[2025-04-07 15:15:39,155][anemoi.training.utils.checkpoint][INFO] - Checkpoint shape: torch.Size([542080, 4])
[2025-04-07 15:15:39,155][anemoi.training.utils.checkpoint][INFO] - Model shape: torch.Size([1817128, 4])
[2025-04-07 15:15:39,155][anemoi.training.utils.checkpoint][INFO] - Skipping loading parameter: model.model.node_attributes.latlons_hidden
[2025-04-07 15:15:39,155][anemoi.training.utils.checkpoint][INFO] - Checkpoint shape: torch.Size([163842, 4])
[2025-04-07 15:15:39,155][anemoi.training.utils.checkpoint][INFO] - Model shape: torch.Size([387462, 4])
[2025-04-07 15:15:39,156][anemoi.training.utils.checkpoint][INFO] - Skipping loading parameter: model.model.encoder.proc.lin_edge.weight
[2025-04-07 15:15:39,156][anemoi.training.utils.checkpoint][INFO] - Checkpoint shape: torch.Size([512, 3])
[2025-04-07 15:15:39,156][anemoi.training.utils.checkpoint][INFO] - Model shape: torch.Size([512, 11])
[2025-04-07 15:15:39,156][anemoi.training.utils.checkpoint][INFO] - Skipping loading parameter: model.model.encoder.emb_nodes_dst.weight
[2025-04-07 15:15:39,156][anemoi.training.utils.checkpoint][INFO] - Checkpoint shape: torch.Size([512, 4])
[2025-04-07 15:15:39,156][anemoi.training.utils.checkpoint][INFO] - Model shape: torch.Size([512, 12])
[2025-04-07 15:15:39,156][anemoi.training.utils.checkpoint][INFO] - Skipping loading parameter: model.model.encoder.emb_nodes_src.weight
[2025-04-07 15:15:39,156][anemoi.training.utils.checkpoint][INFO] - Checkpoint shape: torch.Size([512, 176])
[2025-04-07 15:15:39,156][anemoi.training.utils.checkpoint][INFO] - Model shape: torch.Size([512, 184])
[2025-04-07 15:15:39,156][anemoi.training.utils.checkpoint][INFO] - Skipping loading parameter: model.model.processor.proc.0.blocks.0.lin_edge.weight
[2025-04-07 15:15:39,156][anemoi.training.utils.checkpoint][INFO] - Checkpoint shape: torch.Size([512, 3])
[2025-04-07 15:15:39,157][anemoi.training.utils.checkpoint][INFO] - Model shape: torch.Size([512, 11])
[2025-04-07 15:15:39,157][anemoi.training.utils.checkpoint][INFO] - Skipping loading parameter: model.model.processor.proc.0.blocks.1.lin_edge.weight
[2025-04-07 15:15:39,157][anemoi.training.utils.checkpoint][INFO] - Checkpoint shape: torch.Size([512, 3])
[2025-04-07 15:15:39,157][anemoi.training.utils.checkpoint][INFO] - Model shape: torch.Size([512, 11])
[2025-04-07 15:15:39,157][anemoi.training.utils.checkpoint][INFO] - Skipping loading parameter: model.model.processor.proc.0.blocks.2.lin_edge.weight
[2025-04-07 15:15:39,157][anemoi.training.utils.checkpoint][INFO] - Checkpoint shape: torch.Size([512, 3])
[2025-04-07 15:15:39,157][anemoi.training.utils.checkpoint][INFO] - Model shape: torch.Size([512, 11])
[2025-04-07 15:15:39,157][anemoi.training.utils.checkpoint][INFO] - Skipping loading parameter: model.model.processor.proc.0.blocks.3.lin_edge.weight
[2025-04-07 15:15:39,157][anemoi.training.utils.checkpoint][INFO] - Checkpoint shape: torch.Size([512, 3])
[2025-04-07 15:15:39,157][anemoi.training.utils.checkpoint][INFO] - Model shape: torch.Size([512, 11])
[2025-04-07 15:15:39,157][anemoi.training.utils.checkpoint][INFO] - Skipping loading parameter: model.model.processor.proc.0.blocks.4.lin_edge.weight
[2025-04-07 15:15:39,158][anemoi.training.utils.checkpoint][INFO] - Checkpoint shape: torch.Size([512, 3])
[2025-04-07 15:15:39,158][anemoi.training.utils.checkpoint][INFO] - Model shape: torch.Size([512, 11])
[2025-04-07 15:15:39,158][anemoi.training.utils.checkpoint][INFO] - Skipping loading parameter: model.model.processor.proc.0.blocks.5.lin_edge.weight
[2025-04-07 15:15:39,158][anemoi.training.utils.checkpoint][INFO] - Checkpoint shape: torch.Size([512, 3])
[2025-04-07 15:15:39,158][anemoi.training.utils.checkpoint][INFO] - Model shape: torch.Size([512, 11])
[2025-04-07 15:15:39,158][anemoi.training.utils.checkpoint][INFO] - Skipping loading parameter: model.model.processor.proc.0.blocks.6.lin_edge.weight
[2025-04-07 15:15:39,158][anemoi.training.utils.checkpoint][INFO] - Checkpoint shape: torch.Size([512, 3])
[2025-04-07 15:15:39,158][anemoi.training.utils.checkpoint][INFO] - Model shape: torch.Size([512, 11])
[2025-04-07 15:15:39,158][anemoi.training.utils.checkpoint][INFO] - Skipping loading parameter: model.model.processor.proc.0.blocks.7.lin_edge.weight
[2025-04-07 15:15:39,158][anemoi.training.utils.checkpoint][INFO] - Checkpoint shape: torch.Size([512, 3])
[2025-04-07 15:15:39,159][anemoi.training.utils.checkpoint][INFO] - Model shape: torch.Size([512, 11])
[2025-04-07 15:15:39,159][anemoi.training.utils.checkpoint][INFO] - Skipping loading parameter: model.model.processor.proc.1.blocks.0.lin_edge.weight
[2025-04-07 15:15:39,159][anemoi.training.utils.checkpoint][INFO] - Checkpoint shape: torch.Size([512, 3])
[2025-04-07 15:15:39,159][anemoi.training.utils.checkpoint][INFO] - Model shape: torch.Size([512, 11])
[2025-04-07 15:15:39,159][anemoi.training.utils.checkpoint][INFO] - Skipping loading parameter: model.model.processor.proc.1.blocks.1.lin_edge.weight
[2025-04-07 15:15:39,159][anemoi.training.utils.checkpoint][INFO] - Checkpoint shape: torch.Size([512, 3])
[2025-04-07 15:15:39,159][anemoi.training.utils.checkpoint][INFO] - Model shape: torch.Size([512, 11])
[2025-04-07 15:15:39,159][anemoi.training.utils.checkpoint][INFO] - Skipping loading parameter: model.model.processor.proc.1.blocks.2.lin_edge.weight
[2025-04-07 15:15:39,159][anemoi.training.utils.checkpoint][INFO] - Checkpoint shape: torch.Size([512, 3])
[2025-04-07 15:15:39,159][anemoi.training.utils.checkpoint][INFO] - Model shape: torch.Size([512, 11])
[2025-04-07 15:15:39,159][anemoi.training.utils.checkpoint][INFO] - Skipping loading parameter: model.model.processor.proc.1.blocks.3.lin_edge.weight
[2025-04-07 15:15:39,160][anemoi.training.utils.checkpoint][INFO] - Checkpoint shape: torch.Size([512, 3])
[2025-04-07 15:15:39,160][anemoi.training.utils.checkpoint][INFO] - Model shape: torch.Size([512, 11])
[2025-04-07 15:15:39,160][anemoi.training.utils.checkpoint][INFO] - Skipping loading parameter: model.model.processor.proc.1.blocks.4.lin_edge.weight
[2025-04-07 15:15:39,160][anemoi.training.utils.checkpoint][INFO] - Checkpoint shape: torch.Size([512, 3])
[2025-04-07 15:15:39,160][anemoi.training.utils.checkpoint][INFO] - Model shape: torch.Size([512, 11])
[2025-04-07 15:15:39,160][anemoi.training.utils.checkpoint][INFO] - Skipping loading parameter: model.model.processor.proc.1.blocks.5.lin_edge.weight
[2025-04-07 15:15:39,160][anemoi.training.utils.checkpoint][INFO] - Checkpoint shape: torch.Size([512, 3])
[2025-04-07 15:15:39,160][anemoi.training.utils.checkpoint][INFO] - Model shape: torch.Size([512, 11])
[2025-04-07 15:15:39,160][anemoi.training.utils.checkpoint][INFO] - Skipping loading parameter: model.model.processor.proc.1.blocks.6.lin_edge.weight
[2025-04-07 15:15:39,160][anemoi.training.utils.checkpoint][INFO] - Checkpoint shape: torch.Size([512, 3])
[2025-04-07 15:15:39,160][anemoi.training.utils.checkpoint][INFO] - Model shape: torch.Size([512, 11])
[2025-04-07 15:15:39,160][anemoi.training.utils.checkpoint][INFO] - Skipping loading parameter: model.model.processor.proc.1.blocks.7.lin_edge.weight
[2025-04-07 15:15:39,161][anemoi.training.utils.checkpoint][INFO] - Checkpoint shape: torch.Size([512, 3])
[2025-04-07 15:15:39,161][anemoi.training.utils.checkpoint][INFO] - Model shape: torch.Size([512, 11])
[2025-04-07 15:15:39,161][anemoi.training.utils.checkpoint][INFO] - Skipping loading parameter: model.model.decoder.proc.lin_edge.weight
[2025-04-07 15:15:39,161][anemoi.training.utils.checkpoint][INFO] - Checkpoint shape: torch.Size([512, 3])
[2025-04-07 15:15:39,161][anemoi.training.utils.checkpoint][INFO] - Model shape: torch.Size([512, 11])
[2025-04-07 15:15:39,161][anemoi.training.utils.checkpoint][INFO] - Skipping loading parameter: model.model.decoder.emb_nodes_dst.weight
[2025-04-07 15:15:39,161][anemoi.training.utils.checkpoint][INFO] - Checkpoint shape: torch.Size([512, 176])
[2025-04-07 15:15:39,161][anemoi.training.utils.checkpoint][INFO] - Model shape: torch.Size([512, 184])
[2025-04-07 15:15:39,161][anemoi.training.utils.checkpoint][INFO] - Skipping loading parameter: loss.node_weights
[2025-04-07 15:15:39,161][anemoi.training.utils.checkpoint][INFO] - Checkpoint shape: torch.Size([542080])
[2025-04-07 15:15:39,161][anemoi.training.utils.checkpoint][INFO] - Model shape: torch.Size([1817128])
[2025-04-07 15:15:39,162][anemoi.training.utils.checkpoint][INFO] - Skipping loading parameter: metrics.0.node_weights
[2025-04-07 15:15:39,162][anemoi.training.utils.checkpoint][INFO] - Checkpoint shape: torch.Size([542080])
[2025-04-07 15:15:39,162][anemoi.training.utils.checkpoint][INFO] - Model shape: torch.Size([1817128])
[2025-04-07 15:15:45,692][lightning_fabric.utilities.distributed][INFO] - Initializing distributed: GLOBAL_RANK: 0, MEMBER: 1/4
[2025-04-07 15:15:46,330][lightning_fabric.utilities.distributed][INFO] - Initializing distributed: GLOBAL_RANK: 1, MEMBER: 2/4
[2025-04-07 15:15:46,330][lightning_fabric.utilities.distributed][INFO] - Initializing distributed: GLOBAL_RANK: 3, MEMBER: 4/4
[2025-04-07 15:15:46,331][lightning_fabric.utilities.distributed][INFO] - Initializing distributed: GLOBAL_RANK: 2, MEMBER: 3/4
[2025-04-07 15:15:46,354][pytorch_lightning.utilities.rank_zero][INFO] - ----------------------------------------------------------------------------------------------------
distributed_backend=nccl
All distributed processes registered. Starting with 4 processes
----------------------------------------------------------------------------------------------------

[2025-04-07 15:15:53,239][pytorch_lightning.accelerators.cuda][INFO] - LOCAL_RANK: 2 - CUDA_VISIBLE_DEVICES: [0,1,2,3]
[2025-04-07 15:15:53,239][pytorch_lightning.accelerators.cuda][INFO] - LOCAL_RANK: 3 - CUDA_VISIBLE_DEVICES: [0,1,2,3]
[2025-04-07 15:15:53,239][pytorch_lightning.accelerators.cuda][INFO] - LOCAL_RANK: 1 - CUDA_VISIBLE_DEVICES: [0,1,2,3]
[2025-04-07 15:15:53,239][pytorch_lightning.accelerators.cuda][INFO] - LOCAL_RANK: 0 - CUDA_VISIBLE_DEVICES: [0,1,2,3]
[2025-04-07 15:15:53,575][lightning_fabric.utilities.seed][INFO] - [rank: 3] Seed set to 616757
[2025-04-07 15:15:53,575][lightning_fabric.utilities.seed][INFO] - [rank: 2] Seed set to 616757
[2025-04-07 15:15:53,575][lightning_fabric.utilities.seed][INFO] - [rank: 1] Seed set to 616757
[2025-04-07 15:15:53,576][lightning_fabric.utilities.seed][INFO] - [rank: 0] Seed set to 616757
[2025-04-07 15:15:53,587][pytorch_lightning.callbacks.model_summary][INFO] - 
  | Name    | Type                 | Params | Mode 
---------------------------------------------------------
0 | model   | AnemoiModelInterface | 185 M  | train
1 | loss    | WeightedMSELoss      | 0      | train
2 | metrics | ModuleList           | 0      | train
---------------------------------------------------------
185 M     Trainable params
0         Non-trainable params
185 M     Total params
740.106   Total estimated model params size (MB)
305       Modules in train mode
0         Modules in eval mode
[2025-04-07 15:15:53,591][pytorch_lightning.trainer.connectors.signal_connector][INFO] - SLURM auto-requeueing enabled. Setting signal handlers.
[2025-04-07 15:15:53,591][pytorch_lightning.trainer.connectors.signal_connector][INFO] - SLURM auto-requeueing enabled. Setting signal handlers.
[2025-04-07 15:15:53,591][pytorch_lightning.trainer.connectors.signal_connector][INFO] - SLURM auto-requeueing enabled. Setting signal handlers.
[2025-04-07 15:15:53,591][pytorch_lightning.trainer.connectors.signal_connector][INFO] - SLURM auto-requeueing enabled. Setting signal handlers.
[2025-04-07 15:15:57,414][anemoi.training.data.datamodule][WARNING] - Training end date 2020-06-01 is not before validation start date 2020-05-01.
[2025-04-07 15:15:57,416][anemoi.training.data.datamodule][WARNING] - Training end date 2020-06-01 is not before validation start date 2020-05-01.
[2025-04-07 15:15:57,456][anemoi.training.data.datamodule][WARNING] - Training end date 2020-06-01 is not before validation start date 2020-05-01.
[2025-04-07 15:15:57,627][anemoi.training.data.datamodule][WARNING] - Training end date 2020-06-01 is not before validation start date 2020-05-01.
[2025-04-07 15:21:49,232][anemoi.training.diagnostics.callbacks.sanity][INFO] - No variable order to compare. Skipping variable order check.
[2025-04-07 15:21:49,232][anemoi.training.diagnostics.callbacks.sanity][INFO] - No variable order to compare. Skipping variable order check.
[2025-04-07 15:21:49,232][anemoi.training.diagnostics.callbacks.sanity][INFO] - No variable order to compare. Skipping variable order check.
[2025-04-07 15:21:49,232][anemoi.training.diagnostics.callbacks.sanity][INFO] - No variable order to compare. Skipping variable order check.
[2025-04-07 15:24:53,822][pytorch_lightning.trainer.connectors.signal_connector][INFO] - [rank: 3] Received SIGTERM: 15
[2025-04-07 15:24:53,823][pytorch_lightning.trainer.connectors.signal_connector][INFO] - Bypassing SIGTERM: 15
[2025-04-07 15:24:53,823][pytorch_lightning.trainer.connectors.signal_connector][INFO] - [rank: 0] Received SIGTERM: 15
[2025-04-07 15:24:53,824][pytorch_lightning.trainer.connectors.signal_connector][INFO] - Bypassing SIGTERM: 15
[2025-04-07 15:24:53,828][pytorch_lightning.trainer.connectors.signal_connector][INFO] - [rank: 1] Received SIGTERM: 15
[2025-04-07 15:24:53,829][pytorch_lightning.trainer.connectors.signal_connector][INFO] - [rank: 2] Received SIGTERM: 15
[2025-04-07 15:24:53,829][pytorch_lightning.trainer.connectors.signal_connector][INFO] - Bypassing SIGTERM: 15
[2025-04-07 15:24:53,829][pytorch_lightning.trainer.connectors.signal_connector][INFO] - Bypassing SIGTERM: 15
