[2025-02-27 15:53:31,872][anemoi.training.train.train][INFO] - Run id: 2e82a749-e415-4719-a243-bea43ad4a9f7
[2025-02-27 15:53:31,873][anemoi.training.train.train][INFO] - Checkpoints path: /work/hdd/bduu/jbanomedina/regional-ai/training/STRETCHED-6km/logs/outputs_checkpoint/2e82a749-e415-4719-a243-bea43ad4a9f7
[2025-02-27 15:53:31,873][anemoi.training.train.train][INFO] - Plots path: /work/hdd/bduu/jbanomedina/regional-ai/training/STRETCHED-6km/logs/outputs_plots/2e82a749-e415-4719-a243-bea43ad4a9f7
[2025-02-27 15:53:31,874][anemoi.training.train.train][INFO] - Run id: b2ab328c-16c4-4c45-9a84-1109ab2173b2
[2025-02-27 15:53:31,875][anemoi.training.train.train][INFO] - Run id: a29cf475-7512-47f5-bc4e-9e239862400c
[2025-02-27 15:53:31,875][anemoi.training.train.train][INFO] - Run id: d626660d-0b58-4bfd-b929-4aa02ea0a330
[2025-02-27 15:53:31,876][anemoi.training.train.train][INFO] - Run id: d11c8c12-159f-495e-82c0-c4d4681564a9
[2025-02-27 15:53:31,878][anemoi.training.train.train][INFO] - Checkpoints path: /work/hdd/bduu/jbanomedina/regional-ai/training/STRETCHED-6km/logs/outputs_checkpoint/b2ab328c-16c4-4c45-9a84-1109ab2173b2
[2025-02-27 15:53:31,878][anemoi.training.train.train][INFO] - Run id: 975d76d1-12b4-4938-b04f-154b1f44e8f9
[2025-02-27 15:53:31,879][anemoi.training.train.train][INFO] - Run id: 246adbde-d11d-4341-a653-6a7b2e504c1f
[2025-02-27 15:53:31,881][anemoi.training.train.train][INFO] - Checkpoints path: /work/hdd/bduu/jbanomedina/regional-ai/training/STRETCHED-6km/logs/outputs_checkpoint/a29cf475-7512-47f5-bc4e-9e239862400c
[2025-02-27 15:53:31,880][anemoi.training.train.train][INFO] - Run id: 60d8ff77-283d-4b8b-908e-d8407dada7c9
[2025-02-27 15:53:31,883][anemoi.training.train.train][INFO] - Checkpoints path: /work/hdd/bduu/jbanomedina/regional-ai/training/STRETCHED-6km/logs/outputs_checkpoint/d11c8c12-159f-495e-82c0-c4d4681564a9
[2025-02-27 15:53:31,882][anemoi.training.train.train][INFO] - Checkpoints path: /work/hdd/bduu/jbanomedina/regional-ai/training/STRETCHED-6km/logs/outputs_checkpoint/d626660d-0b58-4bfd-b929-4aa02ea0a330
[2025-02-27 15:53:31,885][anemoi.training.train.train][INFO] - Checkpoints path: /work/hdd/bduu/jbanomedina/regional-ai/training/STRETCHED-6km/logs/outputs_checkpoint/975d76d1-12b4-4938-b04f-154b1f44e8f9
[2025-02-27 15:53:31,884][anemoi.training.train.train][INFO] - Plots path: /work/hdd/bduu/jbanomedina/regional-ai/training/STRETCHED-6km/logs/outputs_plots/b2ab328c-16c4-4c45-9a84-1109ab2173b2
[2025-02-27 15:53:31,888][anemoi.training.train.train][INFO] - Plots path: /work/hdd/bduu/jbanomedina/regional-ai/training/STRETCHED-6km/logs/outputs_plots/a29cf475-7512-47f5-bc4e-9e239862400c
[2025-02-27 15:53:31,887][anemoi.training.train.train][INFO] - Checkpoints path: /work/hdd/bduu/jbanomedina/regional-ai/training/STRETCHED-6km/logs/outputs_checkpoint/246adbde-d11d-4341-a653-6a7b2e504c1f
[2025-02-27 15:53:31,890][anemoi.training.train.train][INFO] - Plots path: /work/hdd/bduu/jbanomedina/regional-ai/training/STRETCHED-6km/logs/outputs_plots/d11c8c12-159f-495e-82c0-c4d4681564a9
[2025-02-27 15:53:31,889][anemoi.training.train.train][INFO] - Checkpoints path: /work/hdd/bduu/jbanomedina/regional-ai/training/STRETCHED-6km/logs/outputs_checkpoint/60d8ff77-283d-4b8b-908e-d8407dada7c9
[2025-02-27 15:53:31,892][anemoi.training.train.train][INFO] - Plots path: /work/hdd/bduu/jbanomedina/regional-ai/training/STRETCHED-6km/logs/outputs_plots/975d76d1-12b4-4938-b04f-154b1f44e8f9
[2025-02-27 15:53:31,891][anemoi.training.train.train][INFO] - Plots path: /work/hdd/bduu/jbanomedina/regional-ai/training/STRETCHED-6km/logs/outputs_plots/d626660d-0b58-4bfd-b929-4aa02ea0a330
[2025-02-27 15:53:31,896][anemoi.training.train.train][INFO] - Plots path: /work/hdd/bduu/jbanomedina/regional-ai/training/STRETCHED-6km/logs/outputs_plots/246adbde-d11d-4341-a653-6a7b2e504c1f
[2025-02-27 15:53:31,898][anemoi.training.train.train][INFO] - Plots path: /work/hdd/bduu/jbanomedina/regional-ai/training/STRETCHED-6km/logs/outputs_plots/60d8ff77-283d-4b8b-908e-d8407dada7c9
[2025-02-27 15:53:36,402][anemoi.graphs.nodes.builders.from_file][INFO] - Reading the dataset from {'cutout': [{'dataset': '/work/hdd/bduu/jbanomedina/regional-ai/data/zarrs//test-1979-01-cw3e-6km-allvars.zarr', 'thinning': 1}, {'dataset': '/work/hdd/bduu/jbanomedina/regional-ai/data/zarrs//test-1979-01-era5-31km-allvars.zarr'}], 'adjust': 'all', 'min_distance_km': 0}.
[2025-02-27 15:53:36,402][anemoi.graphs.nodes.builders.from_file][INFO] - Reading the dataset from {'cutout': [{'dataset': '/work/hdd/bduu/jbanomedina/regional-ai/data/zarrs//test-1979-01-cw3e-6km-allvars.zarr', 'thinning': 1}, {'dataset': '/work/hdd/bduu/jbanomedina/regional-ai/data/zarrs//test-1979-01-era5-31km-allvars.zarr'}], 'adjust': 'all', 'min_distance_km': 0}.
[2025-02-27 15:53:36,402][anemoi.graphs.nodes.builders.from_file][INFO] - Reading the dataset from {'cutout': [{'dataset': '/work/hdd/bduu/jbanomedina/regional-ai/data/zarrs//test-1979-01-cw3e-6km-allvars.zarr', 'thinning': 1}, {'dataset': '/work/hdd/bduu/jbanomedina/regional-ai/data/zarrs//test-1979-01-era5-31km-allvars.zarr'}], 'adjust': 'all', 'min_distance_km': 0}.
[2025-02-27 15:53:36,402][anemoi.graphs.nodes.builders.from_file][INFO] - Reading the dataset from {'cutout': [{'dataset': '/work/hdd/bduu/jbanomedina/regional-ai/data/zarrs//test-1979-01-cw3e-6km-allvars.zarr', 'thinning': 1}, {'dataset': '/work/hdd/bduu/jbanomedina/regional-ai/data/zarrs//test-1979-01-era5-31km-allvars.zarr'}], 'adjust': 'all', 'min_distance_km': 0}.
[2025-02-27 15:53:36,471][anemoi.graphs.nodes.builders.from_file][INFO] - Reading the dataset from {'cutout': [{'dataset': '/work/hdd/bduu/jbanomedina/regional-ai/data/zarrs//test-1979-01-cw3e-6km-allvars.zarr', 'thinning': 1}, {'dataset': '/work/hdd/bduu/jbanomedina/regional-ai/data/zarrs//test-1979-01-era5-31km-allvars.zarr'}], 'adjust': 'all', 'min_distance_km': 0}.
[2025-02-27 15:53:36,471][anemoi.graphs.nodes.builders.from_file][INFO] - Reading the dataset from {'cutout': [{'dataset': '/work/hdd/bduu/jbanomedina/regional-ai/data/zarrs//test-1979-01-cw3e-6km-allvars.zarr', 'thinning': 1}, {'dataset': '/work/hdd/bduu/jbanomedina/regional-ai/data/zarrs//test-1979-01-era5-31km-allvars.zarr'}], 'adjust': 'all', 'min_distance_km': 0}.
[2025-02-27 15:53:36,471][anemoi.graphs.nodes.builders.from_file][INFO] - Reading the dataset from {'cutout': [{'dataset': '/work/hdd/bduu/jbanomedina/regional-ai/data/zarrs//test-1979-01-cw3e-6km-allvars.zarr', 'thinning': 1}, {'dataset': '/work/hdd/bduu/jbanomedina/regional-ai/data/zarrs//test-1979-01-era5-31km-allvars.zarr'}], 'adjust': 'all', 'min_distance_km': 0}.
[2025-02-27 15:53:36,472][anemoi.graphs.nodes.builders.from_file][INFO] - Reading the dataset from {'cutout': [{'dataset': '/work/hdd/bduu/jbanomedina/regional-ai/data/zarrs//test-1979-01-cw3e-6km-allvars.zarr', 'thinning': 1}, {'dataset': '/work/hdd/bduu/jbanomedina/regional-ai/data/zarrs//test-1979-01-era5-31km-allvars.zarr'}], 'adjust': 'all', 'min_distance_km': 0}.
[2025-02-27 15:59:47,812][anemoi.graphs.nodes.attributes][WARNING] - SphericalAreaWeights is filling 1 (0.00%) nodes with value 0.000000
[2025-02-27 15:59:48,432][anemoi.graphs.nodes.attributes][WARNING] - SphericalAreaWeights is filling 1 (0.00%) nodes with value 0.000000
[2025-02-27 15:59:50,517][anemoi.graphs.nodes.attributes][WARNING] - SphericalAreaWeights is filling 1 (0.00%) nodes with value 0.000000
[2025-02-27 15:59:50,810][anemoi.graphs.nodes.attributes][WARNING] - SphericalAreaWeights is filling 1 (0.00%) nodes with value 0.000000
[2025-02-27 15:59:51,346][anemoi.graphs.nodes.attributes][WARNING] - SphericalAreaWeights is filling 1 (0.00%) nodes with value 0.000000
[2025-02-27 15:59:56,049][anemoi.graphs.nodes.attributes][WARNING] - SphericalAreaWeights is filling 1 (0.00%) nodes with value 0.000000
[2025-02-27 16:00:01,975][anemoi.graphs.nodes.attributes][WARNING] - SphericalAreaWeights is filling 1 (0.00%) nodes with value 0.000000
[2025-02-27 16:00:02,190][anemoi.graphs.nodes.attributes][WARNING] - SphericalAreaWeights is filling 1 (0.00%) nodes with value 0.000000
[2025-02-27 16:05:33,905][anemoi.graphs.generate.masks][INFO] - Fitting KNNAreaMaskBuilder with 1323840 reference nodes from "data (cutout)".
[2025-02-27 16:05:35,469][anemoi.graphs.edges.builder][INFO] - Using KNN-Edges (with 8 nearest neighbours) between data and hidden.
[2025-02-27 16:05:36,095][anemoi.graphs.generate.masks][INFO] - Fitting KNNAreaMaskBuilder with 1323840 reference nodes from "data (cutout)".
[2025-02-27 16:05:36,938][anemoi.graphs.generate.masks][INFO] - Fitting KNNAreaMaskBuilder with 1323840 reference nodes from "data (cutout)".
[2025-02-27 16:05:37,660][anemoi.graphs.edges.builder][INFO] - Using KNN-Edges (with 8 nearest neighbours) between data and hidden.
[2025-02-27 16:05:38,489][anemoi.graphs.edges.builder][INFO] - Using KNN-Edges (with 8 nearest neighbours) between data and hidden.
[2025-02-27 16:05:39,745][anemoi.graphs.generate.masks][INFO] - Fitting KNNAreaMaskBuilder with 1323840 reference nodes from "data (cutout)".
[2025-02-27 16:05:40,574][anemoi.graphs.generate.masks][INFO] - Fitting KNNAreaMaskBuilder with 1323840 reference nodes from "data (cutout)".
[2025-02-27 16:05:41,327][anemoi.graphs.edges.builder][INFO] - Using KNN-Edges (with 8 nearest neighbours) between data and hidden.
[2025-02-27 16:05:42,117][anemoi.graphs.edges.builder][INFO] - Using KNN-Edges (with 8 nearest neighbours) between data and hidden.
[2025-02-27 16:05:44,034][anemoi.graphs.edges.builder][INFO] - Using KNN-Edges (with 3 nearest neighbours) between hidden and data.
[2025-02-27 16:05:46,366][anemoi.graphs.edges.builder][INFO] - Using KNN-Edges (with 3 nearest neighbours) between hidden and data.
[2025-02-27 16:05:47,114][anemoi.graphs.edges.builder][INFO] - Using KNN-Edges (with 3 nearest neighbours) between hidden and data.
[2025-02-27 16:05:50,074][anemoi.graphs.edges.builder][INFO] - Using KNN-Edges (with 3 nearest neighbours) between hidden and data.
[2025-02-27 16:05:50,811][anemoi.graphs.edges.builder][INFO] - Using KNN-Edges (with 3 nearest neighbours) between hidden and data.
[2025-02-27 16:05:52,354][anemoi.graphs.generate.masks][INFO] - Fitting KNNAreaMaskBuilder with 1323840 reference nodes from "data (cutout)".
[2025-02-27 16:05:53,830][anemoi.graphs.generate.masks][INFO] - Fitting KNNAreaMaskBuilder with 1323840 reference nodes from "data (cutout)".
[2025-02-27 16:05:53,940][anemoi.graphs.generate.masks][INFO] - Fitting KNNAreaMaskBuilder with 1323840 reference nodes from "data (cutout)".
[2025-02-27 16:05:53,970][anemoi.graphs.edges.builder][INFO] - Using KNN-Edges (with 8 nearest neighbours) between data and hidden.
[2025-02-27 16:05:55,427][anemoi.graphs.edges.builder][INFO] - Using KNN-Edges (with 8 nearest neighbours) between data and hidden.
[2025-02-27 16:05:55,546][anemoi.graphs.edges.builder][INFO] - Using KNN-Edges (with 8 nearest neighbours) between data and hidden.
[2025-02-27 16:06:00,756][anemoi.graphs.create][INFO] - Cleaning graph.
[2025-02-27 16:06:00,758][anemoi.graphs.create][INFO] - _dataset deleted from graph.
[2025-02-27 16:06:00,758][anemoi.graphs.create][INFO] - _resolutions deleted from graph.
[2025-02-27 16:06:00,758][anemoi.graphs.create][INFO] - _area_mask_builder deleted from graph.
[2025-02-27 16:06:00,758][anemoi.graphs.create][INFO] - _nx_graph deleted from graph.
[2025-02-27 16:06:00,759][anemoi.graphs.create][INFO] - _node_ordering deleted from graph.
[2025-02-27 16:06:01,195][anemoi.graphs.create][INFO] - Graph saved at /work/hdd/bduu/jbanomedina/regional-ai/training/STRETCHED-6km/logs/outputs_graphs/STRETCHED-6km-6x6-8x3.pt.
[2025-02-27 16:06:02,858][anemoi.graphs.edges.builder][INFO] - Using KNN-Edges (with 3 nearest neighbours) between hidden and data.
[2025-02-27 16:06:03,308][anemoi.graphs.create][INFO] - Cleaning graph.
[2025-02-27 16:06:03,310][anemoi.graphs.create][INFO] - _dataset deleted from graph.
[2025-02-27 16:06:03,311][anemoi.graphs.create][INFO] - _node_ordering deleted from graph.
[2025-02-27 16:06:03,311][anemoi.graphs.create][INFO] - _resolutions deleted from graph.
[2025-02-27 16:06:03,311][anemoi.graphs.create][INFO] - _nx_graph deleted from graph.
[2025-02-27 16:06:03,311][anemoi.graphs.create][INFO] - _area_mask_builder deleted from graph.
[2025-02-27 16:06:03,312][anemoi.graphs.create][INFO] - Graph already exists. Use overwrite=True to overwrite.
[2025-02-27 16:06:04,009][anemoi.graphs.create][INFO] - Cleaning graph.
[2025-02-27 16:06:04,010][anemoi.graphs.create][INFO] - _dataset deleted from graph.
[2025-02-27 16:06:04,010][anemoi.graphs.create][INFO] - _node_ordering deleted from graph.
[2025-02-27 16:06:04,010][anemoi.graphs.create][INFO] - _area_mask_builder deleted from graph.
[2025-02-27 16:06:04,010][anemoi.graphs.create][INFO] - _resolutions deleted from graph.
[2025-02-27 16:06:04,010][anemoi.graphs.create][INFO] - _nx_graph deleted from graph.
[2025-02-27 16:06:04,011][anemoi.graphs.create][INFO] - Graph already exists. Use overwrite=True to overwrite.
[2025-02-27 16:06:04,252][anemoi.graphs.edges.builder][INFO] - Using KNN-Edges (with 3 nearest neighbours) between hidden and data.
[2025-02-27 16:06:04,293][anemoi.graphs.edges.builder][INFO] - Using KNN-Edges (with 3 nearest neighbours) between hidden and data.
[2025-02-27 16:06:06,849][anemoi.graphs.create][INFO] - Cleaning graph.
[2025-02-27 16:06:06,852][anemoi.graphs.create][INFO] - _dataset deleted from graph.
[2025-02-27 16:06:06,852][anemoi.graphs.create][INFO] - _node_ordering deleted from graph.
[2025-02-27 16:06:06,852][anemoi.graphs.create][INFO] - _area_mask_builder deleted from graph.
[2025-02-27 16:06:06,853][anemoi.graphs.create][INFO] - _resolutions deleted from graph.
[2025-02-27 16:06:06,853][anemoi.graphs.create][INFO] - _nx_graph deleted from graph.
[2025-02-27 16:06:06,854][anemoi.graphs.create][INFO] - Graph already exists. Use overwrite=True to overwrite.
[2025-02-27 16:06:07,598][anemoi.graphs.create][INFO] - Cleaning graph.
[2025-02-27 16:06:07,598][anemoi.graphs.create][INFO] - _dataset deleted from graph.
[2025-02-27 16:06:07,599][anemoi.graphs.create][INFO] - _node_ordering deleted from graph.
[2025-02-27 16:06:07,599][anemoi.graphs.create][INFO] - _resolutions deleted from graph.
[2025-02-27 16:06:07,599][anemoi.graphs.create][INFO] - _nx_graph deleted from graph.
[2025-02-27 16:06:07,599][anemoi.graphs.create][INFO] - _area_mask_builder deleted from graph.
[2025-02-27 16:06:07,600][anemoi.graphs.create][INFO] - Graph already exists. Use overwrite=True to overwrite.
[2025-02-27 16:06:19,685][anemoi.graphs.create][INFO] - Cleaning graph.
[2025-02-27 16:06:19,685][anemoi.graphs.create][INFO] - _dataset deleted from graph.
[2025-02-27 16:06:19,686][anemoi.graphs.create][INFO] - _node_ordering deleted from graph.
[2025-02-27 16:06:19,686][anemoi.graphs.create][INFO] - _nx_graph deleted from graph.
[2025-02-27 16:06:19,686][anemoi.graphs.create][INFO] - _resolutions deleted from graph.
[2025-02-27 16:06:19,686][anemoi.graphs.create][INFO] - _area_mask_builder deleted from graph.
[2025-02-27 16:06:19,686][anemoi.graphs.create][INFO] - Graph already exists. Use overwrite=True to overwrite.
[2025-02-27 16:06:20,981][anemoi.graphs.create][INFO] - Cleaning graph.
[2025-02-27 16:06:20,983][anemoi.graphs.create][INFO] - _dataset deleted from graph.
[2025-02-27 16:06:20,984][anemoi.graphs.create][INFO] - _nx_graph deleted from graph.
[2025-02-27 16:06:20,984][anemoi.graphs.create][INFO] - _node_ordering deleted from graph.
[2025-02-27 16:06:20,984][anemoi.graphs.create][INFO] - _area_mask_builder deleted from graph.
[2025-02-27 16:06:20,984][anemoi.graphs.create][INFO] - _resolutions deleted from graph.
[2025-02-27 16:06:20,985][anemoi.graphs.create][INFO] - Graph already exists. Use overwrite=True to overwrite.
[2025-02-27 16:06:21,080][anemoi.graphs.create][INFO] - Cleaning graph.
[2025-02-27 16:06:21,082][anemoi.graphs.create][INFO] - _dataset deleted from graph.
[2025-02-27 16:06:21,082][anemoi.graphs.create][INFO] - _area_mask_builder deleted from graph.
[2025-02-27 16:06:21,083][anemoi.graphs.create][INFO] - _node_ordering deleted from graph.
[2025-02-27 16:06:21,083][anemoi.graphs.create][INFO] - _nx_graph deleted from graph.
[2025-02-27 16:06:21,083][anemoi.graphs.create][INFO] - _resolutions deleted from graph.
[2025-02-27 16:06:21,083][anemoi.graphs.create][INFO] - Graph already exists. Use overwrite=True to overwrite.
[2025-02-27 16:11:46,743][anemoi.training.data.datamodule][INFO] - Timeincrement set to 1 for data with frequency, 21600, and timestep, 21600
[2025-02-27 16:11:46,764][anemoi.training.train.train][INFO] - Number of data variables: 77
[2025-02-27 16:11:47,361][lightning_fabric.utilities.seed][INFO] - [rank: 6] Seed set to 531572
[2025-02-27 16:11:50,130][anemoi.training.data.datamodule][INFO] - Timeincrement set to 1 for data with frequency, 21600, and timestep, 21600
[2025-02-27 16:11:50,142][anemoi.training.train.train][INFO] - Number of data variables: 77
[2025-02-27 16:11:50,684][lightning_fabric.utilities.seed][INFO] - [rank: 5] Seed set to 531572
[2025-02-27 16:11:54,670][anemoi.training.data.datamodule][INFO] - Timeincrement set to 1 for data with frequency, 21600, and timestep, 21600
[2025-02-27 16:11:54,676][anemoi.training.train.train][INFO] - Number of data variables: 77
[2025-02-27 16:11:55,160][lightning_fabric.utilities.seed][INFO] - [rank: 7] Seed set to 531572
[2025-02-27 16:11:56,602][anemoi.training.data.datamodule][INFO] - Timeincrement set to 1 for data with frequency, 21600, and timestep, 21600
[2025-02-27 16:11:56,610][anemoi.training.train.train][INFO] - Number of data variables: 77
[2025-02-27 16:11:57,148][lightning_fabric.utilities.seed][INFO] - [rank: 2] Seed set to 531572
[2025-02-27 16:11:59,610][anemoi.models.preprocessing.normalizer][INFO] - Normalizing: cos_julian_day is not normalized.
[2025-02-27 16:11:59,611][anemoi.models.preprocessing.normalizer][INFO] - Normalizing: cos_julian_day is not normalized.
[2025-02-27 16:11:59,612][anemoi.models.preprocessing.normalizer][INFO] - Normalizing: cos_latitude is not normalized.
[2025-02-27 16:11:59,612][anemoi.models.preprocessing.normalizer][INFO] - Normalizing: cos_local_time is not normalized.
[2025-02-27 16:11:59,612][anemoi.models.preprocessing.normalizer][INFO] - Normalizing: cos_longitude is not normalized.
[2025-02-27 16:11:59,612][anemoi.models.preprocessing.normalizer][INFO] - Normalizing: insolation is not normalized.
[2025-02-27 16:11:59,612][anemoi.models.preprocessing.normalizer][INFO] - Normalizing: lsm is not normalized.
[2025-02-27 16:11:59,612][anemoi.models.preprocessing.normalizer][INFO] - Normalizing: sin_julian_day is not normalized.
[2025-02-27 16:11:59,612][anemoi.models.preprocessing.normalizer][INFO] - Normalizing: sin_latitude is not normalized.
[2025-02-27 16:11:59,612][anemoi.models.preprocessing.normalizer][INFO] - Normalizing: sin_local_time is not normalized.
[2025-02-27 16:11:59,612][anemoi.models.preprocessing.normalizer][INFO] - Normalizing: sin_longitude is not normalized.
[2025-02-27 16:11:59,612][anemoi.models.preprocessing.normalizer][INFO] - Normalizing: cos_latitude is not normalized.
[2025-02-27 16:11:59,612][anemoi.models.preprocessing.normalizer][INFO] - Normalizing: z_sfc is not normalized.
[2025-02-27 16:11:59,612][anemoi.models.preprocessing.normalizer][INFO] - Normalizing: cos_local_time is not normalized.
[2025-02-27 16:11:59,613][anemoi.models.preprocessing.normalizer][INFO] - Normalizing: cos_longitude is not normalized.
[2025-02-27 16:11:59,613][anemoi.models.preprocessing.normalizer][INFO] - Normalizing: insolation is not normalized.
[2025-02-27 16:11:59,613][anemoi.models.preprocessing.normalizer][INFO] - Normalizing: lsm is not normalized.
[2025-02-27 16:11:59,613][anemoi.models.preprocessing.normalizer][INFO] - Normalizing: sin_julian_day is not normalized.
[2025-02-27 16:11:59,613][anemoi.models.preprocessing.normalizer][INFO] - Normalizing: sin_latitude is not normalized.
[2025-02-27 16:11:59,613][anemoi.models.preprocessing.normalizer][INFO] - Normalizing: sin_local_time is not normalized.
[2025-02-27 16:11:59,613][anemoi.models.preprocessing.normalizer][INFO] - Normalizing: sin_longitude is not normalized.
[2025-02-27 16:11:59,613][anemoi.models.preprocessing.normalizer][INFO] - Normalizing: z_sfc is not normalized.
[2025-02-27 16:11:59,935][anemoi.models.layers.utils][INFO] - Linear kernel: {'_target_': 'torch.nn.Linear', '_partial_': True}
[2025-02-27 16:11:59,936][anemoi.models.layers.utils][INFO] - LayerNorm kernel: {'_target_': 'torch.nn.LayerNorm', '_partial_': True}
[2025-02-27 16:11:59,936][anemoi.models.layers.utils][INFO] - Linear kernel: {'_target_': 'torch.nn.Linear', '_partial_': True}
[2025-02-27 16:11:59,936][anemoi.models.layers.utils][INFO] - LayerNorm kernel: {'_target_': 'torch.nn.LayerNorm', '_partial_': True}
[2025-02-27 16:12:01,079][anemoi.models.preprocessing.normalizer][INFO] - Normalizing: cos_julian_day is not normalized.
[2025-02-27 16:12:01,079][anemoi.models.preprocessing.normalizer][INFO] - Normalizing: cos_latitude is not normalized.
[2025-02-27 16:12:01,079][anemoi.models.preprocessing.normalizer][INFO] - Normalizing: cos_local_time is not normalized.
[2025-02-27 16:12:01,079][anemoi.models.preprocessing.normalizer][INFO] - Normalizing: cos_longitude is not normalized.
[2025-02-27 16:12:01,079][anemoi.models.preprocessing.normalizer][INFO] - Normalizing: insolation is not normalized.
[2025-02-27 16:12:01,079][anemoi.models.preprocessing.normalizer][INFO] - Normalizing: lsm is not normalized.
[2025-02-27 16:12:01,079][anemoi.models.preprocessing.normalizer][INFO] - Normalizing: sin_julian_day is not normalized.
[2025-02-27 16:12:01,079][anemoi.models.preprocessing.normalizer][INFO] - Normalizing: sin_latitude is not normalized.
[2025-02-27 16:12:01,079][anemoi.models.preprocessing.normalizer][INFO] - Normalizing: sin_local_time is not normalized.
[2025-02-27 16:12:01,079][anemoi.models.preprocessing.normalizer][INFO] - Normalizing: sin_longitude is not normalized.
[2025-02-27 16:12:01,079][anemoi.models.preprocessing.normalizer][INFO] - Normalizing: z_sfc is not normalized.
[2025-02-27 16:12:01,151][anemoi.training.losses.nodeweights][INFO] - Loading node attribute area_weight from the graph
[2025-02-27 16:12:01,152][anemoi.training.losses.nodeweights][INFO] - Loading node attribute area_weight from the graph
[2025-02-27 16:12:01,155][anemoi.training.train.forecaster][INFO] - Pressure level scaling: use scaler ReluPressureLevelScaler with slope 0.0010 and minimum 0.20
[2025-02-27 16:12:01,155][anemoi.training.train.forecaster][INFO] - Pressure level scaling: use scaler ReluPressureLevelScaler with slope 0.0010 and minimum 0.20
[2025-02-27 16:12:01,167][anemoi.models.layers.utils][INFO] - Linear kernel: {'_target_': 'torch.nn.Linear', '_partial_': True}
[2025-02-27 16:12:01,168][anemoi.models.layers.utils][INFO] - LayerNorm kernel: {'_target_': 'torch.nn.LayerNorm', '_partial_': True}
[2025-02-27 16:12:02,242][anemoi.training.losses.nodeweights][INFO] - Loading node attribute area_weight from the graph
[2025-02-27 16:12:02,244][anemoi.training.train.forecaster][INFO] - Pressure level scaling: use scaler ReluPressureLevelScaler with slope 0.0010 and minimum 0.20
[2025-02-27 16:12:02,258][anemoi.training.data.datamodule][INFO] - Timeincrement set to 1 for data with frequency, 21600, and timestep, 21600
[2025-02-27 16:12:02,266][anemoi.training.train.train][INFO] - Number of data variables: 77
[2025-02-27 16:12:02,787][lightning_fabric.utilities.seed][INFO] - [rank: 1] Seed set to 531572
[2025-02-27 16:12:06,228][anemoi.models.preprocessing.normalizer][INFO] - Normalizing: cos_julian_day is not normalized.
[2025-02-27 16:12:06,228][anemoi.models.preprocessing.normalizer][INFO] - Normalizing: cos_latitude is not normalized.
[2025-02-27 16:12:06,229][anemoi.models.preprocessing.normalizer][INFO] - Normalizing: cos_local_time is not normalized.
[2025-02-27 16:12:06,229][anemoi.models.preprocessing.normalizer][INFO] - Normalizing: cos_longitude is not normalized.
[2025-02-27 16:12:06,229][anemoi.models.preprocessing.normalizer][INFO] - Normalizing: insolation is not normalized.
[2025-02-27 16:12:06,229][anemoi.models.preprocessing.normalizer][INFO] - Normalizing: lsm is not normalized.
[2025-02-27 16:12:06,229][anemoi.models.preprocessing.normalizer][INFO] - Normalizing: sin_julian_day is not normalized.
[2025-02-27 16:12:06,229][anemoi.models.preprocessing.normalizer][INFO] - Normalizing: sin_latitude is not normalized.
[2025-02-27 16:12:06,229][anemoi.models.preprocessing.normalizer][INFO] - Normalizing: sin_local_time is not normalized.
[2025-02-27 16:12:06,229][anemoi.models.preprocessing.normalizer][INFO] - Normalizing: sin_longitude is not normalized.
[2025-02-27 16:12:06,229][anemoi.models.preprocessing.normalizer][INFO] - Normalizing: z_sfc is not normalized.
[2025-02-27 16:12:06,355][anemoi.models.layers.utils][INFO] - Linear kernel: {'_target_': 'torch.nn.Linear', '_partial_': True}
[2025-02-27 16:12:06,356][anemoi.models.layers.utils][INFO] - LayerNorm kernel: {'_target_': 'torch.nn.LayerNorm', '_partial_': True}
[2025-02-27 16:12:07,396][lightning_fabric.utilities.distributed][INFO] - Initializing distributed: GLOBAL_RANK: 6, MEMBER: 7/8
[2025-02-27 16:12:07,396][lightning_fabric.utilities.distributed][INFO] - Initializing distributed: GLOBAL_RANK: 5, MEMBER: 6/8
[2025-02-27 16:12:07,396][lightning_fabric.utilities.distributed][INFO] - Initializing distributed: GLOBAL_RANK: 7, MEMBER: 8/8
[2025-02-27 16:12:07,472][anemoi.training.losses.nodeweights][INFO] - Loading node attribute area_weight from the graph
[2025-02-27 16:12:07,478][anemoi.training.train.forecaster][INFO] - Pressure level scaling: use scaler ReluPressureLevelScaler with slope 0.0010 and minimum 0.20
[2025-02-27 16:12:11,180][anemoi.models.preprocessing.normalizer][INFO] - Normalizing: cos_julian_day is not normalized.
[2025-02-27 16:12:11,180][anemoi.models.preprocessing.normalizer][INFO] - Normalizing: cos_latitude is not normalized.
[2025-02-27 16:12:11,180][anemoi.models.preprocessing.normalizer][INFO] - Normalizing: cos_local_time is not normalized.
[2025-02-27 16:12:11,180][anemoi.models.preprocessing.normalizer][INFO] - Normalizing: cos_longitude is not normalized.
[2025-02-27 16:12:11,180][anemoi.models.preprocessing.normalizer][INFO] - Normalizing: insolation is not normalized.
[2025-02-27 16:12:11,180][anemoi.models.preprocessing.normalizer][INFO] - Normalizing: lsm is not normalized.
[2025-02-27 16:12:11,180][anemoi.models.preprocessing.normalizer][INFO] - Normalizing: sin_julian_day is not normalized.
[2025-02-27 16:12:11,180][anemoi.models.preprocessing.normalizer][INFO] - Normalizing: sin_latitude is not normalized.
[2025-02-27 16:12:11,180][anemoi.models.preprocessing.normalizer][INFO] - Normalizing: sin_local_time is not normalized.
[2025-02-27 16:12:11,180][anemoi.models.preprocessing.normalizer][INFO] - Normalizing: sin_longitude is not normalized.
[2025-02-27 16:12:11,181][anemoi.models.preprocessing.normalizer][INFO] - Normalizing: z_sfc is not normalized.
[2025-02-27 16:12:11,270][anemoi.models.layers.utils][INFO] - Linear kernel: {'_target_': 'torch.nn.Linear', '_partial_': True}
[2025-02-27 16:12:11,270][anemoi.models.layers.utils][INFO] - LayerNorm kernel: {'_target_': 'torch.nn.LayerNorm', '_partial_': True}
[2025-02-27 16:12:11,588][lightning_fabric.utilities.distributed][INFO] - Initializing distributed: GLOBAL_RANK: 2, MEMBER: 3/8
[2025-02-27 16:12:12,335][anemoi.training.losses.nodeweights][INFO] - Loading node attribute area_weight from the graph
[2025-02-27 16:12:12,338][anemoi.training.train.forecaster][INFO] - Pressure level scaling: use scaler ReluPressureLevelScaler with slope 0.0010 and minimum 0.20
[2025-02-27 16:12:13,402][lightning_fabric.utilities.distributed][INFO] - Initializing distributed: GLOBAL_RANK: 1, MEMBER: 2/8
[2025-02-27 16:12:14,432][anemoi.training.data.datamodule][INFO] - Timeincrement set to 1 for data with frequency, 21600, and timestep, 21600
[2025-02-27 16:12:14,437][anemoi.training.train.train][INFO] - Number of data variables: 77
[2025-02-27 16:12:14,877][lightning_fabric.utilities.seed][INFO] - [rank: 3] Seed set to 531572
[2025-02-27 16:12:18,612][anemoi.training.data.datamodule][INFO] - Timeincrement set to 1 for data with frequency, 21600, and timestep, 21600
[2025-02-27 16:12:18,619][anemoi.training.train.train][INFO] - Number of data variables: 77
[2025-02-27 16:12:19,007][lightning_fabric.utilities.seed][INFO] - [rank: 4] Seed set to 531572
[2025-02-27 16:12:19,931][anemoi.training.data.datamodule][INFO] - Timeincrement set to 1 for data with frequency, 21600, and timestep, 21600
[2025-02-27 16:12:19,940][anemoi.training.train.train][INFO] - Number of data variables: 77
[2025-02-27 16:12:20,283][pytorch_lightning.utilities.rank_zero][INFO] - Using 16bit Automatic Mixed Precision (AMP)
[2025-02-27 16:12:20,408][pytorch_lightning.utilities.rank_zero][INFO] - GPU available: True (cuda), used: True
[2025-02-27 16:12:20,408][pytorch_lightning.utilities.rank_zero][INFO] - TPU available: False, using: 0 TPU cores
[2025-02-27 16:12:20,409][pytorch_lightning.utilities.rank_zero][INFO] - HPU available: False, using: 0 HPUs
[2025-02-27 16:12:20,414][lightning_fabric.utilities.seed][INFO] - [rank: 0] Seed set to 531572
[2025-02-27 16:12:20,761][anemoi.models.preprocessing.normalizer][INFO] - Normalizing: cos_julian_day is not normalized.
[2025-02-27 16:12:20,761][anemoi.models.preprocessing.normalizer][INFO] - Normalizing: cos_latitude is not normalized.
[2025-02-27 16:12:20,761][anemoi.models.preprocessing.normalizer][INFO] - Normalizing: cos_local_time is not normalized.
[2025-02-27 16:12:20,761][anemoi.models.preprocessing.normalizer][INFO] - Normalizing: cos_longitude is not normalized.
[2025-02-27 16:12:20,761][anemoi.models.preprocessing.normalizer][INFO] - Normalizing: insolation is not normalized.
[2025-02-27 16:12:20,761][anemoi.models.preprocessing.normalizer][INFO] - Normalizing: lsm is not normalized.
[2025-02-27 16:12:20,761][anemoi.models.preprocessing.normalizer][INFO] - Normalizing: sin_julian_day is not normalized.
[2025-02-27 16:12:20,761][anemoi.models.preprocessing.normalizer][INFO] - Normalizing: sin_latitude is not normalized.
[2025-02-27 16:12:20,761][anemoi.models.preprocessing.normalizer][INFO] - Normalizing: sin_local_time is not normalized.
[2025-02-27 16:12:20,761][anemoi.models.preprocessing.normalizer][INFO] - Normalizing: sin_longitude is not normalized.
[2025-02-27 16:12:20,761][anemoi.models.preprocessing.normalizer][INFO] - Normalizing: z_sfc is not normalized.
[2025-02-27 16:12:20,854][anemoi.models.layers.utils][INFO] - Linear kernel: {'_target_': 'torch.nn.Linear', '_partial_': True}
[2025-02-27 16:12:20,854][anemoi.models.layers.utils][INFO] - LayerNorm kernel: {'_target_': 'torch.nn.LayerNorm', '_partial_': True}
[2025-02-27 16:12:22,024][anemoi.training.losses.nodeweights][INFO] - Loading node attribute area_weight from the graph
[2025-02-27 16:12:22,026][anemoi.training.train.forecaster][INFO] - Pressure level scaling: use scaler ReluPressureLevelScaler with slope 0.0010 and minimum 0.20
[2025-02-27 16:12:23,084][lightning_fabric.utilities.distributed][INFO] - Initializing distributed: GLOBAL_RANK: 3, MEMBER: 4/8
[2025-02-27 16:12:24,867][anemoi.models.preprocessing.normalizer][INFO] - Normalizing: cos_julian_day is not normalized.
[2025-02-27 16:12:24,869][anemoi.models.preprocessing.normalizer][INFO] - Normalizing: cos_latitude is not normalized.
[2025-02-27 16:12:24,869][anemoi.models.preprocessing.normalizer][INFO] - Normalizing: cos_local_time is not normalized.
[2025-02-27 16:12:24,869][anemoi.models.preprocessing.normalizer][INFO] - Normalizing: cos_longitude is not normalized.
[2025-02-27 16:12:24,870][anemoi.models.preprocessing.normalizer][INFO] - Normalizing: insolation is not normalized.
[2025-02-27 16:12:24,870][anemoi.models.preprocessing.normalizer][INFO] - Normalizing: lsm is not normalized.
[2025-02-27 16:12:24,870][anemoi.models.preprocessing.normalizer][INFO] - Normalizing: sin_julian_day is not normalized.
[2025-02-27 16:12:24,870][anemoi.models.preprocessing.normalizer][INFO] - Normalizing: sin_latitude is not normalized.
[2025-02-27 16:12:24,870][anemoi.models.preprocessing.normalizer][INFO] - Normalizing: sin_local_time is not normalized.
[2025-02-27 16:12:24,870][anemoi.models.preprocessing.normalizer][INFO] - Normalizing: sin_longitude is not normalized.
[2025-02-27 16:12:24,870][anemoi.models.preprocessing.normalizer][INFO] - Normalizing: z_sfc is not normalized.
[2025-02-27 16:12:24,961][anemoi.models.layers.utils][INFO] - Linear kernel: {'_target_': 'torch.nn.Linear', '_partial_': True}
[2025-02-27 16:12:24,962][anemoi.models.layers.utils][INFO] - LayerNorm kernel: {'_target_': 'torch.nn.LayerNorm', '_partial_': True}
[2025-02-27 16:12:26,035][anemoi.training.losses.nodeweights][INFO] - Loading node attribute area_weight from the graph
[2025-02-27 16:12:26,038][anemoi.training.train.forecaster][INFO] - Pressure level scaling: use scaler ReluPressureLevelScaler with slope 0.0010 and minimum 0.20
[2025-02-27 16:12:26,496][anemoi.models.preprocessing.normalizer][INFO] - Normalizing: cos_julian_day is not normalized.
[2025-02-27 16:12:26,577][anemoi.models.preprocessing.normalizer][INFO] - Normalizing: cos_latitude is not normalized.
[2025-02-27 16:12:26,577][anemoi.models.preprocessing.normalizer][INFO] - Normalizing: cos_local_time is not normalized.
[2025-02-27 16:12:26,577][anemoi.models.preprocessing.normalizer][INFO] - Normalizing: cos_longitude is not normalized.
[2025-02-27 16:12:26,577][anemoi.models.preprocessing.normalizer][INFO] - Normalizing: insolation is not normalized.
[2025-02-27 16:12:26,577][anemoi.models.preprocessing.normalizer][INFO] - Normalizing: lsm is not normalized.
[2025-02-27 16:12:26,577][anemoi.models.preprocessing.normalizer][INFO] - Normalizing: sin_julian_day is not normalized.
[2025-02-27 16:12:26,577][anemoi.models.preprocessing.normalizer][INFO] - Normalizing: sin_latitude is not normalized.
[2025-02-27 16:12:26,578][anemoi.models.preprocessing.normalizer][INFO] - Normalizing: sin_local_time is not normalized.
[2025-02-27 16:12:26,578][anemoi.models.preprocessing.normalizer][INFO] - Normalizing: sin_longitude is not normalized.
[2025-02-27 16:12:26,578][anemoi.models.preprocessing.normalizer][INFO] - Normalizing: z_sfc is not normalized.
[2025-02-27 16:12:26,654][lightning_fabric.utilities.distributed][INFO] - Initializing distributed: GLOBAL_RANK: 4, MEMBER: 5/8
[2025-02-27 16:12:26,670][anemoi.models.layers.utils][INFO] - Linear kernel: {'_target_': 'torch.nn.Linear', '_partial_': True}
[2025-02-27 16:12:26,673][anemoi.models.layers.utils][INFO] - LayerNorm kernel: {'_target_': 'torch.nn.LayerNorm', '_partial_': True}
[2025-02-27 16:12:27,754][anemoi.training.losses.nodeweights][INFO] - Loading node attribute area_weight from the graph
[2025-02-27 16:12:27,756][anemoi.training.train.forecaster][INFO] - Pressure level scaling: use scaler ReluPressureLevelScaler with slope 0.0010 and minimum 0.20
[2025-02-27 16:12:28,396][lightning_fabric.utilities.distributed][INFO] - Initializing distributed: GLOBAL_RANK: 0, MEMBER: 1/8
[2025-02-27 16:12:33,214][pytorch_lightning.utilities.rank_zero][INFO] - ----------------------------------------------------------------------------------------------------
distributed_backend=nccl
All distributed processes registered. Starting with 8 processes
----------------------------------------------------------------------------------------------------

[2025-02-27 16:12:40,194][pytorch_lightning.accelerators.cuda][INFO] - LOCAL_RANK: 1 - CUDA_VISIBLE_DEVICES: [0,1,2,3]
[2025-02-27 16:12:40,194][pytorch_lightning.accelerators.cuda][INFO] - LOCAL_RANK: 2 - CUDA_VISIBLE_DEVICES: [0,1,2,3]
[2025-02-27 16:12:40,194][pytorch_lightning.accelerators.cuda][INFO] - LOCAL_RANK: 2 - CUDA_VISIBLE_DEVICES: [0,1,2,3]
[2025-02-27 16:12:40,194][pytorch_lightning.accelerators.cuda][INFO] - LOCAL_RANK: 3 - CUDA_VISIBLE_DEVICES: [0,1,2,3]
[2025-02-27 16:12:40,194][pytorch_lightning.accelerators.cuda][INFO] - LOCAL_RANK: 3 - CUDA_VISIBLE_DEVICES: [0,1,2,3]
[2025-02-27 16:12:40,194][pytorch_lightning.accelerators.cuda][INFO] - LOCAL_RANK: 0 - CUDA_VISIBLE_DEVICES: [0,1,2,3]
[2025-02-27 16:12:40,194][pytorch_lightning.accelerators.cuda][INFO] - LOCAL_RANK: 0 - CUDA_VISIBLE_DEVICES: [0,1,2,3]
[2025-02-27 16:12:40,194][pytorch_lightning.accelerators.cuda][INFO] - LOCAL_RANK: 1 - CUDA_VISIBLE_DEVICES: [0,1,2,3]
[2025-02-27 16:12:40,482][lightning_fabric.utilities.seed][INFO] - [rank: 3] Seed set to 531572
[2025-02-27 16:12:40,483][lightning_fabric.utilities.seed][INFO] - [rank: 6] Seed set to 531572
[2025-02-27 16:12:40,482][lightning_fabric.utilities.seed][INFO] - [rank: 2] Seed set to 531572
[2025-02-27 16:12:40,483][lightning_fabric.utilities.seed][INFO] - [rank: 7] Seed set to 531572
[2025-02-27 16:12:40,482][lightning_fabric.utilities.seed][INFO] - [rank: 1] Seed set to 531572
[2025-02-27 16:12:40,483][lightning_fabric.utilities.seed][INFO] - [rank: 5] Seed set to 531572
[2025-02-27 16:12:40,483][lightning_fabric.utilities.seed][INFO] - [rank: 0] Seed set to 531572
[2025-02-27 16:12:40,484][lightning_fabric.utilities.seed][INFO] - [rank: 4] Seed set to 531572
[2025-02-27 16:12:40,502][pytorch_lightning.callbacks.model_summary][INFO] - 
  | Name    | Type                 | Params | Mode 
---------------------------------------------------------
0 | model   | AnemoiModelInterface | 309 M  | train
1 | loss    | WeightedMSELoss      | 0      | train
2 | metrics | ModuleList           | 0      | train
---------------------------------------------------------
309 M     Trainable params
0         Non-trainable params
309 M     Total params
1,239.959 Total estimated model params size (MB)
305       Modules in train mode
0         Modules in eval mode
[2025-02-27 16:12:40,511][pytorch_lightning.trainer.connectors.signal_connector][INFO] - SLURM auto-requeueing enabled. Setting signal handlers.
[2025-02-27 16:12:40,511][pytorch_lightning.trainer.connectors.signal_connector][INFO] - SLURM auto-requeueing enabled. Setting signal handlers.
[2025-02-27 16:12:40,511][pytorch_lightning.trainer.connectors.signal_connector][INFO] - SLURM auto-requeueing enabled. Setting signal handlers.
[2025-02-27 16:12:40,511][pytorch_lightning.trainer.connectors.signal_connector][INFO] - SLURM auto-requeueing enabled. Setting signal handlers.
[2025-02-27 16:12:40,511][pytorch_lightning.trainer.connectors.signal_connector][INFO] - SLURM auto-requeueing enabled. Setting signal handlers.
[2025-02-27 16:12:40,511][pytorch_lightning.trainer.connectors.signal_connector][INFO] - SLURM auto-requeueing enabled. Setting signal handlers.
[2025-02-27 16:12:40,511][pytorch_lightning.trainer.connectors.signal_connector][INFO] - SLURM auto-requeueing enabled. Setting signal handlers.
[2025-02-27 16:12:40,511][pytorch_lightning.trainer.connectors.signal_connector][INFO] - SLURM auto-requeueing enabled. Setting signal handlers.
[2025-02-27 16:19:00,067][anemoi.training.diagnostics.callbacks.sanity][INFO] - No variable order to compare. Skipping variable order check.
[2025-02-27 16:19:00,067][anemoi.training.diagnostics.callbacks.sanity][INFO] - No variable order to compare. Skipping variable order check.
[2025-02-27 16:19:00,067][anemoi.training.diagnostics.callbacks.sanity][INFO] - No variable order to compare. Skipping variable order check.
[2025-02-27 16:19:00,066][anemoi.training.diagnostics.callbacks.sanity][INFO] - No variable order to compare. Skipping variable order check.
[2025-02-27 16:19:00,067][anemoi.training.diagnostics.callbacks.sanity][INFO] - No variable order to compare. Skipping variable order check.
[2025-02-27 16:19:00,067][anemoi.training.diagnostics.callbacks.sanity][INFO] - No variable order to compare. Skipping variable order check.
[2025-02-27 16:19:00,067][anemoi.training.diagnostics.callbacks.sanity][INFO] - No variable order to compare. Skipping variable order check.
[2025-02-27 16:19:00,067][anemoi.training.diagnostics.callbacks.sanity][INFO] - No variable order to compare. Skipping variable order check.
[2025-02-27 16:20:16,232][anemoi.training.diagnostics.callbacks.sanity][INFO] - No variable order to compare. Skipping variable order check.
[2025-02-27 16:20:16,245][anemoi.training.diagnostics.callbacks.sanity][INFO] - No variable order to compare. Skipping variable order check.
[2025-02-27 16:20:16,254][anemoi.training.diagnostics.callbacks.sanity][INFO] - No variable order to compare. Skipping variable order check.
[2025-02-27 16:20:16,269][anemoi.training.diagnostics.callbacks.sanity][INFO] - No variable order to compare. Skipping variable order check.
[2025-02-27 16:20:16,286][anemoi.training.diagnostics.callbacks.sanity][INFO] - No variable order to compare. Skipping variable order check.
[2025-02-27 16:20:16,335][anemoi.training.diagnostics.callbacks.sanity][INFO] - No variable order to compare. Skipping variable order check.
[2025-02-27 16:20:16,348][anemoi.training.diagnostics.callbacks.sanity][INFO] - No variable order to compare. Skipping variable order check.
[2025-02-27 16:20:16,794][anemoi.training.diagnostics.callbacks.sanity][INFO] - No variable order to compare. Skipping variable order check.
[2025-02-27 16:20:55,888][anemoi.utils.checkpoints][INFO] - Adding extra information to checkpoint /work/hdd/bduu/jbanomedina/regional-ai/training/STRETCHED-6km/logs/outputs_checkpoint/246adbde-d11d-4341-a653-6a7b2e504c1f/inference-stage-x-by_epoch-epoch_000-step_000003.ckpt
[2025-02-27 16:20:55,890][anemoi.utils.checkpoints][INFO] - Saving metadata to inference-stage-x-by_epoch-epoch_000-step_000003/anemoi-metadata/ai-models.json
[2025-02-27 16:20:55,893][anemoi.utils.checkpoints][INFO] - Saving supporting array `latitudes` to inference-stage-x-by_epoch-epoch_000-step_000003/anemoi-metadata/latitudes.numpy (shape=(1817128,), dtype=float64)
[2025-02-27 16:20:55,919][anemoi.utils.checkpoints][INFO] - Saving supporting array `longitudes` to inference-stage-x-by_epoch-epoch_000-step_000003/anemoi-metadata/longitudes.numpy (shape=(1817128,), dtype=float64)
[2025-02-27 16:20:55,937][anemoi.utils.checkpoints][INFO] - Saving supporting array `lam_0/cutout_mask` to inference-stage-x-by_epoch-epoch_000-step_000003/anemoi-metadata/lam_0/cutout_mask.numpy (shape=(1323840,), dtype=bool)
[2025-02-27 16:20:55,938][anemoi.utils.checkpoints][INFO] - Saving supporting array `global/cutout_mask` to inference-stage-x-by_epoch-epoch_000-step_000003/anemoi-metadata/global/cutout_mask.numpy (shape=(542080,), dtype=bool)
[2025-02-27 16:20:55,939][anemoi.utils.checkpoints][INFO] - Saving supporting array `source0/latitudes` to inference-stage-x-by_epoch-epoch_000-step_000003/anemoi-metadata/source0/latitudes.numpy (shape=(1323840,), dtype=float32)
[2025-02-27 16:20:55,954][anemoi.utils.checkpoints][INFO] - Saving supporting array `source0/longitudes` to inference-stage-x-by_epoch-epoch_000-step_000003/anemoi-metadata/source0/longitudes.numpy (shape=(1323840,), dtype=float32)
[2025-02-27 16:20:55,988][anemoi.utils.checkpoints][INFO] - Saving supporting array `source0/thinning_mask` to inference-stage-x-by_epoch-epoch_000-step_000003/anemoi-metadata/source0/thinning_mask.numpy (shape=(1323840,), dtype=bool)
[2025-02-27 16:20:55,989][anemoi.utils.checkpoints][INFO] - Saving supporting array `source1/latitudes` to inference-stage-x-by_epoch-epoch_000-step_000003/anemoi-metadata/source1/latitudes.numpy (shape=(542080,), dtype=float64)
[2025-02-27 16:20:55,991][anemoi.utils.checkpoints][INFO] - Saving supporting array `source1/longitudes` to inference-stage-x-by_epoch-epoch_000-step_000003/anemoi-metadata/source1/longitudes.numpy (shape=(542080,), dtype=float64)
[2025-02-27 16:21:05,480][anemoi.utils.checkpoints][INFO] - Adding extra information to checkpoint /work/hdd/bduu/jbanomedina/regional-ai/training/STRETCHED-6km/logs/outputs_checkpoint/246adbde-d11d-4341-a653-6a7b2e504c1f/inference-last.ckpt
[2025-02-27 16:21:05,481][anemoi.utils.checkpoints][INFO] - Saving metadata to inference-last/anemoi-metadata/ai-models.json
[2025-02-27 16:21:05,483][anemoi.utils.checkpoints][INFO] - Saving supporting array `latitudes` to inference-last/anemoi-metadata/latitudes.numpy (shape=(1817128,), dtype=float64)
[2025-02-27 16:21:05,511][anemoi.utils.checkpoints][INFO] - Saving supporting array `longitudes` to inference-last/anemoi-metadata/longitudes.numpy (shape=(1817128,), dtype=float64)
[2025-02-27 16:21:05,541][anemoi.utils.checkpoints][INFO] - Saving supporting array `lam_0/cutout_mask` to inference-last/anemoi-metadata/lam_0/cutout_mask.numpy (shape=(1323840,), dtype=bool)
[2025-02-27 16:21:05,542][anemoi.utils.checkpoints][INFO] - Saving supporting array `global/cutout_mask` to inference-last/anemoi-metadata/global/cutout_mask.numpy (shape=(542080,), dtype=bool)
[2025-02-27 16:21:05,542][anemoi.utils.checkpoints][INFO] - Saving supporting array `source0/latitudes` to inference-last/anemoi-metadata/source0/latitudes.numpy (shape=(1323840,), dtype=float32)
[2025-02-27 16:21:05,578][anemoi.utils.checkpoints][INFO] - Saving supporting array `source0/longitudes` to inference-last/anemoi-metadata/source0/longitudes.numpy (shape=(1323840,), dtype=float32)
[2025-02-27 16:21:05,611][anemoi.utils.checkpoints][INFO] - Saving supporting array `source0/thinning_mask` to inference-last/anemoi-metadata/source0/thinning_mask.numpy (shape=(1323840,), dtype=bool)
[2025-02-27 16:21:05,612][anemoi.utils.checkpoints][INFO] - Saving supporting array `source1/latitudes` to inference-last/anemoi-metadata/source1/latitudes.numpy (shape=(542080,), dtype=float64)
[2025-02-27 16:21:05,615][anemoi.utils.checkpoints][INFO] - Saving supporting array `source1/longitudes` to inference-last/anemoi-metadata/source1/longitudes.numpy (shape=(542080,), dtype=float64)
[2025-02-27 16:21:12,599][anemoi.training.diagnostics.callbacks.sanity][INFO] - No variable order to compare. Skipping variable order check.
[2025-02-27 16:21:12,599][anemoi.training.diagnostics.callbacks.sanity][INFO] - No variable order to compare. Skipping variable order check.
[2025-02-27 16:21:12,599][anemoi.training.diagnostics.callbacks.sanity][INFO] - No variable order to compare. Skipping variable order check.
[2025-02-27 16:21:12,599][anemoi.training.diagnostics.callbacks.sanity][INFO] - No variable order to compare. Skipping variable order check.
[2025-02-27 16:21:12,601][anemoi.training.diagnostics.callbacks.sanity][INFO] - No variable order to compare. Skipping variable order check.
[2025-02-27 16:21:12,599][anemoi.training.diagnostics.callbacks.sanity][INFO] - No variable order to compare. Skipping variable order check.
[2025-02-27 16:21:12,599][anemoi.training.diagnostics.callbacks.sanity][INFO] - No variable order to compare. Skipping variable order check.
[2025-02-27 16:21:12,599][anemoi.training.diagnostics.callbacks.sanity][INFO] - No variable order to compare. Skipping variable order check.
[2025-02-27 16:22:35,359][anemoi.training.diagnostics.callbacks.sanity][INFO] - No variable order to compare. Skipping variable order check.
[2025-02-27 16:22:35,373][anemoi.training.diagnostics.callbacks.sanity][INFO] - No variable order to compare. Skipping variable order check.
[2025-02-27 16:22:35,390][anemoi.training.diagnostics.callbacks.sanity][INFO] - No variable order to compare. Skipping variable order check.
[2025-02-27 16:22:35,410][anemoi.training.diagnostics.callbacks.sanity][INFO] - No variable order to compare. Skipping variable order check.
[2025-02-27 16:22:35,432][anemoi.training.diagnostics.callbacks.sanity][INFO] - No variable order to compare. Skipping variable order check.
[2025-02-27 16:22:35,435][anemoi.training.diagnostics.callbacks.sanity][INFO] - No variable order to compare. Skipping variable order check.
[2025-02-27 16:22:35,473][anemoi.training.diagnostics.callbacks.sanity][INFO] - No variable order to compare. Skipping variable order check.
[2025-02-27 16:22:35,481][anemoi.training.diagnostics.callbacks.sanity][INFO] - No variable order to compare. Skipping variable order check.
[2025-02-27 16:23:14,152][anemoi.utils.checkpoints][INFO] - Adding extra information to checkpoint /work/hdd/bduu/jbanomedina/regional-ai/training/STRETCHED-6km/logs/outputs_checkpoint/246adbde-d11d-4341-a653-6a7b2e504c1f/inference-stage-x-by_epoch-epoch_001-step_000006.ckpt
[2025-02-27 16:23:14,152][anemoi.utils.checkpoints][INFO] - Saving metadata to inference-stage-x-by_epoch-epoch_001-step_000006/anemoi-metadata/ai-models.json
[2025-02-27 16:23:14,155][anemoi.utils.checkpoints][INFO] - Saving supporting array `latitudes` to inference-stage-x-by_epoch-epoch_001-step_000006/anemoi-metadata/latitudes.numpy (shape=(1817128,), dtype=float64)
[2025-02-27 16:23:14,171][anemoi.utils.checkpoints][INFO] - Saving supporting array `longitudes` to inference-stage-x-by_epoch-epoch_001-step_000006/anemoi-metadata/longitudes.numpy (shape=(1817128,), dtype=float64)
[2025-02-27 16:23:14,245][anemoi.utils.checkpoints][INFO] - Saving supporting array `lam_0/cutout_mask` to inference-stage-x-by_epoch-epoch_001-step_000006/anemoi-metadata/lam_0/cutout_mask.numpy (shape=(1323840,), dtype=bool)
[2025-02-27 16:23:14,246][anemoi.utils.checkpoints][INFO] - Saving supporting array `global/cutout_mask` to inference-stage-x-by_epoch-epoch_001-step_000006/anemoi-metadata/global/cutout_mask.numpy (shape=(542080,), dtype=bool)
[2025-02-27 16:23:14,246][anemoi.utils.checkpoints][INFO] - Saving supporting array `source0/latitudes` to inference-stage-x-by_epoch-epoch_001-step_000006/anemoi-metadata/source0/latitudes.numpy (shape=(1323840,), dtype=float32)
[2025-02-27 16:23:14,258][anemoi.utils.checkpoints][INFO] - Saving supporting array `source0/longitudes` to inference-stage-x-by_epoch-epoch_001-step_000006/anemoi-metadata/source0/longitudes.numpy (shape=(1323840,), dtype=float32)
[2025-02-27 16:23:14,282][anemoi.utils.checkpoints][INFO] - Saving supporting array `source0/thinning_mask` to inference-stage-x-by_epoch-epoch_001-step_000006/anemoi-metadata/source0/thinning_mask.numpy (shape=(1323840,), dtype=bool)
[2025-02-27 16:23:14,283][anemoi.utils.checkpoints][INFO] - Saving supporting array `source1/latitudes` to inference-stage-x-by_epoch-epoch_001-step_000006/anemoi-metadata/source1/latitudes.numpy (shape=(542080,), dtype=float64)
[2025-02-27 16:23:14,286][anemoi.utils.checkpoints][INFO] - Saving supporting array `source1/longitudes` to inference-stage-x-by_epoch-epoch_001-step_000006/anemoi-metadata/source1/longitudes.numpy (shape=(542080,), dtype=float64)
[2025-02-27 16:23:23,877][anemoi.utils.checkpoints][INFO] - Adding extra information to checkpoint /work/hdd/bduu/jbanomedina/regional-ai/training/STRETCHED-6km/logs/outputs_checkpoint/246adbde-d11d-4341-a653-6a7b2e504c1f/inference-last.ckpt
[2025-02-27 16:23:23,877][anemoi.utils.checkpoints][INFO] - Saving metadata to inference-last/anemoi-metadata/ai-models.json
[2025-02-27 16:23:23,880][anemoi.utils.checkpoints][INFO] - Saving supporting array `latitudes` to inference-last/anemoi-metadata/latitudes.numpy (shape=(1817128,), dtype=float64)
[2025-02-27 16:23:23,939][anemoi.utils.checkpoints][INFO] - Saving supporting array `longitudes` to inference-last/anemoi-metadata/longitudes.numpy (shape=(1817128,), dtype=float64)
[2025-02-27 16:23:23,970][anemoi.utils.checkpoints][INFO] - Saving supporting array `lam_0/cutout_mask` to inference-last/anemoi-metadata/lam_0/cutout_mask.numpy (shape=(1323840,), dtype=bool)
[2025-02-27 16:23:23,971][anemoi.utils.checkpoints][INFO] - Saving supporting array `global/cutout_mask` to inference-last/anemoi-metadata/global/cutout_mask.numpy (shape=(542080,), dtype=bool)
[2025-02-27 16:23:23,971][anemoi.utils.checkpoints][INFO] - Saving supporting array `source0/latitudes` to inference-last/anemoi-metadata/source0/latitudes.numpy (shape=(1323840,), dtype=float32)
[2025-02-27 16:23:23,999][anemoi.utils.checkpoints][INFO] - Saving supporting array `source0/longitudes` to inference-last/anemoi-metadata/source0/longitudes.numpy (shape=(1323840,), dtype=float32)
[2025-02-27 16:23:24,018][anemoi.utils.checkpoints][INFO] - Saving supporting array `source0/thinning_mask` to inference-last/anemoi-metadata/source0/thinning_mask.numpy (shape=(1323840,), dtype=bool)
[2025-02-27 16:23:24,019][anemoi.utils.checkpoints][INFO] - Saving supporting array `source1/latitudes` to inference-last/anemoi-metadata/source1/latitudes.numpy (shape=(542080,), dtype=float64)
[2025-02-27 16:23:24,022][anemoi.utils.checkpoints][INFO] - Saving supporting array `source1/longitudes` to inference-last/anemoi-metadata/source1/longitudes.numpy (shape=(542080,), dtype=float64)
[2025-02-27 16:23:31,129][anemoi.training.diagnostics.callbacks.sanity][INFO] - No variable order to compare. Skipping variable order check.
[2025-02-27 16:23:31,129][anemoi.training.diagnostics.callbacks.sanity][INFO] - No variable order to compare. Skipping variable order check.
[2025-02-27 16:23:31,129][anemoi.training.diagnostics.callbacks.sanity][INFO] - No variable order to compare. Skipping variable order check.
[2025-02-27 16:23:31,130][anemoi.training.diagnostics.callbacks.sanity][INFO] - No variable order to compare. Skipping variable order check.
[2025-02-27 16:23:31,130][anemoi.training.diagnostics.callbacks.sanity][INFO] - No variable order to compare. Skipping variable order check.
[2025-02-27 16:23:31,131][anemoi.training.diagnostics.callbacks.sanity][INFO] - No variable order to compare. Skipping variable order check.
[2025-02-27 16:23:31,130][anemoi.training.diagnostics.callbacks.sanity][INFO] - No variable order to compare. Skipping variable order check.
[2025-02-27 16:23:31,129][anemoi.training.diagnostics.callbacks.sanity][INFO] - No variable order to compare. Skipping variable order check.
[2025-02-27 16:24:52,977][anemoi.training.diagnostics.callbacks.sanity][INFO] - No variable order to compare. Skipping variable order check.
[2025-02-27 16:24:53,004][anemoi.training.diagnostics.callbacks.sanity][INFO] - No variable order to compare. Skipping variable order check.
[2025-02-27 16:24:53,006][anemoi.training.diagnostics.callbacks.sanity][INFO] - No variable order to compare. Skipping variable order check.
[2025-02-27 16:24:53,007][anemoi.training.diagnostics.callbacks.sanity][INFO] - No variable order to compare. Skipping variable order check.
[2025-02-27 16:24:53,020][anemoi.training.diagnostics.callbacks.sanity][INFO] - No variable order to compare. Skipping variable order check.
[2025-02-27 16:24:53,066][anemoi.training.diagnostics.callbacks.sanity][INFO] - No variable order to compare. Skipping variable order check.
[2025-02-27 16:24:53,076][anemoi.training.diagnostics.callbacks.sanity][INFO] - No variable order to compare. Skipping variable order check.
[2025-02-27 16:24:53,082][anemoi.training.diagnostics.callbacks.sanity][INFO] - No variable order to compare. Skipping variable order check.
[2025-02-27 16:25:30,966][anemoi.utils.checkpoints][INFO] - Adding extra information to checkpoint /work/hdd/bduu/jbanomedina/regional-ai/training/STRETCHED-6km/logs/outputs_checkpoint/246adbde-d11d-4341-a653-6a7b2e504c1f/inference-stage-x-by_epoch-epoch_002-step_000009.ckpt
[2025-02-27 16:25:30,966][anemoi.utils.checkpoints][INFO] - Saving metadata to inference-stage-x-by_epoch-epoch_002-step_000009/anemoi-metadata/ai-models.json
[2025-02-27 16:25:30,969][anemoi.utils.checkpoints][INFO] - Saving supporting array `latitudes` to inference-stage-x-by_epoch-epoch_002-step_000009/anemoi-metadata/latitudes.numpy (shape=(1817128,), dtype=float64)
[2025-02-27 16:25:31,003][anemoi.utils.checkpoints][INFO] - Saving supporting array `longitudes` to inference-stage-x-by_epoch-epoch_002-step_000009/anemoi-metadata/longitudes.numpy (shape=(1817128,), dtype=float64)
[2025-02-27 16:25:31,040][anemoi.utils.checkpoints][INFO] - Saving supporting array `lam_0/cutout_mask` to inference-stage-x-by_epoch-epoch_002-step_000009/anemoi-metadata/lam_0/cutout_mask.numpy (shape=(1323840,), dtype=bool)
[2025-02-27 16:25:31,041][anemoi.utils.checkpoints][INFO] - Saving supporting array `global/cutout_mask` to inference-stage-x-by_epoch-epoch_002-step_000009/anemoi-metadata/global/cutout_mask.numpy (shape=(542080,), dtype=bool)
[2025-02-27 16:25:31,042][anemoi.utils.checkpoints][INFO] - Saving supporting array `source0/latitudes` to inference-stage-x-by_epoch-epoch_002-step_000009/anemoi-metadata/source0/latitudes.numpy (shape=(1323840,), dtype=float32)
[2025-02-27 16:25:31,093][anemoi.utils.checkpoints][INFO] - Saving supporting array `source0/longitudes` to inference-stage-x-by_epoch-epoch_002-step_000009/anemoi-metadata/source0/longitudes.numpy (shape=(1323840,), dtype=float32)
[2025-02-27 16:25:31,112][anemoi.utils.checkpoints][INFO] - Saving supporting array `source0/thinning_mask` to inference-stage-x-by_epoch-epoch_002-step_000009/anemoi-metadata/source0/thinning_mask.numpy (shape=(1323840,), dtype=bool)
[2025-02-27 16:25:31,113][anemoi.utils.checkpoints][INFO] - Saving supporting array `source1/latitudes` to inference-stage-x-by_epoch-epoch_002-step_000009/anemoi-metadata/source1/latitudes.numpy (shape=(542080,), dtype=float64)
[2025-02-27 16:25:31,116][anemoi.utils.checkpoints][INFO] - Saving supporting array `source1/longitudes` to inference-stage-x-by_epoch-epoch_002-step_000009/anemoi-metadata/source1/longitudes.numpy (shape=(542080,), dtype=float64)
[2025-02-27 16:25:41,014][anemoi.utils.checkpoints][INFO] - Adding extra information to checkpoint /work/hdd/bduu/jbanomedina/regional-ai/training/STRETCHED-6km/logs/outputs_checkpoint/246adbde-d11d-4341-a653-6a7b2e504c1f/inference-last.ckpt
[2025-02-27 16:25:41,015][anemoi.utils.checkpoints][INFO] - Saving metadata to inference-last/anemoi-metadata/ai-models.json
[2025-02-27 16:25:41,017][anemoi.utils.checkpoints][INFO] - Saving supporting array `latitudes` to inference-last/anemoi-metadata/latitudes.numpy (shape=(1817128,), dtype=float64)
[2025-02-27 16:25:41,044][anemoi.utils.checkpoints][INFO] - Saving supporting array `longitudes` to inference-last/anemoi-metadata/longitudes.numpy (shape=(1817128,), dtype=float64)
[2025-02-27 16:25:41,073][anemoi.utils.checkpoints][INFO] - Saving supporting array `lam_0/cutout_mask` to inference-last/anemoi-metadata/lam_0/cutout_mask.numpy (shape=(1323840,), dtype=bool)
[2025-02-27 16:25:41,074][anemoi.utils.checkpoints][INFO] - Saving supporting array `global/cutout_mask` to inference-last/anemoi-metadata/global/cutout_mask.numpy (shape=(542080,), dtype=bool)
[2025-02-27 16:25:41,075][anemoi.utils.checkpoints][INFO] - Saving supporting array `source0/latitudes` to inference-last/anemoi-metadata/source0/latitudes.numpy (shape=(1323840,), dtype=float32)
[2025-02-27 16:25:41,102][anemoi.utils.checkpoints][INFO] - Saving supporting array `source0/longitudes` to inference-last/anemoi-metadata/source0/longitudes.numpy (shape=(1323840,), dtype=float32)
[2025-02-27 16:25:41,124][anemoi.utils.checkpoints][INFO] - Saving supporting array `source0/thinning_mask` to inference-last/anemoi-metadata/source0/thinning_mask.numpy (shape=(1323840,), dtype=bool)
[2025-02-27 16:25:41,125][anemoi.utils.checkpoints][INFO] - Saving supporting array `source1/latitudes` to inference-last/anemoi-metadata/source1/latitudes.numpy (shape=(542080,), dtype=float64)
[2025-02-27 16:25:41,128][anemoi.utils.checkpoints][INFO] - Saving supporting array `source1/longitudes` to inference-last/anemoi-metadata/source1/longitudes.numpy (shape=(542080,), dtype=float64)
[2025-02-27 16:25:48,782][anemoi.training.diagnostics.callbacks.sanity][INFO] - No variable order to compare. Skipping variable order check.
[2025-02-27 16:25:48,782][anemoi.training.diagnostics.callbacks.sanity][INFO] - No variable order to compare. Skipping variable order check.
[2025-02-27 16:25:48,782][anemoi.training.diagnostics.callbacks.sanity][INFO] - No variable order to compare. Skipping variable order check.
[2025-02-27 16:25:48,782][anemoi.training.diagnostics.callbacks.sanity][INFO] - No variable order to compare. Skipping variable order check.
[2025-02-27 16:25:48,783][anemoi.training.diagnostics.callbacks.sanity][INFO] - No variable order to compare. Skipping variable order check.
[2025-02-27 16:25:48,782][anemoi.training.diagnostics.callbacks.sanity][INFO] - No variable order to compare. Skipping variable order check.
[2025-02-27 16:25:48,782][anemoi.training.diagnostics.callbacks.sanity][INFO] - No variable order to compare. Skipping variable order check.
[2025-02-27 16:25:48,782][anemoi.training.diagnostics.callbacks.sanity][INFO] - No variable order to compare. Skipping variable order check.
[2025-02-27 16:27:10,540][anemoi.training.diagnostics.callbacks.sanity][INFO] - No variable order to compare. Skipping variable order check.
[2025-02-27 16:27:10,576][anemoi.training.diagnostics.callbacks.sanity][INFO] - No variable order to compare. Skipping variable order check.
[2025-02-27 16:27:10,624][anemoi.training.diagnostics.callbacks.sanity][INFO] - No variable order to compare. Skipping variable order check.
[2025-02-27 16:27:10,636][anemoi.training.diagnostics.callbacks.sanity][INFO] - No variable order to compare. Skipping variable order check.
[2025-02-27 16:27:10,632][anemoi.training.diagnostics.callbacks.sanity][INFO] - No variable order to compare. Skipping variable order check.
[2025-02-27 16:27:10,645][anemoi.training.diagnostics.callbacks.sanity][INFO] - No variable order to compare. Skipping variable order check.
[2025-02-27 16:27:10,698][anemoi.training.diagnostics.callbacks.sanity][INFO] - No variable order to compare. Skipping variable order check.
[2025-02-27 16:27:10,727][anemoi.training.diagnostics.callbacks.sanity][INFO] - No variable order to compare. Skipping variable order check.
[2025-02-27 16:27:49,607][anemoi.utils.checkpoints][INFO] - Adding extra information to checkpoint /work/hdd/bduu/jbanomedina/regional-ai/training/STRETCHED-6km/logs/outputs_checkpoint/246adbde-d11d-4341-a653-6a7b2e504c1f/inference-stage-x-by_epoch-epoch_003-step_000012.ckpt
[2025-02-27 16:27:49,607][anemoi.utils.checkpoints][INFO] - Saving metadata to inference-stage-x-by_epoch-epoch_003-step_000012/anemoi-metadata/ai-models.json
[2025-02-27 16:27:49,610][anemoi.utils.checkpoints][INFO] - Saving supporting array `latitudes` to inference-stage-x-by_epoch-epoch_003-step_000012/anemoi-metadata/latitudes.numpy (shape=(1817128,), dtype=float64)
[2025-02-27 16:27:49,623][anemoi.utils.checkpoints][INFO] - Saving supporting array `longitudes` to inference-stage-x-by_epoch-epoch_003-step_000012/anemoi-metadata/longitudes.numpy (shape=(1817128,), dtype=float64)
[2025-02-27 16:27:49,674][anemoi.utils.checkpoints][INFO] - Saving supporting array `lam_0/cutout_mask` to inference-stage-x-by_epoch-epoch_003-step_000012/anemoi-metadata/lam_0/cutout_mask.numpy (shape=(1323840,), dtype=bool)
[2025-02-27 16:27:49,675][anemoi.utils.checkpoints][INFO] - Saving supporting array `global/cutout_mask` to inference-stage-x-by_epoch-epoch_003-step_000012/anemoi-metadata/global/cutout_mask.numpy (shape=(542080,), dtype=bool)
[2025-02-27 16:27:49,676][anemoi.utils.checkpoints][INFO] - Saving supporting array `source0/latitudes` to inference-stage-x-by_epoch-epoch_003-step_000012/anemoi-metadata/source0/latitudes.numpy (shape=(1323840,), dtype=float32)
[2025-02-27 16:27:49,695][anemoi.utils.checkpoints][INFO] - Saving supporting array `source0/longitudes` to inference-stage-x-by_epoch-epoch_003-step_000012/anemoi-metadata/source0/longitudes.numpy (shape=(1323840,), dtype=float32)
[2025-02-27 16:27:49,714][anemoi.utils.checkpoints][INFO] - Saving supporting array `source0/thinning_mask` to inference-stage-x-by_epoch-epoch_003-step_000012/anemoi-metadata/source0/thinning_mask.numpy (shape=(1323840,), dtype=bool)
[2025-02-27 16:27:49,715][anemoi.utils.checkpoints][INFO] - Saving supporting array `source1/latitudes` to inference-stage-x-by_epoch-epoch_003-step_000012/anemoi-metadata/source1/latitudes.numpy (shape=(542080,), dtype=float64)
[2025-02-27 16:27:49,717][anemoi.utils.checkpoints][INFO] - Saving supporting array `source1/longitudes` to inference-stage-x-by_epoch-epoch_003-step_000012/anemoi-metadata/source1/longitudes.numpy (shape=(542080,), dtype=float64)
[2025-02-27 16:27:59,684][anemoi.utils.checkpoints][INFO] - Adding extra information to checkpoint /work/hdd/bduu/jbanomedina/regional-ai/training/STRETCHED-6km/logs/outputs_checkpoint/246adbde-d11d-4341-a653-6a7b2e504c1f/inference-last.ckpt
[2025-02-27 16:27:59,685][anemoi.utils.checkpoints][INFO] - Saving metadata to inference-last/anemoi-metadata/ai-models.json
[2025-02-27 16:27:59,687][anemoi.utils.checkpoints][INFO] - Saving supporting array `latitudes` to inference-last/anemoi-metadata/latitudes.numpy (shape=(1817128,), dtype=float64)
[2025-02-27 16:27:59,711][anemoi.utils.checkpoints][INFO] - Saving supporting array `longitudes` to inference-last/anemoi-metadata/longitudes.numpy (shape=(1817128,), dtype=float64)
[2025-02-27 16:27:59,726][anemoi.utils.checkpoints][INFO] - Saving supporting array `lam_0/cutout_mask` to inference-last/anemoi-metadata/lam_0/cutout_mask.numpy (shape=(1323840,), dtype=bool)
[2025-02-27 16:27:59,727][anemoi.utils.checkpoints][INFO] - Saving supporting array `global/cutout_mask` to inference-last/anemoi-metadata/global/cutout_mask.numpy (shape=(542080,), dtype=bool)
[2025-02-27 16:27:59,728][anemoi.utils.checkpoints][INFO] - Saving supporting array `source0/latitudes` to inference-last/anemoi-metadata/source0/latitudes.numpy (shape=(1323840,), dtype=float32)
[2025-02-27 16:27:59,752][anemoi.utils.checkpoints][INFO] - Saving supporting array `source0/longitudes` to inference-last/anemoi-metadata/source0/longitudes.numpy (shape=(1323840,), dtype=float32)
[2025-02-27 16:27:59,779][anemoi.utils.checkpoints][INFO] - Saving supporting array `source0/thinning_mask` to inference-last/anemoi-metadata/source0/thinning_mask.numpy (shape=(1323840,), dtype=bool)
[2025-02-27 16:27:59,780][anemoi.utils.checkpoints][INFO] - Saving supporting array `source1/latitudes` to inference-last/anemoi-metadata/source1/latitudes.numpy (shape=(542080,), dtype=float64)
[2025-02-27 16:27:59,782][anemoi.utils.checkpoints][INFO] - Saving supporting array `source1/longitudes` to inference-last/anemoi-metadata/source1/longitudes.numpy (shape=(542080,), dtype=float64)
[2025-02-27 16:28:07,102][anemoi.training.diagnostics.callbacks.sanity][INFO] - No variable order to compare. Skipping variable order check.
[2025-02-27 16:28:07,102][anemoi.training.diagnostics.callbacks.sanity][INFO] - No variable order to compare. Skipping variable order check.
[2025-02-27 16:28:07,102][anemoi.training.diagnostics.callbacks.sanity][INFO] - No variable order to compare. Skipping variable order check.
[2025-02-27 16:28:07,102][anemoi.training.diagnostics.callbacks.sanity][INFO] - No variable order to compare. Skipping variable order check.
[2025-02-27 16:28:07,104][anemoi.training.diagnostics.callbacks.sanity][INFO] - No variable order to compare. Skipping variable order check.
[2025-02-27 16:28:07,102][anemoi.training.diagnostics.callbacks.sanity][INFO] - No variable order to compare. Skipping variable order check.
[2025-02-27 16:28:07,102][anemoi.training.diagnostics.callbacks.sanity][INFO] - No variable order to compare. Skipping variable order check.
[2025-02-27 16:28:07,102][anemoi.training.diagnostics.callbacks.sanity][INFO] - No variable order to compare. Skipping variable order check.
[2025-02-27 16:29:29,460][anemoi.training.diagnostics.callbacks.sanity][INFO] - No variable order to compare. Skipping variable order check.
[2025-02-27 16:29:29,489][anemoi.training.diagnostics.callbacks.sanity][INFO] - No variable order to compare. Skipping variable order check.
[2025-02-27 16:29:29,492][anemoi.training.diagnostics.callbacks.sanity][INFO] - No variable order to compare. Skipping variable order check.
[2025-02-27 16:29:29,512][anemoi.training.diagnostics.callbacks.sanity][INFO] - No variable order to compare. Skipping variable order check.
[2025-02-27 16:29:29,797][anemoi.training.diagnostics.callbacks.sanity][INFO] - No variable order to compare. Skipping variable order check.
[2025-02-27 16:29:29,805][anemoi.training.diagnostics.callbacks.sanity][INFO] - No variable order to compare. Skipping variable order check.
[2025-02-27 16:29:29,844][anemoi.training.diagnostics.callbacks.sanity][INFO] - No variable order to compare. Skipping variable order check.
[2025-02-27 16:29:29,872][anemoi.training.diagnostics.callbacks.sanity][INFO] - No variable order to compare. Skipping variable order check.
[2025-02-27 16:30:08,319][anemoi.utils.checkpoints][INFO] - Adding extra information to checkpoint /work/hdd/bduu/jbanomedina/regional-ai/training/STRETCHED-6km/logs/outputs_checkpoint/246adbde-d11d-4341-a653-6a7b2e504c1f/inference-stage-x-by_epoch-epoch_004-step_000015.ckpt
[2025-02-27 16:30:08,320][anemoi.utils.checkpoints][INFO] - Saving metadata to inference-stage-x-by_epoch-epoch_004-step_000015/anemoi-metadata/ai-models.json
[2025-02-27 16:30:08,322][anemoi.utils.checkpoints][INFO] - Saving supporting array `latitudes` to inference-stage-x-by_epoch-epoch_004-step_000015/anemoi-metadata/latitudes.numpy (shape=(1817128,), dtype=float64)
[2025-02-27 16:30:08,335][anemoi.utils.checkpoints][INFO] - Saving supporting array `longitudes` to inference-stage-x-by_epoch-epoch_004-step_000015/anemoi-metadata/longitudes.numpy (shape=(1817128,), dtype=float64)
[2025-02-27 16:30:08,367][anemoi.utils.checkpoints][INFO] - Saving supporting array `lam_0/cutout_mask` to inference-stage-x-by_epoch-epoch_004-step_000015/anemoi-metadata/lam_0/cutout_mask.numpy (shape=(1323840,), dtype=bool)
[2025-02-27 16:30:08,368][anemoi.utils.checkpoints][INFO] - Saving supporting array `global/cutout_mask` to inference-stage-x-by_epoch-epoch_004-step_000015/anemoi-metadata/global/cutout_mask.numpy (shape=(542080,), dtype=bool)
[2025-02-27 16:30:08,369][anemoi.utils.checkpoints][INFO] - Saving supporting array `source0/latitudes` to inference-stage-x-by_epoch-epoch_004-step_000015/anemoi-metadata/source0/latitudes.numpy (shape=(1323840,), dtype=float32)
[2025-02-27 16:30:08,388][anemoi.utils.checkpoints][INFO] - Saving supporting array `source0/longitudes` to inference-stage-x-by_epoch-epoch_004-step_000015/anemoi-metadata/source0/longitudes.numpy (shape=(1323840,), dtype=float32)
[2025-02-27 16:30:08,398][anemoi.utils.checkpoints][INFO] - Saving supporting array `source0/thinning_mask` to inference-stage-x-by_epoch-epoch_004-step_000015/anemoi-metadata/source0/thinning_mask.numpy (shape=(1323840,), dtype=bool)
[2025-02-27 16:30:08,399][anemoi.utils.checkpoints][INFO] - Saving supporting array `source1/latitudes` to inference-stage-x-by_epoch-epoch_004-step_000015/anemoi-metadata/source1/latitudes.numpy (shape=(542080,), dtype=float64)
[2025-02-27 16:30:08,402][anemoi.utils.checkpoints][INFO] - Saving supporting array `source1/longitudes` to inference-stage-x-by_epoch-epoch_004-step_000015/anemoi-metadata/source1/longitudes.numpy (shape=(542080,), dtype=float64)
[2025-02-27 16:30:17,804][anemoi.utils.checkpoints][INFO] - Adding extra information to checkpoint /work/hdd/bduu/jbanomedina/regional-ai/training/STRETCHED-6km/logs/outputs_checkpoint/246adbde-d11d-4341-a653-6a7b2e504c1f/inference-last.ckpt
[2025-02-27 16:30:17,805][anemoi.utils.checkpoints][INFO] - Saving metadata to inference-last/anemoi-metadata/ai-models.json
[2025-02-27 16:30:17,807][anemoi.utils.checkpoints][INFO] - Saving supporting array `latitudes` to inference-last/anemoi-metadata/latitudes.numpy (shape=(1817128,), dtype=float64)
[2025-02-27 16:30:17,831][anemoi.utils.checkpoints][INFO] - Saving supporting array `longitudes` to inference-last/anemoi-metadata/longitudes.numpy (shape=(1817128,), dtype=float64)
[2025-02-27 16:30:17,869][anemoi.utils.checkpoints][INFO] - Saving supporting array `lam_0/cutout_mask` to inference-last/anemoi-metadata/lam_0/cutout_mask.numpy (shape=(1323840,), dtype=bool)
[2025-02-27 16:30:17,870][anemoi.utils.checkpoints][INFO] - Saving supporting array `global/cutout_mask` to inference-last/anemoi-metadata/global/cutout_mask.numpy (shape=(542080,), dtype=bool)
[2025-02-27 16:30:17,870][anemoi.utils.checkpoints][INFO] - Saving supporting array `source0/latitudes` to inference-last/anemoi-metadata/source0/latitudes.numpy (shape=(1323840,), dtype=float32)
[2025-02-27 16:30:17,890][anemoi.utils.checkpoints][INFO] - Saving supporting array `source0/longitudes` to inference-last/anemoi-metadata/source0/longitudes.numpy (shape=(1323840,), dtype=float32)
[2025-02-27 16:30:17,911][anemoi.utils.checkpoints][INFO] - Saving supporting array `source0/thinning_mask` to inference-last/anemoi-metadata/source0/thinning_mask.numpy (shape=(1323840,), dtype=bool)
[2025-02-27 16:30:17,912][anemoi.utils.checkpoints][INFO] - Saving supporting array `source1/latitudes` to inference-last/anemoi-metadata/source1/latitudes.numpy (shape=(542080,), dtype=float64)
[2025-02-27 16:30:17,915][anemoi.utils.checkpoints][INFO] - Saving supporting array `source1/longitudes` to inference-last/anemoi-metadata/source1/longitudes.numpy (shape=(542080,), dtype=float64)
[2025-02-27 16:30:24,963][anemoi.training.diagnostics.callbacks.sanity][INFO] - No variable order to compare. Skipping variable order check.
[2025-02-27 16:30:24,963][anemoi.training.diagnostics.callbacks.sanity][INFO] - No variable order to compare. Skipping variable order check.
[2025-02-27 16:30:24,963][anemoi.training.diagnostics.callbacks.sanity][INFO] - No variable order to compare. Skipping variable order check.
[2025-02-27 16:30:24,963][anemoi.training.diagnostics.callbacks.sanity][INFO] - No variable order to compare. Skipping variable order check.
[2025-02-27 16:30:24,963][anemoi.training.diagnostics.callbacks.sanity][INFO] - No variable order to compare. Skipping variable order check.
[2025-02-27 16:30:24,963][anemoi.training.diagnostics.callbacks.sanity][INFO] - No variable order to compare. Skipping variable order check.
[2025-02-27 16:30:24,963][anemoi.training.diagnostics.callbacks.sanity][INFO] - No variable order to compare. Skipping variable order check.
[2025-02-27 16:30:24,964][anemoi.training.diagnostics.callbacks.sanity][INFO] - No variable order to compare. Skipping variable order check.
[2025-02-27 16:31:46,625][anemoi.training.diagnostics.callbacks.sanity][INFO] - No variable order to compare. Skipping variable order check.
[2025-02-27 16:31:46,626][anemoi.training.diagnostics.callbacks.sanity][INFO] - No variable order to compare. Skipping variable order check.
[2025-02-27 16:31:46,657][anemoi.training.diagnostics.callbacks.sanity][INFO] - No variable order to compare. Skipping variable order check.
[2025-02-27 16:31:46,678][anemoi.training.diagnostics.callbacks.sanity][INFO] - No variable order to compare. Skipping variable order check.
[2025-02-27 16:31:47,811][anemoi.training.diagnostics.callbacks.sanity][INFO] - No variable order to compare. Skipping variable order check.
[2025-02-27 16:31:47,835][anemoi.training.diagnostics.callbacks.sanity][INFO] - No variable order to compare. Skipping variable order check.
[2025-02-27 16:31:47,861][anemoi.training.diagnostics.callbacks.sanity][INFO] - No variable order to compare. Skipping variable order check.
[2025-02-27 16:31:47,920][anemoi.training.diagnostics.callbacks.sanity][INFO] - No variable order to compare. Skipping variable order check.
[2025-02-27 16:32:26,220][anemoi.utils.checkpoints][INFO] - Adding extra information to checkpoint /work/hdd/bduu/jbanomedina/regional-ai/training/STRETCHED-6km/logs/outputs_checkpoint/246adbde-d11d-4341-a653-6a7b2e504c1f/inference-stage-x-by_epoch-epoch_005-step_000018.ckpt
[2025-02-27 16:32:26,221][anemoi.utils.checkpoints][INFO] - Saving metadata to inference-stage-x-by_epoch-epoch_005-step_000018/anemoi-metadata/ai-models.json
[2025-02-27 16:32:26,223][anemoi.utils.checkpoints][INFO] - Saving supporting array `latitudes` to inference-stage-x-by_epoch-epoch_005-step_000018/anemoi-metadata/latitudes.numpy (shape=(1817128,), dtype=float64)
[2025-02-27 16:32:26,293][anemoi.utils.checkpoints][INFO] - Saving supporting array `longitudes` to inference-stage-x-by_epoch-epoch_005-step_000018/anemoi-metadata/longitudes.numpy (shape=(1817128,), dtype=float64)
[2025-02-27 16:32:26,319][anemoi.utils.checkpoints][INFO] - Saving supporting array `lam_0/cutout_mask` to inference-stage-x-by_epoch-epoch_005-step_000018/anemoi-metadata/lam_0/cutout_mask.numpy (shape=(1323840,), dtype=bool)
[2025-02-27 16:32:26,320][anemoi.utils.checkpoints][INFO] - Saving supporting array `global/cutout_mask` to inference-stage-x-by_epoch-epoch_005-step_000018/anemoi-metadata/global/cutout_mask.numpy (shape=(542080,), dtype=bool)
[2025-02-27 16:32:26,321][anemoi.utils.checkpoints][INFO] - Saving supporting array `source0/latitudes` to inference-stage-x-by_epoch-epoch_005-step_000018/anemoi-metadata/source0/latitudes.numpy (shape=(1323840,), dtype=float32)
[2025-02-27 16:32:26,353][anemoi.utils.checkpoints][INFO] - Saving supporting array `source0/longitudes` to inference-stage-x-by_epoch-epoch_005-step_000018/anemoi-metadata/source0/longitudes.numpy (shape=(1323840,), dtype=float32)
[2025-02-27 16:32:26,362][anemoi.utils.checkpoints][INFO] - Saving supporting array `source0/thinning_mask` to inference-stage-x-by_epoch-epoch_005-step_000018/anemoi-metadata/source0/thinning_mask.numpy (shape=(1323840,), dtype=bool)
[2025-02-27 16:32:26,364][anemoi.utils.checkpoints][INFO] - Saving supporting array `source1/latitudes` to inference-stage-x-by_epoch-epoch_005-step_000018/anemoi-metadata/source1/latitudes.numpy (shape=(542080,), dtype=float64)
[2025-02-27 16:32:26,366][anemoi.utils.checkpoints][INFO] - Saving supporting array `source1/longitudes` to inference-stage-x-by_epoch-epoch_005-step_000018/anemoi-metadata/source1/longitudes.numpy (shape=(542080,), dtype=float64)
[2025-02-27 16:32:36,017][anemoi.utils.checkpoints][INFO] - Adding extra information to checkpoint /work/hdd/bduu/jbanomedina/regional-ai/training/STRETCHED-6km/logs/outputs_checkpoint/246adbde-d11d-4341-a653-6a7b2e504c1f/inference-last.ckpt
[2025-02-27 16:32:36,017][anemoi.utils.checkpoints][INFO] - Saving metadata to inference-last/anemoi-metadata/ai-models.json
[2025-02-27 16:32:36,020][anemoi.utils.checkpoints][INFO] - Saving supporting array `latitudes` to inference-last/anemoi-metadata/latitudes.numpy (shape=(1817128,), dtype=float64)
[2025-02-27 16:32:36,064][anemoi.utils.checkpoints][INFO] - Saving supporting array `longitudes` to inference-last/anemoi-metadata/longitudes.numpy (shape=(1817128,), dtype=float64)
[2025-02-27 16:32:36,114][anemoi.utils.checkpoints][INFO] - Saving supporting array `lam_0/cutout_mask` to inference-last/anemoi-metadata/lam_0/cutout_mask.numpy (shape=(1323840,), dtype=bool)
[2025-02-27 16:32:36,115][anemoi.utils.checkpoints][INFO] - Saving supporting array `global/cutout_mask` to inference-last/anemoi-metadata/global/cutout_mask.numpy (shape=(542080,), dtype=bool)
[2025-02-27 16:32:36,116][anemoi.utils.checkpoints][INFO] - Saving supporting array `source0/latitudes` to inference-last/anemoi-metadata/source0/latitudes.numpy (shape=(1323840,), dtype=float32)
[2025-02-27 16:32:36,140][anemoi.utils.checkpoints][INFO] - Saving supporting array `source0/longitudes` to inference-last/anemoi-metadata/source0/longitudes.numpy (shape=(1323840,), dtype=float32)
[2025-02-27 16:32:36,164][anemoi.utils.checkpoints][INFO] - Saving supporting array `source0/thinning_mask` to inference-last/anemoi-metadata/source0/thinning_mask.numpy (shape=(1323840,), dtype=bool)
[2025-02-27 16:32:36,165][anemoi.utils.checkpoints][INFO] - Saving supporting array `source1/latitudes` to inference-last/anemoi-metadata/source1/latitudes.numpy (shape=(542080,), dtype=float64)
[2025-02-27 16:32:36,168][anemoi.utils.checkpoints][INFO] - Saving supporting array `source1/longitudes` to inference-last/anemoi-metadata/source1/longitudes.numpy (shape=(542080,), dtype=float64)
[2025-02-27 16:32:43,368][anemoi.training.diagnostics.callbacks.sanity][INFO] - No variable order to compare. Skipping variable order check.
[2025-02-27 16:32:43,368][anemoi.training.diagnostics.callbacks.sanity][INFO] - No variable order to compare. Skipping variable order check.
[2025-02-27 16:32:43,368][anemoi.training.diagnostics.callbacks.sanity][INFO] - No variable order to compare. Skipping variable order check.
[2025-02-27 16:32:43,369][anemoi.training.diagnostics.callbacks.sanity][INFO] - No variable order to compare. Skipping variable order check.
[2025-02-27 16:32:43,368][anemoi.training.diagnostics.callbacks.sanity][INFO] - No variable order to compare. Skipping variable order check.
[2025-02-27 16:32:43,370][anemoi.training.diagnostics.callbacks.sanity][INFO] - No variable order to compare. Skipping variable order check.
[2025-02-27 16:32:43,369][anemoi.training.diagnostics.callbacks.sanity][INFO] - No variable order to compare. Skipping variable order check.
[2025-02-27 16:32:43,368][anemoi.training.diagnostics.callbacks.sanity][INFO] - No variable order to compare. Skipping variable order check.
[2025-02-27 16:33:21,332][pytorch_lightning.trainer.connectors.signal_connector][INFO] - [rank: 3] Received SIGTERM: 15
[2025-02-27 16:33:21,332][pytorch_lightning.trainer.connectors.signal_connector][INFO] - [rank: 3] Received SIGTERM: 15
[2025-02-27 16:33:21,333][pytorch_lightning.trainer.connectors.signal_connector][INFO] - Bypassing SIGTERM: 15
[2025-02-27 16:33:21,333][pytorch_lightning.trainer.connectors.signal_connector][INFO] - [rank: 2] Received SIGTERM: 15
[2025-02-27 16:33:21,333][pytorch_lightning.trainer.connectors.signal_connector][INFO] - [rank: 2] Received SIGTERM: 15
[2025-02-27 16:33:21,333][pytorch_lightning.trainer.connectors.signal_connector][INFO] - [rank: 1] Received SIGTERM: 15
[2025-02-27 16:33:21,333][pytorch_lightning.trainer.connectors.signal_connector][INFO] - [rank: 1] Received SIGTERM: 15
[2025-02-27 16:33:21,335][pytorch_lightning.trainer.connectors.signal_connector][INFO] - Bypassing SIGTERM: 15
[2025-02-27 16:33:21,333][pytorch_lightning.trainer.connectors.signal_connector][INFO] - [rank: 0] Received SIGTERM: 15
[2025-02-27 16:33:21,335][pytorch_lightning.trainer.connectors.signal_connector][INFO] - [rank: 0] Received SIGTERM: 15
[2025-02-27 16:33:21,339][pytorch_lightning.trainer.connectors.signal_connector][INFO] - Bypassing SIGTERM: 15
[2025-02-27 16:33:21,338][pytorch_lightning.trainer.connectors.signal_connector][INFO] - Bypassing SIGTERM: 15
[2025-02-27 16:33:21,342][pytorch_lightning.trainer.connectors.signal_connector][INFO] - Bypassing SIGTERM: 15
[2025-02-27 16:33:21,340][pytorch_lightning.trainer.connectors.signal_connector][INFO] - Bypassing SIGTERM: 15
[2025-02-27 16:33:21,344][pytorch_lightning.trainer.connectors.signal_connector][INFO] - Bypassing SIGTERM: 15
[2025-02-27 16:33:21,346][pytorch_lightning.trainer.connectors.signal_connector][INFO] - Bypassing SIGTERM: 15
