[2025-02-27 16:10:53,946][anemoi.training.train.train][INFO] - Run id: e595360b-83b6-4dea-ae32-ee0a54787b51
[2025-02-27 16:10:53,947][anemoi.training.train.train][INFO] - Checkpoints path: /work/hdd/bduu/jbanomedina/regional-ai/training/STRETCHED-6km/logs/outputs_checkpoint/e595360b-83b6-4dea-ae32-ee0a54787b51
[2025-02-27 16:10:53,947][anemoi.training.train.train][INFO] - Plots path: /work/hdd/bduu/jbanomedina/regional-ai/training/STRETCHED-6km/logs/outputs_plots/e595360b-83b6-4dea-ae32-ee0a54787b51
[2025-02-27 16:10:58,420][anemoi.graphs.nodes.builders.from_file][INFO] - Reading the dataset from {'cutout': [{'dataset': '/work/hdd/bduu/jbanomedina/regional-ai/data/zarrs//test-1979-01-cw3e-6km-allvars.zarr', 'thinning': 1}, {'dataset': '/work/hdd/bduu/jbanomedina/regional-ai/data/zarrs//test-1979-01-era5-31km-allvars.zarr'}], 'adjust': 'all', 'min_distance_km': 0}.
[2025-02-27 16:17:17,040][anemoi.graphs.nodes.attributes][WARNING] - SphericalAreaWeights is filling 1 (0.00%) nodes with value 0.000000
[2025-02-27 16:23:15,311][anemoi.graphs.generate.masks][INFO] - Fitting KNNAreaMaskBuilder with 1323840 reference nodes from "data (cutout)".
[2025-02-27 16:23:18,524][anemoi.graphs.edges.builder][INFO] - Using KNN-Edges (with 8 nearest neighbours) between data and hidden.
[2025-02-27 16:23:29,474][anemoi.graphs.edges.builder][INFO] - Using KNN-Edges (with 3 nearest neighbours) between hidden and data.
[2025-02-27 16:24:04,206][anemoi.graphs.create][INFO] - Cleaning graph.
[2025-02-27 16:24:04,207][anemoi.graphs.create][INFO] - _dataset deleted from graph.
[2025-02-27 16:24:04,207][anemoi.graphs.create][INFO] - _nx_graph deleted from graph.
[2025-02-27 16:24:04,207][anemoi.graphs.create][INFO] - _resolutions deleted from graph.
[2025-02-27 16:24:04,207][anemoi.graphs.create][INFO] - _node_ordering deleted from graph.
[2025-02-27 16:24:04,207][anemoi.graphs.create][INFO] - _area_mask_builder deleted from graph.
[2025-02-27 16:24:04,636][anemoi.graphs.create][INFO] - Graph saved at /work/hdd/bduu/jbanomedina/regional-ai/training/STRETCHED-6km/logs/outputs_graphs/STRETCHED-6km-7x5-8x3.pt.
[2025-02-27 16:29:57,469][anemoi.training.data.datamodule][INFO] - Timeincrement set to 1 for data with frequency, 21600, and timestep, 21600
[2025-02-27 16:29:57,476][anemoi.training.train.train][INFO] - Number of data variables: 77
[2025-02-27 16:29:57,649][pytorch_lightning.utilities.rank_zero][INFO] - Using 16bit Automatic Mixed Precision (AMP)
[2025-02-27 16:29:57,777][pytorch_lightning.utilities.rank_zero][INFO] - GPU available: True (cuda), used: True
[2025-02-27 16:29:57,778][pytorch_lightning.utilities.rank_zero][INFO] - TPU available: False, using: 0 TPU cores
[2025-02-27 16:29:57,778][pytorch_lightning.utilities.rank_zero][INFO] - HPU available: False, using: 0 HPUs
[2025-02-27 16:29:57,791][lightning_fabric.utilities.seed][INFO] - [rank: 0] Seed set to 531577
[2025-02-27 16:30:08,445][anemoi.models.preprocessing.normalizer][INFO] - Normalizing: cos_julian_day is not normalized.
[2025-02-27 16:30:08,446][anemoi.models.preprocessing.normalizer][INFO] - Normalizing: cos_latitude is not normalized.
[2025-02-27 16:30:08,446][anemoi.models.preprocessing.normalizer][INFO] - Normalizing: cos_local_time is not normalized.
[2025-02-27 16:30:08,446][anemoi.models.preprocessing.normalizer][INFO] - Normalizing: cos_longitude is not normalized.
[2025-02-27 16:30:08,446][anemoi.models.preprocessing.normalizer][INFO] - Normalizing: insolation is not normalized.
[2025-02-27 16:30:08,446][anemoi.models.preprocessing.normalizer][INFO] - Normalizing: lsm is not normalized.
[2025-02-27 16:30:08,446][anemoi.models.preprocessing.normalizer][INFO] - Normalizing: sin_julian_day is not normalized.
[2025-02-27 16:30:08,447][anemoi.models.preprocessing.normalizer][INFO] - Normalizing: sin_latitude is not normalized.
[2025-02-27 16:30:08,447][anemoi.models.preprocessing.normalizer][INFO] - Normalizing: sin_local_time is not normalized.
[2025-02-27 16:30:08,447][anemoi.models.preprocessing.normalizer][INFO] - Normalizing: sin_longitude is not normalized.
[2025-02-27 16:30:08,447][anemoi.models.preprocessing.normalizer][INFO] - Normalizing: z_sfc is not normalized.
[2025-02-27 16:30:08,686][anemoi.models.layers.utils][INFO] - Linear kernel: {'_target_': 'torch.nn.Linear', '_partial_': True}
[2025-02-27 16:30:08,686][anemoi.models.layers.utils][INFO] - LayerNorm kernel: {'_target_': 'torch.nn.LayerNorm', '_partial_': True}
[2025-02-27 16:30:09,647][anemoi.training.losses.nodeweights][INFO] - Loading node attribute area_weight from the graph
[2025-02-27 16:30:09,651][anemoi.training.train.forecaster][INFO] - Pressure level scaling: use scaler ReluPressureLevelScaler with slope 0.0010 and minimum 0.20
[2025-02-27 16:30:10,068][lightning_fabric.utilities.distributed][INFO] - Initializing distributed: GLOBAL_RANK: 0, MEMBER: 1/1
[2025-02-27 16:30:10,078][pytorch_lightning.utilities.rank_zero][INFO] - ----------------------------------------------------------------------------------------------------
distributed_backend=nccl
All distributed processes registered. Starting with 1 processes
----------------------------------------------------------------------------------------------------

[2025-02-27 16:30:10,888][pytorch_lightning.accelerators.cuda][INFO] - LOCAL_RANK: 0 - CUDA_VISIBLE_DEVICES: [0]
[2025-02-27 16:30:11,049][lightning_fabric.utilities.seed][INFO] - [rank: 0] Seed set to 531577
[2025-02-27 16:30:11,066][pytorch_lightning.callbacks.model_summary][INFO] - 
  | Name    | Type                 | Params | Mode 
---------------------------------------------------------
0 | model   | AnemoiModelInterface | 307 M  | train
1 | loss    | WeightedMSELoss      | 0      | train
2 | metrics | ModuleList           | 0      | train
---------------------------------------------------------
307 M     Trainable params
0         Non-trainable params
307 M     Total params
1,230.817 Total estimated model params size (MB)
305       Modules in train mode
0         Modules in eval mode
[2025-02-27 16:30:11,068][pytorch_lightning.trainer.connectors.signal_connector][INFO] - SLURM auto-requeueing enabled. Setting signal handlers.
[2025-02-27 16:36:42,353][anemoi.training.diagnostics.callbacks.sanity][INFO] - No variable order to compare. Skipping variable order check.
