[2025-02-28 11:36:22,422][anemoi.training.train.train][INFO] - Run id: 39647e8a-7c14-49cc-8be9-fa10fe3c6513
[2025-02-28 11:36:22,423][anemoi.training.train.train][INFO] - Checkpoints path: /work/hdd/bduu/jbanomedina/regional-ai/training/GLOBAL-31km/logs/outputs_checkpoint/39647e8a-7c14-49cc-8be9-fa10fe3c6513
[2025-02-28 11:36:22,423][anemoi.training.train.train][INFO] - Plots path: /work/hdd/bduu/jbanomedina/regional-ai/training/GLOBAL-31km/logs/outputs_plots/39647e8a-7c14-49cc-8be9-fa10fe3c6513
[2025-02-28 11:36:22,424][anemoi.training.train.train][INFO] - Run id: 603573cf-d4f4-40aa-ab56-f6c5a3971899
[2025-02-28 11:36:22,425][anemoi.training.train.train][INFO] - Run id: 7002b20d-476d-41fa-992b-c065320a1f34
[2025-02-28 11:36:22,426][anemoi.training.train.train][INFO] - Checkpoints path: /work/hdd/bduu/jbanomedina/regional-ai/training/GLOBAL-31km/logs/outputs_checkpoint/7002b20d-476d-41fa-992b-c065320a1f34
[2025-02-28 11:36:22,426][anemoi.training.train.train][INFO] - Plots path: /work/hdd/bduu/jbanomedina/regional-ai/training/GLOBAL-31km/logs/outputs_plots/7002b20d-476d-41fa-992b-c065320a1f34
[2025-02-28 11:36:22,426][anemoi.training.train.train][INFO] - Checkpoints path: /work/hdd/bduu/jbanomedina/regional-ai/training/GLOBAL-31km/logs/outputs_checkpoint/603573cf-d4f4-40aa-ab56-f6c5a3971899
[2025-02-28 11:36:22,426][anemoi.training.train.train][INFO] - Run id: 09262c66-7837-48d4-9976-962dfe4cb5fb
[2025-02-28 11:36:22,426][anemoi.training.train.train][INFO] - Plots path: /work/hdd/bduu/jbanomedina/regional-ai/training/GLOBAL-31km/logs/outputs_plots/603573cf-d4f4-40aa-ab56-f6c5a3971899
[2025-02-28 11:36:22,427][anemoi.training.train.train][INFO] - Checkpoints path: /work/hdd/bduu/jbanomedina/regional-ai/training/GLOBAL-31km/logs/outputs_checkpoint/09262c66-7837-48d4-9976-962dfe4cb5fb
[2025-02-28 11:36:22,427][anemoi.training.train.train][INFO] - Run id: 1c5fdba4-907e-409e-84c8-78850ee25e06
[2025-02-28 11:36:22,428][anemoi.training.train.train][INFO] - Run id: ba044c46-b46b-4071-956e-03f6e30e8f55
[2025-02-28 11:36:22,430][anemoi.training.train.train][INFO] - Checkpoints path: /work/hdd/bduu/jbanomedina/regional-ai/training/GLOBAL-31km/logs/outputs_checkpoint/1c5fdba4-907e-409e-84c8-78850ee25e06
[2025-02-28 11:36:22,429][anemoi.training.train.train][INFO] - Plots path: /work/hdd/bduu/jbanomedina/regional-ai/training/GLOBAL-31km/logs/outputs_plots/09262c66-7837-48d4-9976-962dfe4cb5fb
[2025-02-28 11:36:22,431][anemoi.training.train.train][INFO] - Run id: 00a13150-9917-4073-918c-d2ef451c21fd
[2025-02-28 11:36:22,432][anemoi.training.train.train][INFO] - Checkpoints path: /work/hdd/bduu/jbanomedina/regional-ai/training/GLOBAL-31km/logs/outputs_checkpoint/ba044c46-b46b-4071-956e-03f6e30e8f55
[2025-02-28 11:36:22,432][anemoi.training.train.train][INFO] - Plots path: /work/hdd/bduu/jbanomedina/regional-ai/training/GLOBAL-31km/logs/outputs_plots/1c5fdba4-907e-409e-84c8-78850ee25e06
[2025-02-28 11:36:22,433][anemoi.training.train.train][INFO] - Run id: a7bff4af-232d-4ef7-a2c0-72d9da5b19b6
[2025-02-28 11:36:22,435][anemoi.training.train.train][INFO] - Checkpoints path: /work/hdd/bduu/jbanomedina/regional-ai/training/GLOBAL-31km/logs/outputs_checkpoint/00a13150-9917-4073-918c-d2ef451c21fd
[2025-02-28 11:36:22,435][anemoi.training.train.train][INFO] - Plots path: /work/hdd/bduu/jbanomedina/regional-ai/training/GLOBAL-31km/logs/outputs_plots/ba044c46-b46b-4071-956e-03f6e30e8f55
[2025-02-28 11:36:22,438][anemoi.training.train.train][INFO] - Plots path: /work/hdd/bduu/jbanomedina/regional-ai/training/GLOBAL-31km/logs/outputs_plots/00a13150-9917-4073-918c-d2ef451c21fd
[2025-02-28 11:36:22,438][anemoi.training.train.train][INFO] - Checkpoints path: /work/hdd/bduu/jbanomedina/regional-ai/training/GLOBAL-31km/logs/outputs_checkpoint/a7bff4af-232d-4ef7-a2c0-72d9da5b19b6
[2025-02-28 11:36:22,441][anemoi.training.train.train][INFO] - Plots path: /work/hdd/bduu/jbanomedina/regional-ai/training/GLOBAL-31km/logs/outputs_plots/a7bff4af-232d-4ef7-a2c0-72d9da5b19b6
[2025-02-28 11:36:22,469][anemoi.training.train.train][INFO] - Loading graph data from /work/hdd/bduu/jbanomedina/regional-ai/training/GLOBAL-31km/logs/outputs_graphs/graph-31km-6-12x3.pt
[2025-02-28 11:36:22,469][anemoi.training.train.train][INFO] - Loading graph data from /work/hdd/bduu/jbanomedina/regional-ai/training/GLOBAL-31km/logs/outputs_graphs/graph-31km-6-12x3.pt
[2025-02-28 11:36:22,469][anemoi.training.train.train][INFO] - Loading graph data from /work/hdd/bduu/jbanomedina/regional-ai/training/GLOBAL-31km/logs/outputs_graphs/graph-31km-6-12x3.pt
[2025-02-28 11:36:22,469][anemoi.training.train.train][INFO] - Loading graph data from /work/hdd/bduu/jbanomedina/regional-ai/training/GLOBAL-31km/logs/outputs_graphs/graph-31km-6-8x3.pt
[2025-02-28 11:36:22,469][anemoi.training.train.train][INFO] - Loading graph data from /work/hdd/bduu/jbanomedina/regional-ai/training/GLOBAL-31km/logs/outputs_graphs/graph-31km-6-12x3.pt
[2025-02-28 11:36:22,469][anemoi.training.train.train][INFO] - Loading graph data from /work/hdd/bduu/jbanomedina/regional-ai/training/GLOBAL-31km/logs/outputs_graphs/graph-31km-6-8x3.pt
[2025-02-28 11:36:22,469][anemoi.training.train.train][INFO] - Loading graph data from /work/hdd/bduu/jbanomedina/regional-ai/training/GLOBAL-31km/logs/outputs_graphs/graph-31km-6-8x3.pt
[2025-02-28 11:36:22,469][anemoi.training.train.train][INFO] - Loading graph data from /work/hdd/bduu/jbanomedina/regional-ai/training/GLOBAL-31km/logs/outputs_graphs/graph-31km-6-8x3.pt
[2025-02-28 11:36:22,722][anemoi.training.data.datamodule][INFO] - Timeincrement set to 1 for data with frequency, 21600, and timestep, 21600
[2025-02-28 11:36:22,722][anemoi.training.data.datamodule][INFO] - Timeincrement set to 1 for data with frequency, 21600, and timestep, 21600
[2025-02-28 11:36:22,722][anemoi.training.data.datamodule][INFO] - Timeincrement set to 1 for data with frequency, 21600, and timestep, 21600
[2025-02-28 11:36:22,722][anemoi.training.data.datamodule][INFO] - Timeincrement set to 1 for data with frequency, 21600, and timestep, 21600
[2025-02-28 11:36:22,727][anemoi.training.data.datamodule][INFO] - Timeincrement set to 1 for data with frequency, 21600, and timestep, 21600
[2025-02-28 11:36:22,727][anemoi.training.data.datamodule][INFO] - Timeincrement set to 1 for data with frequency, 21600, and timestep, 21600
[2025-02-28 11:36:22,727][anemoi.training.data.datamodule][INFO] - Timeincrement set to 1 for data with frequency, 21600, and timestep, 21600
[2025-02-28 11:36:22,727][anemoi.training.data.datamodule][INFO] - Timeincrement set to 1 for data with frequency, 21600, and timestep, 21600
[2025-02-28 11:36:22,728][anemoi.training.train.train][INFO] - Number of data variables: 92
[2025-02-28 11:36:22,728][anemoi.training.train.train][INFO] - Number of data variables: 92
[2025-02-28 11:36:22,728][anemoi.training.train.train][INFO] - Number of data variables: 92
[2025-02-28 11:36:22,729][anemoi.training.train.train][INFO] - Number of data variables: 92
[2025-02-28 11:36:22,734][anemoi.training.train.train][INFO] - Number of data variables: 92
[2025-02-28 11:36:22,734][anemoi.training.train.train][INFO] - Number of data variables: 92
[2025-02-28 11:36:22,734][anemoi.training.train.train][INFO] - Number of data variables: 92
[2025-02-28 11:36:22,734][anemoi.training.train.train][INFO] - Number of data variables: 92
[2025-02-28 11:36:34,275][anemoi.training.diagnostics.callbacks.plot][INFO] - Setting up asynchronous plotting ...
[2025-02-28 11:36:34,275][anemoi.training.diagnostics.callbacks.plot][INFO] - Setting up asynchronous plotting ...
[2025-02-28 11:36:34,275][anemoi.training.diagnostics.callbacks.plot][INFO] - Setting up asynchronous plotting ...
[2025-02-28 11:36:34,275][anemoi.training.diagnostics.callbacks.plot][INFO] - Setting up asynchronous plotting ...
[2025-02-28 11:36:34,275][anemoi.training.diagnostics.callbacks.plot][INFO] - Setting up asynchronous plotting ...
[2025-02-28 11:36:34,275][anemoi.training.diagnostics.callbacks.plot][INFO] - Setting up asynchronous plotting ...
[2025-02-28 11:36:34,275][anemoi.training.diagnostics.callbacks.plot][INFO] - Setting up asynchronous plotting ...
[2025-02-28 11:36:34,277][anemoi.training.diagnostics.callbacks.plot][INFO] - Setting up asynchronous plotting ...
[2025-02-28 11:36:34,275][anemoi.training.diagnostics.callbacks.plot][INFO] - Setting up asynchronous plotting ...
[2025-02-28 11:36:34,277][anemoi.training.diagnostics.callbacks.plot][INFO] - Setting up asynchronous plotting ...
[2025-02-28 11:36:34,278][anemoi.training.diagnostics.callbacks.plot][INFO] - Setting up asynchronous plotting ...
[2025-02-28 11:36:34,279][anemoi.training.diagnostics.callbacks.plot][INFO] - Setting up asynchronous plotting ...
[2025-02-28 11:36:34,280][anemoi.training.diagnostics.callbacks.plot][INFO] - Setting up asynchronous plotting ...
[2025-02-28 11:36:34,283][anemoi.training.diagnostics.callbacks.plot][INFO] - Setting up asynchronous plotting ...
[2025-02-28 11:36:34,283][anemoi.training.diagnostics.callbacks.plot][INFO] - Setting up asynchronous plotting ...
[2025-02-28 11:36:34,286][anemoi.training.diagnostics.callbacks.plot][INFO] - Setting up asynchronous plotting ...
[2025-02-28 11:36:34,285][anemoi.training.diagnostics.callbacks.plot][INFO] - Setting up asynchronous plotting ...
[2025-02-28 11:36:34,288][anemoi.training.diagnostics.callbacks.plot][INFO] - Setting up asynchronous plotting ...
[2025-02-28 11:36:34,290][anemoi.training.diagnostics.callbacks.plot][INFO] - Setting up asynchronous plotting ...
[2025-02-28 11:36:34,290][anemoi.training.diagnostics.callbacks.plot][INFO] - Setting up asynchronous plotting ...
[2025-02-28 11:36:34,291][anemoi.training.diagnostics.callbacks.plot][INFO] - Setting up asynchronous plotting ...
[2025-02-28 11:36:34,291][anemoi.training.diagnostics.callbacks.plot][INFO] - Using defined accumulation colormap for fields: ['tp']
[2025-02-28 11:36:34,293][anemoi.training.diagnostics.callbacks.plot][INFO] - Setting up asynchronous plotting ...
[2025-02-28 11:36:34,293][anemoi.training.diagnostics.callbacks.plot][INFO] - Using defined accumulation colormap for fields: ['tp']
[2025-02-28 11:36:34,294][anemoi.training.diagnostics.callbacks.plot][INFO] - Using defined accumulation colormap for fields: ['tp']
[2025-02-28 11:36:34,293][anemoi.training.diagnostics.callbacks.plot][INFO] - Setting up asynchronous plotting ...
[2025-02-28 11:36:34,296][anemoi.training.diagnostics.callbacks.plot][INFO] - Setting up asynchronous plotting ...
[2025-02-28 11:36:34,295][anemoi.training.diagnostics.callbacks.plot][INFO] - Using defined accumulation colormap for fields: ['tp']
[2025-02-28 11:36:34,296][anemoi.training.diagnostics.callbacks.plot][INFO] - Using defined accumulation colormap for fields: ['tp']
[2025-02-28 11:36:34,298][anemoi.training.diagnostics.callbacks.plot][INFO] - Setting up asynchronous plotting ...
[2025-02-28 11:36:34,298][anemoi.training.diagnostics.callbacks.plot][INFO] - Using defined accumulation colormap for fields: ['tp']
[2025-02-28 11:36:34,300][anemoi.training.diagnostics.callbacks.plot][INFO] - Setting up asynchronous plotting ...
[2025-02-28 11:36:34,301][anemoi.training.diagnostics.callbacks.plot][INFO] - Setting up asynchronous plotting ...
[2025-02-28 11:36:34,301][anemoi.training.diagnostics.callbacks.plot][INFO] - Using defined accumulation colormap for fields: ['tp']
[2025-02-28 11:36:34,302][anemoi.training.diagnostics.callbacks.plot][INFO] - Using defined accumulation colormap for fields: ['tp']
[2025-02-28 11:36:34,304][anemoi.training.diagnostics.callbacks.plot][INFO] - Setting up asynchronous plotting ...
[2025-02-28 11:36:34,305][anemoi.training.diagnostics.callbacks.plot][INFO] - Setting up asynchronous plotting ...
[2025-02-28 11:36:34,306][anemoi.training.diagnostics.callbacks.plot][INFO] - Setting up asynchronous plotting ...
[2025-02-28 11:36:34,307][anemoi.training.diagnostics.callbacks.plot][INFO] - Setting up asynchronous plotting ...
[2025-02-28 11:36:34,308][anemoi.training.diagnostics.callbacks.plot][INFO] - Setting up asynchronous plotting ...
[2025-02-28 11:36:34,309][anemoi.training.diagnostics.callbacks.plot][INFO] - Setting up asynchronous plotting ...
[2025-02-28 11:36:34,310][anemoi.training.diagnostics.callbacks.plot][INFO] - Setting up asynchronous plotting ...
[2025-02-28 11:36:34,311][anemoi.training.diagnostics.callbacks.plot][INFO] - Setting up asynchronous plotting ...
[2025-02-28 11:36:34,312][anemoi.training.diagnostics.callbacks.plot][INFO] - Setting up asynchronous plotting ...
[2025-02-28 11:36:34,314][anemoi.training.diagnostics.callbacks.plot][INFO] - Setting up asynchronous plotting ...
[2025-02-28 11:36:34,313][anemoi.training.diagnostics.callbacks.plot][INFO] - Using precip histogram plotting method for fields: ['tp'].
[2025-02-28 11:36:34,317][anemoi.training.diagnostics.callbacks.plot][INFO] - Setting up asynchronous plotting ...
[2025-02-28 11:36:34,317][anemoi.training.diagnostics.callbacks.plot][INFO] - Using precip histogram plotting method for fields: ['tp'].
[2025-02-28 11:36:34,318][anemoi.training.diagnostics.callbacks.plot][INFO] - Using precip histogram plotting method for fields: ['tp'].
[2025-02-28 11:36:34,320][anemoi.training.diagnostics.callbacks.plot][INFO] - Setting up asynchronous plotting ...
[2025-02-28 11:36:34,342][anemoi.training.diagnostics.callbacks.plot][INFO] - Setting up asynchronous plotting ...
[2025-02-28 11:36:34,342][anemoi.training.diagnostics.callbacks.plot][INFO] - Using precip histogram plotting method for fields: ['tp'].
[2025-02-28 11:36:34,343][anemoi.training.diagnostics.callbacks.plot][INFO] - Using precip histogram plotting method for fields: ['tp'].
[2025-02-28 11:36:34,349][anemoi.training.diagnostics.callbacks.plot][INFO] - Using precip histogram plotting method for fields: ['tp'].
[2025-02-28 11:36:34,346][anemoi.training.diagnostics.callbacks.plot][INFO] - Using precip histogram plotting method for fields: ['tp'].
[2025-02-28 11:36:34,350][anemoi.training.diagnostics.callbacks.plot][INFO] - Using precip histogram plotting method for fields: ['tp'].
[2025-02-28 11:36:35,563][pytorch_lightning.utilities.rank_zero][INFO] - Using 16bit Automatic Mixed Precision (AMP)
[2025-02-28 11:36:35,629][pytorch_lightning.utilities.rank_zero][INFO] - Using 16bit Automatic Mixed Precision (AMP)
[2025-02-28 11:36:35,703][pytorch_lightning.utilities.rank_zero][INFO] - GPU available: True (cuda), used: True
[2025-02-28 11:36:35,704][pytorch_lightning.utilities.rank_zero][INFO] - TPU available: False, using: 0 TPU cores
[2025-02-28 11:36:35,704][pytorch_lightning.utilities.rank_zero][INFO] - HPU available: False, using: 0 HPUs
[2025-02-28 11:36:35,758][lightning_fabric.utilities.seed][INFO] - [rank: 0] Seed set to 536518
[2025-02-28 11:36:35,758][lightning_fabric.utilities.seed][INFO] - [rank: 2] Seed set to 536518
[2025-02-28 11:36:35,758][lightning_fabric.utilities.seed][INFO] - [rank: 3] Seed set to 536518
[2025-02-28 11:36:35,758][lightning_fabric.utilities.seed][INFO] - [rank: 1] Seed set to 536518
[2025-02-28 11:36:35,764][pytorch_lightning.utilities.rank_zero][INFO] - GPU available: True (cuda), used: True
[2025-02-28 11:36:35,766][pytorch_lightning.utilities.rank_zero][INFO] - TPU available: False, using: 0 TPU cores
[2025-02-28 11:36:35,766][pytorch_lightning.utilities.rank_zero][INFO] - HPU available: False, using: 0 HPUs
[2025-02-28 11:36:35,785][lightning_fabric.utilities.seed][INFO] - [rank: 0] Seed set to 536517
[2025-02-28 11:36:35,785][lightning_fabric.utilities.seed][INFO] - [rank: 3] Seed set to 536517
[2025-02-28 11:36:35,785][lightning_fabric.utilities.seed][INFO] - [rank: 2] Seed set to 536517
[2025-02-28 11:36:35,785][lightning_fabric.utilities.seed][INFO] - [rank: 1] Seed set to 536517
[2025-02-28 11:36:52,377][anemoi.models.preprocessing.normalizer][INFO] - Normalizing: cos_julian_day is not normalized.
[2025-02-28 11:36:52,377][anemoi.models.preprocessing.normalizer][INFO] - Normalizing: cos_julian_day is not normalized.
[2025-02-28 11:36:52,377][anemoi.models.preprocessing.normalizer][INFO] - Normalizing: cos_julian_day is not normalized.
[2025-02-28 11:36:52,377][anemoi.models.preprocessing.normalizer][INFO] - Normalizing: cos_latitude is not normalized.
[2025-02-28 11:36:52,377][anemoi.models.preprocessing.normalizer][INFO] - Normalizing: cos_latitude is not normalized.
[2025-02-28 11:36:52,377][anemoi.models.preprocessing.normalizer][INFO] - Normalizing: cos_latitude is not normalized.
[2025-02-28 11:36:52,377][anemoi.models.preprocessing.normalizer][INFO] - Normalizing: cos_local_time is not normalized.
[2025-02-28 11:36:52,378][anemoi.models.preprocessing.normalizer][INFO] - Normalizing: cos_local_time is not normalized.
[2025-02-28 11:36:52,378][anemoi.models.preprocessing.normalizer][INFO] - Normalizing: cos_local_time is not normalized.
[2025-02-28 11:36:52,378][anemoi.models.preprocessing.normalizer][INFO] - Normalizing: cos_longitude is not normalized.
[2025-02-28 11:36:52,378][anemoi.models.preprocessing.normalizer][INFO] - Normalizing: cos_longitude is not normalized.
[2025-02-28 11:36:52,378][anemoi.models.preprocessing.normalizer][INFO] - Normalizing: cos_longitude is not normalized.
[2025-02-28 11:36:52,378][anemoi.models.preprocessing.normalizer][INFO] - Normalizing: insolation is not normalized.
[2025-02-28 11:36:52,378][anemoi.models.preprocessing.normalizer][INFO] - Normalizing: insolation is not normalized.
[2025-02-28 11:36:52,378][anemoi.models.preprocessing.normalizer][INFO] - Normalizing: insolation is not normalized.
[2025-02-28 11:36:52,378][anemoi.models.preprocessing.normalizer][INFO] - Normalizing: lsm is not normalized.
[2025-02-28 11:36:52,378][anemoi.models.preprocessing.normalizer][INFO] - Normalizing: lsm is not normalized.
[2025-02-28 11:36:52,378][anemoi.models.preprocessing.normalizer][INFO] - Normalizing: lsm is not normalized.
[2025-02-28 11:36:52,378][anemoi.models.preprocessing.normalizer][INFO] - Normalizing: sin_julian_day is not normalized.
[2025-02-28 11:36:52,378][anemoi.models.preprocessing.normalizer][INFO] - Normalizing: sin_julian_day is not normalized.
[2025-02-28 11:36:52,378][anemoi.models.preprocessing.normalizer][INFO] - Normalizing: sin_latitude is not normalized.
[2025-02-28 11:36:52,378][anemoi.models.preprocessing.normalizer][INFO] - Normalizing: sin_julian_day is not normalized.
[2025-02-28 11:36:52,378][anemoi.models.preprocessing.normalizer][INFO] - Normalizing: sin_latitude is not normalized.
[2025-02-28 11:36:52,378][anemoi.models.preprocessing.normalizer][INFO] - Normalizing: sin_local_time is not normalized.
[2025-02-28 11:36:52,378][anemoi.models.preprocessing.normalizer][INFO] - Normalizing: sin_latitude is not normalized.
[2025-02-28 11:36:52,378][anemoi.models.preprocessing.normalizer][INFO] - Normalizing: sin_local_time is not normalized.
[2025-02-28 11:36:52,378][anemoi.models.preprocessing.normalizer][INFO] - Normalizing: cos_julian_day is not normalized.
[2025-02-28 11:36:52,378][anemoi.models.preprocessing.normalizer][INFO] - Normalizing: sin_longitude is not normalized.
[2025-02-28 11:36:52,378][anemoi.models.preprocessing.normalizer][INFO] - Normalizing: cos_julian_day is not normalized.
[2025-02-28 11:36:52,378][anemoi.models.preprocessing.normalizer][INFO] - Normalizing: sin_local_time is not normalized.
[2025-02-28 11:36:52,378][anemoi.models.preprocessing.normalizer][INFO] - Normalizing: cos_julian_day is not normalized.
[2025-02-28 11:36:52,378][anemoi.models.preprocessing.normalizer][INFO] - Normalizing: sin_longitude is not normalized.
[2025-02-28 11:36:52,378][anemoi.models.preprocessing.normalizer][INFO] - Normalizing: cos_julian_day is not normalized.
[2025-02-28 11:36:52,378][anemoi.models.preprocessing.normalizer][INFO] - Normalizing: cos_julian_day is not normalized.
[2025-02-28 11:36:52,380][anemoi.models.preprocessing.normalizer][INFO] - Normalizing: cos_latitude is not normalized.
[2025-02-28 11:36:52,382][anemoi.models.preprocessing.normalizer][INFO] - Normalizing: z_sfc is not normalized.
[2025-02-28 11:36:52,383][anemoi.models.preprocessing.normalizer][INFO] - Normalizing: cos_latitude is not normalized.
[2025-02-28 11:36:52,384][anemoi.models.preprocessing.normalizer][INFO] - Normalizing: sin_longitude is not normalized.
[2025-02-28 11:36:52,385][anemoi.models.preprocessing.normalizer][INFO] - Normalizing: cos_latitude is not normalized.
[2025-02-28 11:36:52,386][anemoi.models.preprocessing.normalizer][INFO] - Normalizing: z_sfc is not normalized.
[2025-02-28 11:36:52,387][anemoi.models.preprocessing.normalizer][INFO] - Normalizing: cos_latitude is not normalized.
[2025-02-28 11:36:52,388][anemoi.models.preprocessing.normalizer][INFO] - Normalizing: cos_latitude is not normalized.
[2025-02-28 11:36:52,389][anemoi.models.preprocessing.normalizer][INFO] - Normalizing: cos_local_time is not normalized.
[2025-02-28 11:36:52,393][anemoi.models.preprocessing.normalizer][INFO] - Normalizing: z_sfc is not normalized.
[2025-02-28 11:36:52,391][anemoi.models.preprocessing.normalizer][INFO] - Normalizing: cos_local_time is not normalized.
[2025-02-28 11:36:52,398][anemoi.models.preprocessing.normalizer][INFO] - Normalizing: cos_local_time is not normalized.
[2025-02-28 11:36:52,394][anemoi.models.preprocessing.normalizer][INFO] - Normalizing: cos_local_time is not normalized.
[2025-02-28 11:36:52,402][anemoi.models.preprocessing.normalizer][INFO] - Normalizing: cos_longitude is not normalized.
[2025-02-28 11:36:52,397][anemoi.models.preprocessing.normalizer][INFO] - Normalizing: cos_local_time is not normalized.
[2025-02-28 11:36:52,405][anemoi.models.preprocessing.normalizer][INFO] - Normalizing: insolation is not normalized.
[2025-02-28 11:36:52,399][anemoi.models.preprocessing.normalizer][INFO] - Normalizing: cos_longitude is not normalized.
[2025-02-28 11:36:52,407][anemoi.models.preprocessing.normalizer][INFO] - Normalizing: lsm is not normalized.
[2025-02-28 11:36:52,401][anemoi.models.preprocessing.normalizer][INFO] - Normalizing: cos_longitude is not normalized.
[2025-02-28 11:36:52,409][anemoi.models.preprocessing.normalizer][INFO] - Normalizing: sin_julian_day is not normalized.
[2025-02-28 11:36:52,404][anemoi.models.preprocessing.normalizer][INFO] - Normalizing: cos_longitude is not normalized.
[2025-02-28 11:36:52,412][anemoi.models.preprocessing.normalizer][INFO] - Normalizing: sin_latitude is not normalized.
[2025-02-28 11:36:52,406][anemoi.models.preprocessing.normalizer][INFO] - Normalizing: cos_longitude is not normalized.
[2025-02-28 11:36:52,414][anemoi.models.preprocessing.normalizer][INFO] - Normalizing: sin_local_time is not normalized.
[2025-02-28 11:36:52,408][anemoi.models.preprocessing.normalizer][INFO] - Normalizing: insolation is not normalized.
[2025-02-28 11:36:52,416][anemoi.models.preprocessing.normalizer][INFO] - Normalizing: sin_longitude is not normalized.
[2025-02-28 11:36:52,410][anemoi.models.preprocessing.normalizer][INFO] - Normalizing: insolation is not normalized.
[2025-02-28 11:36:52,418][anemoi.models.preprocessing.normalizer][INFO] - Normalizing: z_sfc is not normalized.
[2025-02-28 11:36:52,413][anemoi.models.preprocessing.normalizer][INFO] - Normalizing: insolation is not normalized.
[2025-02-28 11:36:52,415][anemoi.models.preprocessing.normalizer][INFO] - Normalizing: insolation is not normalized.
[2025-02-28 11:36:52,417][anemoi.models.preprocessing.normalizer][INFO] - Normalizing: lsm is not normalized.
[2025-02-28 11:36:52,419][anemoi.models.preprocessing.normalizer][INFO] - Normalizing: lsm is not normalized.
[2025-02-28 11:36:52,421][anemoi.models.preprocessing.normalizer][INFO] - Normalizing: lsm is not normalized.
[2025-02-28 11:36:52,421][anemoi.models.preprocessing.normalizer][INFO] - Normalizing: sin_julian_day is not normalized.
[2025-02-28 11:36:52,421][anemoi.models.preprocessing.normalizer][INFO] - Normalizing: lsm is not normalized.
[2025-02-28 11:36:52,421][anemoi.models.preprocessing.normalizer][INFO] - Normalizing: sin_julian_day is not normalized.
[2025-02-28 11:36:52,422][anemoi.models.preprocessing.normalizer][INFO] - Normalizing: sin_latitude is not normalized.
[2025-02-28 11:36:52,422][anemoi.models.preprocessing.normalizer][INFO] - Normalizing: sin_julian_day is not normalized.
[2025-02-28 11:36:52,422][anemoi.models.preprocessing.normalizer][INFO] - Normalizing: sin_latitude is not normalized.
[2025-02-28 11:36:52,422][anemoi.models.preprocessing.normalizer][INFO] - Normalizing: sin_local_time is not normalized.
[2025-02-28 11:36:52,422][anemoi.models.preprocessing.normalizer][INFO] - Normalizing: sin_julian_day is not normalized.
[2025-02-28 11:36:52,422][anemoi.models.preprocessing.normalizer][INFO] - Normalizing: sin_local_time is not normalized.
[2025-02-28 11:36:52,422][anemoi.models.preprocessing.normalizer][INFO] - Normalizing: sin_longitude is not normalized.
[2025-02-28 11:36:52,422][anemoi.models.preprocessing.normalizer][INFO] - Normalizing: sin_latitude is not normalized.
[2025-02-28 11:36:52,422][anemoi.models.preprocessing.normalizer][INFO] - Normalizing: sin_longitude is not normalized.
[2025-02-28 11:36:52,422][anemoi.models.preprocessing.normalizer][INFO] - Normalizing: sin_latitude is not normalized.
[2025-02-28 11:36:52,422][anemoi.models.preprocessing.normalizer][INFO] - Normalizing: z_sfc is not normalized.
[2025-02-28 11:36:52,422][anemoi.models.preprocessing.normalizer][INFO] - Normalizing: sin_local_time is not normalized.
[2025-02-28 11:36:52,422][anemoi.models.preprocessing.normalizer][INFO] - Normalizing: z_sfc is not normalized.
[2025-02-28 11:36:52,422][anemoi.models.preprocessing.normalizer][INFO] - Normalizing: sin_local_time is not normalized.
[2025-02-28 11:36:52,422][anemoi.models.preprocessing.normalizer][INFO] - Normalizing: sin_longitude is not normalized.
[2025-02-28 11:36:52,423][anemoi.models.preprocessing.normalizer][INFO] - Normalizing: sin_longitude is not normalized.
[2025-02-28 11:36:52,423][anemoi.models.preprocessing.normalizer][INFO] - Normalizing: z_sfc is not normalized.
[2025-02-28 11:36:52,423][anemoi.models.preprocessing.normalizer][INFO] - Normalizing: z_sfc is not normalized.
[2025-02-28 11:36:52,565][anemoi.models.layers.utils][INFO] - Linear kernel: {'_target_': 'torch.nn.Linear', '_partial_': True}
[2025-02-28 11:36:52,565][anemoi.models.layers.utils][INFO] - Linear kernel: {'_target_': 'torch.nn.Linear', '_partial_': True}
[2025-02-28 11:36:52,565][anemoi.models.layers.utils][INFO] - Linear kernel: {'_target_': 'torch.nn.Linear', '_partial_': True}
[2025-02-28 11:36:52,566][anemoi.models.layers.utils][INFO] - Linear kernel: {'_target_': 'torch.nn.Linear', '_partial_': True}
[2025-02-28 11:36:52,566][anemoi.models.layers.utils][INFO] - LayerNorm kernel: {'_target_': 'torch.nn.LayerNorm', '_partial_': True}
[2025-02-28 11:36:52,566][anemoi.models.layers.utils][INFO] - LayerNorm kernel: {'_target_': 'torch.nn.LayerNorm', '_partial_': True}
[2025-02-28 11:36:52,566][anemoi.models.layers.utils][INFO] - LayerNorm kernel: {'_target_': 'torch.nn.LayerNorm', '_partial_': True}
[2025-02-28 11:36:52,566][anemoi.models.layers.utils][INFO] - LayerNorm kernel: {'_target_': 'torch.nn.LayerNorm', '_partial_': True}
[2025-02-28 11:36:52,566][anemoi.models.layers.utils][INFO] - Linear kernel: {'_target_': 'torch.nn.Linear', '_partial_': True}
[2025-02-28 11:36:52,566][anemoi.models.layers.utils][INFO] - Linear kernel: {'_target_': 'torch.nn.Linear', '_partial_': True}
[2025-02-28 11:36:52,566][anemoi.models.layers.utils][INFO] - Linear kernel: {'_target_': 'torch.nn.Linear', '_partial_': True}
[2025-02-28 11:36:52,567][anemoi.models.layers.utils][INFO] - Linear kernel: {'_target_': 'torch.nn.Linear', '_partial_': True}
[2025-02-28 11:36:52,568][anemoi.models.layers.utils][INFO] - LayerNorm kernel: {'_target_': 'torch.nn.LayerNorm', '_partial_': True}
[2025-02-28 11:36:52,568][anemoi.models.layers.utils][INFO] - LayerNorm kernel: {'_target_': 'torch.nn.LayerNorm', '_partial_': True}
[2025-02-28 11:36:52,568][anemoi.models.layers.utils][INFO] - LayerNorm kernel: {'_target_': 'torch.nn.LayerNorm', '_partial_': True}
[2025-02-28 11:36:52,569][anemoi.models.layers.utils][INFO] - LayerNorm kernel: {'_target_': 'torch.nn.LayerNorm', '_partial_': True}
[2025-02-28 11:36:57,735][anemoi.training.losses.nodeweights][INFO] - Loading node attribute area_weight from the graph
[2025-02-28 11:36:57,735][anemoi.training.losses.nodeweights][INFO] - Loading node attribute area_weight from the graph
[2025-02-28 11:36:57,735][anemoi.training.losses.nodeweights][INFO] - Loading node attribute area_weight from the graph
[2025-02-28 11:36:57,735][anemoi.training.losses.nodeweights][INFO] - Loading node attribute area_weight from the graph
[2025-02-28 11:36:57,735][anemoi.training.losses.nodeweights][INFO] - Loading node attribute area_weight from the graph
[2025-02-28 11:36:57,735][anemoi.training.losses.nodeweights][INFO] - Loading node attribute area_weight from the graph
[2025-02-28 11:36:57,735][anemoi.training.losses.nodeweights][INFO] - Loading node attribute area_weight from the graph
[2025-02-28 11:36:57,735][anemoi.training.losses.nodeweights][INFO] - Loading node attribute area_weight from the graph
[2025-02-28 11:36:57,740][anemoi.training.train.forecaster][INFO] - Pressure level scaling: use scaler ReluPressureLevelScaler with slope 0.0010 and minimum 0.20
[2025-02-28 11:36:57,741][anemoi.training.train.forecaster][INFO] - Pressure level scaling: use scaler ReluPressureLevelScaler with slope 0.0010 and minimum 0.20
[2025-02-28 11:36:57,740][anemoi.training.train.forecaster][INFO] - Pressure level scaling: use scaler ReluPressureLevelScaler with slope 0.0010 and minimum 0.20
[2025-02-28 11:36:57,741][anemoi.training.train.forecaster][INFO] - Pressure level scaling: use scaler ReluPressureLevelScaler with slope 0.0010 and minimum 0.20
[2025-02-28 11:36:57,740][anemoi.training.train.forecaster][INFO] - Pressure level scaling: use scaler ReluPressureLevelScaler with slope 0.0010 and minimum 0.20
[2025-02-28 11:36:57,741][anemoi.training.train.forecaster][INFO] - Pressure level scaling: use scaler ReluPressureLevelScaler with slope 0.0010 and minimum 0.20
[2025-02-28 11:36:57,740][anemoi.training.train.forecaster][INFO] - Pressure level scaling: use scaler ReluPressureLevelScaler with slope 0.0010 and minimum 0.20
[2025-02-28 11:36:57,742][anemoi.training.train.forecaster][INFO] - Pressure level scaling: use scaler ReluPressureLevelScaler with slope 0.0010 and minimum 0.20
[2025-02-28 11:37:03,949][lightning_fabric.utilities.distributed][INFO] - Initializing distributed: GLOBAL_RANK: 0, MEMBER: 1/4
[2025-02-28 11:37:03,949][lightning_fabric.utilities.distributed][INFO] - Initializing distributed: GLOBAL_RANK: 0, MEMBER: 1/4
[2025-02-28 11:37:04,572][lightning_fabric.utilities.distributed][INFO] - Initializing distributed: GLOBAL_RANK: 2, MEMBER: 3/4
[2025-02-28 11:37:04,575][lightning_fabric.utilities.distributed][INFO] - Initializing distributed: GLOBAL_RANK: 1, MEMBER: 2/4
[2025-02-28 11:37:04,575][lightning_fabric.utilities.distributed][INFO] - Initializing distributed: GLOBAL_RANK: 3, MEMBER: 4/4
[2025-02-28 11:37:04,580][lightning_fabric.utilities.distributed][INFO] - Initializing distributed: GLOBAL_RANK: 1, MEMBER: 2/4
[2025-02-28 11:37:04,580][lightning_fabric.utilities.distributed][INFO] - Initializing distributed: GLOBAL_RANK: 3, MEMBER: 4/4
[2025-02-28 11:37:04,581][lightning_fabric.utilities.distributed][INFO] - Initializing distributed: GLOBAL_RANK: 2, MEMBER: 3/4
[2025-02-28 11:37:04,596][pytorch_lightning.utilities.rank_zero][INFO] - ----------------------------------------------------------------------------------------------------
distributed_backend=nccl
All distributed processes registered. Starting with 4 processes
----------------------------------------------------------------------------------------------------

[2025-02-28 11:37:04,598][pytorch_lightning.utilities.rank_zero][INFO] - ----------------------------------------------------------------------------------------------------
distributed_backend=nccl
All distributed processes registered. Starting with 4 processes
----------------------------------------------------------------------------------------------------

[2025-02-28 11:37:11,817][pytorch_lightning.accelerators.cuda][INFO] - LOCAL_RANK: 0 - CUDA_VISIBLE_DEVICES: [0,1,2,3]
[2025-02-28 11:37:11,817][pytorch_lightning.accelerators.cuda][INFO] - LOCAL_RANK: 1 - CUDA_VISIBLE_DEVICES: [0,1,2,3]
[2025-02-28 11:37:11,817][pytorch_lightning.accelerators.cuda][INFO] - LOCAL_RANK: 2 - CUDA_VISIBLE_DEVICES: [0,1,2,3]
[2025-02-28 11:37:11,817][pytorch_lightning.accelerators.cuda][INFO] - LOCAL_RANK: 3 - CUDA_VISIBLE_DEVICES: [0,1,2,3]
[2025-02-28 11:37:11,826][pytorch_lightning.accelerators.cuda][INFO] - LOCAL_RANK: 0 - CUDA_VISIBLE_DEVICES: [0,1,2,3]
[2025-02-28 11:37:11,826][pytorch_lightning.accelerators.cuda][INFO] - LOCAL_RANK: 1 - CUDA_VISIBLE_DEVICES: [0,1,2,3]
[2025-02-28 11:37:11,826][pytorch_lightning.accelerators.cuda][INFO] - LOCAL_RANK: 2 - CUDA_VISIBLE_DEVICES: [0,1,2,3]
[2025-02-28 11:37:11,826][pytorch_lightning.accelerators.cuda][INFO] - LOCAL_RANK: 3 - CUDA_VISIBLE_DEVICES: [0,1,2,3]
[2025-02-28 11:37:12,092][lightning_fabric.utilities.seed][INFO] - [rank: 2] Seed set to 536517
[2025-02-28 11:37:12,092][lightning_fabric.utilities.seed][INFO] - [rank: 1] Seed set to 536518
[2025-02-28 11:37:12,092][lightning_fabric.utilities.seed][INFO] - [rank: 1] Seed set to 536517
[2025-02-28 11:37:12,092][lightning_fabric.utilities.seed][INFO] - [rank: 2] Seed set to 536518
[2025-02-28 11:37:12,092][lightning_fabric.utilities.seed][INFO] - [rank: 3] Seed set to 536517
[2025-02-28 11:37:12,092][lightning_fabric.utilities.seed][INFO] - [rank: 3] Seed set to 536518
[2025-02-28 11:37:12,092][lightning_fabric.utilities.seed][INFO] - [rank: 0] Seed set to 536517
[2025-02-28 11:37:12,092][lightning_fabric.utilities.seed][INFO] - [rank: 0] Seed set to 536518
[2025-02-28 11:37:12,108][pytorch_lightning.callbacks.model_summary][INFO] - 
  | Name    | Type                 | Params | Mode 
---------------------------------------------------------
0 | model   | AnemoiModelInterface | 246 M  | train
1 | loss    | WeightedMSELoss      | 0      | train
2 | metrics | ModuleList           | 0      | train
---------------------------------------------------------
246 M     Trainable params
0         Non-trainable params
246 M     Total params
984.703   Total estimated model params size (MB)
305       Modules in train mode
0         Modules in eval mode
[2025-02-28 11:37:12,110][pytorch_lightning.callbacks.model_summary][INFO] - 
  | Name    | Type                 | Params | Mode 
---------------------------------------------------------
0 | model   | AnemoiModelInterface | 246 M  | train
1 | loss    | WeightedMSELoss      | 0      | train
2 | metrics | ModuleList           | 0      | train
---------------------------------------------------------
246 M     Trainable params
0         Non-trainable params
246 M     Total params
984.703   Total estimated model params size (MB)
305       Modules in train mode
0         Modules in eval mode
[2025-02-28 11:37:12,112][pytorch_lightning.trainer.connectors.signal_connector][INFO] - SLURM auto-requeueing enabled. Setting signal handlers.
[2025-02-28 11:37:12,114][pytorch_lightning.trainer.connectors.signal_connector][INFO] - SLURM auto-requeueing enabled. Setting signal handlers.
[2025-02-28 11:37:12,112][pytorch_lightning.trainer.connectors.signal_connector][INFO] - SLURM auto-requeueing enabled. Setting signal handlers.
[2025-02-28 11:37:12,114][pytorch_lightning.trainer.connectors.signal_connector][INFO] - SLURM auto-requeueing enabled. Setting signal handlers.
[2025-02-28 11:37:12,112][pytorch_lightning.trainer.connectors.signal_connector][INFO] - SLURM auto-requeueing enabled. Setting signal handlers.
[2025-02-28 11:37:12,114][pytorch_lightning.trainer.connectors.signal_connector][INFO] - SLURM auto-requeueing enabled. Setting signal handlers.
[2025-02-28 11:37:12,112][pytorch_lightning.trainer.connectors.signal_connector][INFO] - SLURM auto-requeueing enabled. Setting signal handlers.
[2025-02-28 11:37:12,114][pytorch_lightning.trainer.connectors.signal_connector][INFO] - SLURM auto-requeueing enabled. Setting signal handlers.
[2025-02-28 11:37:15,423][anemoi.training.diagnostics.callbacks.sanity][INFO] - No variable order to compare. Skipping variable order check.
[2025-02-28 11:37:15,423][anemoi.training.diagnostics.callbacks.sanity][INFO] - No variable order to compare. Skipping variable order check.
[2025-02-28 11:37:15,424][anemoi.training.diagnostics.callbacks.sanity][INFO] - No variable order to compare. Skipping variable order check.
[2025-02-28 11:37:15,424][anemoi.training.diagnostics.callbacks.sanity][INFO] - No variable order to compare. Skipping variable order check.
[2025-02-28 11:37:15,471][anemoi.training.diagnostics.callbacks.sanity][INFO] - No variable order to compare. Skipping variable order check.
[2025-02-28 11:37:15,471][anemoi.training.diagnostics.callbacks.sanity][INFO] - No variable order to compare. Skipping variable order check.
[2025-02-28 11:37:15,471][anemoi.training.diagnostics.callbacks.sanity][INFO] - No variable order to compare. Skipping variable order check.
[2025-02-28 11:37:15,481][anemoi.training.diagnostics.callbacks.sanity][INFO] - No variable order to compare. Skipping variable order check.
[2025-02-28 11:37:31,704][anemoi.training.diagnostics.callbacks.sanity][INFO] - No variable order to compare. Skipping variable order check.
[2025-02-28 11:37:31,706][anemoi.training.diagnostics.callbacks.sanity][INFO] - No variable order to compare. Skipping variable order check.
[2025-02-28 11:37:31,722][anemoi.training.diagnostics.callbacks.sanity][INFO] - No variable order to compare. Skipping variable order check.
[2025-02-28 11:37:31,986][anemoi.training.diagnostics.callbacks.sanity][INFO] - No variable order to compare. Skipping variable order check.
[2025-02-28 11:37:31,986][anemoi.training.diagnostics.callbacks.sanity][INFO] - No variable order to compare. Skipping variable order check.
[2025-02-28 11:37:31,992][anemoi.training.diagnostics.callbacks.sanity][INFO] - No variable order to compare. Skipping variable order check.
[2025-02-28 11:37:32,000][anemoi.training.diagnostics.callbacks.sanity][INFO] - No variable order to compare. Skipping variable order check.
[2025-02-28 11:37:32,131][anemoi.training.diagnostics.callbacks.sanity][INFO] - No variable order to compare. Skipping variable order check.
[2025-02-28 11:37:32,263][anemoi.training.diagnostics.callbacks.plot][WARNING] - Asynchronous plotting can result in NCCL timeouts with reader_group_size > 1.
[2025-02-28 11:37:32,266][anemoi.training.diagnostics.callbacks.plot][WARNING] - Asynchronous plotting can result in NCCL timeouts with reader_group_size > 1.
[2025-02-28 11:37:32,266][anemoi.training.diagnostics.callbacks.plot][WARNING] - Asynchronous plotting can result in NCCL timeouts with reader_group_size > 1.
[2025-02-28 11:37:32,267][anemoi.training.diagnostics.callbacks.plot][WARNING] - Asynchronous plotting can result in NCCL timeouts with reader_group_size > 1.
[2025-02-28 11:37:32,368][anemoi.training.diagnostics.callbacks.plot][WARNING] - Asynchronous plotting can result in NCCL timeouts with reader_group_size > 1.
[2025-02-28 11:37:32,371][anemoi.training.diagnostics.callbacks.plot][WARNING] - Asynchronous plotting can result in NCCL timeouts with reader_group_size > 1.
[2025-02-28 11:37:32,371][anemoi.training.diagnostics.callbacks.plot][WARNING] - Asynchronous plotting can result in NCCL timeouts with reader_group_size > 1.
[2025-02-28 11:37:32,372][anemoi.training.diagnostics.callbacks.plot][WARNING] - Asynchronous plotting can result in NCCL timeouts with reader_group_size > 1.
[2025-02-28 11:37:37,173][anemoi.training.diagnostics.callbacks.plot][WARNING] - Asynchronous plotting can result in NCCL timeouts with reader_group_size > 1.
[2025-02-28 11:37:37,222][anemoi.training.diagnostics.callbacks.plot][WARNING] - Asynchronous plotting can result in NCCL timeouts with reader_group_size > 1.
[2025-02-28 11:37:37,243][anemoi.training.diagnostics.callbacks.plot][WARNING] - Asynchronous plotting can result in NCCL timeouts with reader_group_size > 1.
[2025-02-28 11:37:37,243][anemoi.training.diagnostics.callbacks.plot][WARNING] - Asynchronous plotting can result in NCCL timeouts with reader_group_size > 1.
[2025-02-28 11:37:37,244][anemoi.training.diagnostics.callbacks.plot][WARNING] - Asynchronous plotting can result in NCCL timeouts with reader_group_size > 1.
[2025-02-28 11:37:37,246][anemoi.training.diagnostics.callbacks.plot][WARNING] - Asynchronous plotting can result in NCCL timeouts with reader_group_size > 1.
[2025-02-28 11:37:37,247][anemoi.training.diagnostics.callbacks.plot][WARNING] - Asynchronous plotting can result in NCCL timeouts with reader_group_size > 1.
[2025-02-28 11:37:37,248][anemoi.training.diagnostics.callbacks.plot][WARNING] - Asynchronous plotting can result in NCCL timeouts with reader_group_size > 1.
[2025-02-28 11:37:38,150][anemoi.training.diagnostics.callbacks.plot][WARNING] - Asynchronous plotting can result in NCCL timeouts with reader_group_size > 1.
[2025-02-28 11:37:38,158][anemoi.training.diagnostics.callbacks.plot][WARNING] - Asynchronous plotting can result in NCCL timeouts with reader_group_size > 1.
[2025-02-28 11:37:38,170][anemoi.training.diagnostics.callbacks.plot][WARNING] - Asynchronous plotting can result in NCCL timeouts with reader_group_size > 1.
[2025-02-28 11:37:38,176][anemoi.training.diagnostics.callbacks.plot][WARNING] - Asynchronous plotting can result in NCCL timeouts with reader_group_size > 1.
[2025-02-28 11:37:38,185][anemoi.training.diagnostics.callbacks.plot][WARNING] - Asynchronous plotting can result in NCCL timeouts with reader_group_size > 1.
[2025-02-28 11:37:38,187][anemoi.training.diagnostics.callbacks.plot][WARNING] - Asynchronous plotting can result in NCCL timeouts with reader_group_size > 1.
[2025-02-28 11:37:38,205][anemoi.training.diagnostics.callbacks.plot][WARNING] - Asynchronous plotting can result in NCCL timeouts with reader_group_size > 1.
[2025-02-28 11:37:38,208][anemoi.training.diagnostics.callbacks.plot][WARNING] - Asynchronous plotting can result in NCCL timeouts with reader_group_size > 1.
[2025-02-28 11:37:38,519][anemoi.training.diagnostics.callbacks.plot][WARNING] - Asynchronous plotting can result in NCCL timeouts with reader_group_size > 1.
[2025-02-28 11:37:38,565][anemoi.training.diagnostics.callbacks.plot][WARNING] - Asynchronous plotting can result in NCCL timeouts with reader_group_size > 1.
[2025-02-28 11:37:38,565][anemoi.training.diagnostics.callbacks.plot][WARNING] - Asynchronous plotting can result in NCCL timeouts with reader_group_size > 1.
[2025-02-28 11:37:38,565][anemoi.training.diagnostics.callbacks.plot][WARNING] - Asynchronous plotting can result in NCCL timeouts with reader_group_size > 1.
[2025-02-28 11:37:38,637][anemoi.training.diagnostics.callbacks.plot][WARNING] - Asynchronous plotting can result in NCCL timeouts with reader_group_size > 1.
[2025-02-28 11:37:38,643][anemoi.training.diagnostics.callbacks.plot][WARNING] - Asynchronous plotting can result in NCCL timeouts with reader_group_size > 1.
[2025-02-28 11:37:38,643][anemoi.training.diagnostics.callbacks.plot][WARNING] - Asynchronous plotting can result in NCCL timeouts with reader_group_size > 1.
[2025-02-28 11:37:38,643][anemoi.training.diagnostics.callbacks.plot][WARNING] - Asynchronous plotting can result in NCCL timeouts with reader_group_size > 1.
[2025-02-28 11:37:38,650][anemoi.training.diagnostics.callbacks.plot][WARNING] - There are no trainable node attributes to plot.
[2025-02-28 11:37:38,665][anemoi.training.diagnostics.callbacks.plot][WARNING] - There are no trainable edge attributes to plot.
[2025-02-28 11:37:38,759][anemoi.training.diagnostics.callbacks.plot][WARNING] - There are no trainable node attributes to plot.
[2025-02-28 11:37:38,778][anemoi.training.diagnostics.callbacks.plot][WARNING] - There are no trainable edge attributes to plot.
[2025-02-28 11:37:44,537][anemoi.utils.checkpoints][INFO] - Adding extra information to checkpoint /work/hdd/bduu/jbanomedina/regional-ai/training/GLOBAL-31km/logs/outputs_checkpoint/a7bff4af-232d-4ef7-a2c0-72d9da5b19b6/inference-stage-x-by_epoch-epoch_000-step_000004.ckpt
[2025-02-28 11:37:44,541][anemoi.utils.checkpoints][INFO] - Saving metadata to inference-stage-x-by_epoch-epoch_000-step_000004/anemoi-metadata/ai-models.json
[2025-02-28 11:37:44,576][anemoi.utils.checkpoints][INFO] - Saving supporting array `latitudes` to inference-stage-x-by_epoch-epoch_000-step_000004/anemoi-metadata/latitudes.numpy (shape=(542080,), dtype=float64)
[2025-02-28 11:37:44,579][anemoi.utils.checkpoints][INFO] - Saving supporting array `longitudes` to inference-stage-x-by_epoch-epoch_000-step_000004/anemoi-metadata/longitudes.numpy (shape=(542080,), dtype=float64)
[2025-02-28 11:37:44,979][anemoi.utils.checkpoints][INFO] - Adding extra information to checkpoint /work/hdd/bduu/jbanomedina/regional-ai/training/GLOBAL-31km/logs/outputs_checkpoint/00a13150-9917-4073-918c-d2ef451c21fd/inference-stage-x-by_epoch-epoch_000-step_000004.ckpt
[2025-02-28 11:37:44,985][anemoi.utils.checkpoints][INFO] - Saving metadata to inference-stage-x-by_epoch-epoch_000-step_000004/anemoi-metadata/ai-models.json
[2025-02-28 11:37:44,989][anemoi.utils.checkpoints][INFO] - Saving supporting array `latitudes` to inference-stage-x-by_epoch-epoch_000-step_000004/anemoi-metadata/latitudes.numpy (shape=(542080,), dtype=float64)
[2025-02-28 11:37:44,992][anemoi.utils.checkpoints][INFO] - Saving supporting array `longitudes` to inference-stage-x-by_epoch-epoch_000-step_000004/anemoi-metadata/longitudes.numpy (shape=(542080,), dtype=float64)
[2025-02-28 11:37:58,905][anemoi.utils.checkpoints][INFO] - Adding extra information to checkpoint /work/hdd/bduu/jbanomedina/regional-ai/training/GLOBAL-31km/logs/outputs_checkpoint/a7bff4af-232d-4ef7-a2c0-72d9da5b19b6/inference-last.ckpt
[2025-02-28 11:37:58,912][anemoi.utils.checkpoints][INFO] - Saving metadata to inference-last/anemoi-metadata/ai-models.json
[2025-02-28 11:37:58,913][anemoi.utils.checkpoints][INFO] - Saving supporting array `latitudes` to inference-last/anemoi-metadata/latitudes.numpy (shape=(542080,), dtype=float64)
[2025-02-28 11:37:58,915][anemoi.utils.checkpoints][INFO] - Saving supporting array `longitudes` to inference-last/anemoi-metadata/longitudes.numpy (shape=(542080,), dtype=float64)
[2025-02-28 11:37:58,999][anemoi.utils.checkpoints][INFO] - Adding extra information to checkpoint /work/hdd/bduu/jbanomedina/regional-ai/training/GLOBAL-31km/logs/outputs_checkpoint/00a13150-9917-4073-918c-d2ef451c21fd/inference-last.ckpt
[2025-02-28 11:37:59,005][anemoi.utils.checkpoints][INFO] - Saving metadata to inference-last/anemoi-metadata/ai-models.json
[2025-02-28 11:37:59,025][anemoi.utils.checkpoints][INFO] - Saving supporting array `latitudes` to inference-last/anemoi-metadata/latitudes.numpy (shape=(542080,), dtype=float64)
[2025-02-28 11:37:59,028][anemoi.utils.checkpoints][INFO] - Saving supporting array `longitudes` to inference-last/anemoi-metadata/longitudes.numpy (shape=(542080,), dtype=float64)
[2025-02-28 11:38:08,373][anemoi.training.diagnostics.callbacks.sanity][INFO] - No variable order to compare. Skipping variable order check.
[2025-02-28 11:38:08,373][anemoi.training.diagnostics.callbacks.sanity][INFO] - No variable order to compare. Skipping variable order check.
[2025-02-28 11:38:08,373][anemoi.training.diagnostics.callbacks.sanity][INFO] - No variable order to compare. Skipping variable order check.
[2025-02-28 11:38:08,373][anemoi.training.diagnostics.callbacks.sanity][INFO] - No variable order to compare. Skipping variable order check.
[2025-02-28 11:38:08,868][anemoi.training.diagnostics.callbacks.sanity][INFO] - No variable order to compare. Skipping variable order check.
[2025-02-28 11:38:08,868][anemoi.training.diagnostics.callbacks.sanity][INFO] - No variable order to compare. Skipping variable order check.
[2025-02-28 11:38:08,868][anemoi.training.diagnostics.callbacks.sanity][INFO] - No variable order to compare. Skipping variable order check.
[2025-02-28 11:38:08,869][anemoi.training.diagnostics.callbacks.sanity][INFO] - No variable order to compare. Skipping variable order check.
[2025-02-28 11:38:18,074][anemoi.training.diagnostics.callbacks.sanity][INFO] - No variable order to compare. Skipping variable order check.
[2025-02-28 11:38:18,078][anemoi.training.diagnostics.callbacks.sanity][INFO] - No variable order to compare. Skipping variable order check.
[2025-02-28 11:38:18,116][anemoi.training.diagnostics.callbacks.sanity][INFO] - No variable order to compare. Skipping variable order check.
[2025-02-28 11:38:18,470][anemoi.training.diagnostics.callbacks.sanity][INFO] - No variable order to compare. Skipping variable order check.
[2025-02-28 11:38:18,510][anemoi.training.diagnostics.callbacks.sanity][INFO] - No variable order to compare. Skipping variable order check.
[2025-02-28 11:38:18,519][anemoi.training.diagnostics.callbacks.sanity][INFO] - No variable order to compare. Skipping variable order check.
[2025-02-28 11:38:19,051][anemoi.training.diagnostics.callbacks.sanity][INFO] - No variable order to compare. Skipping variable order check.
[2025-02-28 11:38:19,177][anemoi.training.diagnostics.callbacks.sanity][INFO] - No variable order to compare. Skipping variable order check.
[2025-02-28 11:38:19,275][anemoi.training.diagnostics.callbacks.plot][WARNING] - Asynchronous plotting can result in NCCL timeouts with reader_group_size > 1.
[2025-02-28 11:38:19,278][anemoi.training.diagnostics.callbacks.plot][WARNING] - Asynchronous plotting can result in NCCL timeouts with reader_group_size > 1.
[2025-02-28 11:38:19,279][anemoi.training.diagnostics.callbacks.plot][WARNING] - Asynchronous plotting can result in NCCL timeouts with reader_group_size > 1.
[2025-02-28 11:38:19,279][anemoi.training.diagnostics.callbacks.plot][WARNING] - Asynchronous plotting can result in NCCL timeouts with reader_group_size > 1.
[2025-02-28 11:38:19,417][anemoi.training.diagnostics.callbacks.plot][WARNING] - Asynchronous plotting can result in NCCL timeouts with reader_group_size > 1.
[2025-02-28 11:38:19,462][anemoi.training.diagnostics.callbacks.plot][WARNING] - Asynchronous plotting can result in NCCL timeouts with reader_group_size > 1.
[2025-02-28 11:38:19,463][anemoi.training.diagnostics.callbacks.plot][WARNING] - Asynchronous plotting can result in NCCL timeouts with reader_group_size > 1.
[2025-02-28 11:38:19,463][anemoi.training.diagnostics.callbacks.plot][WARNING] - Asynchronous plotting can result in NCCL timeouts with reader_group_size > 1.
[2025-02-28 11:38:22,243][anemoi.training.diagnostics.callbacks.plot][WARNING] - Asynchronous plotting can result in NCCL timeouts with reader_group_size > 1.
[2025-02-28 11:38:22,255][anemoi.training.diagnostics.callbacks.plot][WARNING] - Asynchronous plotting can result in NCCL timeouts with reader_group_size > 1.
[2025-02-28 11:38:22,255][anemoi.training.diagnostics.callbacks.plot][WARNING] - Asynchronous plotting can result in NCCL timeouts with reader_group_size > 1.
[2025-02-28 11:38:22,255][anemoi.training.diagnostics.callbacks.plot][WARNING] - Asynchronous plotting can result in NCCL timeouts with reader_group_size > 1.
[2025-02-28 11:38:22,863][anemoi.training.diagnostics.callbacks.plot][WARNING] - Asynchronous plotting can result in NCCL timeouts with reader_group_size > 1.
[2025-02-28 11:38:22,893][anemoi.training.diagnostics.callbacks.plot][WARNING] - Asynchronous plotting can result in NCCL timeouts with reader_group_size > 1.
[2025-02-28 11:38:22,893][anemoi.training.diagnostics.callbacks.plot][WARNING] - Asynchronous plotting can result in NCCL timeouts with reader_group_size > 1.
[2025-02-28 11:38:22,894][anemoi.training.diagnostics.callbacks.plot][WARNING] - Asynchronous plotting can result in NCCL timeouts with reader_group_size > 1.
[2025-02-28 11:38:23,702][anemoi.training.diagnostics.callbacks.plot][WARNING] - Asynchronous plotting can result in NCCL timeouts with reader_group_size > 1.
[2025-02-28 11:38:23,719][anemoi.training.diagnostics.callbacks.plot][WARNING] - Asynchronous plotting can result in NCCL timeouts with reader_group_size > 1.
[2025-02-28 11:38:23,719][anemoi.training.diagnostics.callbacks.plot][WARNING] - Asynchronous plotting can result in NCCL timeouts with reader_group_size > 1.
[2025-02-28 11:38:23,720][anemoi.training.diagnostics.callbacks.plot][WARNING] - Asynchronous plotting can result in NCCL timeouts with reader_group_size > 1.
[2025-02-28 11:38:23,845][anemoi.training.diagnostics.callbacks.plot][WARNING] - Asynchronous plotting can result in NCCL timeouts with reader_group_size > 1.
[2025-02-28 11:38:23,870][anemoi.training.diagnostics.callbacks.plot][WARNING] - Asynchronous plotting can result in NCCL timeouts with reader_group_size > 1.
[2025-02-28 11:38:23,871][anemoi.training.diagnostics.callbacks.plot][WARNING] - Asynchronous plotting can result in NCCL timeouts with reader_group_size > 1.
[2025-02-28 11:38:23,871][anemoi.training.diagnostics.callbacks.plot][WARNING] - Asynchronous plotting can result in NCCL timeouts with reader_group_size > 1.
[2025-02-28 11:38:24,054][anemoi.training.diagnostics.callbacks.plot][WARNING] - Asynchronous plotting can result in NCCL timeouts with reader_group_size > 1.
[2025-02-28 11:38:24,085][anemoi.training.diagnostics.callbacks.plot][WARNING] - Asynchronous plotting can result in NCCL timeouts with reader_group_size > 1.
[2025-02-28 11:38:24,085][anemoi.training.diagnostics.callbacks.plot][WARNING] - Asynchronous plotting can result in NCCL timeouts with reader_group_size > 1.
[2025-02-28 11:38:24,086][anemoi.training.diagnostics.callbacks.plot][WARNING] - Asynchronous plotting can result in NCCL timeouts with reader_group_size > 1.
[2025-02-28 11:38:24,264][anemoi.training.diagnostics.callbacks.plot][WARNING] - Asynchronous plotting can result in NCCL timeouts with reader_group_size > 1.
[2025-02-28 11:38:24,288][anemoi.training.diagnostics.callbacks.plot][WARNING] - Asynchronous plotting can result in NCCL timeouts with reader_group_size > 1.
[2025-02-28 11:38:24,288][anemoi.training.diagnostics.callbacks.plot][WARNING] - Asynchronous plotting can result in NCCL timeouts with reader_group_size > 1.
[2025-02-28 11:38:24,288][anemoi.training.diagnostics.callbacks.plot][WARNING] - Asynchronous plotting can result in NCCL timeouts with reader_group_size > 1.
[2025-02-28 11:38:27,750][anemoi.utils.checkpoints][INFO] - Adding extra information to checkpoint /work/hdd/bduu/jbanomedina/regional-ai/training/GLOBAL-31km/logs/outputs_checkpoint/a7bff4af-232d-4ef7-a2c0-72d9da5b19b6/inference-stage-x-by_epoch-epoch_001-step_000008.ckpt
[2025-02-28 11:38:27,750][anemoi.utils.checkpoints][INFO] - Saving metadata to inference-stage-x-by_epoch-epoch_001-step_000008/anemoi-metadata/ai-models.json
[2025-02-28 11:38:27,758][anemoi.utils.checkpoints][INFO] - Saving supporting array `latitudes` to inference-stage-x-by_epoch-epoch_001-step_000008/anemoi-metadata/latitudes.numpy (shape=(542080,), dtype=float64)
[2025-02-28 11:38:27,761][anemoi.utils.checkpoints][INFO] - Saving supporting array `longitudes` to inference-stage-x-by_epoch-epoch_001-step_000008/anemoi-metadata/longitudes.numpy (shape=(542080,), dtype=float64)
[2025-02-28 11:38:27,941][anemoi.utils.checkpoints][INFO] - Adding extra information to checkpoint /work/hdd/bduu/jbanomedina/regional-ai/training/GLOBAL-31km/logs/outputs_checkpoint/00a13150-9917-4073-918c-d2ef451c21fd/inference-stage-x-by_epoch-epoch_001-step_000008.ckpt
[2025-02-28 11:38:27,965][anemoi.utils.checkpoints][INFO] - Saving metadata to inference-stage-x-by_epoch-epoch_001-step_000008/anemoi-metadata/ai-models.json
[2025-02-28 11:38:27,975][anemoi.utils.checkpoints][INFO] - Saving supporting array `latitudes` to inference-stage-x-by_epoch-epoch_001-step_000008/anemoi-metadata/latitudes.numpy (shape=(542080,), dtype=float64)
[2025-02-28 11:38:27,978][anemoi.utils.checkpoints][INFO] - Saving supporting array `longitudes` to inference-stage-x-by_epoch-epoch_001-step_000008/anemoi-metadata/longitudes.numpy (shape=(542080,), dtype=float64)
[2025-02-28 11:38:41,166][anemoi.utils.checkpoints][INFO] - Adding extra information to checkpoint /work/hdd/bduu/jbanomedina/regional-ai/training/GLOBAL-31km/logs/outputs_checkpoint/a7bff4af-232d-4ef7-a2c0-72d9da5b19b6/inference-last.ckpt
[2025-02-28 11:38:41,168][anemoi.utils.checkpoints][INFO] - Saving metadata to inference-last/anemoi-metadata/ai-models.json
[2025-02-28 11:38:41,169][anemoi.utils.checkpoints][INFO] - Saving supporting array `latitudes` to inference-last/anemoi-metadata/latitudes.numpy (shape=(542080,), dtype=float64)
[2025-02-28 11:38:41,172][anemoi.utils.checkpoints][INFO] - Saving supporting array `longitudes` to inference-last/anemoi-metadata/longitudes.numpy (shape=(542080,), dtype=float64)
[2025-02-28 11:38:42,109][anemoi.utils.checkpoints][INFO] - Adding extra information to checkpoint /work/hdd/bduu/jbanomedina/regional-ai/training/GLOBAL-31km/logs/outputs_checkpoint/00a13150-9917-4073-918c-d2ef451c21fd/inference-last.ckpt
[2025-02-28 11:38:42,117][anemoi.utils.checkpoints][INFO] - Saving metadata to inference-last/anemoi-metadata/ai-models.json
[2025-02-28 11:38:42,118][anemoi.utils.checkpoints][INFO] - Saving supporting array `latitudes` to inference-last/anemoi-metadata/latitudes.numpy (shape=(542080,), dtype=float64)
[2025-02-28 11:38:42,120][anemoi.utils.checkpoints][INFO] - Saving supporting array `longitudes` to inference-last/anemoi-metadata/longitudes.numpy (shape=(542080,), dtype=float64)
[2025-02-28 11:38:50,922][pytorch_lightning.utilities.rank_zero][INFO] - `Trainer.fit` stopped: `max_epochs=2` reached.
[2025-02-28 11:38:51,581][pytorch_lightning.utilities.rank_zero][INFO] - `Trainer.fit` stopped: `max_epochs=2` reached.
[2025-02-28 11:39:00,441][anemoi.training.diagnostics.callbacks.plot][INFO] - Teardown of the Plot Callback ...
[2025-02-28 11:39:00,443][anemoi.training.diagnostics.callbacks.plot][INFO] - waiting and shutting down the executor ...
[2025-02-28 11:39:00,444][anemoi.training.diagnostics.callbacks.plot][INFO] - Teardown of the Plot Callback ...
[2025-02-28 11:39:00,444][anemoi.training.diagnostics.callbacks.plot][INFO] - waiting and shutting down the executor ...
[2025-02-28 11:39:00,445][anemoi.training.diagnostics.callbacks.plot][INFO] - Teardown of the Plot Callback ...
[2025-02-28 11:39:00,445][anemoi.training.diagnostics.callbacks.plot][INFO] - waiting and shutting down the executor ...
[2025-02-28 11:39:00,445][anemoi.training.diagnostics.callbacks.plot][INFO] - Teardown of the Plot Callback ...
[2025-02-28 11:39:00,445][anemoi.training.diagnostics.callbacks.plot][INFO] - waiting and shutting down the executor ...
[2025-02-28 11:39:00,446][anemoi.training.diagnostics.callbacks.plot][INFO] - Teardown of the Plot Callback ...
[2025-02-28 11:39:00,446][anemoi.training.diagnostics.callbacks.plot][INFO] - waiting and shutting down the executor ...
[2025-02-28 11:39:00,447][anemoi.training.train.train][INFO] - memory summary: |===========================================================================|
|                  PyTorch CUDA memory summary, device ID 1                 |
|---------------------------------------------------------------------------|
|            CUDA OOMs: 0            |        cudaMalloc retries: 0         |
|===========================================================================|
|        Metric         | Cur Usage  | Peak Usage | Tot Alloc  | Tot Freed  |
|---------------------------------------------------------------------------|
| Allocated memory      |   1536 B   |  14668 MiB |   2895 GiB |   2895 GiB |
|       from large pool |      0 B   |  14653 MiB |   2890 GiB |   2890 GiB |
|       from small pool |   1536 B   |     19 MiB |      4 GiB |      4 GiB |
|---------------------------------------------------------------------------|
| Active memory         |   2048 B   |  18367 MiB |   2895 GiB |   2895 GiB |
|       from large pool |      0 B   |  18352 MiB |   2890 GiB |   2890 GiB |
|       from small pool |   2048 B   |     19 MiB |      4 GiB |      4 GiB |
|---------------------------------------------------------------------------|
| Requested memory      |     13 B   |  18337 MiB |   2893 GiB |   2893 GiB |
|       from large pool |      0 B   |  18322 MiB |   2888 GiB |   2888 GiB |
|       from small pool |     13 B   |     19 MiB |      4 GiB |      4 GiB |
|---------------------------------------------------------------------------|
| GPU reserved memory   |   8192 KiB |  22070 MiB |  22794 MiB |  22786 MiB |
|       from large pool |      0 KiB |  22046 MiB |  22770 MiB |  22770 MiB |
|       from small pool |   8192 KiB |     24 MiB |     24 MiB |     16 MiB |
|---------------------------------------------------------------------------|
| Non-releasable memory |   6142 KiB |  10037 MiB |   2862 GiB |   2861 GiB |
|       from large pool |      0 KiB |  10031 MiB |   2856 GiB |   2856 GiB |
|       from small pool |   6142 KiB |     11 MiB |      5 GiB |      5 GiB |
|---------------------------------------------------------------------------|
| Allocations           |       3    |    2032    |   83621    |   83618    |
|       from large pool |       0    |     697    |   59810    |   59810    |
|       from small pool |       3    |    1362    |   23811    |   23808    |
|---------------------------------------------------------------------------|
| Active allocs         |       4    |    2191    |   83621    |   83617    |
|       from large pool |       0    |     913    |   59810    |   59810    |
|       from small pool |       4    |    1362    |   23811    |   23807    |
|---------------------------------------------------------------------------|
| GPU reserved segments |       4    |     163    |     166    |     162    |
|       from large pool |       0    |     151    |     154    |     154    |
|       from small pool |       4    |      12    |      12    |       8    |
|---------------------------------------------------------------------------|
| Non-releasable allocs |       7    |     127    |   37120    |   37113    |
|       from large pool |       0    |      95    |   26793    |   26793    |
|       from small pool |       7    |      53    |   10327    |   10320    |
|---------------------------------------------------------------------------|
| Oversize allocations  |       0    |       0    |       0    |       0    |
|---------------------------------------------------------------------------|
| Oversize GPU segments |       0    |       0    |       0    |       0    |
|===========================================================================|

[2025-02-28 11:39:00,460][anemoi.training.diagnostics.callbacks.plot][INFO] - Teardown of the Plot Callback ...
[2025-02-28 11:39:00,460][anemoi.training.diagnostics.callbacks.plot][INFO] - waiting and shutting down the executor ...
[2025-02-28 11:39:00,461][anemoi.training.diagnostics.callbacks.plot][INFO] - Teardown of the Plot Callback ...
[2025-02-28 11:39:00,461][anemoi.training.diagnostics.callbacks.plot][INFO] - waiting and shutting down the executor ...
[2025-02-28 11:39:00,461][anemoi.training.diagnostics.callbacks.plot][INFO] - Teardown of the Plot Callback ...
[2025-02-28 11:39:00,461][anemoi.training.diagnostics.callbacks.plot][INFO] - waiting and shutting down the executor ...
[2025-02-28 11:39:00,462][anemoi.training.diagnostics.callbacks.plot][INFO] - Teardown of the Plot Callback ...
[2025-02-28 11:39:00,462][anemoi.training.diagnostics.callbacks.plot][INFO] - waiting and shutting down the executor ...
[2025-02-28 11:39:00,462][anemoi.training.diagnostics.callbacks.plot][INFO] - Teardown of the Plot Callback ...
[2025-02-28 11:39:00,462][anemoi.training.diagnostics.callbacks.plot][INFO] - waiting and shutting down the executor ...
[2025-02-28 11:39:00,463][anemoi.training.train.train][INFO] - memory summary: |===========================================================================|
|                  PyTorch CUDA memory summary, device ID 2                 |
|---------------------------------------------------------------------------|
|            CUDA OOMs: 0            |        cudaMalloc retries: 0         |
|===========================================================================|
|        Metric         | Cur Usage  | Peak Usage | Tot Alloc  | Tot Freed  |
|---------------------------------------------------------------------------|
| Allocated memory      |   1536 B   |  14665 MiB |   2894 GiB |   2894 GiB |
|       from large pool |      0 B   |  14651 MiB |   2889 GiB |   2889 GiB |
|       from small pool |   1536 B   |     19 MiB |      4 GiB |      4 GiB |
|---------------------------------------------------------------------------|
| Active memory         |   2048 B   |  18365 MiB |   2894 GiB |   2894 GiB |
|       from large pool |      0 B   |  18350 MiB |   2889 GiB |   2889 GiB |
|       from small pool |   2048 B   |     19 MiB |      4 GiB |      4 GiB |
|---------------------------------------------------------------------------|
| Requested memory      |     13 B   |  18336 MiB |   2892 GiB |   2892 GiB |
|       from large pool |      0 B   |  18322 MiB |   2888 GiB |   2888 GiB |
|       from small pool |     13 B   |     19 MiB |      4 GiB |      4 GiB |
|---------------------------------------------------------------------------|
| GPU reserved memory   |  10240 KiB |  22070 MiB |  22794 MiB |  22784 MiB |
|       from large pool |      0 KiB |  22046 MiB |  22770 MiB |  22770 MiB |
|       from small pool |  10240 KiB |     24 MiB |     24 MiB |     14 MiB |
|---------------------------------------------------------------------------|
| Non-releasable memory |   6142 KiB |   9992 MiB |   2851 GiB |   2851 GiB |
|       from large pool |      0 KiB |   9987 MiB |   2846 GiB |   2846 GiB |
|       from small pool |   6142 KiB |     11 MiB |      5 GiB |      5 GiB |
|---------------------------------------------------------------------------|
| Allocations           |       3    |    2032    |   83621    |   83618    |
|       from large pool |       0    |     697    |   59810    |   59810    |
|       from small pool |       3    |    1362    |   23811    |   23808    |
|---------------------------------------------------------------------------|
| Active allocs         |       4    |    2191    |   83621    |   83617    |
|       from large pool |       0    |     913    |   59810    |   59810    |
|       from small pool |       4    |    1362    |   23811    |   23807    |
|---------------------------------------------------------------------------|
| GPU reserved segments |       5    |     163    |     166    |     161    |
|       from large pool |       0    |     151    |     154    |     154    |
|       from small pool |       5    |      12    |      12    |       7    |
|---------------------------------------------------------------------------|
| Non-releasable allocs |       7    |     140    |   37105    |   37098    |
|       from large pool |       0    |      95    |   26929    |   26929    |
|       from small pool |       7    |      63    |   10176    |   10169    |
|---------------------------------------------------------------------------|
| Oversize allocations  |       0    |       0    |       0    |       0    |
|---------------------------------------------------------------------------|
| Oversize GPU segments |       0    |       0    |       0    |       0    |
|===========================================================================|

[2025-02-28 11:39:00,570][anemoi.training.diagnostics.callbacks.plot][INFO] - Teardown of the Plot Callback ...
[2025-02-28 11:39:00,572][anemoi.training.diagnostics.callbacks.plot][INFO] - waiting and shutting down the executor ...
[2025-02-28 11:39:00,573][anemoi.training.diagnostics.callbacks.plot][INFO] - Teardown of the Plot Callback ...
[2025-02-28 11:39:00,573][anemoi.training.diagnostics.callbacks.plot][INFO] - waiting and shutting down the executor ...
[2025-02-28 11:39:00,574][anemoi.training.diagnostics.callbacks.plot][INFO] - Teardown of the Plot Callback ...
[2025-02-28 11:39:00,574][anemoi.training.diagnostics.callbacks.plot][INFO] - waiting and shutting down the executor ...
[2025-02-28 11:39:00,574][anemoi.training.diagnostics.callbacks.plot][INFO] - Teardown of the Plot Callback ...
[2025-02-28 11:39:00,575][anemoi.training.diagnostics.callbacks.plot][INFO] - waiting and shutting down the executor ...
[2025-02-28 11:39:00,575][anemoi.training.diagnostics.callbacks.plot][INFO] - Teardown of the Plot Callback ...
[2025-02-28 11:39:00,575][anemoi.training.diagnostics.callbacks.plot][INFO] - waiting and shutting down the executor ...
[2025-02-28 11:39:00,576][anemoi.training.train.train][INFO] - memory summary: |===========================================================================|
|                  PyTorch CUDA memory summary, device ID 3                 |
|---------------------------------------------------------------------------|
|            CUDA OOMs: 0            |        cudaMalloc retries: 0         |
|===========================================================================|
|        Metric         | Cur Usage  | Peak Usage | Tot Alloc  | Tot Freed  |
|---------------------------------------------------------------------------|
| Allocated memory      |   1536 B   |  14664 MiB |   2894 GiB |   2894 GiB |
|       from large pool |      0 B   |  14649 MiB |   2890 GiB |   2890 GiB |
|       from small pool |   1536 B   |     19 MiB |      4 GiB |      4 GiB |
|---------------------------------------------------------------------------|
| Active memory         |   2048 B   |  18363 MiB |   2894 GiB |   2894 GiB |
|       from large pool |      0 B   |  18348 MiB |   2890 GiB |   2890 GiB |
|       from small pool |   2048 B   |     19 MiB |      4 GiB |      4 GiB |
|---------------------------------------------------------------------------|
| Requested memory      |     13 B   |  18336 MiB |   2892 GiB |   2892 GiB |
|       from large pool |      0 B   |  18322 MiB |   2888 GiB |   2888 GiB |
|       from small pool |     13 B   |     19 MiB |      4 GiB |      4 GiB |
|---------------------------------------------------------------------------|
| GPU reserved memory   |  10240 KiB |  22270 MiB |  22994 MiB |  22984 MiB |
|       from large pool |      0 KiB |  22246 MiB |  22970 MiB |  22970 MiB |
|       from small pool |  10240 KiB |     24 MiB |     24 MiB |     14 MiB |
|---------------------------------------------------------------------------|
| Non-releasable memory |   4094 KiB |   9168 MiB |   2806 GiB |   2806 GiB |
|       from large pool |      0 KiB |   9165 MiB |   2801 GiB |   2801 GiB |
|       from small pool |   4094 KiB |     11 MiB |      5 GiB |      5 GiB |
|---------------------------------------------------------------------------|
| Allocations           |       3    |    2032    |   83621    |   83618    |
|       from large pool |       0    |     697    |   59810    |   59810    |
|       from small pool |       3    |    1362    |   23811    |   23808    |
|---------------------------------------------------------------------------|
| Active allocs         |       4    |    2191    |   83621    |   83617    |
|       from large pool |       0    |     913    |   59810    |   59810    |
|       from small pool |       4    |    1362    |   23811    |   23807    |
|---------------------------------------------------------------------------|
| GPU reserved segments |       5    |     164    |     167    |     162    |
|       from large pool |       0    |     152    |     155    |     155    |
|       from small pool |       5    |      12    |      12    |       7    |
|---------------------------------------------------------------------------|
| Non-releasable allocs |       5    |     133    |   37267    |   37262    |
|       from large pool |       0    |     108    |   27154    |   27154    |
|       from small pool |       5    |      58    |   10113    |   10108    |
|---------------------------------------------------------------------------|
| Oversize allocations  |       0    |       0    |       0    |       0    |
|---------------------------------------------------------------------------|
| Oversize GPU segments |       0    |       0    |       0    |       0    |
|===========================================================================|

[2025-02-28 11:39:01,201][anemoi.training.diagnostics.callbacks.plot][INFO] - Teardown of the Plot Callback ...
[2025-02-28 11:39:01,204][anemoi.training.diagnostics.callbacks.plot][INFO] - waiting and shutting down the executor ...
[2025-02-28 11:39:01,205][anemoi.training.diagnostics.callbacks.plot][INFO] - Teardown of the Plot Callback ...
[2025-02-28 11:39:01,205][anemoi.training.diagnostics.callbacks.plot][INFO] - waiting and shutting down the executor ...
[2025-02-28 11:39:01,206][anemoi.training.diagnostics.callbacks.plot][INFO] - Teardown of the Plot Callback ...
[2025-02-28 11:39:01,206][anemoi.training.diagnostics.callbacks.plot][INFO] - waiting and shutting down the executor ...
[2025-02-28 11:39:01,206][anemoi.training.diagnostics.callbacks.plot][INFO] - Teardown of the Plot Callback ...
[2025-02-28 11:39:01,207][anemoi.training.diagnostics.callbacks.plot][INFO] - waiting and shutting down the executor ...
[2025-02-28 11:39:01,207][anemoi.training.diagnostics.callbacks.plot][INFO] - Teardown of the Plot Callback ...
[2025-02-28 11:39:01,207][anemoi.training.diagnostics.callbacks.plot][INFO] - waiting and shutting down the executor ...
[2025-02-28 11:39:01,208][anemoi.training.train.train][INFO] - memory summary: |===========================================================================|
|                  PyTorch CUDA memory summary, device ID 1                 |
|---------------------------------------------------------------------------|
|            CUDA OOMs: 0            |        cudaMalloc retries: 0         |
|===========================================================================|
|        Metric         | Cur Usage  | Peak Usage | Tot Alloc  | Tot Freed  |
|---------------------------------------------------------------------------|
| Allocated memory      |   1536 B   |  14665 MiB |   2862 GiB |   2862 GiB |
|       from large pool |      0 B   |  14650 MiB |   2857 GiB |   2857 GiB |
|       from small pool |   1536 B   |     19 MiB |      4 GiB |      4 GiB |
|---------------------------------------------------------------------------|
| Active memory         |   2048 B   |  18364 MiB |   2862 GiB |   2862 GiB |
|       from large pool |      0 B   |  18349 MiB |   2857 GiB |   2857 GiB |
|       from small pool |   2048 B   |     19 MiB |      4 GiB |      4 GiB |
|---------------------------------------------------------------------------|
| Requested memory      |     13 B   |  18333 MiB |   2860 GiB |   2860 GiB |
|       from large pool |      0 B   |  18319 MiB |   2855 GiB |   2855 GiB |
|       from small pool |     13 B   |     19 MiB |      4 GiB |      4 GiB |
|---------------------------------------------------------------------------|
| GPU reserved memory   |  10240 KiB |  22376 MiB |  23098 MiB |  23088 MiB |
|       from large pool |      0 KiB |  22352 MiB |  23074 MiB |  23074 MiB |
|       from small pool |  10240 KiB |     24 MiB |     24 MiB |     14 MiB |
|---------------------------------------------------------------------------|
| Non-releasable memory |   4094 KiB |  10736 MiB |   2754 GiB |   2754 GiB |
|       from large pool |      0 KiB |  10731 MiB |   2748 GiB |   2748 GiB |
|       from small pool |   4094 KiB |     11 MiB |      5 GiB |      5 GiB |
|---------------------------------------------------------------------------|
| Allocations           |       3    |    2032    |   83621    |   83618    |
|       from large pool |       0    |     697    |   59810    |   59810    |
|       from small pool |       3    |    1362    |   23811    |   23808    |
|---------------------------------------------------------------------------|
| Active allocs         |       4    |    2191    |   83621    |   83617    |
|       from large pool |       0    |     913    |   59810    |   59810    |
|       from small pool |       4    |    1362    |   23811    |   23807    |
|---------------------------------------------------------------------------|
| GPU reserved segments |       5    |     164    |     167    |     162    |
|       from large pool |       0    |     152    |     155    |     155    |
|       from small pool |       5    |      12    |      12    |       7    |
|---------------------------------------------------------------------------|
| Non-releasable allocs |       5    |     130    |   37031    |   37026    |
|       from large pool |       0    |     101    |   26629    |   26629    |
|       from small pool |       5    |      56    |   10402    |   10397    |
|---------------------------------------------------------------------------|
| Oversize allocations  |       0    |       0    |       0    |       0    |
|---------------------------------------------------------------------------|
| Oversize GPU segments |       0    |       0    |       0    |       0    |
|===========================================================================|

[2025-02-28 11:39:01,457][anemoi.training.diagnostics.callbacks.plot][INFO] - Teardown of the Plot Callback ...
[2025-02-28 11:39:01,457][anemoi.training.diagnostics.callbacks.plot][INFO] - waiting and shutting down the executor ...
[2025-02-28 11:39:01,460][anemoi.training.diagnostics.callbacks.plot][INFO] - Teardown of the Plot Callback ...
[2025-02-28 11:39:01,460][anemoi.training.diagnostics.callbacks.plot][INFO] - waiting and shutting down the executor ...
[2025-02-28 11:39:01,460][anemoi.training.diagnostics.callbacks.plot][INFO] - Teardown of the Plot Callback ...
[2025-02-28 11:39:01,460][anemoi.training.diagnostics.callbacks.plot][INFO] - waiting and shutting down the executor ...
[2025-02-28 11:39:01,461][anemoi.training.diagnostics.callbacks.plot][INFO] - Teardown of the Plot Callback ...
[2025-02-28 11:39:01,461][anemoi.training.diagnostics.callbacks.plot][INFO] - waiting and shutting down the executor ...
[2025-02-28 11:39:01,462][anemoi.training.diagnostics.callbacks.plot][INFO] - Teardown of the Plot Callback ...
[2025-02-28 11:39:01,462][anemoi.training.diagnostics.callbacks.plot][INFO] - waiting and shutting down the executor ...
[2025-02-28 11:39:01,463][anemoi.training.train.train][INFO] - memory summary: |===========================================================================|
|                  PyTorch CUDA memory summary, device ID 2                 |
|---------------------------------------------------------------------------|
|            CUDA OOMs: 0            |        cudaMalloc retries: 0         |
|===========================================================================|
|        Metric         | Cur Usage  | Peak Usage | Tot Alloc  | Tot Freed  |
|---------------------------------------------------------------------------|
| Allocated memory      |   1536 B   |  14659 MiB |   2862 GiB |   2862 GiB |
|       from large pool |      0 B   |  14644 MiB |   2857 GiB |   2857 GiB |
|       from small pool |   1536 B   |     19 MiB |      4 GiB |      4 GiB |
|---------------------------------------------------------------------------|
| Active memory         |   2048 B   |  18361 MiB |   2862 GiB |   2862 GiB |
|       from large pool |      0 B   |  18347 MiB |   2857 GiB |   2857 GiB |
|       from small pool |   2048 B   |     19 MiB |      4 GiB |      4 GiB |
|---------------------------------------------------------------------------|
| Requested memory      |     13 B   |  18333 MiB |   2860 GiB |   2860 GiB |
|       from large pool |      0 B   |  18319 MiB |   2855 GiB |   2855 GiB |
|       from small pool |     13 B   |     19 MiB |      4 GiB |      4 GiB |
|---------------------------------------------------------------------------|
| GPU reserved memory   |  10240 KiB |  22256 MiB |  22978 MiB |  22968 MiB |
|       from large pool |      0 KiB |  22232 MiB |  22954 MiB |  22954 MiB |
|       from small pool |  10240 KiB |     24 MiB |     24 MiB |     14 MiB |
|---------------------------------------------------------------------------|
| Non-releasable memory |   4094 KiB |   9650 MiB |   2765 GiB |   2765 GiB |
|       from large pool |      0 KiB |   9644 MiB |   2760 GiB |   2760 GiB |
|       from small pool |   4094 KiB |     11 MiB |      5 GiB |      5 GiB |
|---------------------------------------------------------------------------|
| Allocations           |       3    |    2032    |   83621    |   83618    |
|       from large pool |       0    |     697    |   59810    |   59810    |
|       from small pool |       3    |    1362    |   23811    |   23808    |
|---------------------------------------------------------------------------|
| Active allocs         |       4    |    2191    |   83621    |   83617    |
|       from large pool |       0    |     913    |   59810    |   59810    |
|       from small pool |       4    |    1362    |   23811    |   23807    |
|---------------------------------------------------------------------------|
| GPU reserved segments |       5    |     164    |     167    |     162    |
|       from large pool |       0    |     152    |     155    |     155    |
|       from small pool |       5    |      12    |      12    |       7    |
|---------------------------------------------------------------------------|
| Non-releasable allocs |       6    |     134    |   37303    |   37297    |
|       from large pool |       0    |     105    |   27116    |   27116    |
|       from small pool |       6    |      63    |   10187    |   10181    |
|---------------------------------------------------------------------------|
| Oversize allocations  |       0    |       0    |       0    |       0    |
|---------------------------------------------------------------------------|
| Oversize GPU segments |       0    |       0    |       0    |       0    |
|===========================================================================|

[2025-02-28 11:39:01,595][anemoi.training.diagnostics.callbacks.plot][INFO] - Teardown of the Plot Callback ...
[2025-02-28 11:39:01,597][anemoi.training.diagnostics.callbacks.plot][INFO] - waiting and shutting down the executor ...
[2025-02-28 11:39:01,598][anemoi.training.diagnostics.callbacks.plot][INFO] - Teardown of the Plot Callback ...
[2025-02-28 11:39:01,598][anemoi.training.diagnostics.callbacks.plot][INFO] - waiting and shutting down the executor ...
[2025-02-28 11:39:01,599][anemoi.training.diagnostics.callbacks.plot][INFO] - Teardown of the Plot Callback ...
[2025-02-28 11:39:01,599][anemoi.training.diagnostics.callbacks.plot][INFO] - waiting and shutting down the executor ...
[2025-02-28 11:39:01,599][anemoi.training.diagnostics.callbacks.plot][INFO] - Teardown of the Plot Callback ...
[2025-02-28 11:39:01,599][anemoi.training.diagnostics.callbacks.plot][INFO] - waiting and shutting down the executor ...
[2025-02-28 11:39:01,600][anemoi.training.diagnostics.callbacks.plot][INFO] - Teardown of the Plot Callback ...
[2025-02-28 11:39:01,600][anemoi.training.diagnostics.callbacks.plot][INFO] - waiting and shutting down the executor ...
[2025-02-28 11:39:01,601][anemoi.training.train.train][INFO] - memory summary: |===========================================================================|
|                  PyTorch CUDA memory summary, device ID 3                 |
|---------------------------------------------------------------------------|
|            CUDA OOMs: 0            |        cudaMalloc retries: 0         |
|===========================================================================|
|        Metric         | Cur Usage  | Peak Usage | Tot Alloc  | Tot Freed  |
|---------------------------------------------------------------------------|
| Allocated memory      |   1536 B   |  14660 MiB |   2862 GiB |   2862 GiB |
|       from large pool |      0 B   |  14646 MiB |   2857 GiB |   2857 GiB |
|       from small pool |   1536 B   |     19 MiB |      4 GiB |      4 GiB |
|---------------------------------------------------------------------------|
| Active memory         |   2048 B   |  18360 MiB |   2862 GiB |   2862 GiB |
|       from large pool |      0 B   |  18345 MiB |   2857 GiB |   2857 GiB |
|       from small pool |   2048 B   |     19 MiB |      4 GiB |      4 GiB |
|---------------------------------------------------------------------------|
| Requested memory      |     13 B   |  18333 MiB |   2860 GiB |   2860 GiB |
|       from large pool |      0 B   |  18319 MiB |   2855 GiB |   2855 GiB |
|       from small pool |     13 B   |     19 MiB |      4 GiB |      4 GiB |
|---------------------------------------------------------------------------|
| GPU reserved memory   |  10240 KiB |  22376 MiB |  23098 MiB |  23088 MiB |
|       from large pool |      0 KiB |  22352 MiB |  23074 MiB |  23074 MiB |
|       from small pool |  10240 KiB |     24 MiB |     24 MiB |     14 MiB |
|---------------------------------------------------------------------------|
| Non-releasable memory |   4094 KiB |  10412 MiB |   2773 GiB |   2773 GiB |
|       from large pool |      0 KiB |  10408 MiB |   2768 GiB |   2768 GiB |
|       from small pool |   4094 KiB |     11 MiB |      5 GiB |      5 GiB |
|---------------------------------------------------------------------------|
| Allocations           |       3    |    2032    |   83621    |   83618    |
|       from large pool |       0    |     697    |   59810    |   59810    |
|       from small pool |       3    |    1362    |   23811    |   23808    |
|---------------------------------------------------------------------------|
| Active allocs         |       4    |    2191    |   83621    |   83617    |
|       from large pool |       0    |     913    |   59810    |   59810    |
|       from small pool |       4    |    1362    |   23811    |   23807    |
|---------------------------------------------------------------------------|
| GPU reserved segments |       5    |     164    |     167    |     162    |
|       from large pool |       0    |     152    |     155    |     155    |
|       from small pool |       5    |      12    |      12    |       7    |
|---------------------------------------------------------------------------|
| Non-releasable allocs |       6    |     133    |   36919    |   36913    |
|       from large pool |       0    |      99    |   26992    |   26992    |
|       from small pool |       6    |      62    |    9927    |    9921    |
|---------------------------------------------------------------------------|
| Oversize allocations  |       0    |       0    |       0    |       0    |
|---------------------------------------------------------------------------|
| Oversize GPU segments |       0    |       0    |       0    |       0    |
|===========================================================================|

[2025-02-28 11:39:03,601][anemoi.training.diagnostics.callbacks.plot][INFO] - Teardown of the Plot Callback ...
[2025-02-28 11:39:03,603][anemoi.training.diagnostics.callbacks.plot][INFO] - waiting and shutting down the executor ...
[2025-02-28 11:39:03,604][anemoi.training.diagnostics.callbacks.plot][INFO] - Teardown of the Plot Callback ...
[2025-02-28 11:39:03,604][anemoi.training.diagnostics.callbacks.plot][INFO] - waiting and shutting down the executor ...
[2025-02-28 11:39:03,606][anemoi.training.diagnostics.callbacks.plot][INFO] - Teardown of the Plot Callback ...
[2025-02-28 11:39:03,606][anemoi.training.diagnostics.callbacks.plot][INFO] - waiting and shutting down the executor ...
[2025-02-28 11:39:03,607][anemoi.training.diagnostics.callbacks.plot][INFO] - Teardown of the Plot Callback ...
[2025-02-28 11:39:03,607][anemoi.training.diagnostics.callbacks.plot][INFO] - waiting and shutting down the executor ...
[2025-02-28 11:39:03,608][anemoi.training.diagnostics.callbacks.plot][INFO] - Teardown of the Plot Callback ...
[2025-02-28 11:39:03,608][anemoi.training.diagnostics.callbacks.plot][INFO] - waiting and shutting down the executor ...
[2025-02-28 11:39:03,610][anemoi.training.train.train][INFO] - memory summary: |===========================================================================|
|                  PyTorch CUDA memory summary, device ID 0                 |
|---------------------------------------------------------------------------|
|            CUDA OOMs: 0            |        cudaMalloc retries: 0         |
|===========================================================================|
|        Metric         | Cur Usage  | Peak Usage | Tot Alloc  | Tot Freed  |
|---------------------------------------------------------------------------|
| Allocated memory      | 755949 KiB |  19331 MiB |   2902 GiB |   2901 GiB |
|       from large pool | 755947 KiB |  19319 MiB |   2897 GiB |   2896 GiB |
|       from small pool |      2 KiB |     19 MiB |      4 GiB |      4 GiB |
|---------------------------------------------------------------------------|
| Active memory         | 755950 KiB |  20461 MiB |   2902 GiB |   2901 GiB |
|       from large pool | 755947 KiB |  20449 MiB |   2897 GiB |   2896 GiB |
|       from small pool |      2 KiB |     19 MiB |      4 GiB |      4 GiB |
|---------------------------------------------------------------------------|
| Requested memory      | 755947 KiB |  20440 MiB |   2900 GiB |   2899 GiB |
|       from large pool | 755947 KiB |  20429 MiB |   2895 GiB |   2894 GiB |
|       from small pool |      0 KiB |     19 MiB |      4 GiB |      4 GiB |
|---------------------------------------------------------------------------|
| GPU reserved memory   |   2664 MiB |  25250 MiB |  25974 MiB |  23310 MiB |
|       from large pool |   2652 MiB |  25226 MiB |  25950 MiB |  23298 MiB |
|       from small pool |     12 MiB |     24 MiB |     24 MiB |     12 MiB |
|---------------------------------------------------------------------------|
| Non-releasable memory | 610066 KiB |  10033 MiB |   2700 GiB |   2699 GiB |
|       from large pool | 601876 KiB |  10027 MiB |   2694 GiB |   2694 GiB |
|       from small pool |   8189 KiB |     13 MiB |      5 GiB |      5 GiB |
|---------------------------------------------------------------------------|
| Allocations           |       6    |    2037    |   83705    |   83699    |
|       from large pool |       2    |     701    |   59834    |   59832    |
|       from small pool |       4    |    1363    |   23871    |   23867    |
|---------------------------------------------------------------------------|
| Active allocs         |       7    |    2073    |   83705    |   83698    |
|       from large pool |       2    |     897    |   59834    |   59832    |
|       from small pool |       5    |    1363    |   23871    |   23866    |
|---------------------------------------------------------------------------|
| GPU reserved segments |      10    |     165    |     168    |     158    |
|       from large pool |       4    |     153    |     156    |     152    |
|       from small pool |       6    |      12    |      12    |       6    |
|---------------------------------------------------------------------------|
| Non-releasable allocs |       9    |     126    |   35648    |   35639    |
|       from large pool |       2    |      90    |   25568    |   25566    |
|       from small pool |       7    |      62    |   10080    |   10073    |
|---------------------------------------------------------------------------|
| Oversize allocations  |       0    |       0    |       0    |       0    |
|---------------------------------------------------------------------------|
| Oversize GPU segments |       0    |       0    |       0    |       0    |
|===========================================================================|

[2025-02-28 11:39:04,608][anemoi.training.diagnostics.callbacks.plot][INFO] - Teardown of the Plot Callback ...
[2025-02-28 11:39:04,625][anemoi.training.diagnostics.callbacks.plot][INFO] - waiting and shutting down the executor ...
[2025-02-28 11:39:04,626][anemoi.training.diagnostics.callbacks.plot][INFO] - Teardown of the Plot Callback ...
[2025-02-28 11:39:04,626][anemoi.training.diagnostics.callbacks.plot][INFO] - waiting and shutting down the executor ...
[2025-02-28 11:39:04,627][anemoi.training.diagnostics.callbacks.plot][INFO] - Teardown of the Plot Callback ...
[2025-02-28 11:39:04,628][anemoi.training.diagnostics.callbacks.plot][INFO] - waiting and shutting down the executor ...
[2025-02-28 11:39:04,629][anemoi.training.diagnostics.callbacks.plot][INFO] - Teardown of the Plot Callback ...
[2025-02-28 11:39:04,629][anemoi.training.diagnostics.callbacks.plot][INFO] - waiting and shutting down the executor ...
[2025-02-28 11:39:04,630][anemoi.training.diagnostics.callbacks.plot][INFO] - Teardown of the Plot Callback ...
[2025-02-28 11:39:04,630][anemoi.training.diagnostics.callbacks.plot][INFO] - waiting and shutting down the executor ...
[2025-02-28 11:39:04,631][anemoi.training.train.train][INFO] - memory summary: |===========================================================================|
|                  PyTorch CUDA memory summary, device ID 0                 |
|---------------------------------------------------------------------------|
|            CUDA OOMs: 0            |        cudaMalloc retries: 0         |
|===========================================================================|
|        Metric         | Cur Usage  | Peak Usage | Tot Alloc  | Tot Freed  |
|---------------------------------------------------------------------------|
| Allocated memory      | 755949 KiB |  19324 MiB |   2869 GiB |   2868 GiB |
|       from large pool | 755947 KiB |  19312 MiB |   2864 GiB |   2863 GiB |
|       from small pool |      2 KiB |     19 MiB |      4 GiB |      4 GiB |
|---------------------------------------------------------------------------|
| Active memory         | 755950 KiB |  20658 MiB |   2869 GiB |   2868 GiB |
|       from large pool | 755947 KiB |  20646 MiB |   2864 GiB |   2863 GiB |
|       from small pool |      2 KiB |     19 MiB |      4 GiB |      4 GiB |
|---------------------------------------------------------------------------|
| Requested memory      | 755947 KiB |  20645 MiB |   2867 GiB |   2866 GiB |
|       from large pool | 755947 KiB |  20633 MiB |   2862 GiB |   2861 GiB |
|       from small pool |      0 KiB |     19 MiB |      4 GiB |      4 GiB |
|---------------------------------------------------------------------------|
| GPU reserved memory   |   2930 MiB |  24164 MiB |  24886 MiB |  21956 MiB |
|       from large pool |   2918 MiB |  24140 MiB |  24862 MiB |  21944 MiB |
|       from small pool |     12 MiB |     24 MiB |     24 MiB |     12 MiB |
|---------------------------------------------------------------------------|
| Non-releasable memory | 610066 KiB |   9430 MiB |   2647 GiB |   2646 GiB |
|       from large pool | 601876 KiB |   9426 MiB |   2641 GiB |   2641 GiB |
|       from small pool |   8189 KiB |     13 MiB |      5 GiB |      5 GiB |
|---------------------------------------------------------------------------|
| Allocations           |       6    |    2037    |   83705    |   83699    |
|       from large pool |       2    |     701    |   59834    |   59832    |
|       from small pool |       4    |    1363    |   23871    |   23867    |
|---------------------------------------------------------------------------|
| Active allocs         |       7    |    2076    |   83705    |   83698    |
|       from large pool |       2    |     897    |   59834    |   59832    |
|       from small pool |       5    |    1363    |   23871    |   23866    |
|---------------------------------------------------------------------------|
| GPU reserved segments |      10    |     164    |     167    |     157    |
|       from large pool |       4    |     152    |     155    |     151    |
|       from small pool |       6    |      12    |      12    |       6    |
|---------------------------------------------------------------------------|
| Non-releasable allocs |      11    |     124    |   35928    |   35917    |
|       from large pool |       3    |      97    |   25792    |   25789    |
|       from small pool |       8    |      55    |   10136    |   10128    |
|---------------------------------------------------------------------------|
| Oversize allocations  |       0    |       0    |       0    |       0    |
|---------------------------------------------------------------------------|
| Oversize GPU segments |       0    |       0    |       0    |       0    |
|===========================================================================|

