[2025-03-12 12:05:49,421][anemoi.training.train.train][INFO] - Run id: f0f4a4de-0c87-44e3-aba7-90aabb3f0221
[2025-03-12 12:05:49,422][anemoi.training.train.train][INFO] - Checkpoints path: /work/nvme/bduu/jbanomedina/regional-ai/training/STRETCHED-6km/logs/outputs_checkpoint/f0f4a4de-0c87-44e3-aba7-90aabb3f0221
[2025-03-12 12:05:49,423][anemoi.training.train.train][INFO] - Plots path: /work/nvme/bduu/jbanomedina/regional-ai/training/STRETCHED-6km/logs/outputs_plots/f0f4a4de-0c87-44e3-aba7-90aabb3f0221
[2025-03-12 12:06:02,145][anemoi.graphs.nodes.builders.from_file][INFO] - Reading the dataset from {'cutout': [{'dataset': '/work/hdd/bduu/jbanomedina/regional-ai/data/zarrs//test-1979-01-cw3e-6km-allvars.zarr', 'thinning': 1}, {'dataset': '/work/hdd/bduu/jbanomedina/regional-ai/data/zarrs//test-1979-01-era5-31km-allvars.zarr'}], 'adjust': 'all', 'min_distance_km': 0}.
[2025-03-12 12:12:11,739][anemoi.graphs.nodes.attributes][WARNING] - SphericalAreaWeights is filling 1 (0.00%) nodes with value 0.000000
[2025-03-12 12:18:02,107][anemoi.graphs.generate.masks][INFO] - Fitting KNNAreaMaskBuilder with 1323840 reference nodes from "data (cutout)".
[2025-03-12 12:18:16,786][anemoi.graphs.edges.builder][INFO] - Using KNN-Edges (with 12 nearest neighbours) between data and hidden.
[2025-03-12 12:19:23,336][anemoi.graphs.edges.builder][INFO] - Using KNN-Edges (with 3 nearest neighbours) between hidden and data.
[2025-03-12 12:19:57,121][anemoi.graphs.create][INFO] - Cleaning graph.
[2025-03-12 12:19:57,122][anemoi.graphs.create][INFO] - _dataset deleted from graph.
[2025-03-12 12:19:57,122][anemoi.graphs.create][INFO] - _nx_graph deleted from graph.
[2025-03-12 12:19:57,123][anemoi.graphs.create][INFO] - _node_ordering deleted from graph.
[2025-03-12 12:19:57,123][anemoi.graphs.create][INFO] - _resolutions deleted from graph.
[2025-03-12 12:19:57,123][anemoi.graphs.create][INFO] - _area_mask_builder deleted from graph.
[2025-03-12 12:19:57,343][anemoi.graphs.create][INFO] - Graph saved at /work/nvme/bduu/jbanomedina/regional-ai/training/STRETCHED-6km/logs/outputs_graphs/STRETCHED-6km-8x7-12x3.pt.
[2025-03-12 12:25:43,140][anemoi.training.data.datamodule][INFO] - Timeincrement set to 1 for data with frequency, 21600, and timestep, 21600
[2025-03-12 12:25:43,149][anemoi.training.train.train][INFO] - Number of data variables: 92
[2025-03-12 12:25:43,305][pytorch_lightning.utilities.rank_zero][INFO] - Using 16bit Automatic Mixed Precision (AMP)
[2025-03-12 12:25:43,726][pytorch_lightning.utilities.rank_zero][INFO] - GPU available: True (cuda), used: True
[2025-03-12 12:25:43,726][pytorch_lightning.utilities.rank_zero][INFO] - TPU available: False, using: 0 TPU cores
[2025-03-12 12:25:43,726][pytorch_lightning.utilities.rank_zero][INFO] - HPU available: False, using: 0 HPUs
[2025-03-12 12:25:43,741][lightning_fabric.utilities.seed][INFO] - [rank: 0] Seed set to 562195
[2025-03-12 12:26:02,200][anemoi.models.preprocessing.normalizer][INFO] - Normalizing: cos_julian_day is not normalized.
[2025-03-12 12:26:02,201][anemoi.models.preprocessing.normalizer][INFO] - Normalizing: cos_latitude is not normalized.
[2025-03-12 12:26:02,201][anemoi.models.preprocessing.normalizer][INFO] - Normalizing: cos_local_time is not normalized.
[2025-03-12 12:26:02,201][anemoi.models.preprocessing.normalizer][INFO] - Normalizing: cos_longitude is not normalized.
[2025-03-12 12:26:02,201][anemoi.models.preprocessing.normalizer][INFO] - Normalizing: insolation is not normalized.
[2025-03-12 12:26:02,201][anemoi.models.preprocessing.normalizer][INFO] - Normalizing: lsm is not normalized.
[2025-03-12 12:26:02,201][anemoi.models.preprocessing.normalizer][INFO] - Normalizing: sin_julian_day is not normalized.
[2025-03-12 12:26:02,201][anemoi.models.preprocessing.normalizer][INFO] - Normalizing: sin_latitude is not normalized.
[2025-03-12 12:26:02,201][anemoi.models.preprocessing.normalizer][INFO] - Normalizing: sin_local_time is not normalized.
[2025-03-12 12:26:02,202][anemoi.models.preprocessing.normalizer][INFO] - Normalizing: sin_longitude is not normalized.
[2025-03-12 12:26:02,202][anemoi.models.preprocessing.normalizer][INFO] - Normalizing: z_sfc is not normalized.
[2025-03-12 12:26:02,536][anemoi.models.layers.utils][INFO] - Linear kernel: {'_target_': 'torch.nn.Linear', '_partial_': True}
[2025-03-12 12:26:02,537][anemoi.models.layers.utils][INFO] - LayerNorm kernel: {'_target_': 'torch.nn.LayerNorm', '_partial_': True}
[2025-03-12 12:26:03,583][anemoi.training.losses.nodeweights][INFO] - Loading node attribute area_weight from the graph
[2025-03-12 12:26:03,587][anemoi.training.train.forecaster][INFO] - Pressure level scaling: use scaler ReluPressureLevelScaler with slope 0.0010 and minimum 0.20
[2025-03-12 12:26:04,062][lightning_fabric.utilities.distributed][INFO] - Initializing distributed: GLOBAL_RANK: 0, MEMBER: 1/1
[2025-03-12 12:26:04,129][pytorch_lightning.utilities.rank_zero][INFO] - ----------------------------------------------------------------------------------------------------
distributed_backend=nccl
All distributed processes registered. Starting with 1 processes
----------------------------------------------------------------------------------------------------

[2025-03-12 12:26:05,969][pytorch_lightning.accelerators.cuda][INFO] - LOCAL_RANK: 0 - CUDA_VISIBLE_DEVICES: [0]
[2025-03-12 12:26:06,508][lightning_fabric.utilities.seed][INFO] - [rank: 0] Seed set to 562195
[2025-03-12 12:26:06,529][pytorch_lightning.callbacks.model_summary][INFO] - 
  | Name    | Type                 | Params | Mode 
---------------------------------------------------------
0 | model   | AnemoiModelInterface | 339 M  | train
1 | loss    | WeightedMSELoss      | 0      | train
2 | metrics | ModuleList           | 0      | train
---------------------------------------------------------
339 M     Trainable params
0         Non-trainable params
339 M     Total params
1,358.115 Total estimated model params size (MB)
305       Modules in train mode
0         Modules in eval mode
[2025-03-12 12:26:06,531][pytorch_lightning.trainer.connectors.signal_connector][INFO] - SLURM auto-requeueing enabled. Setting signal handlers.
[2025-03-12 12:32:35,080][anemoi.training.diagnostics.callbacks.sanity][INFO] - No variable order to compare. Skipping variable order check.
