[2025-02-27 11:04:21,893][anemoi.training.train.train][INFO] - Run id: cca9b5c9-6c78-4251-98ad-6704765648a8
[2025-02-27 11:04:21,893][anemoi.training.train.train][INFO] - Run id: e1ad5366-2bae-4da0-9de2-3b36c2808234
[2025-02-27 11:04:21,894][anemoi.training.train.train][INFO] - Checkpoints path: /work/hdd/bduu/jbanomedina/regional-ai/training/STRETCHED-6km/logs/outputs_checkpoint/cca9b5c9-6c78-4251-98ad-6704765648a8
[2025-02-27 11:04:21,894][anemoi.training.train.train][INFO] - Checkpoints path: /work/hdd/bduu/jbanomedina/regional-ai/training/STRETCHED-6km/logs/outputs_checkpoint/e1ad5366-2bae-4da0-9de2-3b36c2808234
[2025-02-27 11:04:21,894][anemoi.training.train.train][INFO] - Plots path: /work/hdd/bduu/jbanomedina/regional-ai/training/STRETCHED-6km/logs/outputs_plots/e1ad5366-2bae-4da0-9de2-3b36c2808234
[2025-02-27 11:04:21,894][anemoi.training.train.train][INFO] - Run id: e4d3529d-af50-4738-9009-c70fd710eaf8
[2025-02-27 11:04:21,894][anemoi.training.train.train][INFO] - Plots path: /work/hdd/bduu/jbanomedina/regional-ai/training/STRETCHED-6km/logs/outputs_plots/cca9b5c9-6c78-4251-98ad-6704765648a8
[2025-02-27 11:04:21,895][anemoi.training.train.train][INFO] - Checkpoints path: /work/hdd/bduu/jbanomedina/regional-ai/training/STRETCHED-6km/logs/outputs_checkpoint/e4d3529d-af50-4738-9009-c70fd710eaf8
[2025-02-27 11:04:21,895][anemoi.training.train.train][INFO] - Plots path: /work/hdd/bduu/jbanomedina/regional-ai/training/STRETCHED-6km/logs/outputs_plots/e4d3529d-af50-4738-9009-c70fd710eaf8
[2025-02-27 11:04:21,896][anemoi.training.train.train][INFO] - Run id: cf999fb4-2c21-4b80-b85b-6dda44791d63
[2025-02-27 11:04:21,897][anemoi.training.train.train][INFO] - Checkpoints path: /work/hdd/bduu/jbanomedina/regional-ai/training/STRETCHED-6km/logs/outputs_checkpoint/cf999fb4-2c21-4b80-b85b-6dda44791d63
[2025-02-27 11:04:21,897][anemoi.training.train.train][INFO] - Plots path: /work/hdd/bduu/jbanomedina/regional-ai/training/STRETCHED-6km/logs/outputs_plots/cf999fb4-2c21-4b80-b85b-6dda44791d63
[2025-02-27 11:04:26,067][anemoi.graphs.nodes.builders.from_file][INFO] - Reading the dataset from {'cutout': [{'dataset': '/work/hdd/bduu/jbanomedina/regional-ai/data/zarrs//test-1979-01-cw3e-6km-allvars.zarr', 'thinning': 1}, {'dataset': '/work/hdd/bduu/jbanomedina/regional-ai/data/zarrs//test-1979-01-era5-31km-allvars.zarr'}], 'adjust': 'all', 'min_distance_km': 0}.
[2025-02-27 11:04:26,067][anemoi.graphs.nodes.builders.from_file][INFO] - Reading the dataset from {'cutout': [{'dataset': '/work/hdd/bduu/jbanomedina/regional-ai/data/zarrs//test-1979-01-cw3e-6km-allvars.zarr', 'thinning': 1}, {'dataset': '/work/hdd/bduu/jbanomedina/regional-ai/data/zarrs//test-1979-01-era5-31km-allvars.zarr'}], 'adjust': 'all', 'min_distance_km': 0}.
[2025-02-27 11:04:26,067][anemoi.graphs.nodes.builders.from_file][INFO] - Reading the dataset from {'cutout': [{'dataset': '/work/hdd/bduu/jbanomedina/regional-ai/data/zarrs//test-1979-01-cw3e-6km-allvars.zarr', 'thinning': 1}, {'dataset': '/work/hdd/bduu/jbanomedina/regional-ai/data/zarrs//test-1979-01-era5-31km-allvars.zarr'}], 'adjust': 'all', 'min_distance_km': 0}.
[2025-02-27 11:04:26,068][anemoi.graphs.nodes.builders.from_file][INFO] - Reading the dataset from {'cutout': [{'dataset': '/work/hdd/bduu/jbanomedina/regional-ai/data/zarrs//test-1979-01-cw3e-6km-allvars.zarr', 'thinning': 1}, {'dataset': '/work/hdd/bduu/jbanomedina/regional-ai/data/zarrs//test-1979-01-era5-31km-allvars.zarr'}], 'adjust': 'all', 'min_distance_km': 0}.
[2025-02-27 11:10:33,247][anemoi.graphs.nodes.attributes][WARNING] - SphericalAreaWeights is filling 1 (0.00%) nodes with value 0.000000
[2025-02-27 11:10:34,772][anemoi.graphs.nodes.attributes][WARNING] - SphericalAreaWeights is filling 1 (0.00%) nodes with value 0.000000
[2025-02-27 11:10:35,525][anemoi.graphs.nodes.attributes][WARNING] - SphericalAreaWeights is filling 1 (0.00%) nodes with value 0.000000
[2025-02-27 11:10:43,357][anemoi.graphs.nodes.attributes][WARNING] - SphericalAreaWeights is filling 1 (0.00%) nodes with value 0.000000
[2025-02-27 11:16:21,285][anemoi.graphs.generate.masks][INFO] - Fitting KNNAreaMaskBuilder with 1323840 reference nodes from "data (cutout)".
[2025-02-27 11:16:22,852][anemoi.graphs.edges.builder][INFO] - Using KNN-Edges (with 8 nearest neighbours) between data and hidden.
[2025-02-27 11:16:22,872][anemoi.graphs.generate.masks][INFO] - Fitting KNNAreaMaskBuilder with 1323840 reference nodes from "data (cutout)".
[2025-02-27 11:16:24,421][anemoi.graphs.edges.builder][INFO] - Using KNN-Edges (with 8 nearest neighbours) between data and hidden.
[2025-02-27 11:16:25,396][anemoi.graphs.generate.masks][INFO] - Fitting KNNAreaMaskBuilder with 1323840 reference nodes from "data (cutout)".
[2025-02-27 11:16:26,952][anemoi.graphs.edges.builder][INFO] - Using KNN-Edges (with 8 nearest neighbours) between data and hidden.
[2025-02-27 11:16:31,516][anemoi.graphs.edges.builder][INFO] - Using KNN-Edges (with 3 nearest neighbours) between hidden and data.
[2025-02-27 11:16:33,139][anemoi.graphs.edges.builder][INFO] - Using KNN-Edges (with 3 nearest neighbours) between hidden and data.
[2025-02-27 11:16:35,659][anemoi.graphs.edges.builder][INFO] - Using KNN-Edges (with 3 nearest neighbours) between hidden and data.
[2025-02-27 11:16:35,979][anemoi.graphs.generate.masks][INFO] - Fitting KNNAreaMaskBuilder with 1323840 reference nodes from "data (cutout)".
[2025-02-27 11:16:37,584][anemoi.graphs.edges.builder][INFO] - Using KNN-Edges (with 8 nearest neighbours) between data and hidden.
[2025-02-27 11:16:46,511][anemoi.graphs.edges.builder][INFO] - Using KNN-Edges (with 3 nearest neighbours) between hidden and data.
[2025-02-27 11:16:48,360][anemoi.graphs.create][INFO] - Cleaning graph.
[2025-02-27 11:16:48,360][anemoi.graphs.create][INFO] - _dataset deleted from graph.
[2025-02-27 11:16:48,360][anemoi.graphs.create][INFO] - _area_mask_builder deleted from graph.
[2025-02-27 11:16:48,360][anemoi.graphs.create][INFO] - _resolutions deleted from graph.
[2025-02-27 11:16:48,360][anemoi.graphs.create][INFO] - _node_ordering deleted from graph.
[2025-02-27 11:16:48,360][anemoi.graphs.create][INFO] - _nx_graph deleted from graph.
[2025-02-27 11:16:48,652][anemoi.graphs.create][INFO] - Graph saved at /work/hdd/bduu/jbanomedina/regional-ai/training/STRETCHED-6km/logs/outputs_graphs/STRETCHED-6km-6x6.pt.
[2025-02-27 11:16:49,929][anemoi.graphs.create][INFO] - Cleaning graph.
[2025-02-27 11:16:49,930][anemoi.graphs.create][INFO] - _dataset deleted from graph.
[2025-02-27 11:16:49,930][anemoi.graphs.create][INFO] - _nx_graph deleted from graph.
[2025-02-27 11:16:49,930][anemoi.graphs.create][INFO] - _resolutions deleted from graph.
[2025-02-27 11:16:49,930][anemoi.graphs.create][INFO] - _area_mask_builder deleted from graph.
[2025-02-27 11:16:49,931][anemoi.graphs.create][INFO] - _node_ordering deleted from graph.
[2025-02-27 11:16:49,931][anemoi.graphs.create][INFO] - Graph already exists. Use overwrite=True to overwrite.
[2025-02-27 11:16:52,467][anemoi.graphs.create][INFO] - Cleaning graph.
[2025-02-27 11:16:52,468][anemoi.graphs.create][INFO] - _dataset deleted from graph.
[2025-02-27 11:16:52,468][anemoi.graphs.create][INFO] - _area_mask_builder deleted from graph.
[2025-02-27 11:16:52,468][anemoi.graphs.create][INFO] - _node_ordering deleted from graph.
[2025-02-27 11:16:52,468][anemoi.graphs.create][INFO] - _resolutions deleted from graph.
[2025-02-27 11:16:52,468][anemoi.graphs.create][INFO] - _nx_graph deleted from graph.
[2025-02-27 11:16:52,469][anemoi.graphs.create][INFO] - Graph already exists. Use overwrite=True to overwrite.
[2025-02-27 11:17:03,664][anemoi.graphs.create][INFO] - Cleaning graph.
[2025-02-27 11:17:03,665][anemoi.graphs.create][INFO] - _dataset deleted from graph.
[2025-02-27 11:17:03,665][anemoi.graphs.create][INFO] - _nx_graph deleted from graph.
[2025-02-27 11:17:03,665][anemoi.graphs.create][INFO] - _area_mask_builder deleted from graph.
[2025-02-27 11:17:03,665][anemoi.graphs.create][INFO] - _resolutions deleted from graph.
[2025-02-27 11:17:03,665][anemoi.graphs.create][INFO] - _node_ordering deleted from graph.
[2025-02-27 11:17:03,665][anemoi.graphs.create][INFO] - Graph already exists. Use overwrite=True to overwrite.
[2025-02-27 11:22:34,644][anemoi.training.data.datamodule][INFO] - Timeincrement set to 1 for data with frequency, 21600, and timestep, 21600
[2025-02-27 11:22:34,651][anemoi.training.train.train][INFO] - Number of data variables: 77
[2025-02-27 11:22:35,875][anemoi.training.data.datamodule][INFO] - Timeincrement set to 1 for data with frequency, 21600, and timestep, 21600
[2025-02-27 11:22:35,879][anemoi.training.train.train][INFO] - Number of data variables: 77
[2025-02-27 11:22:39,057][anemoi.training.data.datamodule][INFO] - Timeincrement set to 1 for data with frequency, 21600, and timestep, 21600
[2025-02-27 11:22:39,062][anemoi.training.train.train][INFO] - Number of data variables: 77
[2025-02-27 11:22:40,436][anemoi.training.diagnostics.callbacks.plot][INFO] - Setting up asynchronous plotting ...
[2025-02-27 11:22:40,437][anemoi.training.diagnostics.callbacks.plot][INFO] - Setting up asynchronous plotting ...
[2025-02-27 11:22:40,439][anemoi.training.diagnostics.callbacks.plot][INFO] - Setting up asynchronous plotting ...
[2025-02-27 11:22:40,439][anemoi.training.diagnostics.callbacks.plot][INFO] - Setting up asynchronous plotting ...
[2025-02-27 11:22:40,442][anemoi.training.diagnostics.callbacks.plot][INFO] - Setting up asynchronous plotting ...
[2025-02-27 11:22:40,443][anemoi.training.diagnostics.callbacks.plot][INFO] - Setting up asynchronous plotting ...
[2025-02-27 11:22:40,443][anemoi.training.diagnostics.callbacks.plot][INFO] - Using defined accumulation colormap for fields: ['tp']
[2025-02-27 11:22:40,443][anemoi.training.diagnostics.callbacks.plot][INFO] - Using defined accumulation colormap for fields: ['tp']
[2025-02-27 11:22:40,444][anemoi.training.diagnostics.callbacks.plot][INFO] - Setting up asynchronous plotting ...
[2025-02-27 11:22:40,445][anemoi.training.diagnostics.callbacks.plot][INFO] - Setting up asynchronous plotting ...
[2025-02-27 11:22:40,446][anemoi.training.diagnostics.callbacks.plot][INFO] - Setting up asynchronous plotting ...
[2025-02-27 11:22:40,446][anemoi.training.diagnostics.callbacks.plot][INFO] - Setting up asynchronous plotting ...
[2025-02-27 11:22:40,446][anemoi.training.diagnostics.callbacks.plot][INFO] - Using precip histogram plotting method for fields: ['tp'].
[2025-02-27 11:22:40,447][anemoi.training.diagnostics.callbacks.plot][INFO] - Using precip histogram plotting method for fields: ['tp'].
[2025-02-27 11:22:40,744][anemoi.training.diagnostics.callbacks.plot][INFO] - Setting up asynchronous plotting ...
[2025-02-27 11:22:40,746][anemoi.training.diagnostics.callbacks.plot][INFO] - Setting up asynchronous plotting ...
[2025-02-27 11:22:40,750][anemoi.training.diagnostics.callbacks.plot][INFO] - Setting up asynchronous plotting ...
[2025-02-27 11:22:40,750][anemoi.training.diagnostics.callbacks.plot][INFO] - Using defined accumulation colormap for fields: ['tp']
[2025-02-27 11:22:40,752][anemoi.training.diagnostics.callbacks.plot][INFO] - Setting up asynchronous plotting ...
[2025-02-27 11:22:40,753][anemoi.training.diagnostics.callbacks.plot][INFO] - Setting up asynchronous plotting ...
[2025-02-27 11:22:40,753][anemoi.training.diagnostics.callbacks.plot][INFO] - Using precip histogram plotting method for fields: ['tp'].
[2025-02-27 11:22:41,169][lightning_fabric.utilities.seed][INFO] - [rank: 1] Seed set to 530932
[2025-02-27 11:22:41,169][lightning_fabric.utilities.seed][INFO] - [rank: 3] Seed set to 530932
[2025-02-27 11:22:41,491][lightning_fabric.utilities.seed][INFO] - [rank: 2] Seed set to 530932
[2025-02-27 11:22:52,252][anemoi.models.preprocessing.normalizer][INFO] - Normalizing: cos_julian_day is not normalized.
[2025-02-27 11:22:52,253][anemoi.models.preprocessing.normalizer][INFO] - Normalizing: cos_latitude is not normalized.
[2025-02-27 11:22:52,253][anemoi.models.preprocessing.normalizer][INFO] - Normalizing: cos_local_time is not normalized.
[2025-02-27 11:22:52,253][anemoi.models.preprocessing.normalizer][INFO] - Normalizing: cos_longitude is not normalized.
[2025-02-27 11:22:52,253][anemoi.models.preprocessing.normalizer][INFO] - Normalizing: insolation is not normalized.
[2025-02-27 11:22:52,253][anemoi.models.preprocessing.normalizer][INFO] - Normalizing: lsm is not normalized.
[2025-02-27 11:22:52,253][anemoi.models.preprocessing.normalizer][INFO] - Normalizing: cos_julian_day is not normalized.
[2025-02-27 11:22:52,253][anemoi.models.preprocessing.normalizer][INFO] - Normalizing: sin_julian_day is not normalized.
[2025-02-27 11:22:52,253][anemoi.models.preprocessing.normalizer][INFO] - Normalizing: cos_latitude is not normalized.
[2025-02-27 11:22:52,253][anemoi.models.preprocessing.normalizer][INFO] - Normalizing: sin_latitude is not normalized.
[2025-02-27 11:22:52,253][anemoi.models.preprocessing.normalizer][INFO] - Normalizing: cos_local_time is not normalized.
[2025-02-27 11:22:52,253][anemoi.models.preprocessing.normalizer][INFO] - Normalizing: sin_local_time is not normalized.
[2025-02-27 11:22:52,253][anemoi.models.preprocessing.normalizer][INFO] - Normalizing: cos_longitude is not normalized.
[2025-02-27 11:22:52,253][anemoi.models.preprocessing.normalizer][INFO] - Normalizing: sin_longitude is not normalized.
[2025-02-27 11:22:52,253][anemoi.models.preprocessing.normalizer][INFO] - Normalizing: insolation is not normalized.
[2025-02-27 11:22:52,253][anemoi.models.preprocessing.normalizer][INFO] - Normalizing: lsm is not normalized.
[2025-02-27 11:22:52,253][anemoi.models.preprocessing.normalizer][INFO] - Normalizing: z_sfc is not normalized.
[2025-02-27 11:22:52,253][anemoi.models.preprocessing.normalizer][INFO] - Normalizing: sin_julian_day is not normalized.
[2025-02-27 11:22:52,253][anemoi.models.preprocessing.normalizer][INFO] - Normalizing: sin_latitude is not normalized.
[2025-02-27 11:22:52,253][anemoi.models.preprocessing.normalizer][INFO] - Normalizing: sin_local_time is not normalized.
[2025-02-27 11:22:52,253][anemoi.models.preprocessing.normalizer][INFO] - Normalizing: sin_longitude is not normalized.
[2025-02-27 11:22:52,253][anemoi.models.preprocessing.normalizer][INFO] - Normalizing: z_sfc is not normalized.
[2025-02-27 11:22:52,253][anemoi.models.preprocessing.normalizer][INFO] - Normalizing: cos_julian_day is not normalized.
[2025-02-27 11:22:52,254][anemoi.models.preprocessing.normalizer][INFO] - Normalizing: cos_latitude is not normalized.
[2025-02-27 11:22:52,254][anemoi.models.preprocessing.normalizer][INFO] - Normalizing: cos_local_time is not normalized.
[2025-02-27 11:22:52,254][anemoi.models.preprocessing.normalizer][INFO] - Normalizing: cos_longitude is not normalized.
[2025-02-27 11:22:52,254][anemoi.models.preprocessing.normalizer][INFO] - Normalizing: insolation is not normalized.
[2025-02-27 11:22:52,254][anemoi.models.preprocessing.normalizer][INFO] - Normalizing: lsm is not normalized.
[2025-02-27 11:22:52,254][anemoi.models.preprocessing.normalizer][INFO] - Normalizing: sin_julian_day is not normalized.
[2025-02-27 11:22:52,255][anemoi.models.preprocessing.normalizer][INFO] - Normalizing: sin_latitude is not normalized.
[2025-02-27 11:22:52,255][anemoi.models.preprocessing.normalizer][INFO] - Normalizing: sin_local_time is not normalized.
[2025-02-27 11:22:52,255][anemoi.models.preprocessing.normalizer][INFO] - Normalizing: sin_longitude is not normalized.
[2025-02-27 11:22:52,255][anemoi.models.preprocessing.normalizer][INFO] - Normalizing: z_sfc is not normalized.
[2025-02-27 11:22:52,400][anemoi.models.layers.utils][INFO] - Linear kernel: {'_target_': 'torch.nn.Linear', '_partial_': True}
[2025-02-27 11:22:52,401][anemoi.models.layers.utils][INFO] - Linear kernel: {'_target_': 'torch.nn.Linear', '_partial_': True}
[2025-02-27 11:22:52,401][anemoi.models.layers.utils][INFO] - Linear kernel: {'_target_': 'torch.nn.Linear', '_partial_': True}
[2025-02-27 11:22:52,401][anemoi.models.layers.utils][INFO] - LayerNorm kernel: {'_target_': 'torch.nn.LayerNorm', '_partial_': True}
[2025-02-27 11:22:52,401][anemoi.models.layers.utils][INFO] - LayerNorm kernel: {'_target_': 'torch.nn.LayerNorm', '_partial_': True}
[2025-02-27 11:22:52,402][anemoi.models.layers.utils][INFO] - LayerNorm kernel: {'_target_': 'torch.nn.LayerNorm', '_partial_': True}
[2025-02-27 11:22:53,231][anemoi.training.losses.nodeweights][INFO] - Loading node attribute area_weight from the graph
[2025-02-27 11:22:53,231][anemoi.training.losses.nodeweights][INFO] - Loading node attribute area_weight from the graph
[2025-02-27 11:22:53,231][anemoi.training.losses.nodeweights][INFO] - Loading node attribute area_weight from the graph
[2025-02-27 11:22:53,234][anemoi.training.train.forecaster][INFO] - Pressure level scaling: use scaler ReluPressureLevelScaler with slope 0.0010 and minimum 0.20
[2025-02-27 11:22:53,234][anemoi.training.train.forecaster][INFO] - Pressure level scaling: use scaler ReluPressureLevelScaler with slope 0.0010 and minimum 0.20
[2025-02-27 11:22:53,235][anemoi.training.train.forecaster][INFO] - Pressure level scaling: use scaler ReluPressureLevelScaler with slope 0.0010 and minimum 0.20
[2025-02-27 11:22:57,913][anemoi.training.data.datamodule][INFO] - Timeincrement set to 1 for data with frequency, 21600, and timestep, 21600
[2025-02-27 11:22:57,918][anemoi.training.train.train][INFO] - Number of data variables: 77
[2025-02-27 11:22:59,075][lightning_fabric.utilities.distributed][INFO] - Initializing distributed: GLOBAL_RANK: 1, MEMBER: 2/4
[2025-02-27 11:22:59,104][lightning_fabric.utilities.distributed][INFO] - Initializing distributed: GLOBAL_RANK: 3, MEMBER: 4/4
[2025-02-27 11:22:59,182][lightning_fabric.utilities.distributed][INFO] - Initializing distributed: GLOBAL_RANK: 2, MEMBER: 3/4
[2025-02-27 11:22:59,502][anemoi.training.diagnostics.callbacks.plot][INFO] - Setting up asynchronous plotting ...
[2025-02-27 11:22:59,504][anemoi.training.diagnostics.callbacks.plot][INFO] - Setting up asynchronous plotting ...
[2025-02-27 11:22:59,508][anemoi.training.diagnostics.callbacks.plot][INFO] - Setting up asynchronous plotting ...
[2025-02-27 11:22:59,509][anemoi.training.diagnostics.callbacks.plot][INFO] - Using defined accumulation colormap for fields: ['tp']
[2025-02-27 11:22:59,510][anemoi.training.diagnostics.callbacks.plot][INFO] - Setting up asynchronous plotting ...
[2025-02-27 11:22:59,512][anemoi.training.diagnostics.callbacks.plot][INFO] - Setting up asynchronous plotting ...
[2025-02-27 11:22:59,512][anemoi.training.diagnostics.callbacks.plot][INFO] - Using precip histogram plotting method for fields: ['tp'].
[2025-02-27 11:22:59,754][pytorch_lightning.utilities.rank_zero][INFO] - Using 16bit Automatic Mixed Precision (AMP)
[2025-02-27 11:22:59,791][pytorch_lightning.utilities.rank_zero][INFO] - GPU available: True (cuda), used: True
[2025-02-27 11:22:59,791][pytorch_lightning.utilities.rank_zero][INFO] - TPU available: False, using: 0 TPU cores
[2025-02-27 11:22:59,791][pytorch_lightning.utilities.rank_zero][INFO] - HPU available: False, using: 0 HPUs
[2025-02-27 11:22:59,796][lightning_fabric.utilities.seed][INFO] - [rank: 0] Seed set to 530932
[2025-02-27 11:23:00,946][anemoi.models.preprocessing.normalizer][INFO] - Normalizing: cos_julian_day is not normalized.
[2025-02-27 11:23:00,946][anemoi.models.preprocessing.normalizer][INFO] - Normalizing: cos_latitude is not normalized.
[2025-02-27 11:23:00,946][anemoi.models.preprocessing.normalizer][INFO] - Normalizing: cos_local_time is not normalized.
[2025-02-27 11:23:00,946][anemoi.models.preprocessing.normalizer][INFO] - Normalizing: cos_longitude is not normalized.
[2025-02-27 11:23:00,946][anemoi.models.preprocessing.normalizer][INFO] - Normalizing: insolation is not normalized.
[2025-02-27 11:23:00,946][anemoi.models.preprocessing.normalizer][INFO] - Normalizing: lsm is not normalized.
[2025-02-27 11:23:00,946][anemoi.models.preprocessing.normalizer][INFO] - Normalizing: sin_julian_day is not normalized.
[2025-02-27 11:23:00,946][anemoi.models.preprocessing.normalizer][INFO] - Normalizing: sin_latitude is not normalized.
[2025-02-27 11:23:00,946][anemoi.models.preprocessing.normalizer][INFO] - Normalizing: sin_local_time is not normalized.
[2025-02-27 11:23:00,946][anemoi.models.preprocessing.normalizer][INFO] - Normalizing: sin_longitude is not normalized.
[2025-02-27 11:23:00,946][anemoi.models.preprocessing.normalizer][INFO] - Normalizing: z_sfc is not normalized.
[2025-02-27 11:23:01,029][anemoi.models.layers.utils][INFO] - Linear kernel: {'_target_': 'torch.nn.Linear', '_partial_': True}
[2025-02-27 11:23:01,030][anemoi.models.layers.utils][INFO] - LayerNorm kernel: {'_target_': 'torch.nn.LayerNorm', '_partial_': True}
[2025-02-27 11:23:01,851][anemoi.training.losses.nodeweights][INFO] - Loading node attribute area_weight from the graph
[2025-02-27 11:23:01,852][anemoi.training.train.forecaster][INFO] - Pressure level scaling: use scaler ReluPressureLevelScaler with slope 0.0010 and minimum 0.20
[2025-02-27 11:23:02,461][lightning_fabric.utilities.distributed][INFO] - Initializing distributed: GLOBAL_RANK: 0, MEMBER: 1/4
[2025-02-27 11:23:03,622][pytorch_lightning.utilities.rank_zero][INFO] - ----------------------------------------------------------------------------------------------------
distributed_backend=nccl
All distributed processes registered. Starting with 4 processes
----------------------------------------------------------------------------------------------------

[2025-02-27 11:23:10,024][pytorch_lightning.accelerators.cuda][INFO] - LOCAL_RANK: 0 - CUDA_VISIBLE_DEVICES: [0,1,2,3]
[2025-02-27 11:23:10,024][pytorch_lightning.accelerators.cuda][INFO] - LOCAL_RANK: 2 - CUDA_VISIBLE_DEVICES: [0,1,2,3]
[2025-02-27 11:23:10,024][pytorch_lightning.accelerators.cuda][INFO] - LOCAL_RANK: 1 - CUDA_VISIBLE_DEVICES: [0,1,2,3]
[2025-02-27 11:23:10,024][pytorch_lightning.accelerators.cuda][INFO] - LOCAL_RANK: 3 - CUDA_VISIBLE_DEVICES: [0,1,2,3]
[2025-02-27 11:23:10,171][lightning_fabric.utilities.seed][INFO] - [rank: 2] Seed set to 530932
[2025-02-27 11:23:10,171][lightning_fabric.utilities.seed][INFO] - [rank: 0] Seed set to 530932
[2025-02-27 11:23:10,171][lightning_fabric.utilities.seed][INFO] - [rank: 3] Seed set to 530932
[2025-02-27 11:23:10,172][lightning_fabric.utilities.seed][INFO] - [rank: 1] Seed set to 530932
[2025-02-27 11:23:10,180][pytorch_lightning.callbacks.model_summary][INFO] - 
  | Name    | Type                 | Params | Mode 
---------------------------------------------------------
0 | model   | AnemoiModelInterface | 309 M  | train
1 | loss    | WeightedMSELoss      | 0      | train
2 | metrics | ModuleList           | 0      | train
---------------------------------------------------------
309 M     Trainable params
0         Non-trainable params
309 M     Total params
1,239.959 Total estimated model params size (MB)
305       Modules in train mode
0         Modules in eval mode
[2025-02-27 11:23:10,186][pytorch_lightning.trainer.connectors.signal_connector][INFO] - SLURM auto-requeueing enabled. Setting signal handlers.
[2025-02-27 11:23:10,186][pytorch_lightning.trainer.connectors.signal_connector][INFO] - SLURM auto-requeueing enabled. Setting signal handlers.
[2025-02-27 11:23:10,186][pytorch_lightning.trainer.connectors.signal_connector][INFO] - SLURM auto-requeueing enabled. Setting signal handlers.
[2025-02-27 11:23:10,186][pytorch_lightning.trainer.connectors.signal_connector][INFO] - SLURM auto-requeueing enabled. Setting signal handlers.
[2025-02-27 11:24:15,114][pytorch_lightning.trainer.connectors.signal_connector][INFO] - [rank: 0] Received SIGTERM: 15
[2025-02-27 11:24:15,114][pytorch_lightning.trainer.connectors.signal_connector][INFO] - [rank: 2] Received SIGTERM: 15
[2025-02-27 11:24:15,114][pytorch_lightning.trainer.connectors.signal_connector][INFO] - [rank: 1] Received SIGTERM: 15
[2025-02-27 11:24:15,114][pytorch_lightning.trainer.connectors.signal_connector][INFO] - Bypassing SIGTERM: 15
[2025-02-27 11:24:15,114][pytorch_lightning.trainer.connectors.signal_connector][INFO] - Bypassing SIGTERM: 15
[2025-02-27 11:24:15,114][pytorch_lightning.trainer.connectors.signal_connector][INFO] - [rank: 3] Received SIGTERM: 15
[2025-02-27 11:24:15,117][pytorch_lightning.trainer.connectors.signal_connector][INFO] - Bypassing SIGTERM: 15
[2025-02-27 11:24:15,117][pytorch_lightning.trainer.connectors.signal_connector][INFO] - [rank: 0] Received SIGTERM: 15
[2025-02-27 11:24:15,117][pytorch_lightning.trainer.connectors.signal_connector][INFO] - [rank: 2] Received SIGTERM: 15
[2025-02-27 11:24:15,118][pytorch_lightning.trainer.connectors.signal_connector][INFO] - Bypassing SIGTERM: 15
[2025-02-27 11:24:15,118][pytorch_lightning.trainer.connectors.signal_connector][INFO] - Bypassing SIGTERM: 15
[2025-02-27 11:24:15,157][pytorch_lightning.trainer.connectors.signal_connector][INFO] - Bypassing SIGTERM: 15
