[2025-04-07 18:41:35,236][anemoi.training.train.train][INFO] - Run id: adec2c49-bbfe-421a-bff7-87095a4bde58
[2025-04-07 18:41:35,237][anemoi.training.train.train][INFO] - Checkpoints path: /work/nvme/bduu/jbanomedina/regional-ai/training/STRETCHED-6km/logs/outputs_checkpoint/adec2c49-bbfe-421a-bff7-87095a4bde58
[2025-04-07 18:41:35,237][anemoi.training.train.train][INFO] - Plots path: /work/nvme/bduu/jbanomedina/regional-ai/training/STRETCHED-6km/logs/outputs_plots/adec2c49-bbfe-421a-bff7-87095a4bde58
[2025-04-07 18:41:35,237][anemoi.training.train.train][INFO] - Run id: 8de0c936-ccb0-43c3-935c-f9e7ef8569e2
[2025-04-07 18:41:35,238][anemoi.training.train.train][INFO] - Checkpoints path: /work/nvme/bduu/jbanomedina/regional-ai/training/STRETCHED-6km/logs/outputs_checkpoint/8de0c936-ccb0-43c3-935c-f9e7ef8569e2
[2025-04-07 18:41:35,238][anemoi.training.train.train][INFO] - Run id: 3a8c5ec7-bf3f-4f7d-b419-ba947e4c7cf7
[2025-04-07 18:41:35,238][anemoi.training.train.train][INFO] - Plots path: /work/nvme/bduu/jbanomedina/regional-ai/training/STRETCHED-6km/logs/outputs_plots/8de0c936-ccb0-43c3-935c-f9e7ef8569e2
[2025-04-07 18:41:35,238][anemoi.training.train.train][INFO] - Checkpoints path: /work/nvme/bduu/jbanomedina/regional-ai/training/STRETCHED-6km/logs/outputs_checkpoint/3a8c5ec7-bf3f-4f7d-b419-ba947e4c7cf7
[2025-04-07 18:41:35,239][anemoi.training.train.train][INFO] - Plots path: /work/nvme/bduu/jbanomedina/regional-ai/training/STRETCHED-6km/logs/outputs_plots/3a8c5ec7-bf3f-4f7d-b419-ba947e4c7cf7
[2025-04-07 18:41:35,239][anemoi.training.train.train][INFO] - Run id: 6e0e6c44-6e37-4f64-b7b0-42855fe75094
[2025-04-07 18:41:35,240][anemoi.training.train.train][INFO] - Checkpoints path: /work/nvme/bduu/jbanomedina/regional-ai/training/STRETCHED-6km/logs/outputs_checkpoint/6e0e6c44-6e37-4f64-b7b0-42855fe75094
[2025-04-07 18:41:35,240][anemoi.training.train.train][INFO] - Plots path: /work/nvme/bduu/jbanomedina/regional-ai/training/STRETCHED-6km/logs/outputs_plots/6e0e6c44-6e37-4f64-b7b0-42855fe75094
[2025-04-07 18:41:35,253][anemoi.training.train.train][INFO] - Loading graph data from /work/nvme/bduu/jbanomedina/regional-ai/training/STRETCHED-6km/logs/outputs_graphs/STRETCHED-6km-9x7-12x3.pt
[2025-04-07 18:41:35,253][anemoi.training.train.train][INFO] - Loading graph data from /work/nvme/bduu/jbanomedina/regional-ai/training/STRETCHED-6km/logs/outputs_graphs/STRETCHED-6km-9x7-12x3.pt
[2025-04-07 18:41:35,253][anemoi.training.train.train][INFO] - Loading graph data from /work/nvme/bduu/jbanomedina/regional-ai/training/STRETCHED-6km/logs/outputs_graphs/STRETCHED-6km-9x7-12x3.pt
[2025-04-07 18:41:35,254][anemoi.training.train.train][INFO] - Loading graph data from /work/nvme/bduu/jbanomedina/regional-ai/training/STRETCHED-6km/logs/outputs_graphs/STRETCHED-6km-9x7-12x3.pt
[2025-04-07 18:47:17,941][anemoi.training.data.datamodule][INFO] - Timeincrement set to 1 for data with frequency, 21600, and timestep, 21600
[2025-04-07 18:47:17,960][anemoi.training.train.train][INFO] - Number of data variables: 87
[2025-04-07 18:47:17,960][anemoi.training.train.train][INFO] - Training limits: max_epochs=10, max_steps=25000. Training will stop when either limit is reached first. Learning rate scheduler will run for 25000 steps.
[2025-04-07 18:47:21,364][anemoi.training.data.datamodule][INFO] - Timeincrement set to 1 for data with frequency, 21600, and timestep, 21600
[2025-04-07 18:47:21,369][anemoi.training.train.train][INFO] - Number of data variables: 87
[2025-04-07 18:47:21,369][anemoi.training.train.train][INFO] - Training limits: max_epochs=10, max_steps=25000. Training will stop when either limit is reached first. Learning rate scheduler will run for 25000 steps.
[2025-04-07 18:47:22,320][anemoi.training.data.datamodule][INFO] - Timeincrement set to 1 for data with frequency, 21600, and timestep, 21600
[2025-04-07 18:47:22,324][anemoi.training.train.train][INFO] - Number of data variables: 87
[2025-04-07 18:47:22,324][anemoi.training.train.train][INFO] - Training limits: max_epochs=10, max_steps=25000. Training will stop when either limit is reached first. Learning rate scheduler will run for 25000 steps.
[2025-04-07 18:47:23,409][anemoi.training.data.datamodule][INFO] - Timeincrement set to 1 for data with frequency, 21600, and timestep, 21600
[2025-04-07 18:47:23,413][anemoi.training.train.train][INFO] - Number of data variables: 87
[2025-04-07 18:47:23,414][anemoi.training.train.train][INFO] - Training limits: max_epochs=10, max_steps=25000. Training will stop when either limit is reached first. Learning rate scheduler will run for 25000 steps.
[2025-04-07 18:47:32,964][anemoi.training.diagnostics.callbacks.plot][INFO] - Setting up asynchronous plotting ...
[2025-04-07 18:47:32,964][anemoi.training.diagnostics.callbacks.plot][INFO] - Setting up asynchronous plotting ...
[2025-04-07 18:47:32,965][anemoi.training.diagnostics.callbacks.plot][INFO] - Setting up asynchronous plotting ...
[2025-04-07 18:47:32,965][anemoi.training.diagnostics.callbacks.plot][INFO] - Setting up asynchronous plotting ...
[2025-04-07 18:47:32,967][anemoi.training.diagnostics.callbacks.plot][INFO] - Setting up asynchronous plotting ...
[2025-04-07 18:47:32,967][anemoi.training.diagnostics.callbacks.plot][INFO] - Setting up asynchronous plotting ...
[2025-04-07 18:47:32,967][anemoi.training.diagnostics.callbacks.plot][INFO] - Setting up asynchronous plotting ...
[2025-04-07 18:47:32,967][anemoi.training.diagnostics.callbacks.plot][INFO] - Setting up asynchronous plotting ...
[2025-04-07 18:47:32,970][anemoi.training.diagnostics.callbacks.plot][INFO] - Setting up asynchronous plotting ...
[2025-04-07 18:47:32,971][anemoi.training.diagnostics.callbacks.plot][INFO] - Setting up asynchronous plotting ...
[2025-04-07 18:47:32,971][anemoi.training.diagnostics.callbacks.plot][INFO] - Setting up asynchronous plotting ...
[2025-04-07 18:47:32,971][anemoi.training.diagnostics.callbacks.plot][INFO] - Using defined accumulation colormap for fields: ['tp']
[2025-04-07 18:47:32,971][anemoi.training.diagnostics.callbacks.plot][INFO] - Setting up asynchronous plotting ...
[2025-04-07 18:47:32,971][anemoi.training.diagnostics.callbacks.plot][INFO] - Using defined accumulation colormap for fields: ['tp']
[2025-04-07 18:47:32,971][anemoi.training.diagnostics.callbacks.plot][INFO] - Using defined accumulation colormap for fields: ['tp']
[2025-04-07 18:47:32,972][anemoi.training.diagnostics.callbacks.plot][INFO] - Using defined accumulation colormap for fields: ['tp']
[2025-04-07 18:47:32,973][anemoi.training.diagnostics.callbacks.plot][INFO] - Setting up asynchronous plotting ...
[2025-04-07 18:47:32,973][anemoi.training.diagnostics.callbacks.plot][INFO] - Setting up asynchronous plotting ...
[2025-04-07 18:47:32,973][anemoi.training.diagnostics.callbacks.plot][INFO] - Setting up asynchronous plotting ...
[2025-04-07 18:47:32,973][anemoi.training.diagnostics.callbacks.plot][INFO] - Setting up asynchronous plotting ...
[2025-04-07 18:47:32,974][anemoi.training.diagnostics.callbacks.plot][INFO] - Setting up asynchronous plotting ...
[2025-04-07 18:47:32,974][anemoi.training.diagnostics.callbacks.plot][INFO] - Setting up asynchronous plotting ...
[2025-04-07 18:47:32,975][anemoi.training.diagnostics.callbacks.plot][INFO] - Using precip histogram plotting method for fields: ['tp'].
[2025-04-07 18:47:32,975][anemoi.training.diagnostics.callbacks.plot][INFO] - Using precip histogram plotting method for fields: ['tp'].
[2025-04-07 18:47:32,975][anemoi.training.diagnostics.callbacks.plot][INFO] - Setting up asynchronous plotting ...
[2025-04-07 18:47:32,975][anemoi.training.diagnostics.callbacks.plot][INFO] - Setting up asynchronous plotting ...
[2025-04-07 18:47:32,975][anemoi.training.diagnostics.callbacks.plot][INFO] - Using precip histogram plotting method for fields: ['tp'].
[2025-04-07 18:47:32,976][anemoi.training.diagnostics.callbacks.plot][INFO] - Using precip histogram plotting method for fields: ['tp'].
[2025-04-07 18:47:34,203][pytorch_lightning.utilities.rank_zero][INFO] - Using 16bit Automatic Mixed Precision (AMP)
[2025-04-07 18:47:34,344][pytorch_lightning.utilities.rank_zero][INFO] - GPU available: True (cuda), used: True
[2025-04-07 18:47:34,344][pytorch_lightning.utilities.rank_zero][INFO] - TPU available: False, using: 0 TPU cores
[2025-04-07 18:47:34,344][pytorch_lightning.utilities.rank_zero][INFO] - HPU available: False, using: 0 HPUs
[2025-04-07 18:47:34,438][lightning_fabric.utilities.seed][INFO] - [rank: 0] Seed set to 617196
[2025-04-07 18:47:34,438][lightning_fabric.utilities.seed][INFO] - [rank: 1] Seed set to 617196
[2025-04-07 18:47:34,439][lightning_fabric.utilities.seed][INFO] - [rank: 2] Seed set to 617196
[2025-04-07 18:47:34,438][lightning_fabric.utilities.seed][INFO] - [rank: 3] Seed set to 617196
[2025-04-07 18:47:53,207][anemoi.models.preprocessing.normalizer][INFO] - Normalizing: cos_julian_day is not normalized.
[2025-04-07 18:47:53,207][anemoi.models.preprocessing.normalizer][INFO] - Normalizing: cos_julian_day is not normalized.
[2025-04-07 18:47:53,207][anemoi.models.preprocessing.normalizer][INFO] - Normalizing: cos_latitude is not normalized.
[2025-04-07 18:47:53,207][anemoi.models.preprocessing.normalizer][INFO] - Normalizing: cos_latitude is not normalized.
[2025-04-07 18:47:53,207][anemoi.models.preprocessing.normalizer][INFO] - Normalizing: cos_local_time is not normalized.
[2025-04-07 18:47:53,207][anemoi.models.preprocessing.normalizer][INFO] - Normalizing: cos_local_time is not normalized.
[2025-04-07 18:47:53,207][anemoi.models.preprocessing.normalizer][INFO] - Normalizing: cos_longitude is not normalized.
[2025-04-07 18:47:53,207][anemoi.models.preprocessing.normalizer][INFO] - Normalizing: cos_longitude is not normalized.
[2025-04-07 18:47:53,207][anemoi.models.preprocessing.normalizer][INFO] - Normalizing: insolation is not normalized.
[2025-04-07 18:47:53,207][anemoi.models.preprocessing.normalizer][INFO] - Normalizing: insolation is not normalized.
[2025-04-07 18:47:53,207][anemoi.models.preprocessing.normalizer][INFO] - Normalizing: lsm is not normalized.
[2025-04-07 18:47:53,207][anemoi.models.preprocessing.normalizer][INFO] - Normalizing: lsm is not normalized.
[2025-04-07 18:47:53,208][anemoi.models.preprocessing.normalizer][INFO] - Normalizing: sin_julian_day is not normalized.
[2025-04-07 18:47:53,208][anemoi.models.preprocessing.normalizer][INFO] - Normalizing: sin_julian_day is not normalized.
[2025-04-07 18:47:53,208][anemoi.models.preprocessing.normalizer][INFO] - Normalizing: sin_latitude is not normalized.
[2025-04-07 18:47:53,208][anemoi.models.preprocessing.normalizer][INFO] - Normalizing: sin_latitude is not normalized.
[2025-04-07 18:47:53,208][anemoi.models.preprocessing.normalizer][INFO] - Normalizing: sin_local_time is not normalized.
[2025-04-07 18:47:53,208][anemoi.models.preprocessing.normalizer][INFO] - Normalizing: sin_local_time is not normalized.
[2025-04-07 18:47:53,208][anemoi.models.preprocessing.normalizer][INFO] - Normalizing: sin_longitude is not normalized.
[2025-04-07 18:47:53,208][anemoi.models.preprocessing.normalizer][INFO] - Normalizing: sin_longitude is not normalized.
[2025-04-07 18:47:53,208][anemoi.models.preprocessing.normalizer][INFO] - Normalizing: z_sfc is not normalized.
[2025-04-07 18:47:53,208][anemoi.models.preprocessing.normalizer][INFO] - Normalizing: z_sfc is not normalized.
[2025-04-07 18:47:53,208][anemoi.models.preprocessing.normalizer][INFO] - Normalizing: cos_julian_day is not normalized.
[2025-04-07 18:47:53,208][anemoi.models.preprocessing.normalizer][INFO] - Normalizing: cos_latitude is not normalized.
[2025-04-07 18:47:53,208][anemoi.models.preprocessing.normalizer][INFO] - Normalizing: cos_local_time is not normalized.
[2025-04-07 18:47:53,208][anemoi.models.preprocessing.normalizer][INFO] - Normalizing: cos_longitude is not normalized.
[2025-04-07 18:47:53,208][anemoi.models.preprocessing.normalizer][INFO] - Normalizing: insolation is not normalized.
[2025-04-07 18:47:53,208][anemoi.models.preprocessing.normalizer][INFO] - Normalizing: lsm is not normalized.
[2025-04-07 18:47:53,209][anemoi.models.preprocessing.normalizer][INFO] - Normalizing: sin_julian_day is not normalized.
[2025-04-07 18:47:53,209][anemoi.models.preprocessing.normalizer][INFO] - Normalizing: sin_latitude is not normalized.
[2025-04-07 18:47:53,209][anemoi.models.preprocessing.normalizer][INFO] - Normalizing: sin_local_time is not normalized.
[2025-04-07 18:47:53,209][anemoi.models.preprocessing.normalizer][INFO] - Normalizing: sin_longitude is not normalized.
[2025-04-07 18:47:53,209][anemoi.models.preprocessing.normalizer][INFO] - Normalizing: z_sfc is not normalized.
[2025-04-07 18:47:53,220][anemoi.models.preprocessing.normalizer][INFO] - Normalizing: cos_julian_day is not normalized.
[2025-04-07 18:47:53,220][anemoi.models.preprocessing.normalizer][INFO] - Normalizing: cos_latitude is not normalized.
[2025-04-07 18:47:53,220][anemoi.models.preprocessing.normalizer][INFO] - Normalizing: cos_local_time is not normalized.
[2025-04-07 18:47:53,221][anemoi.models.preprocessing.normalizer][INFO] - Normalizing: cos_longitude is not normalized.
[2025-04-07 18:47:53,221][anemoi.models.preprocessing.normalizer][INFO] - Normalizing: insolation is not normalized.
[2025-04-07 18:47:53,221][anemoi.models.preprocessing.normalizer][INFO] - Normalizing: lsm is not normalized.
[2025-04-07 18:47:53,221][anemoi.models.preprocessing.normalizer][INFO] - Normalizing: sin_julian_day is not normalized.
[2025-04-07 18:47:53,221][anemoi.models.preprocessing.normalizer][INFO] - Normalizing: sin_latitude is not normalized.
[2025-04-07 18:47:53,221][anemoi.models.preprocessing.normalizer][INFO] - Normalizing: sin_local_time is not normalized.
[2025-04-07 18:47:53,221][anemoi.models.preprocessing.normalizer][INFO] - Normalizing: sin_longitude is not normalized.
[2025-04-07 18:47:53,221][anemoi.models.preprocessing.normalizer][INFO] - Normalizing: z_sfc is not normalized.
[2025-04-07 18:47:53,449][anemoi.models.layers.utils][INFO] - Linear kernel: {'_target_': 'torch.nn.Linear', '_partial_': True}
[2025-04-07 18:47:53,449][anemoi.models.layers.utils][INFO] - Linear kernel: {'_target_': 'torch.nn.Linear', '_partial_': True}
[2025-04-07 18:47:53,449][anemoi.models.layers.utils][INFO] - Linear kernel: {'_target_': 'torch.nn.Linear', '_partial_': True}
[2025-04-07 18:47:53,449][anemoi.models.layers.utils][INFO] - LayerNorm kernel: {'_target_': 'torch.nn.LayerNorm', '_partial_': True}
[2025-04-07 18:47:53,450][anemoi.models.layers.utils][INFO] - LayerNorm kernel: {'_target_': 'torch.nn.LayerNorm', '_partial_': True}
[2025-04-07 18:47:53,450][anemoi.models.layers.utils][INFO] - Linear kernel: {'_target_': 'torch.nn.Linear', '_partial_': True}
[2025-04-07 18:47:53,450][anemoi.models.layers.utils][INFO] - LayerNorm kernel: {'_target_': 'torch.nn.LayerNorm', '_partial_': True}
[2025-04-07 18:47:53,450][anemoi.models.layers.utils][INFO] - LayerNorm kernel: {'_target_': 'torch.nn.LayerNorm', '_partial_': True}
[2025-04-07 18:47:58,239][anemoi.training.losses.nodeweights][INFO] - Loading node attribute area_weight from the graph
[2025-04-07 18:47:58,239][anemoi.training.losses.nodeweights][INFO] - Loading node attribute area_weight from the graph
[2025-04-07 18:47:58,239][anemoi.training.losses.nodeweights][INFO] - Loading node attribute area_weight from the graph
[2025-04-07 18:47:58,239][anemoi.training.losses.nodeweights][INFO] - Loading node attribute area_weight from the graph
[2025-04-07 18:47:58,244][anemoi.training.train.forecaster][INFO] - Pressure level scaling: use scaler ReluPressureLevelScaler with slope 0.0010 and minimum 0.20
[2025-04-07 18:47:58,244][anemoi.training.train.forecaster][INFO] - Pressure level scaling: use scaler ReluPressureLevelScaler with slope 0.0010 and minimum 0.20
[2025-04-07 18:47:58,244][anemoi.training.train.forecaster][INFO] - Pressure level scaling: use scaler ReluPressureLevelScaler with slope 0.0010 and minimum 0.20
[2025-04-07 18:47:58,245][anemoi.training.train.forecaster][INFO] - Pressure level scaling: use scaler ReluPressureLevelScaler with slope 0.0010 and minimum 0.20
[2025-04-07 18:47:58,386][anemoi.training.train.train][INFO] - Resuming training from last checkpoint: /work/nvme/bduu/jbanomedina/regional-ai/training/STRETCHED-6km/logs/outputs_checkpoint/source/last.ckpt
[2025-04-07 18:47:58,386][anemoi.training.train.train][INFO] - Resuming training from last checkpoint: /work/nvme/bduu/jbanomedina/regional-ai/training/STRETCHED-6km/logs/outputs_checkpoint/source/last.ckpt
[2025-04-07 18:47:58,386][anemoi.training.train.train][INFO] - Resuming training from last checkpoint: /work/nvme/bduu/jbanomedina/regional-ai/training/STRETCHED-6km/logs/outputs_checkpoint/source/last.ckpt
[2025-04-07 18:47:58,386][anemoi.training.train.train][INFO] - Resuming training from last checkpoint: /work/nvme/bduu/jbanomedina/regional-ai/training/STRETCHED-6km/logs/outputs_checkpoint/source/last.ckpt
[2025-04-07 18:47:58,386][anemoi.training.train.train][INFO] - Loading weights with Transfer Learning from /work/nvme/bduu/jbanomedina/regional-ai/training/STRETCHED-6km/logs/outputs_checkpoint/source/last.ckpt
[2025-04-07 18:47:58,386][anemoi.training.train.train][INFO] - Loading weights with Transfer Learning from /work/nvme/bduu/jbanomedina/regional-ai/training/STRETCHED-6km/logs/outputs_checkpoint/source/last.ckpt
[2025-04-07 18:47:58,386][anemoi.training.train.train][INFO] - Loading weights with Transfer Learning from /work/nvme/bduu/jbanomedina/regional-ai/training/STRETCHED-6km/logs/outputs_checkpoint/source/last.ckpt
[2025-04-07 18:47:58,386][anemoi.training.train.train][INFO] - Loading weights with Transfer Learning from /work/nvme/bduu/jbanomedina/regional-ai/training/STRETCHED-6km/logs/outputs_checkpoint/source/last.ckpt
[2025-04-07 18:47:59,395][anemoi.training.utils.checkpoint][INFO] - Skipping loading parameter: model.model.node_attributes.latlons_data
[2025-04-07 18:47:59,395][anemoi.training.utils.checkpoint][INFO] - Checkpoint shape: torch.Size([542080, 4])
[2025-04-07 18:47:59,396][anemoi.training.utils.checkpoint][INFO] - Model shape: torch.Size([1817063, 4])
[2025-04-07 18:47:59,396][anemoi.training.utils.checkpoint][INFO] - Skipping loading parameter: model.model.node_attributes.latlons_hidden
[2025-04-07 18:47:59,396][anemoi.training.utils.checkpoint][INFO] - Checkpoint shape: torch.Size([163842, 4])
[2025-04-07 18:47:59,396][anemoi.training.utils.checkpoint][INFO] - Model shape: torch.Size([387462, 4])
[2025-04-07 18:47:59,396][anemoi.training.utils.checkpoint][INFO] - Skipping loading parameter: loss.node_weights
[2025-04-07 18:47:59,396][anemoi.training.utils.checkpoint][INFO] - Checkpoint shape: torch.Size([542080])
[2025-04-07 18:47:59,396][anemoi.training.utils.checkpoint][INFO] - Model shape: torch.Size([1817063])
[2025-04-07 18:47:59,396][anemoi.training.utils.checkpoint][INFO] - Skipping loading parameter: metrics.0.node_weights
[2025-04-07 18:47:59,396][anemoi.training.utils.checkpoint][INFO] - Checkpoint shape: torch.Size([542080])
[2025-04-07 18:47:59,396][anemoi.training.utils.checkpoint][INFO] - Model shape: torch.Size([1817063])
[2025-04-07 18:47:59,397][anemoi.training.utils.checkpoint][INFO] - Skipping loading parameter: model.model.node_attributes.latlons_data
[2025-04-07 18:47:59,397][anemoi.training.utils.checkpoint][INFO] - Checkpoint shape: torch.Size([542080, 4])
[2025-04-07 18:47:59,397][anemoi.training.utils.checkpoint][INFO] - Model shape: torch.Size([1817063, 4])
[2025-04-07 18:47:59,397][anemoi.training.utils.checkpoint][INFO] - Skipping loading parameter: model.model.node_attributes.latlons_hidden
[2025-04-07 18:47:59,397][anemoi.training.utils.checkpoint][INFO] - Checkpoint shape: torch.Size([163842, 4])
[2025-04-07 18:47:59,397][anemoi.training.utils.checkpoint][INFO] - Model shape: torch.Size([387462, 4])
[2025-04-07 18:47:59,397][anemoi.training.utils.checkpoint][INFO] - Skipping loading parameter: loss.node_weights
[2025-04-07 18:47:59,397][anemoi.training.utils.checkpoint][INFO] - Checkpoint shape: torch.Size([542080])
[2025-04-07 18:47:59,398][anemoi.training.utils.checkpoint][INFO] - Model shape: torch.Size([1817063])
[2025-04-07 18:47:59,398][anemoi.training.utils.checkpoint][INFO] - Skipping loading parameter: metrics.0.node_weights
[2025-04-07 18:47:59,398][anemoi.training.utils.checkpoint][INFO] - Checkpoint shape: torch.Size([542080])
[2025-04-07 18:47:59,398][anemoi.training.utils.checkpoint][INFO] - Model shape: torch.Size([1817063])
[2025-04-07 18:47:59,398][anemoi.training.utils.checkpoint][INFO] - Skipping loading parameter: model.model.node_attributes.latlons_data
[2025-04-07 18:47:59,398][anemoi.training.utils.checkpoint][INFO] - Checkpoint shape: torch.Size([542080, 4])
[2025-04-07 18:47:59,398][anemoi.training.utils.checkpoint][INFO] - Model shape: torch.Size([1817063, 4])
[2025-04-07 18:47:59,398][anemoi.training.utils.checkpoint][INFO] - Skipping loading parameter: model.model.node_attributes.latlons_hidden
[2025-04-07 18:47:59,399][anemoi.training.utils.checkpoint][INFO] - Checkpoint shape: torch.Size([163842, 4])
[2025-04-07 18:47:59,399][anemoi.training.utils.checkpoint][INFO] - Model shape: torch.Size([387462, 4])
[2025-04-07 18:47:59,399][anemoi.training.utils.checkpoint][INFO] - Skipping loading parameter: loss.node_weights
[2025-04-07 18:47:59,399][anemoi.training.utils.checkpoint][INFO] - Checkpoint shape: torch.Size([542080])
[2025-04-07 18:47:59,399][anemoi.training.utils.checkpoint][INFO] - Model shape: torch.Size([1817063])
[2025-04-07 18:47:59,399][anemoi.training.utils.checkpoint][INFO] - Skipping loading parameter: metrics.0.node_weights
[2025-04-07 18:47:59,399][anemoi.training.utils.checkpoint][INFO] - Checkpoint shape: torch.Size([542080])
[2025-04-07 18:47:59,399][anemoi.training.utils.checkpoint][INFO] - Model shape: torch.Size([1817063])
[2025-04-07 18:47:59,423][anemoi.training.utils.checkpoint][INFO] - Skipping loading parameter: model.model.node_attributes.latlons_data
[2025-04-07 18:47:59,424][anemoi.training.utils.checkpoint][INFO] - Checkpoint shape: torch.Size([542080, 4])
[2025-04-07 18:47:59,424][anemoi.training.utils.checkpoint][INFO] - Model shape: torch.Size([1817063, 4])
[2025-04-07 18:47:59,424][anemoi.training.utils.checkpoint][INFO] - Skipping loading parameter: model.model.node_attributes.latlons_hidden
[2025-04-07 18:47:59,424][anemoi.training.utils.checkpoint][INFO] - Checkpoint shape: torch.Size([163842, 4])
[2025-04-07 18:47:59,424][anemoi.training.utils.checkpoint][INFO] - Model shape: torch.Size([387462, 4])
[2025-04-07 18:47:59,424][anemoi.training.utils.checkpoint][INFO] - Skipping loading parameter: loss.node_weights
[2025-04-07 18:47:59,425][anemoi.training.utils.checkpoint][INFO] - Checkpoint shape: torch.Size([542080])
[2025-04-07 18:47:59,425][anemoi.training.utils.checkpoint][INFO] - Model shape: torch.Size([1817063])
[2025-04-07 18:47:59,425][anemoi.training.utils.checkpoint][INFO] - Skipping loading parameter: metrics.0.node_weights
[2025-04-07 18:47:59,425][anemoi.training.utils.checkpoint][INFO] - Checkpoint shape: torch.Size([542080])
[2025-04-07 18:47:59,425][anemoi.training.utils.checkpoint][INFO] - Model shape: torch.Size([1817063])
[2025-04-07 18:48:05,854][lightning_fabric.utilities.distributed][INFO] - Initializing distributed: GLOBAL_RANK: 0, MEMBER: 1/4
[2025-04-07 18:48:06,568][lightning_fabric.utilities.distributed][INFO] - Initializing distributed: GLOBAL_RANK: 2, MEMBER: 3/4
[2025-04-07 18:48:06,569][lightning_fabric.utilities.distributed][INFO] - Initializing distributed: GLOBAL_RANK: 3, MEMBER: 4/4
[2025-04-07 18:48:06,576][lightning_fabric.utilities.distributed][INFO] - Initializing distributed: GLOBAL_RANK: 1, MEMBER: 2/4
[2025-04-07 18:48:06,592][pytorch_lightning.utilities.rank_zero][INFO] - ----------------------------------------------------------------------------------------------------
distributed_backend=nccl
All distributed processes registered. Starting with 4 processes
----------------------------------------------------------------------------------------------------

[2025-04-07 18:48:13,479][pytorch_lightning.accelerators.cuda][INFO] - LOCAL_RANK: 0 - CUDA_VISIBLE_DEVICES: [0,1,2,3]
[2025-04-07 18:48:13,479][pytorch_lightning.accelerators.cuda][INFO] - LOCAL_RANK: 1 - CUDA_VISIBLE_DEVICES: [0,1,2,3]
[2025-04-07 18:48:13,479][pytorch_lightning.accelerators.cuda][INFO] - LOCAL_RANK: 2 - CUDA_VISIBLE_DEVICES: [0,1,2,3]
[2025-04-07 18:48:13,479][pytorch_lightning.accelerators.cuda][INFO] - LOCAL_RANK: 3 - CUDA_VISIBLE_DEVICES: [0,1,2,3]
[2025-04-07 18:48:13,840][lightning_fabric.utilities.seed][INFO] - [rank: 1] Seed set to 617196
[2025-04-07 18:48:13,840][lightning_fabric.utilities.seed][INFO] - [rank: 2] Seed set to 617196
[2025-04-07 18:48:13,840][lightning_fabric.utilities.seed][INFO] - [rank: 3] Seed set to 617196
[2025-04-07 18:48:13,840][lightning_fabric.utilities.seed][INFO] - [rank: 0] Seed set to 617196
[2025-04-07 18:48:13,852][pytorch_lightning.callbacks.model_summary][INFO] - 
  | Name    | Type                 | Params | Mode 
---------------------------------------------------------
0 | model   | AnemoiModelInterface | 61.7 M | train
1 | loss    | WeightedMSELoss      | 0      | train
2 | metrics | ModuleList           | 0      | train
---------------------------------------------------------
61.7 M    Trainable params
0         Non-trainable params
61.7 M    Total params
246.934   Total estimated model params size (MB)
305       Modules in train mode
0         Modules in eval mode
[2025-04-07 18:48:13,853][pytorch_lightning.trainer.connectors.signal_connector][INFO] - SLURM auto-requeueing enabled. Setting signal handlers.
[2025-04-07 18:48:13,853][pytorch_lightning.trainer.connectors.signal_connector][INFO] - SLURM auto-requeueing enabled. Setting signal handlers.
[2025-04-07 18:48:13,853][pytorch_lightning.trainer.connectors.signal_connector][INFO] - SLURM auto-requeueing enabled. Setting signal handlers.
[2025-04-07 18:48:13,853][pytorch_lightning.trainer.connectors.signal_connector][INFO] - SLURM auto-requeueing enabled. Setting signal handlers.
[2025-04-07 18:54:17,151][anemoi.training.diagnostics.callbacks.sanity][INFO] - No variable order to compare. Skipping variable order check.
[2025-04-07 18:54:17,151][anemoi.training.diagnostics.callbacks.sanity][INFO] - No variable order to compare. Skipping variable order check.
[2025-04-07 18:54:17,151][anemoi.training.diagnostics.callbacks.sanity][INFO] - No variable order to compare. Skipping variable order check.
[2025-04-07 18:54:17,152][anemoi.training.diagnostics.callbacks.sanity][INFO] - No variable order to compare. Skipping variable order check.
[2025-04-07 18:55:03,691][anemoi.training.diagnostics.callbacks.sanity][INFO] - No variable order to compare. Skipping variable order check.
[2025-04-07 18:55:03,702][anemoi.training.diagnostics.callbacks.sanity][INFO] - No variable order to compare. Skipping variable order check.
[2025-04-07 18:55:03,705][anemoi.training.diagnostics.callbacks.sanity][INFO] - No variable order to compare. Skipping variable order check.
[2025-04-07 18:55:03,725][anemoi.training.diagnostics.callbacks.sanity][INFO] - No variable order to compare. Skipping variable order check.
