[2025-02-26 17:45:32,184][anemoi.training.train.train][INFO] - Run id: 8efa38ea-72cb-46d4-bbd5-4ed304f49d2c
[2025-02-26 17:45:32,185][anemoi.training.train.train][INFO] - Checkpoints path: /work/hdd/bduu/jbanomedina/regional-ai/training/STRETCHED-6km/logs/outputs_checkpoint/8efa38ea-72cb-46d4-bbd5-4ed304f49d2c
[2025-02-26 17:45:32,186][anemoi.training.train.train][INFO] - Plots path: /work/hdd/bduu/jbanomedina/regional-ai/training/STRETCHED-6km/logs/outputs_plots/8efa38ea-72cb-46d4-bbd5-4ed304f49d2c
[2025-02-26 17:45:32,252][anemoi.training.train.train][INFO] - Loading graph data from /work/hdd/bduu/jbanomedina/regional-ai/training/STRETCHED-6km/logs/outputs_graphs/STRETCHED-6km-reduced.pt
[2025-02-26 17:51:26,740][anemoi.training.data.datamodule][INFO] - Timeincrement set to 1 for data with frequency, 21600, and timestep, 21600
[2025-02-26 17:51:26,747][anemoi.training.train.train][INFO] - Number of data variables: 92
[2025-02-26 17:51:35,318][anemoi.training.diagnostics.callbacks.plot][INFO] - Setting up asynchronous plotting ...
[2025-02-26 17:51:35,320][anemoi.training.diagnostics.callbacks.plot][INFO] - Setting up asynchronous plotting ...
[2025-02-26 17:51:35,324][anemoi.training.diagnostics.callbacks.plot][INFO] - Setting up asynchronous plotting ...
[2025-02-26 17:51:35,324][anemoi.training.diagnostics.callbacks.plot][INFO] - Using defined accumulation colormap for fields: ['tp']
[2025-02-26 17:51:35,326][anemoi.training.diagnostics.callbacks.plot][INFO] - Setting up asynchronous plotting ...
[2025-02-26 17:51:35,328][anemoi.training.diagnostics.callbacks.plot][INFO] - Setting up asynchronous plotting ...
[2025-02-26 17:51:35,328][anemoi.training.diagnostics.callbacks.plot][INFO] - Using precip histogram plotting method for fields: ['tp'].
[2025-02-26 17:51:36,578][pytorch_lightning.utilities.rank_zero][INFO] - Using 16bit Automatic Mixed Precision (AMP)
[2025-02-26 17:51:36,720][pytorch_lightning.utilities.rank_zero][INFO] - GPU available: True (cuda), used: True
[2025-02-26 17:51:36,721][pytorch_lightning.utilities.rank_zero][INFO] - TPU available: False, using: 0 TPU cores
[2025-02-26 17:51:36,721][pytorch_lightning.utilities.rank_zero][INFO] - HPU available: False, using: 0 HPUs
[2025-02-26 17:51:36,796][lightning_fabric.utilities.seed][INFO] - [rank: 0] Seed set to 527576
[2025-02-26 17:51:51,878][anemoi.models.preprocessing.normalizer][INFO] - Normalizing: cos_julian_day is not normalized.
[2025-02-26 17:51:51,878][anemoi.models.preprocessing.normalizer][INFO] - Normalizing: cos_latitude is not normalized.
[2025-02-26 17:51:51,879][anemoi.models.preprocessing.normalizer][INFO] - Normalizing: cos_local_time is not normalized.
[2025-02-26 17:51:51,879][anemoi.models.preprocessing.normalizer][INFO] - Normalizing: cos_longitude is not normalized.
[2025-02-26 17:51:51,879][anemoi.models.preprocessing.normalizer][INFO] - Normalizing: insolation is not normalized.
[2025-02-26 17:51:51,879][anemoi.models.preprocessing.normalizer][INFO] - Normalizing: lsm is not normalized.
[2025-02-26 17:51:51,879][anemoi.models.preprocessing.normalizer][INFO] - Normalizing: sin_julian_day is not normalized.
[2025-02-26 17:51:51,879][anemoi.models.preprocessing.normalizer][INFO] - Normalizing: sin_latitude is not normalized.
[2025-02-26 17:51:51,879][anemoi.models.preprocessing.normalizer][INFO] - Normalizing: sin_local_time is not normalized.
[2025-02-26 17:51:51,879][anemoi.models.preprocessing.normalizer][INFO] - Normalizing: sin_longitude is not normalized.
[2025-02-26 17:51:51,879][anemoi.models.preprocessing.normalizer][INFO] - Normalizing: z_sfc is not normalized.
[2025-02-26 17:51:52,294][anemoi.models.layers.utils][INFO] - Linear kernel: {'_target_': 'torch.nn.Linear', '_partial_': True}
[2025-02-26 17:51:52,295][anemoi.models.layers.utils][INFO] - LayerNorm kernel: {'_target_': 'torch.nn.LayerNorm', '_partial_': True}
[2025-02-26 17:51:58,203][anemoi.training.losses.nodeweights][INFO] - Loading node attribute area_weight from the graph
[2025-02-26 17:51:58,207][anemoi.training.train.forecaster][INFO] - Pressure level scaling: use scaler ReluPressureLevelScaler with slope 0.0010 and minimum 0.20
[2025-02-26 17:52:04,851][lightning_fabric.utilities.distributed][INFO] - Initializing distributed: GLOBAL_RANK: 0, MEMBER: 1/4
[2025-02-26 17:52:05,508][pytorch_lightning.utilities.rank_zero][INFO] - ----------------------------------------------------------------------------------------------------
distributed_backend=nccl
All distributed processes registered. Starting with 4 processes
----------------------------------------------------------------------------------------------------

[2025-02-26 17:52:12,904][pytorch_lightning.accelerators.cuda][INFO] - LOCAL_RANK: 0 - CUDA_VISIBLE_DEVICES: [0,1,2,3]
[2025-02-26 17:52:13,258][lightning_fabric.utilities.seed][INFO] - [rank: 0] Seed set to 527576
[2025-02-26 17:52:13,270][pytorch_lightning.callbacks.model_summary][INFO] - 
  | Name    | Type                 | Params | Mode 
---------------------------------------------------------
0 | model   | AnemoiModelInterface | 304 M  | train
1 | loss    | WeightedMSELoss      | 0      | train
2 | metrics | ModuleList           | 0      | train
---------------------------------------------------------
304 M     Trainable params
0         Non-trainable params
304 M     Total params
1,219.212 Total estimated model params size (MB)
305       Modules in train mode
0         Modules in eval mode
[2025-02-26 17:52:13,275][pytorch_lightning.trainer.connectors.signal_connector][INFO] - SLURM auto-requeueing enabled. Setting signal handlers.
[2025-02-26 17:58:17,053][anemoi.training.diagnostics.callbacks.sanity][INFO] - No variable order to compare. Skipping variable order check.
[2025-02-26 17:58:44,538][anemoi.training.diagnostics.callbacks.sanity][INFO] - No variable order to compare. Skipping variable order check.
[2025-02-26 17:58:48,614][anemoi.training.diagnostics.callbacks.plot][WARNING] - Asynchronous plotting can result in NCCL timeouts with reader_group_size > 1.
[2025-02-26 17:58:48,616][anemoi.training.diagnostics.callbacks.plot][WARNING] - Asynchronous plotting can result in NCCL timeouts with reader_group_size > 1.
[2025-02-26 17:58:48,617][anemoi.training.diagnostics.callbacks.plot][WARNING] - Asynchronous plotting can result in NCCL timeouts with reader_group_size > 1.
[2025-02-26 17:58:48,617][anemoi.training.diagnostics.callbacks.plot][WARNING] - Asynchronous plotting can result in NCCL timeouts with reader_group_size > 1.
[2025-02-26 17:59:00,336][anemoi.training.diagnostics.callbacks.plot][WARNING] - Asynchronous plotting can result in NCCL timeouts with reader_group_size > 1.
[2025-02-26 17:59:00,336][anemoi.training.diagnostics.callbacks.plot][WARNING] - Asynchronous plotting can result in NCCL timeouts with reader_group_size > 1.
[2025-02-26 17:59:00,336][anemoi.training.diagnostics.callbacks.plot][WARNING] - Asynchronous plotting can result in NCCL timeouts with reader_group_size > 1.
[2025-02-26 17:59:00,337][anemoi.training.diagnostics.callbacks.plot][WARNING] - Asynchronous plotting can result in NCCL timeouts with reader_group_size > 1.
[2025-02-26 17:59:06,039][anemoi.training.diagnostics.plots][WARNING] - Min. distance between lat/lon points is < specified minimum distance. Defaulting to min_delta=0.0003.
[2025-02-26 17:59:09,073][anemoi.training.diagnostics.callbacks.plot][WARNING] - Asynchronous plotting can result in NCCL timeouts with reader_group_size > 1.
[2025-02-26 17:59:09,078][anemoi.training.diagnostics.callbacks.plot][WARNING] - Asynchronous plotting can result in NCCL timeouts with reader_group_size > 1.
[2025-02-26 17:59:09,078][anemoi.training.diagnostics.callbacks.plot][WARNING] - Asynchronous plotting can result in NCCL timeouts with reader_group_size > 1.
[2025-02-26 17:59:09,079][anemoi.training.diagnostics.callbacks.plot][WARNING] - Asynchronous plotting can result in NCCL timeouts with reader_group_size > 1.
[2025-02-26 17:59:19,410][anemoi.training.diagnostics.callbacks.plot][WARNING] - Asynchronous plotting can result in NCCL timeouts with reader_group_size > 1.
[2025-02-26 17:59:19,410][anemoi.training.diagnostics.callbacks.plot][WARNING] - Asynchronous plotting can result in NCCL timeouts with reader_group_size > 1.
[2025-02-26 17:59:19,411][anemoi.training.diagnostics.callbacks.plot][WARNING] - Asynchronous plotting can result in NCCL timeouts with reader_group_size > 1.
[2025-02-26 17:59:19,411][anemoi.training.diagnostics.callbacks.plot][WARNING] - Asynchronous plotting can result in NCCL timeouts with reader_group_size > 1.
[2025-02-26 17:59:29,792][anemoi.training.diagnostics.callbacks.plot][WARNING] - Asynchronous plotting can result in NCCL timeouts with reader_group_size > 1.
[2025-02-26 17:59:29,796][anemoi.training.diagnostics.callbacks.plot][WARNING] - Asynchronous plotting can result in NCCL timeouts with reader_group_size > 1.
[2025-02-26 17:59:29,796][anemoi.training.diagnostics.callbacks.plot][WARNING] - Asynchronous plotting can result in NCCL timeouts with reader_group_size > 1.
[2025-02-26 17:59:29,801][anemoi.training.diagnostics.callbacks.plot][WARNING] - Asynchronous plotting can result in NCCL timeouts with reader_group_size > 1.
[2025-02-26 17:59:30,287][anemoi.training.diagnostics.callbacks.plot][WARNING] - Asynchronous plotting can result in NCCL timeouts with reader_group_size > 1.
[2025-02-26 17:59:30,288][anemoi.training.diagnostics.callbacks.plot][WARNING] - Asynchronous plotting can result in NCCL timeouts with reader_group_size > 1.
[2025-02-26 17:59:30,288][anemoi.training.diagnostics.callbacks.plot][WARNING] - Asynchronous plotting can result in NCCL timeouts with reader_group_size > 1.
[2025-02-26 17:59:30,288][anemoi.training.diagnostics.callbacks.plot][WARNING] - Asynchronous plotting can result in NCCL timeouts with reader_group_size > 1.
[2025-02-26 17:59:36,194][anemoi.utils.checkpoints][INFO] - Adding extra information to checkpoint /work/hdd/bduu/jbanomedina/regional-ai/training/STRETCHED-6km/logs/outputs_checkpoint/8efa38ea-72cb-46d4-bbd5-4ed304f49d2c/inference-stage-x-by_epoch-epoch_000-step_000006.ckpt
[2025-02-26 17:59:36,195][anemoi.utils.checkpoints][INFO] - Saving metadata to inference-stage-x-by_epoch-epoch_000-step_000006/anemoi-metadata/ai-models.json
[2025-02-26 17:59:36,210][anemoi.utils.checkpoints][INFO] - Saving supporting array `latitudes` to inference-stage-x-by_epoch-epoch_000-step_000006/anemoi-metadata/latitudes.numpy (shape=(1817128,), dtype=float64)
[2025-02-26 17:59:36,250][anemoi.utils.checkpoints][INFO] - Saving supporting array `longitudes` to inference-stage-x-by_epoch-epoch_000-step_000006/anemoi-metadata/longitudes.numpy (shape=(1817128,), dtype=float64)
[2025-02-26 17:59:36,311][anemoi.utils.checkpoints][INFO] - Saving supporting array `lam_0/cutout_mask` to inference-stage-x-by_epoch-epoch_000-step_000006/anemoi-metadata/lam_0/cutout_mask.numpy (shape=(1323840,), dtype=bool)
[2025-02-26 17:59:36,312][anemoi.utils.checkpoints][INFO] - Saving supporting array `global/cutout_mask` to inference-stage-x-by_epoch-epoch_000-step_000006/anemoi-metadata/global/cutout_mask.numpy (shape=(542080,), dtype=bool)
[2025-02-26 17:59:36,313][anemoi.utils.checkpoints][INFO] - Saving supporting array `source0/latitudes` to inference-stage-x-by_epoch-epoch_000-step_000006/anemoi-metadata/source0/latitudes.numpy (shape=(1323840,), dtype=float32)
[2025-02-26 17:59:36,342][anemoi.utils.checkpoints][INFO] - Saving supporting array `source0/longitudes` to inference-stage-x-by_epoch-epoch_000-step_000006/anemoi-metadata/source0/longitudes.numpy (shape=(1323840,), dtype=float32)
[2025-02-26 17:59:36,345][anemoi.utils.checkpoints][INFO] - Saving supporting array `source0/thinning_mask` to inference-stage-x-by_epoch-epoch_000-step_000006/anemoi-metadata/source0/thinning_mask.numpy (shape=(1323840,), dtype=bool)
[2025-02-26 17:59:36,346][anemoi.utils.checkpoints][INFO] - Saving supporting array `source1/latitudes` to inference-stage-x-by_epoch-epoch_000-step_000006/anemoi-metadata/source1/latitudes.numpy (shape=(542080,), dtype=float64)
[2025-02-26 17:59:36,349][anemoi.utils.checkpoints][INFO] - Saving supporting array `source1/longitudes` to inference-stage-x-by_epoch-epoch_000-step_000006/anemoi-metadata/source1/longitudes.numpy (shape=(542080,), dtype=float64)
[2025-02-26 17:59:56,086][anemoi.utils.checkpoints][INFO] - Adding extra information to checkpoint /work/hdd/bduu/jbanomedina/regional-ai/training/STRETCHED-6km/logs/outputs_checkpoint/8efa38ea-72cb-46d4-bbd5-4ed304f49d2c/inference-last.ckpt
[2025-02-26 17:59:56,086][anemoi.utils.checkpoints][INFO] - Saving metadata to inference-last/anemoi-metadata/ai-models.json
[2025-02-26 17:59:56,098][anemoi.utils.checkpoints][INFO] - Saving supporting array `latitudes` to inference-last/anemoi-metadata/latitudes.numpy (shape=(1817128,), dtype=float64)
[2025-02-26 17:59:56,132][anemoi.utils.checkpoints][INFO] - Saving supporting array `longitudes` to inference-last/anemoi-metadata/longitudes.numpy (shape=(1817128,), dtype=float64)
[2025-02-26 17:59:56,180][anemoi.utils.checkpoints][INFO] - Saving supporting array `lam_0/cutout_mask` to inference-last/anemoi-metadata/lam_0/cutout_mask.numpy (shape=(1323840,), dtype=bool)
[2025-02-26 17:59:56,181][anemoi.utils.checkpoints][INFO] - Saving supporting array `global/cutout_mask` to inference-last/anemoi-metadata/global/cutout_mask.numpy (shape=(542080,), dtype=bool)
[2025-02-26 17:59:56,181][anemoi.utils.checkpoints][INFO] - Saving supporting array `source0/latitudes` to inference-last/anemoi-metadata/source0/latitudes.numpy (shape=(1323840,), dtype=float32)
[2025-02-26 17:59:56,196][anemoi.utils.checkpoints][INFO] - Saving supporting array `source0/longitudes` to inference-last/anemoi-metadata/source0/longitudes.numpy (shape=(1323840,), dtype=float32)
[2025-02-26 17:59:56,307][anemoi.utils.checkpoints][INFO] - Saving supporting array `source0/thinning_mask` to inference-last/anemoi-metadata/source0/thinning_mask.numpy (shape=(1323840,), dtype=bool)
[2025-02-26 17:59:56,315][anemoi.utils.checkpoints][INFO] - Saving supporting array `source1/latitudes` to inference-last/anemoi-metadata/source1/latitudes.numpy (shape=(542080,), dtype=float64)
[2025-02-26 17:59:56,318][anemoi.utils.checkpoints][INFO] - Saving supporting array `source1/longitudes` to inference-last/anemoi-metadata/source1/longitudes.numpy (shape=(542080,), dtype=float64)
[2025-02-26 18:00:11,821][anemoi.training.diagnostics.callbacks.sanity][INFO] - No variable order to compare. Skipping variable order check.
[2025-02-26 18:01:45,920][anemoi.training.diagnostics.callbacks.sanity][INFO] - No variable order to compare. Skipping variable order check.
[2025-02-26 18:01:53,011][anemoi.training.diagnostics.callbacks.plot][WARNING] - Asynchronous plotting can result in NCCL timeouts with reader_group_size > 1.
[2025-02-26 18:01:53,062][anemoi.training.diagnostics.callbacks.plot][WARNING] - Asynchronous plotting can result in NCCL timeouts with reader_group_size > 1.
[2025-02-26 18:01:53,075][anemoi.training.diagnostics.callbacks.plot][WARNING] - Asynchronous plotting can result in NCCL timeouts with reader_group_size > 1.
[2025-02-26 18:01:56,917][anemoi.training.diagnostics.callbacks.plot][WARNING] - Asynchronous plotting can result in NCCL timeouts with reader_group_size > 1.
[2025-02-26 18:02:05,735][pytorch_lightning.trainer.connectors.signal_connector][INFO] - [rank: 0] Received SIGTERM: 15
[2025-02-26 18:02:05,736][pytorch_lightning.trainer.connectors.signal_connector][INFO] - Bypassing SIGTERM: 15
[2025-02-26 18:02:06,408][anemoi.training.diagnostics.callbacks.plot][WARNING] - Asynchronous plotting can result in NCCL timeouts with reader_group_size > 1.
[2025-02-26 18:02:06,409][anemoi.training.diagnostics.callbacks.plot][WARNING] - Asynchronous plotting can result in NCCL timeouts with reader_group_size > 1.
[2025-02-26 18:02:06,409][anemoi.training.diagnostics.callbacks.plot][WARNING] - Asynchronous plotting can result in NCCL timeouts with reader_group_size > 1.
[2025-02-26 18:02:06,409][anemoi.training.diagnostics.callbacks.plot][WARNING] - Asynchronous plotting can result in NCCL timeouts with reader_group_size > 1.
