[2025-04-07 13:43:58,787][anemoi.training.train.train][INFO] - Run id: 4bb16dec-b809-47cb-96d8-377a2dacabf8
[2025-04-07 13:43:58,787][anemoi.training.train.train][INFO] - Run id: 66f6a529-31eb-47ca-8368-dec16893d84e
[2025-04-07 13:43:58,787][anemoi.training.train.train][INFO] - Run id: 2400c18f-b9b9-4e54-a58f-8b29cb20722c
[2025-04-07 13:43:58,788][anemoi.training.train.train][INFO] - Checkpoints path: /work/nvme/bduu/jbanomedina/regional-ai/training/STRETCHED-6km/logs/outputs_checkpoint/66f6a529-31eb-47ca-8368-dec16893d84e
[2025-04-07 13:43:58,788][anemoi.training.train.train][INFO] - Plots path: /work/nvme/bduu/jbanomedina/regional-ai/training/STRETCHED-6km/logs/outputs_plots/66f6a529-31eb-47ca-8368-dec16893d84e
[2025-04-07 13:43:58,788][anemoi.training.train.train][INFO] - Checkpoints path: /work/nvme/bduu/jbanomedina/regional-ai/training/STRETCHED-6km/logs/outputs_checkpoint/4bb16dec-b809-47cb-96d8-377a2dacabf8
[2025-04-07 13:43:58,788][anemoi.training.train.train][INFO] - Plots path: /work/nvme/bduu/jbanomedina/regional-ai/training/STRETCHED-6km/logs/outputs_plots/4bb16dec-b809-47cb-96d8-377a2dacabf8
[2025-04-07 13:43:58,788][anemoi.training.train.train][INFO] - Checkpoints path: /work/nvme/bduu/jbanomedina/regional-ai/training/STRETCHED-6km/logs/outputs_checkpoint/2400c18f-b9b9-4e54-a58f-8b29cb20722c
[2025-04-07 13:43:58,788][anemoi.training.train.train][INFO] - Plots path: /work/nvme/bduu/jbanomedina/regional-ai/training/STRETCHED-6km/logs/outputs_plots/2400c18f-b9b9-4e54-a58f-8b29cb20722c
[2025-04-07 13:43:58,788][anemoi.training.train.train][INFO] - Run id: 59085687-d29c-4195-a2db-ddcada5a1d3f
[2025-04-07 13:43:58,789][anemoi.training.train.train][INFO] - Checkpoints path: /work/nvme/bduu/jbanomedina/regional-ai/training/STRETCHED-6km/logs/outputs_checkpoint/59085687-d29c-4195-a2db-ddcada5a1d3f
[2025-04-07 13:43:58,789][anemoi.training.train.train][INFO] - Plots path: /work/nvme/bduu/jbanomedina/regional-ai/training/STRETCHED-6km/logs/outputs_plots/59085687-d29c-4195-a2db-ddcada5a1d3f
[2025-04-07 13:43:58,795][anemoi.training.train.train][INFO] - Loading graph data from /work/nvme/bduu/jbanomedina/regional-ai/training/STRETCHED-6km/logs/outputs_graphs/STRETCHED-6km-9x7-12x3.pt
[2025-04-07 13:43:58,795][anemoi.training.train.train][INFO] - Loading graph data from /work/nvme/bduu/jbanomedina/regional-ai/training/STRETCHED-6km/logs/outputs_graphs/STRETCHED-6km-9x7-12x3.pt
[2025-04-07 13:43:58,795][anemoi.training.train.train][INFO] - Loading graph data from /work/nvme/bduu/jbanomedina/regional-ai/training/STRETCHED-6km/logs/outputs_graphs/STRETCHED-6km-9x7-12x3.pt
[2025-04-07 13:43:58,795][anemoi.training.train.train][INFO] - Loading graph data from /work/nvme/bduu/jbanomedina/regional-ai/training/STRETCHED-6km/logs/outputs_graphs/STRETCHED-6km-9x7-12x3.pt
[2025-04-07 13:49:37,217][anemoi.training.data.datamodule][INFO] - Timeincrement set to 1 for data with frequency, 21600, and timestep, 21600
[2025-04-07 13:49:37,227][anemoi.training.train.train][INFO] - Number of data variables: 87
[2025-04-07 13:49:37,228][anemoi.training.train.train][INFO] - Training limits: max_epochs=10, max_steps=25000. Training will stop when either limit is reached first. Learning rate scheduler will run for 25000 steps.
[2025-04-07 13:49:37,833][lightning_fabric.utilities.seed][INFO] - [rank: 1] Seed set to 616710
[2025-04-07 13:49:41,595][anemoi.training.data.datamodule][INFO] - Timeincrement set to 1 for data with frequency, 21600, and timestep, 21600
[2025-04-07 13:49:41,601][anemoi.training.train.train][INFO] - Number of data variables: 87
[2025-04-07 13:49:41,601][anemoi.training.train.train][INFO] - Training limits: max_epochs=10, max_steps=25000. Training will stop when either limit is reached first. Learning rate scheduler will run for 25000 steps.
[2025-04-07 13:49:42,081][lightning_fabric.utilities.seed][INFO] - [rank: 2] Seed set to 616710
[2025-04-07 13:49:42,869][anemoi.training.data.datamodule][INFO] - Timeincrement set to 1 for data with frequency, 21600, and timestep, 21600
[2025-04-07 13:49:42,875][anemoi.training.train.train][INFO] - Number of data variables: 87
[2025-04-07 13:49:42,875][anemoi.training.train.train][INFO] - Training limits: max_epochs=10, max_steps=25000. Training will stop when either limit is reached first. Learning rate scheduler will run for 25000 steps.
[2025-04-07 13:49:43,354][lightning_fabric.utilities.seed][INFO] - [rank: 3] Seed set to 616710
[2025-04-07 13:49:45,507][anemoi.training.data.datamodule][INFO] - Timeincrement set to 1 for data with frequency, 21600, and timestep, 21600
[2025-04-07 13:49:45,518][anemoi.training.train.train][INFO] - Number of data variables: 87
[2025-04-07 13:49:45,519][anemoi.training.train.train][INFO] - Training limits: max_epochs=10, max_steps=25000. Training will stop when either limit is reached first. Learning rate scheduler will run for 25000 steps.
[2025-04-07 13:49:45,883][pytorch_lightning.utilities.rank_zero][INFO] - Using 16bit Automatic Mixed Precision (AMP)
[2025-04-07 13:49:46,066][pytorch_lightning.utilities.rank_zero][INFO] - GPU available: True (cuda), used: True
[2025-04-07 13:49:46,066][pytorch_lightning.utilities.rank_zero][INFO] - TPU available: False, using: 0 TPU cores
[2025-04-07 13:49:46,067][pytorch_lightning.utilities.rank_zero][INFO] - HPU available: False, using: 0 HPUs
[2025-04-07 13:49:46,078][lightning_fabric.utilities.seed][INFO] - [rank: 0] Seed set to 616710
[2025-04-07 13:49:48,073][anemoi.models.preprocessing.normalizer][INFO] - Normalizing: cos_julian_day is not normalized.
[2025-04-07 13:49:48,073][anemoi.models.preprocessing.normalizer][INFO] - Normalizing: cos_latitude is not normalized.
[2025-04-07 13:49:48,073][anemoi.models.preprocessing.normalizer][INFO] - Normalizing: cos_local_time is not normalized.
[2025-04-07 13:49:48,073][anemoi.models.preprocessing.normalizer][INFO] - Normalizing: cos_longitude is not normalized.
[2025-04-07 13:49:48,073][anemoi.models.preprocessing.normalizer][INFO] - Normalizing: insolation is not normalized.
[2025-04-07 13:49:48,073][anemoi.models.preprocessing.normalizer][INFO] - Normalizing: lsm is not normalized.
[2025-04-07 13:49:48,073][anemoi.models.preprocessing.normalizer][INFO] - Normalizing: sin_julian_day is not normalized.
[2025-04-07 13:49:48,073][anemoi.models.preprocessing.normalizer][INFO] - Normalizing: sin_latitude is not normalized.
[2025-04-07 13:49:48,074][anemoi.models.preprocessing.normalizer][INFO] - Normalizing: sin_local_time is not normalized.
[2025-04-07 13:49:48,074][anemoi.models.preprocessing.normalizer][INFO] - Normalizing: sin_longitude is not normalized.
[2025-04-07 13:49:48,074][anemoi.models.preprocessing.normalizer][INFO] - Normalizing: z_sfc is not normalized.
[2025-04-07 13:49:48,075][anemoi.models.preprocessing.normalizer][INFO] - Normalizing: cos_julian_day is not normalized.
[2025-04-07 13:49:48,075][anemoi.models.preprocessing.normalizer][INFO] - Normalizing: cos_latitude is not normalized.
[2025-04-07 13:49:48,075][anemoi.models.preprocessing.normalizer][INFO] - Normalizing: cos_local_time is not normalized.
[2025-04-07 13:49:48,075][anemoi.models.preprocessing.normalizer][INFO] - Normalizing: cos_longitude is not normalized.
[2025-04-07 13:49:48,076][anemoi.models.preprocessing.normalizer][INFO] - Normalizing: insolation is not normalized.
[2025-04-07 13:49:48,076][anemoi.models.preprocessing.normalizer][INFO] - Normalizing: lsm is not normalized.
[2025-04-07 13:49:48,076][anemoi.models.preprocessing.normalizer][INFO] - Normalizing: sin_julian_day is not normalized.
[2025-04-07 13:49:48,076][anemoi.models.preprocessing.normalizer][INFO] - Normalizing: sin_latitude is not normalized.
[2025-04-07 13:49:48,076][anemoi.models.preprocessing.normalizer][INFO] - Normalizing: sin_local_time is not normalized.
[2025-04-07 13:49:48,076][anemoi.models.preprocessing.normalizer][INFO] - Normalizing: sin_longitude is not normalized.
[2025-04-07 13:49:48,076][anemoi.models.preprocessing.normalizer][INFO] - Normalizing: z_sfc is not normalized.
[2025-04-07 13:49:48,216][anemoi.models.layers.utils][INFO] - Linear kernel: {'_target_': 'torch.nn.Linear', '_partial_': True}
[2025-04-07 13:49:48,216][anemoi.models.layers.utils][INFO] - Linear kernel: {'_target_': 'torch.nn.Linear', '_partial_': True}
[2025-04-07 13:49:48,217][anemoi.models.layers.utils][INFO] - LayerNorm kernel: {'_target_': 'torch.nn.LayerNorm', '_partial_': True}
[2025-04-07 13:49:48,217][anemoi.models.layers.utils][INFO] - LayerNorm kernel: {'_target_': 'torch.nn.LayerNorm', '_partial_': True}
[2025-04-07 13:49:48,798][anemoi.models.preprocessing.normalizer][INFO] - Normalizing: cos_julian_day is not normalized.
[2025-04-07 13:49:48,798][anemoi.models.preprocessing.normalizer][INFO] - Normalizing: cos_latitude is not normalized.
[2025-04-07 13:49:48,799][anemoi.models.preprocessing.normalizer][INFO] - Normalizing: cos_local_time is not normalized.
[2025-04-07 13:49:48,799][anemoi.models.preprocessing.normalizer][INFO] - Normalizing: cos_longitude is not normalized.
[2025-04-07 13:49:48,799][anemoi.models.preprocessing.normalizer][INFO] - Normalizing: insolation is not normalized.
[2025-04-07 13:49:48,799][anemoi.models.preprocessing.normalizer][INFO] - Normalizing: lsm is not normalized.
[2025-04-07 13:49:48,799][anemoi.models.preprocessing.normalizer][INFO] - Normalizing: sin_julian_day is not normalized.
[2025-04-07 13:49:48,799][anemoi.models.preprocessing.normalizer][INFO] - Normalizing: sin_latitude is not normalized.
[2025-04-07 13:49:48,799][anemoi.models.preprocessing.normalizer][INFO] - Normalizing: sin_local_time is not normalized.
[2025-04-07 13:49:48,799][anemoi.models.preprocessing.normalizer][INFO] - Normalizing: sin_longitude is not normalized.
[2025-04-07 13:49:48,799][anemoi.models.preprocessing.normalizer][INFO] - Normalizing: z_sfc is not normalized.
[2025-04-07 13:49:48,896][anemoi.models.layers.utils][INFO] - Linear kernel: {'_target_': 'torch.nn.Linear', '_partial_': True}
[2025-04-07 13:49:48,897][anemoi.models.layers.utils][INFO] - LayerNorm kernel: {'_target_': 'torch.nn.LayerNorm', '_partial_': True}
[2025-04-07 13:49:52,785][anemoi.training.losses.nodeweights][INFO] - Loading node attribute area_weight from the graph
[2025-04-07 13:49:52,785][anemoi.training.losses.nodeweights][INFO] - Loading node attribute area_weight from the graph
[2025-04-07 13:49:52,785][anemoi.training.losses.nodeweights][INFO] - Loading node attribute area_weight from the graph
[2025-04-07 13:49:52,790][anemoi.training.train.forecaster][INFO] - Pressure level scaling: use scaler ReluPressureLevelScaler with slope 0.0010 and minimum 0.20
[2025-04-07 13:49:52,790][anemoi.training.train.forecaster][INFO] - Pressure level scaling: use scaler ReluPressureLevelScaler with slope 0.0010 and minimum 0.20
[2025-04-07 13:49:52,790][anemoi.training.train.forecaster][INFO] - Pressure level scaling: use scaler ReluPressureLevelScaler with slope 0.0010 and minimum 0.20
[2025-04-07 13:49:53,985][anemoi.models.preprocessing.normalizer][INFO] - Normalizing: cos_julian_day is not normalized.
[2025-04-07 13:49:53,985][anemoi.models.preprocessing.normalizer][INFO] - Normalizing: cos_latitude is not normalized.
[2025-04-07 13:49:53,985][anemoi.models.preprocessing.normalizer][INFO] - Normalizing: cos_local_time is not normalized.
[2025-04-07 13:49:53,985][anemoi.models.preprocessing.normalizer][INFO] - Normalizing: cos_longitude is not normalized.
[2025-04-07 13:49:53,985][anemoi.models.preprocessing.normalizer][INFO] - Normalizing: insolation is not normalized.
[2025-04-07 13:49:53,985][anemoi.models.preprocessing.normalizer][INFO] - Normalizing: lsm is not normalized.
[2025-04-07 13:49:53,985][anemoi.models.preprocessing.normalizer][INFO] - Normalizing: sin_julian_day is not normalized.
[2025-04-07 13:49:53,985][anemoi.models.preprocessing.normalizer][INFO] - Normalizing: sin_latitude is not normalized.
[2025-04-07 13:49:53,986][anemoi.models.preprocessing.normalizer][INFO] - Normalizing: sin_local_time is not normalized.
[2025-04-07 13:49:53,986][anemoi.models.preprocessing.normalizer][INFO] - Normalizing: sin_longitude is not normalized.
[2025-04-07 13:49:53,986][anemoi.models.preprocessing.normalizer][INFO] - Normalizing: z_sfc is not normalized.
[2025-04-07 13:49:54,086][anemoi.models.layers.utils][INFO] - Linear kernel: {'_target_': 'torch.nn.Linear', '_partial_': True}
[2025-04-07 13:49:54,087][anemoi.models.layers.utils][INFO] - LayerNorm kernel: {'_target_': 'torch.nn.LayerNorm', '_partial_': True}
[2025-04-07 13:49:56,564][anemoi.training.losses.nodeweights][INFO] - Loading node attribute area_weight from the graph
[2025-04-07 13:49:56,568][anemoi.training.train.forecaster][INFO] - Pressure level scaling: use scaler ReluPressureLevelScaler with slope 0.0010 and minimum 0.20
[2025-04-07 13:49:58,894][lightning_fabric.utilities.distributed][INFO] - Initializing distributed: GLOBAL_RANK: 0, MEMBER: 1/4
[2025-04-07 13:49:59,507][lightning_fabric.utilities.distributed][INFO] - Initializing distributed: GLOBAL_RANK: 3, MEMBER: 4/4
[2025-04-07 13:49:59,508][lightning_fabric.utilities.distributed][INFO] - Initializing distributed: GLOBAL_RANK: 1, MEMBER: 2/4
[2025-04-07 13:49:59,510][lightning_fabric.utilities.distributed][INFO] - Initializing distributed: GLOBAL_RANK: 2, MEMBER: 3/4
[2025-04-07 13:49:59,518][pytorch_lightning.utilities.rank_zero][INFO] - ----------------------------------------------------------------------------------------------------
distributed_backend=nccl
All distributed processes registered. Starting with 4 processes
----------------------------------------------------------------------------------------------------

[2025-04-07 13:50:05,634][pytorch_lightning.accelerators.cuda][INFO] - LOCAL_RANK: 1 - CUDA_VISIBLE_DEVICES: [0,1,2,3]
[2025-04-07 13:50:05,634][pytorch_lightning.accelerators.cuda][INFO] - LOCAL_RANK: 0 - CUDA_VISIBLE_DEVICES: [0,1,2,3]
[2025-04-07 13:50:05,634][pytorch_lightning.accelerators.cuda][INFO] - LOCAL_RANK: 2 - CUDA_VISIBLE_DEVICES: [0,1,2,3]
[2025-04-07 13:50:05,634][pytorch_lightning.accelerators.cuda][INFO] - LOCAL_RANK: 3 - CUDA_VISIBLE_DEVICES: [0,1,2,3]
[2025-04-07 13:50:05,751][lightning_fabric.utilities.seed][INFO] - [rank: 2] Seed set to 616710
[2025-04-07 13:50:05,751][lightning_fabric.utilities.seed][INFO] - [rank: 1] Seed set to 616710
[2025-04-07 13:50:05,751][lightning_fabric.utilities.seed][INFO] - [rank: 3] Seed set to 616710
[2025-04-07 13:50:05,751][lightning_fabric.utilities.seed][INFO] - [rank: 0] Seed set to 616710
[2025-04-07 13:50:05,763][pytorch_lightning.callbacks.model_summary][INFO] - 
  | Name    | Type                 | Params | Mode 
---------------------------------------------------------
0 | model   | AnemoiModelInterface | 185 M  | train
1 | loss    | WeightedMSELoss      | 0      | train
2 | metrics | ModuleList           | 0      | train
---------------------------------------------------------
185 M     Trainable params
0         Non-trainable params
185 M     Total params
740.106   Total estimated model params size (MB)
305       Modules in train mode
0         Modules in eval mode
[2025-04-07 13:50:05,768][pytorch_lightning.trainer.connectors.signal_connector][INFO] - SLURM auto-requeueing enabled. Setting signal handlers.
[2025-04-07 13:50:05,768][pytorch_lightning.trainer.connectors.signal_connector][INFO] - SLURM auto-requeueing enabled. Setting signal handlers.
[2025-04-07 13:50:05,768][pytorch_lightning.trainer.connectors.signal_connector][INFO] - SLURM auto-requeueing enabled. Setting signal handlers.
[2025-04-07 13:50:05,768][pytorch_lightning.trainer.connectors.signal_connector][INFO] - SLURM auto-requeueing enabled. Setting signal handlers.
[2025-04-07 13:55:59,052][anemoi.training.diagnostics.callbacks.sanity][INFO] - No variable order to compare. Skipping variable order check.
[2025-04-07 13:55:59,052][anemoi.training.diagnostics.callbacks.sanity][INFO] - No variable order to compare. Skipping variable order check.
[2025-04-07 13:55:59,052][anemoi.training.diagnostics.callbacks.sanity][INFO] - No variable order to compare. Skipping variable order check.
[2025-04-07 13:55:59,053][anemoi.training.diagnostics.callbacks.sanity][INFO] - No variable order to compare. Skipping variable order check.
[2025-04-07 13:57:06,875][pytorch_lightning.trainer.connectors.signal_connector][INFO] - [rank: 0] Received SIGTERM: 15
[2025-04-07 13:57:06,878][pytorch_lightning.trainer.connectors.signal_connector][INFO] - Bypassing SIGTERM: 15
[2025-04-07 13:57:06,886][pytorch_lightning.trainer.connectors.signal_connector][INFO] - [rank: 1] Received SIGTERM: 15
[2025-04-07 13:57:06,886][pytorch_lightning.trainer.connectors.signal_connector][INFO] - Bypassing SIGTERM: 15
[2025-04-07 13:57:06,890][pytorch_lightning.trainer.connectors.signal_connector][INFO] - [rank: 2] Received SIGTERM: 15
[2025-04-07 13:57:06,891][pytorch_lightning.trainer.connectors.signal_connector][INFO] - Bypassing SIGTERM: 15
[2025-04-07 13:57:06,891][pytorch_lightning.trainer.connectors.signal_connector][INFO] - [rank: 3] Received SIGTERM: 15
[2025-04-07 13:57:06,891][pytorch_lightning.trainer.connectors.signal_connector][INFO] - Bypassing SIGTERM: 15
