[2025-02-26 16:15:57,129][anemoi.training.train.train][INFO] - Run id: 00322d28-4074-4a14-abf7-0cda11e6524f
[2025-02-26 16:15:57,129][anemoi.training.train.train][INFO] - Run id: 355bea80-13b6-451b-8b5c-772a2c0f2753
[2025-02-26 16:15:57,130][anemoi.training.train.train][INFO] - Checkpoints path: /work/hdd/bduu/jbanomedina/regional-ai/training/STRETCHED-6km/logs/outputs_checkpoint/00322d28-4074-4a14-abf7-0cda11e6524f
[2025-02-26 16:15:57,130][anemoi.training.train.train][INFO] - Checkpoints path: /work/hdd/bduu/jbanomedina/regional-ai/training/STRETCHED-6km/logs/outputs_checkpoint/355bea80-13b6-451b-8b5c-772a2c0f2753
[2025-02-26 16:15:57,130][anemoi.training.train.train][INFO] - Plots path: /work/hdd/bduu/jbanomedina/regional-ai/training/STRETCHED-6km/logs/outputs_plots/00322d28-4074-4a14-abf7-0cda11e6524f
[2025-02-26 16:15:57,130][anemoi.training.train.train][INFO] - Plots path: /work/hdd/bduu/jbanomedina/regional-ai/training/STRETCHED-6km/logs/outputs_plots/355bea80-13b6-451b-8b5c-772a2c0f2753
[2025-02-26 16:15:57,130][anemoi.training.train.train][INFO] - Run id: 6148bdb8-b798-4bb5-9f03-9f1ef5fe30f0
[2025-02-26 16:15:57,131][anemoi.training.train.train][INFO] - Checkpoints path: /work/hdd/bduu/jbanomedina/regional-ai/training/STRETCHED-6km/logs/outputs_checkpoint/6148bdb8-b798-4bb5-9f03-9f1ef5fe30f0
[2025-02-26 16:15:57,131][anemoi.training.train.train][INFO] - Plots path: /work/hdd/bduu/jbanomedina/regional-ai/training/STRETCHED-6km/logs/outputs_plots/6148bdb8-b798-4bb5-9f03-9f1ef5fe30f0
[2025-02-26 16:15:57,132][anemoi.training.train.train][INFO] - Run id: 73dc7192-1dbb-4c57-9817-c31cfbd51901
[2025-02-26 16:15:57,132][anemoi.training.train.train][INFO] - Checkpoints path: /work/hdd/bduu/jbanomedina/regional-ai/training/STRETCHED-6km/logs/outputs_checkpoint/73dc7192-1dbb-4c57-9817-c31cfbd51901
[2025-02-26 16:15:57,132][anemoi.training.train.train][INFO] - Plots path: /work/hdd/bduu/jbanomedina/regional-ai/training/STRETCHED-6km/logs/outputs_plots/73dc7192-1dbb-4c57-9817-c31cfbd51901
[2025-02-26 16:15:57,181][anemoi.training.train.train][INFO] - Loading graph data from /work/hdd/bduu/jbanomedina/regional-ai/training/STRETCHED-6km/logs/outputs_graphs/STRETCHED-6km.pt
[2025-02-26 16:15:57,181][anemoi.training.train.train][INFO] - Loading graph data from /work/hdd/bduu/jbanomedina/regional-ai/training/STRETCHED-6km/logs/outputs_graphs/STRETCHED-6km.pt
[2025-02-26 16:15:57,181][anemoi.training.train.train][INFO] - Loading graph data from /work/hdd/bduu/jbanomedina/regional-ai/training/STRETCHED-6km/logs/outputs_graphs/STRETCHED-6km.pt
[2025-02-26 16:15:57,181][anemoi.training.train.train][INFO] - Loading graph data from /work/hdd/bduu/jbanomedina/regional-ai/training/STRETCHED-6km/logs/outputs_graphs/STRETCHED-6km.pt
[2025-02-26 16:21:50,644][anemoi.training.data.datamodule][INFO] - Timeincrement set to 1 for data with frequency, 21600, and timestep, 21600
[2025-02-26 16:21:50,651][anemoi.training.train.train][INFO] - Number of data variables: 92
[2025-02-26 16:21:51,582][anemoi.training.data.datamodule][INFO] - Timeincrement set to 1 for data with frequency, 21600, and timestep, 21600
[2025-02-26 16:21:51,587][anemoi.training.train.train][INFO] - Number of data variables: 92
[2025-02-26 16:21:53,870][anemoi.training.data.datamodule][INFO] - Timeincrement set to 1 for data with frequency, 21600, and timestep, 21600
[2025-02-26 16:21:53,876][anemoi.training.train.train][INFO] - Number of data variables: 92
[2025-02-26 16:21:54,984][anemoi.training.data.datamodule][INFO] - Timeincrement set to 1 for data with frequency, 21600, and timestep, 21600
[2025-02-26 16:21:54,990][anemoi.training.train.train][INFO] - Number of data variables: 92
[2025-02-26 16:22:07,131][anemoi.training.diagnostics.callbacks.plot][INFO] - Setting up asynchronous plotting ...
[2025-02-26 16:22:07,132][anemoi.training.diagnostics.callbacks.plot][INFO] - Setting up asynchronous plotting ...
[2025-02-26 16:22:07,132][anemoi.training.diagnostics.callbacks.plot][INFO] - Setting up asynchronous plotting ...
[2025-02-26 16:22:07,132][anemoi.training.diagnostics.callbacks.plot][INFO] - Setting up asynchronous plotting ...
[2025-02-26 16:22:07,133][anemoi.training.diagnostics.callbacks.plot][INFO] - Setting up asynchronous plotting ...
[2025-02-26 16:22:07,134][anemoi.training.diagnostics.callbacks.plot][INFO] - Setting up asynchronous plotting ...
[2025-02-26 16:22:07,134][anemoi.training.diagnostics.callbacks.plot][INFO] - Setting up asynchronous plotting ...
[2025-02-26 16:22:07,134][anemoi.training.diagnostics.callbacks.plot][INFO] - Setting up asynchronous plotting ...
[2025-02-26 16:22:07,137][anemoi.training.diagnostics.callbacks.plot][INFO] - Setting up asynchronous plotting ...
[2025-02-26 16:22:07,137][anemoi.training.diagnostics.callbacks.plot][INFO] - Using defined accumulation colormap for fields: ['tp']
[2025-02-26 16:22:07,138][anemoi.training.diagnostics.callbacks.plot][INFO] - Setting up asynchronous plotting ...
[2025-02-26 16:22:07,138][anemoi.training.diagnostics.callbacks.plot][INFO] - Setting up asynchronous plotting ...
[2025-02-26 16:22:07,138][anemoi.training.diagnostics.callbacks.plot][INFO] - Setting up asynchronous plotting ...
[2025-02-26 16:22:07,139][anemoi.training.diagnostics.callbacks.plot][INFO] - Setting up asynchronous plotting ...
[2025-02-26 16:22:07,138][anemoi.training.diagnostics.callbacks.plot][INFO] - Using defined accumulation colormap for fields: ['tp']
[2025-02-26 16:22:07,138][anemoi.training.diagnostics.callbacks.plot][INFO] - Using defined accumulation colormap for fields: ['tp']
[2025-02-26 16:22:07,139][anemoi.training.diagnostics.callbacks.plot][INFO] - Using defined accumulation colormap for fields: ['tp']
[2025-02-26 16:22:07,140][anemoi.training.diagnostics.callbacks.plot][INFO] - Setting up asynchronous plotting ...
[2025-02-26 16:22:07,140][anemoi.training.diagnostics.callbacks.plot][INFO] - Setting up asynchronous plotting ...
[2025-02-26 16:22:07,140][anemoi.training.diagnostics.callbacks.plot][INFO] - Setting up asynchronous plotting ...
[2025-02-26 16:22:07,140][anemoi.training.diagnostics.callbacks.plot][INFO] - Setting up asynchronous plotting ...
[2025-02-26 16:22:07,140][anemoi.training.diagnostics.callbacks.plot][INFO] - Using precip histogram plotting method for fields: ['tp'].
[2025-02-26 16:22:07,141][anemoi.training.diagnostics.callbacks.plot][INFO] - Setting up asynchronous plotting ...
[2025-02-26 16:22:07,142][anemoi.training.diagnostics.callbacks.plot][INFO] - Setting up asynchronous plotting ...
[2025-02-26 16:22:07,142][anemoi.training.diagnostics.callbacks.plot][INFO] - Setting up asynchronous plotting ...
[2025-02-26 16:22:07,142][anemoi.training.diagnostics.callbacks.plot][INFO] - Using precip histogram plotting method for fields: ['tp'].
[2025-02-26 16:22:07,142][anemoi.training.diagnostics.callbacks.plot][INFO] - Using precip histogram plotting method for fields: ['tp'].
[2025-02-26 16:22:07,142][anemoi.training.diagnostics.callbacks.plot][INFO] - Using precip histogram plotting method for fields: ['tp'].
[2025-02-26 16:22:08,175][pytorch_lightning.utilities.rank_zero][INFO] - Using 16bit Automatic Mixed Precision (AMP)
[2025-02-26 16:22:08,319][pytorch_lightning.utilities.rank_zero][INFO] - GPU available: True (cuda), used: True
[2025-02-26 16:22:08,319][pytorch_lightning.utilities.rank_zero][INFO] - TPU available: False, using: 0 TPU cores
[2025-02-26 16:22:08,319][pytorch_lightning.utilities.rank_zero][INFO] - HPU available: False, using: 0 HPUs
[2025-02-26 16:22:08,372][lightning_fabric.utilities.seed][INFO] - [rank: 0] Seed set to 525615
[2025-02-26 16:22:08,372][lightning_fabric.utilities.seed][INFO] - [rank: 3] Seed set to 525615
[2025-02-26 16:22:08,372][lightning_fabric.utilities.seed][INFO] - [rank: 2] Seed set to 525615
[2025-02-26 16:22:08,372][lightning_fabric.utilities.seed][INFO] - [rank: 1] Seed set to 525615
[2025-02-26 16:22:26,069][anemoi.models.preprocessing.normalizer][INFO] - Normalizing: cos_julian_day is not normalized.
[2025-02-26 16:22:26,069][anemoi.models.preprocessing.normalizer][INFO] - Normalizing: cos_latitude is not normalized.
[2025-02-26 16:22:26,069][anemoi.models.preprocessing.normalizer][INFO] - Normalizing: cos_local_time is not normalized.
[2025-02-26 16:22:26,069][anemoi.models.preprocessing.normalizer][INFO] - Normalizing: cos_longitude is not normalized.
[2025-02-26 16:22:26,069][anemoi.models.preprocessing.normalizer][INFO] - Normalizing: cos_julian_day is not normalized.
[2025-02-26 16:22:26,069][anemoi.models.preprocessing.normalizer][INFO] - Normalizing: insolation is not normalized.
[2025-02-26 16:22:26,069][anemoi.models.preprocessing.normalizer][INFO] - Normalizing: cos_julian_day is not normalized.
[2025-02-26 16:22:26,069][anemoi.models.preprocessing.normalizer][INFO] - Normalizing: lsm is not normalized.
[2025-02-26 16:22:26,069][anemoi.models.preprocessing.normalizer][INFO] - Normalizing: cos_latitude is not normalized.
[2025-02-26 16:22:26,069][anemoi.models.preprocessing.normalizer][INFO] - Normalizing: cos_latitude is not normalized.
[2025-02-26 16:22:26,069][anemoi.models.preprocessing.normalizer][INFO] - Normalizing: sin_julian_day is not normalized.
[2025-02-26 16:22:26,069][anemoi.models.preprocessing.normalizer][INFO] - Normalizing: cos_local_time is not normalized.
[2025-02-26 16:22:26,069][anemoi.models.preprocessing.normalizer][INFO] - Normalizing: sin_latitude is not normalized.
[2025-02-26 16:22:26,069][anemoi.models.preprocessing.normalizer][INFO] - Normalizing: cos_longitude is not normalized.
[2025-02-26 16:22:26,069][anemoi.models.preprocessing.normalizer][INFO] - Normalizing: cos_local_time is not normalized.
[2025-02-26 16:22:26,069][anemoi.models.preprocessing.normalizer][INFO] - Normalizing: sin_local_time is not normalized.
[2025-02-26 16:22:26,070][anemoi.models.preprocessing.normalizer][INFO] - Normalizing: insolation is not normalized.
[2025-02-26 16:22:26,070][anemoi.models.preprocessing.normalizer][INFO] - Normalizing: sin_longitude is not normalized.
[2025-02-26 16:22:26,070][anemoi.models.preprocessing.normalizer][INFO] - Normalizing: lsm is not normalized.
[2025-02-26 16:22:26,070][anemoi.models.preprocessing.normalizer][INFO] - Normalizing: cos_longitude is not normalized.
[2025-02-26 16:22:26,070][anemoi.models.preprocessing.normalizer][INFO] - Normalizing: sin_julian_day is not normalized.
[2025-02-26 16:22:26,070][anemoi.models.preprocessing.normalizer][INFO] - Normalizing: z_sfc is not normalized.
[2025-02-26 16:22:26,070][anemoi.models.preprocessing.normalizer][INFO] - Normalizing: sin_latitude is not normalized.
[2025-02-26 16:22:26,070][anemoi.models.preprocessing.normalizer][INFO] - Normalizing: sin_local_time is not normalized.
[2025-02-26 16:22:26,070][anemoi.models.preprocessing.normalizer][INFO] - Normalizing: sin_longitude is not normalized.
[2025-02-26 16:22:26,070][anemoi.models.preprocessing.normalizer][INFO] - Normalizing: insolation is not normalized.
[2025-02-26 16:22:26,070][anemoi.models.preprocessing.normalizer][INFO] - Normalizing: z_sfc is not normalized.
[2025-02-26 16:22:26,070][anemoi.models.preprocessing.normalizer][INFO] - Normalizing: lsm is not normalized.
[2025-02-26 16:22:26,070][anemoi.models.preprocessing.normalizer][INFO] - Normalizing: sin_julian_day is not normalized.
[2025-02-26 16:22:26,070][anemoi.models.preprocessing.normalizer][INFO] - Normalizing: sin_latitude is not normalized.
[2025-02-26 16:22:26,070][anemoi.models.preprocessing.normalizer][INFO] - Normalizing: sin_local_time is not normalized.
[2025-02-26 16:22:26,070][anemoi.models.preprocessing.normalizer][INFO] - Normalizing: sin_longitude is not normalized.
[2025-02-26 16:22:26,071][anemoi.models.preprocessing.normalizer][INFO] - Normalizing: z_sfc is not normalized.
[2025-02-26 16:22:26,080][anemoi.models.preprocessing.normalizer][INFO] - Normalizing: cos_julian_day is not normalized.
[2025-02-26 16:22:26,081][anemoi.models.preprocessing.normalizer][INFO] - Normalizing: cos_latitude is not normalized.
[2025-02-26 16:22:26,081][anemoi.models.preprocessing.normalizer][INFO] - Normalizing: cos_local_time is not normalized.
[2025-02-26 16:22:26,081][anemoi.models.preprocessing.normalizer][INFO] - Normalizing: cos_longitude is not normalized.
[2025-02-26 16:22:26,081][anemoi.models.preprocessing.normalizer][INFO] - Normalizing: insolation is not normalized.
[2025-02-26 16:22:26,081][anemoi.models.preprocessing.normalizer][INFO] - Normalizing: lsm is not normalized.
[2025-02-26 16:22:26,081][anemoi.models.preprocessing.normalizer][INFO] - Normalizing: sin_julian_day is not normalized.
[2025-02-26 16:22:26,081][anemoi.models.preprocessing.normalizer][INFO] - Normalizing: sin_latitude is not normalized.
[2025-02-26 16:22:26,082][anemoi.models.preprocessing.normalizer][INFO] - Normalizing: sin_local_time is not normalized.
[2025-02-26 16:22:26,082][anemoi.models.preprocessing.normalizer][INFO] - Normalizing: sin_longitude is not normalized.
[2025-02-26 16:22:26,082][anemoi.models.preprocessing.normalizer][INFO] - Normalizing: z_sfc is not normalized.
[2025-02-26 16:22:26,437][anemoi.models.layers.utils][INFO] - Linear kernel: {'_target_': 'torch.nn.Linear', '_partial_': True}
[2025-02-26 16:22:26,437][anemoi.models.layers.utils][INFO] - Linear kernel: {'_target_': 'torch.nn.Linear', '_partial_': True}
[2025-02-26 16:22:26,438][anemoi.models.layers.utils][INFO] - Linear kernel: {'_target_': 'torch.nn.Linear', '_partial_': True}
[2025-02-26 16:22:26,438][anemoi.models.layers.utils][INFO] - LayerNorm kernel: {'_target_': 'torch.nn.LayerNorm', '_partial_': True}
[2025-02-26 16:22:26,438][anemoi.models.layers.utils][INFO] - LayerNorm kernel: {'_target_': 'torch.nn.LayerNorm', '_partial_': True}
[2025-02-26 16:22:26,438][anemoi.models.layers.utils][INFO] - Linear kernel: {'_target_': 'torch.nn.Linear', '_partial_': True}
[2025-02-26 16:22:26,438][anemoi.models.layers.utils][INFO] - LayerNorm kernel: {'_target_': 'torch.nn.LayerNorm', '_partial_': True}
[2025-02-26 16:22:26,439][anemoi.models.layers.utils][INFO] - LayerNorm kernel: {'_target_': 'torch.nn.LayerNorm', '_partial_': True}
[2025-02-26 16:22:32,553][anemoi.training.losses.nodeweights][INFO] - Loading node attribute area_weight from the graph
[2025-02-26 16:22:32,553][anemoi.training.losses.nodeweights][INFO] - Loading node attribute area_weight from the graph
[2025-02-26 16:22:32,553][anemoi.training.losses.nodeweights][INFO] - Loading node attribute area_weight from the graph
[2025-02-26 16:22:32,553][anemoi.training.losses.nodeweights][INFO] - Loading node attribute area_weight from the graph
[2025-02-26 16:22:32,558][anemoi.training.train.forecaster][INFO] - Pressure level scaling: use scaler ReluPressureLevelScaler with slope 0.0010 and minimum 0.20
[2025-02-26 16:22:32,558][anemoi.training.train.forecaster][INFO] - Pressure level scaling: use scaler ReluPressureLevelScaler with slope 0.0010 and minimum 0.20
[2025-02-26 16:22:32,558][anemoi.training.train.forecaster][INFO] - Pressure level scaling: use scaler ReluPressureLevelScaler with slope 0.0010 and minimum 0.20
[2025-02-26 16:22:32,558][anemoi.training.train.forecaster][INFO] - Pressure level scaling: use scaler ReluPressureLevelScaler with slope 0.0010 and minimum 0.20
[2025-02-26 16:22:38,129][lightning_fabric.utilities.distributed][INFO] - Initializing distributed: GLOBAL_RANK: 0, MEMBER: 1/4
[2025-02-26 16:22:38,877][lightning_fabric.utilities.distributed][INFO] - Initializing distributed: GLOBAL_RANK: 3, MEMBER: 4/4
[2025-02-26 16:22:38,877][lightning_fabric.utilities.distributed][INFO] - Initializing distributed: GLOBAL_RANK: 2, MEMBER: 3/4
[2025-02-26 16:22:38,880][lightning_fabric.utilities.distributed][INFO] - Initializing distributed: GLOBAL_RANK: 1, MEMBER: 2/4
[2025-02-26 16:22:38,921][pytorch_lightning.utilities.rank_zero][INFO] - ----------------------------------------------------------------------------------------------------
distributed_backend=nccl
All distributed processes registered. Starting with 4 processes
----------------------------------------------------------------------------------------------------

[2025-02-26 16:22:46,309][pytorch_lightning.accelerators.cuda][INFO] - LOCAL_RANK: 0 - CUDA_VISIBLE_DEVICES: [0,1,2,3]
[2025-02-26 16:22:46,309][pytorch_lightning.accelerators.cuda][INFO] - LOCAL_RANK: 2 - CUDA_VISIBLE_DEVICES: [0,1,2,3]
[2025-02-26 16:22:46,309][pytorch_lightning.accelerators.cuda][INFO] - LOCAL_RANK: 3 - CUDA_VISIBLE_DEVICES: [0,1,2,3]
[2025-02-26 16:22:46,309][pytorch_lightning.accelerators.cuda][INFO] - LOCAL_RANK: 1 - CUDA_VISIBLE_DEVICES: [0,1,2,3]
[2025-02-26 16:22:46,676][lightning_fabric.utilities.seed][INFO] - [rank: 3] Seed set to 525615
[2025-02-26 16:22:46,676][lightning_fabric.utilities.seed][INFO] - [rank: 2] Seed set to 525615
[2025-02-26 16:22:46,676][lightning_fabric.utilities.seed][INFO] - [rank: 1] Seed set to 525615
[2025-02-26 16:22:46,676][lightning_fabric.utilities.seed][INFO] - [rank: 0] Seed set to 525615
[2025-02-26 16:22:46,686][pytorch_lightning.callbacks.model_summary][INFO] - 
  | Name    | Type                 | Params | Mode 
---------------------------------------------------------
0 | model   | AnemoiModelInterface | 372 M  | train
1 | loss    | WeightedMSELoss      | 0      | train
2 | metrics | ModuleList           | 0      | train
---------------------------------------------------------
372 M     Trainable params
0         Non-trainable params
372 M     Total params
1,489.888 Total estimated model params size (MB)
215       Modules in train mode
0         Modules in eval mode
[2025-02-26 16:22:46,692][pytorch_lightning.trainer.connectors.signal_connector][INFO] - SLURM auto-requeueing enabled. Setting signal handlers.
[2025-02-26 16:22:46,692][pytorch_lightning.trainer.connectors.signal_connector][INFO] - SLURM auto-requeueing enabled. Setting signal handlers.
[2025-02-26 16:22:46,692][pytorch_lightning.trainer.connectors.signal_connector][INFO] - SLURM auto-requeueing enabled. Setting signal handlers.
[2025-02-26 16:22:46,693][pytorch_lightning.trainer.connectors.signal_connector][INFO] - SLURM auto-requeueing enabled. Setting signal handlers.
[2025-02-26 16:28:54,908][anemoi.training.diagnostics.callbacks.sanity][INFO] - No variable order to compare. Skipping variable order check.
[2025-02-26 16:28:54,908][anemoi.training.diagnostics.callbacks.sanity][INFO] - No variable order to compare. Skipping variable order check.
[2025-02-26 16:28:54,907][anemoi.training.diagnostics.callbacks.sanity][INFO] - No variable order to compare. Skipping variable order check.
[2025-02-26 16:28:54,908][anemoi.training.diagnostics.callbacks.sanity][INFO] - No variable order to compare. Skipping variable order check.
