[2025-02-26 12:59:30,406][anemoi.training.train.train][INFO] - Run id: 8df41ec5-89ad-4754-b33a-71a92bc65dc1
[2025-02-26 12:59:30,407][anemoi.training.train.train][INFO] - Checkpoints path: /work/hdd/bduu/jbanomedina/regional-ai/training/STRETCHED-6km/logs/outputs_checkpoint/8df41ec5-89ad-4754-b33a-71a92bc65dc1
[2025-02-26 12:59:30,408][anemoi.training.train.train][INFO] - Plots path: /work/hdd/bduu/jbanomedina/regional-ai/training/STRETCHED-6km/logs/outputs_plots/8df41ec5-89ad-4754-b33a-71a92bc65dc1
[2025-02-26 12:59:41,866][anemoi.graphs.nodes.builders.from_file][INFO] - Reading the dataset from {'cutout': [{'dataset': '/work/hdd/bduu/jbanomedina/regional-ai/data/zarrs//test-1979-01-cw3e-6km-allvars.zarr', 'thinning': 1}, {'dataset': '/work/hdd/bduu/jbanomedina/regional-ai/data/zarrs//test-1979-01-era5-31km-allvars.zarr'}], 'adjust': 'all', 'min_distance_km': 0}.
[2025-02-26 13:05:53,552][anemoi.graphs.nodes.attributes][WARNING] - SphericalAreaWeights is filling 1 (0.00%) nodes with value 0.000000
[2025-02-26 13:11:41,388][anemoi.graphs.generate.masks][INFO] - Fitting KNNAreaMaskBuilder with 1323840 reference nodes from "data (cutout)".
[2025-02-26 13:14:50,067][anemoi.graphs.edges.builder][INFO] - Using KNN-Edges (with 8 nearest neighbours) between data and hidden.
[2025-02-26 13:36:06,894][anemoi.graphs.edges.builder][INFO] - Using KNN-Edges (with 3 nearest neighbours) between hidden and data.
[2025-02-26 13:37:49,500][anemoi.graphs.create][INFO] - Cleaning graph.
[2025-02-26 13:37:49,501][anemoi.graphs.create][INFO] - _dataset deleted from graph.
[2025-02-26 13:37:49,506][anemoi.graphs.create][INFO] - _node_ordering deleted from graph.
[2025-02-26 13:37:49,506][anemoi.graphs.create][INFO] - _nx_graph deleted from graph.
[2025-02-26 13:37:49,507][anemoi.graphs.create][INFO] - _area_mask_builder deleted from graph.
[2025-02-26 13:37:49,507][anemoi.graphs.create][INFO] - _resolutions deleted from graph.
[2025-02-26 13:37:50,461][anemoi.graphs.create][INFO] - Graph saved at /work/hdd/bduu/jbanomedina/regional-ai/training/STRETCHED-6km/logs/outputs_graphs/STRETCHED-6km.pt.
[2025-02-26 13:43:41,990][anemoi.training.data.datamodule][INFO] - Timeincrement set to 1 for data with frequency, 21600, and timestep, 21600
[2025-02-26 13:43:42,082][anemoi.training.train.train][INFO] - Number of data variables: 92
[2025-02-26 13:43:49,691][anemoi.training.diagnostics.callbacks.plot][INFO] - Setting up asynchronous plotting ...
[2025-02-26 13:43:49,695][anemoi.training.diagnostics.callbacks.plot][INFO] - Setting up asynchronous plotting ...
[2025-02-26 13:43:49,699][anemoi.training.diagnostics.callbacks.plot][INFO] - Setting up asynchronous plotting ...
[2025-02-26 13:43:49,699][anemoi.training.diagnostics.callbacks.plot][INFO] - Using defined accumulation colormap for fields: ['tp']
[2025-02-26 13:43:49,701][anemoi.training.diagnostics.callbacks.plot][INFO] - Setting up asynchronous plotting ...
[2025-02-26 13:43:49,702][anemoi.training.diagnostics.callbacks.plot][INFO] - Setting up asynchronous plotting ...
[2025-02-26 13:43:49,703][anemoi.training.diagnostics.callbacks.plot][INFO] - Using precip histogram plotting method for fields: ['tp'].
[2025-02-26 13:43:49,771][pytorch_lightning.utilities.rank_zero][INFO] - Using 16bit Automatic Mixed Precision (AMP)
[2025-02-26 13:43:49,900][pytorch_lightning.utilities.rank_zero][INFO] - GPU available: True (cuda), used: True
[2025-02-26 13:43:49,900][pytorch_lightning.utilities.rank_zero][INFO] - TPU available: False, using: 0 TPU cores
[2025-02-26 13:43:49,900][pytorch_lightning.utilities.rank_zero][INFO] - HPU available: False, using: 0 HPUs
[2025-02-26 13:43:49,919][lightning_fabric.utilities.seed][INFO] - [rank: 0] Seed set to 523413
[2025-02-26 13:44:02,666][anemoi.models.preprocessing.normalizer][INFO] - Normalizing: cos_julian_day is not normalized.
[2025-02-26 13:44:02,667][anemoi.models.preprocessing.normalizer][INFO] - Normalizing: cos_latitude is not normalized.
[2025-02-26 13:44:02,667][anemoi.models.preprocessing.normalizer][INFO] - Normalizing: cos_local_time is not normalized.
[2025-02-26 13:44:02,667][anemoi.models.preprocessing.normalizer][INFO] - Normalizing: cos_longitude is not normalized.
[2025-02-26 13:44:02,668][anemoi.models.preprocessing.normalizer][INFO] - Normalizing: insolation is not normalized.
[2025-02-26 13:44:02,668][anemoi.models.preprocessing.normalizer][INFO] - Normalizing: lsm is not normalized.
[2025-02-26 13:44:02,668][anemoi.models.preprocessing.normalizer][INFO] - Normalizing: sin_julian_day is not normalized.
[2025-02-26 13:44:02,668][anemoi.models.preprocessing.normalizer][INFO] - Normalizing: sin_latitude is not normalized.
[2025-02-26 13:44:02,668][anemoi.models.preprocessing.normalizer][INFO] - Normalizing: sin_local_time is not normalized.
[2025-02-26 13:44:02,668][anemoi.models.preprocessing.normalizer][INFO] - Normalizing: sin_longitude is not normalized.
[2025-02-26 13:44:02,668][anemoi.models.preprocessing.normalizer][INFO] - Normalizing: z_sfc is not normalized.
[2025-02-26 13:44:02,977][anemoi.models.layers.utils][INFO] - Linear kernel: {'_target_': 'torch.nn.Linear', '_partial_': True}
[2025-02-26 13:44:02,978][anemoi.models.layers.utils][INFO] - LayerNorm kernel: {'_target_': 'torch.nn.LayerNorm', '_partial_': True}
[2025-02-26 13:44:04,184][anemoi.training.losses.nodeweights][INFO] - Loading node attribute area_weight from the graph
[2025-02-26 13:44:04,189][anemoi.training.train.forecaster][INFO] - Pressure level scaling: use scaler ReluPressureLevelScaler with slope 0.0010 and minimum 0.20
[2025-02-26 13:44:04,753][lightning_fabric.utilities.distributed][INFO] - Initializing distributed: GLOBAL_RANK: 0, MEMBER: 1/1
[2025-02-26 13:44:04,795][pytorch_lightning.utilities.rank_zero][INFO] - ----------------------------------------------------------------------------------------------------
distributed_backend=nccl
All distributed processes registered. Starting with 1 processes
----------------------------------------------------------------------------------------------------

[2025-02-26 13:44:06,508][pytorch_lightning.accelerators.cuda][INFO] - LOCAL_RANK: 0 - CUDA_VISIBLE_DEVICES: [0]
[2025-02-26 13:44:06,919][lightning_fabric.utilities.seed][INFO] - [rank: 0] Seed set to 523413
[2025-02-26 13:44:06,937][pytorch_lightning.callbacks.model_summary][INFO] - 
  | Name    | Type                 | Params | Mode 
---------------------------------------------------------
0 | model   | AnemoiModelInterface | 454 M  | train
1 | loss    | WeightedMSELoss      | 0      | train
2 | metrics | ModuleList           | 0      | train
---------------------------------------------------------
454 M     Trainable params
0         Non-trainable params
454 M     Total params
1,817.683 Total estimated model params size (MB)
305       Modules in train mode
0         Modules in eval mode
[2025-02-26 13:44:06,939][pytorch_lightning.trainer.connectors.signal_connector][INFO] - SLURM auto-requeueing enabled. Setting signal handlers.
[2025-02-26 13:50:35,794][anemoi.training.diagnostics.callbacks.sanity][INFO] - No variable order to compare. Skipping variable order check.
