[2025-03-23 12:23:53,274][anemoi.training.train.train][INFO] - Run id: fcd205c0-1cc1-4911-ae71-bea0433bb5b8
[2025-03-23 12:23:53,275][anemoi.training.train.train][INFO] - Run id: b7b26423-6e07-4511-af6f-b02ae93ed5ac
[2025-03-23 12:23:53,275][anemoi.training.train.train][INFO] - Run id: b6b6b5a0-95b0-46bb-849d-478230207ead
[2025-03-23 12:23:53,275][anemoi.training.train.train][INFO] - Checkpoints path: /work/nvme/bduu/jbanomedina/regional-ai/training/GLOBAL-31km/logs/outputs_checkpoint/fcd205c0-1cc1-4911-ae71-bea0433bb5b8
[2025-03-23 12:23:53,275][anemoi.training.train.train][INFO] - Checkpoints path: /work/nvme/bduu/jbanomedina/regional-ai/training/GLOBAL-31km/logs/outputs_checkpoint/b7b26423-6e07-4511-af6f-b02ae93ed5ac
[2025-03-23 12:23:53,275][anemoi.training.train.train][INFO] - Plots path: /work/nvme/bduu/jbanomedina/regional-ai/training/GLOBAL-31km/logs/outputs_plots/fcd205c0-1cc1-4911-ae71-bea0433bb5b8
[2025-03-23 12:23:53,275][anemoi.training.train.train][INFO] - Plots path: /work/nvme/bduu/jbanomedina/regional-ai/training/GLOBAL-31km/logs/outputs_plots/b7b26423-6e07-4511-af6f-b02ae93ed5ac
[2025-03-23 12:23:53,275][anemoi.training.train.train][INFO] - Run id: 2be55b33-476d-4de3-83c0-88c9d8bd5e7e
[2025-03-23 12:23:53,275][anemoi.training.train.train][INFO] - Checkpoints path: /work/nvme/bduu/jbanomedina/regional-ai/training/GLOBAL-31km/logs/outputs_checkpoint/b6b6b5a0-95b0-46bb-849d-478230207ead
[2025-03-23 12:23:53,276][anemoi.training.train.train][INFO] - Plots path: /work/nvme/bduu/jbanomedina/regional-ai/training/GLOBAL-31km/logs/outputs_plots/b6b6b5a0-95b0-46bb-849d-478230207ead
[2025-03-23 12:23:53,276][anemoi.training.train.train][INFO] - Checkpoints path: /work/nvme/bduu/jbanomedina/regional-ai/training/GLOBAL-31km/logs/outputs_checkpoint/2be55b33-476d-4de3-83c0-88c9d8bd5e7e
[2025-03-23 12:23:53,276][anemoi.training.train.train][INFO] - Plots path: /work/nvme/bduu/jbanomedina/regional-ai/training/GLOBAL-31km/logs/outputs_plots/2be55b33-476d-4de3-83c0-88c9d8bd5e7e
[2025-03-23 12:23:53,282][anemoi.training.train.train][INFO] - Loading graph data from /work/nvme/bduu/jbanomedina/regional-ai/training/GLOBAL-31km/logs/outputs_graphs/graph-31km-7-12x3.pt
[2025-03-23 12:23:53,282][anemoi.training.train.train][INFO] - Loading graph data from /work/nvme/bduu/jbanomedina/regional-ai/training/GLOBAL-31km/logs/outputs_graphs/graph-31km-7-12x3.pt
[2025-03-23 12:23:53,282][anemoi.training.train.train][INFO] - Loading graph data from /work/nvme/bduu/jbanomedina/regional-ai/training/GLOBAL-31km/logs/outputs_graphs/graph-31km-7-12x3.pt
[2025-03-23 12:23:53,283][anemoi.training.train.train][INFO] - Loading graph data from /work/nvme/bduu/jbanomedina/regional-ai/training/GLOBAL-31km/logs/outputs_graphs/graph-31km-7-12x3.pt
[2025-03-23 12:23:53,627][anemoi.training.data.datamodule][INFO] - Timeincrement set to 1 for data with frequency, 21600, and timestep, 21600
[2025-03-23 12:23:53,628][anemoi.training.data.datamodule][INFO] - Timeincrement set to 1 for data with frequency, 21600, and timestep, 21600
[2025-03-23 12:23:53,631][anemoi.training.data.datamodule][INFO] - Timeincrement set to 1 for data with frequency, 21600, and timestep, 21600
[2025-03-23 12:23:53,633][anemoi.training.train.train][INFO] - Number of data variables: 87
[2025-03-23 12:23:53,633][anemoi.training.train.train][INFO] - Number of data variables: 87
[2025-03-23 12:23:53,633][anemoi.training.train.train][INFO] - Training limits: max_epochs=13, max_steps=7900. Training will stop when either limit is reached first. Learning rate scheduler will run for 7900 steps.
[2025-03-23 12:23:53,633][anemoi.training.train.train][INFO] - Training limits: max_epochs=13, max_steps=7900. Training will stop when either limit is reached first. Learning rate scheduler will run for 7900 steps.
[2025-03-23 12:23:53,635][anemoi.training.train.train][INFO] - Number of data variables: 87
[2025-03-23 12:23:53,635][anemoi.training.train.train][INFO] - Training limits: max_epochs=13, max_steps=7900. Training will stop when either limit is reached first. Learning rate scheduler will run for 7900 steps.
[2025-03-23 12:23:53,642][anemoi.training.data.datamodule][INFO] - Timeincrement set to 1 for data with frequency, 21600, and timestep, 21600
[2025-03-23 12:23:53,645][anemoi.training.train.train][INFO] - Number of data variables: 87
[2025-03-23 12:23:53,646][anemoi.training.train.train][INFO] - Training limits: max_epochs=13, max_steps=7900. Training will stop when either limit is reached first. Learning rate scheduler will run for 7900 steps.
[2025-03-23 12:23:54,886][pytorch_lightning.utilities.rank_zero][INFO] - Using 16bit Automatic Mixed Precision (AMP)
[2025-03-23 12:23:54,951][pytorch_lightning.utilities.rank_zero][INFO] - GPU available: True (cuda), used: True
[2025-03-23 12:23:54,951][pytorch_lightning.utilities.rank_zero][INFO] - TPU available: False, using: 0 TPU cores
[2025-03-23 12:23:54,951][pytorch_lightning.utilities.rank_zero][INFO] - HPU available: False, using: 0 HPUs
[2025-03-23 12:23:54,962][lightning_fabric.utilities.seed][INFO] - [rank: 0] Seed set to 581295
[2025-03-23 12:23:54,962][lightning_fabric.utilities.seed][INFO] - [rank: 2] Seed set to 581295
[2025-03-23 12:23:54,962][lightning_fabric.utilities.seed][INFO] - [rank: 3] Seed set to 581295
[2025-03-23 12:23:54,962][lightning_fabric.utilities.seed][INFO] - [rank: 1] Seed set to 581295
[2025-03-23 12:24:07,940][anemoi.models.preprocessing.normalizer][INFO] - Normalizing: cos_julian_day is not normalized.
[2025-03-23 12:24:07,940][anemoi.models.preprocessing.normalizer][INFO] - Normalizing: cos_latitude is not normalized.
[2025-03-23 12:24:07,940][anemoi.models.preprocessing.normalizer][INFO] - Normalizing: cos_local_time is not normalized.
[2025-03-23 12:24:07,940][anemoi.models.preprocessing.normalizer][INFO] - Normalizing: cos_longitude is not normalized.
[2025-03-23 12:24:07,940][anemoi.models.preprocessing.normalizer][INFO] - Normalizing: cos_julian_day is not normalized.
[2025-03-23 12:24:07,940][anemoi.models.preprocessing.normalizer][INFO] - Normalizing: insolation is not normalized.
[2025-03-23 12:24:07,940][anemoi.models.preprocessing.normalizer][INFO] - Normalizing: cos_julian_day is not normalized.
[2025-03-23 12:24:07,940][anemoi.models.preprocessing.normalizer][INFO] - Normalizing: lsm is not normalized.
[2025-03-23 12:24:07,940][anemoi.models.preprocessing.normalizer][INFO] - Normalizing: cos_latitude is not normalized.
[2025-03-23 12:24:07,940][anemoi.models.preprocessing.normalizer][INFO] - Normalizing: cos_latitude is not normalized.
[2025-03-23 12:24:07,940][anemoi.models.preprocessing.normalizer][INFO] - Normalizing: sin_julian_day is not normalized.
[2025-03-23 12:24:07,940][anemoi.models.preprocessing.normalizer][INFO] - Normalizing: cos_local_time is not normalized.
[2025-03-23 12:24:07,940][anemoi.models.preprocessing.normalizer][INFO] - Normalizing: cos_local_time is not normalized.
[2025-03-23 12:24:07,941][anemoi.models.preprocessing.normalizer][INFO] - Normalizing: sin_latitude is not normalized.
[2025-03-23 12:24:07,941][anemoi.models.preprocessing.normalizer][INFO] - Normalizing: cos_longitude is not normalized.
[2025-03-23 12:24:07,941][anemoi.models.preprocessing.normalizer][INFO] - Normalizing: cos_longitude is not normalized.
[2025-03-23 12:24:07,941][anemoi.models.preprocessing.normalizer][INFO] - Normalizing: sin_local_time is not normalized.
[2025-03-23 12:24:07,941][anemoi.models.preprocessing.normalizer][INFO] - Normalizing: insolation is not normalized.
[2025-03-23 12:24:07,941][anemoi.models.preprocessing.normalizer][INFO] - Normalizing: insolation is not normalized.
[2025-03-23 12:24:07,941][anemoi.models.preprocessing.normalizer][INFO] - Normalizing: sin_longitude is not normalized.
[2025-03-23 12:24:07,941][anemoi.models.preprocessing.normalizer][INFO] - Normalizing: lsm is not normalized.
[2025-03-23 12:24:07,941][anemoi.models.preprocessing.normalizer][INFO] - Normalizing: lsm is not normalized.
[2025-03-23 12:24:07,941][anemoi.models.preprocessing.normalizer][INFO] - Normalizing: sin_julian_day is not normalized.
[2025-03-23 12:24:07,941][anemoi.models.preprocessing.normalizer][INFO] - Normalizing: z_sfc is not normalized.
[2025-03-23 12:24:07,941][anemoi.models.preprocessing.normalizer][INFO] - Normalizing: sin_latitude is not normalized.
[2025-03-23 12:24:07,941][anemoi.models.preprocessing.normalizer][INFO] - Normalizing: sin_local_time is not normalized.
[2025-03-23 12:24:07,941][anemoi.models.preprocessing.normalizer][INFO] - Normalizing: sin_longitude is not normalized.
[2025-03-23 12:24:07,941][anemoi.models.preprocessing.normalizer][INFO] - Normalizing: sin_julian_day is not normalized.
[2025-03-23 12:24:07,941][anemoi.models.preprocessing.normalizer][INFO] - Normalizing: z_sfc is not normalized.
[2025-03-23 12:24:07,941][anemoi.models.preprocessing.normalizer][INFO] - Normalizing: sin_latitude is not normalized.
[2025-03-23 12:24:07,941][anemoi.models.preprocessing.normalizer][INFO] - Normalizing: sin_local_time is not normalized.
[2025-03-23 12:24:07,941][anemoi.models.preprocessing.normalizer][INFO] - Normalizing: sin_longitude is not normalized.
[2025-03-23 12:24:07,942][anemoi.models.preprocessing.normalizer][INFO] - Normalizing: z_sfc is not normalized.
[2025-03-23 12:24:07,944][anemoi.models.preprocessing.normalizer][INFO] - Normalizing: cos_julian_day is not normalized.
[2025-03-23 12:24:07,944][anemoi.models.preprocessing.normalizer][INFO] - Normalizing: cos_latitude is not normalized.
[2025-03-23 12:24:07,944][anemoi.models.preprocessing.normalizer][INFO] - Normalizing: cos_local_time is not normalized.
[2025-03-23 12:24:07,944][anemoi.models.preprocessing.normalizer][INFO] - Normalizing: cos_longitude is not normalized.
[2025-03-23 12:24:07,944][anemoi.models.preprocessing.normalizer][INFO] - Normalizing: insolation is not normalized.
[2025-03-23 12:24:07,944][anemoi.models.preprocessing.normalizer][INFO] - Normalizing: lsm is not normalized.
[2025-03-23 12:24:07,944][anemoi.models.preprocessing.normalizer][INFO] - Normalizing: sin_julian_day is not normalized.
[2025-03-23 12:24:07,944][anemoi.models.preprocessing.normalizer][INFO] - Normalizing: sin_latitude is not normalized.
[2025-03-23 12:24:07,944][anemoi.models.preprocessing.normalizer][INFO] - Normalizing: sin_local_time is not normalized.
[2025-03-23 12:24:07,944][anemoi.models.preprocessing.normalizer][INFO] - Normalizing: sin_longitude is not normalized.
[2025-03-23 12:24:07,945][anemoi.models.preprocessing.normalizer][INFO] - Normalizing: z_sfc is not normalized.
[2025-03-23 12:24:08,044][anemoi.models.layers.utils][INFO] - Linear kernel: {'_target_': 'torch.nn.Linear', '_partial_': True}
[2025-03-23 12:24:08,044][anemoi.models.layers.utils][INFO] - Linear kernel: {'_target_': 'torch.nn.Linear', '_partial_': True}
[2025-03-23 12:24:08,045][anemoi.models.layers.utils][INFO] - Linear kernel: {'_target_': 'torch.nn.Linear', '_partial_': True}
[2025-03-23 12:24:08,045][anemoi.models.layers.utils][INFO] - LayerNorm kernel: {'_target_': 'torch.nn.LayerNorm', '_partial_': True}
[2025-03-23 12:24:08,045][anemoi.models.layers.utils][INFO] - LayerNorm kernel: {'_target_': 'torch.nn.LayerNorm', '_partial_': True}
[2025-03-23 12:24:08,045][anemoi.models.layers.utils][INFO] - LayerNorm kernel: {'_target_': 'torch.nn.LayerNorm', '_partial_': True}
[2025-03-23 12:24:08,045][anemoi.models.layers.utils][INFO] - Linear kernel: {'_target_': 'torch.nn.Linear', '_partial_': True}
[2025-03-23 12:24:08,046][anemoi.models.layers.utils][INFO] - LayerNorm kernel: {'_target_': 'torch.nn.LayerNorm', '_partial_': True}
[2025-03-23 12:24:12,346][anemoi.training.losses.nodeweights][INFO] - Loading node attribute area_weight from the graph
[2025-03-23 12:24:12,346][anemoi.training.losses.nodeweights][INFO] - Loading node attribute area_weight from the graph
[2025-03-23 12:24:12,346][anemoi.training.losses.nodeweights][INFO] - Loading node attribute area_weight from the graph
[2025-03-23 12:24:12,346][anemoi.training.losses.nodeweights][INFO] - Loading node attribute area_weight from the graph
[2025-03-23 12:24:12,350][anemoi.training.train.forecaster][INFO] - Pressure level scaling: use scaler ReluPressureLevelScaler with slope 0.0010 and minimum 0.20
[2025-03-23 12:24:12,350][anemoi.training.train.forecaster][INFO] - Pressure level scaling: use scaler ReluPressureLevelScaler with slope 0.0010 and minimum 0.20
[2025-03-23 12:24:12,350][anemoi.training.train.forecaster][INFO] - Pressure level scaling: use scaler ReluPressureLevelScaler with slope 0.0010 and minimum 0.20
[2025-03-23 12:24:12,350][anemoi.training.train.forecaster][INFO] - Pressure level scaling: use scaler ReluPressureLevelScaler with slope 0.0010 and minimum 0.20
[2025-03-23 12:24:12,365][anemoi.training.train.train][INFO] - Resuming training from last checkpoint: /work/nvme/bduu/jbanomedina/regional-ai/training/GLOBAL-31km/logs/outputs_checkpoint/1fc7d6fe-bf82-47a1-acfd-f15b1e1bfb7b/last.ckpt
[2025-03-23 12:24:12,365][anemoi.training.train.train][INFO] - Resuming training from last checkpoint: /work/nvme/bduu/jbanomedina/regional-ai/training/GLOBAL-31km/logs/outputs_checkpoint/1fc7d6fe-bf82-47a1-acfd-f15b1e1bfb7b/last.ckpt
[2025-03-23 12:24:12,365][anemoi.training.train.train][INFO] - Resuming training from last checkpoint: /work/nvme/bduu/jbanomedina/regional-ai/training/GLOBAL-31km/logs/outputs_checkpoint/1fc7d6fe-bf82-47a1-acfd-f15b1e1bfb7b/last.ckpt
[2025-03-23 12:24:12,365][anemoi.training.train.train][INFO] - Resuming training from last checkpoint: /work/nvme/bduu/jbanomedina/regional-ai/training/GLOBAL-31km/logs/outputs_checkpoint/1fc7d6fe-bf82-47a1-acfd-f15b1e1bfb7b/last.ckpt
[2025-03-23 12:24:18,459][lightning_fabric.utilities.distributed][INFO] - Initializing distributed: GLOBAL_RANK: 0, MEMBER: 1/4
[2025-03-23 12:24:19,027][lightning_fabric.utilities.distributed][INFO] - Initializing distributed: GLOBAL_RANK: 1, MEMBER: 2/4
[2025-03-23 12:24:19,028][lightning_fabric.utilities.distributed][INFO] - Initializing distributed: GLOBAL_RANK: 3, MEMBER: 4/4
[2025-03-23 12:24:19,029][lightning_fabric.utilities.distributed][INFO] - Initializing distributed: GLOBAL_RANK: 2, MEMBER: 3/4
[2025-03-23 12:24:19,043][pytorch_lightning.utilities.rank_zero][INFO] - ----------------------------------------------------------------------------------------------------
distributed_backend=nccl
All distributed processes registered. Starting with 4 processes
----------------------------------------------------------------------------------------------------

[2025-03-23 12:24:25,655][pytorch_lightning.utilities.rank_zero][INFO] - Restoring states from the checkpoint path at /work/nvme/bduu/jbanomedina/regional-ai/training/GLOBAL-31km/logs/outputs_checkpoint/1fc7d6fe-bf82-47a1-acfd-f15b1e1bfb7b/last.ckpt
[2025-03-23 12:24:26,537][anemoi.training.diagnostics.callbacks.sanity][INFO] - The order of the variables in the model matches the order in the data.
[2025-03-23 12:24:26,537][anemoi.training.diagnostics.callbacks.sanity][INFO] - The order of the variables in the model matches the order in the data.
[2025-03-23 12:24:26,538][anemoi.training.diagnostics.callbacks.sanity][INFO] - The order of the variables in the model matches the order in the data.
[2025-03-23 12:24:26,539][pytorch_lightning.accelerators.cuda][INFO] - LOCAL_RANK: 1 - CUDA_VISIBLE_DEVICES: [0,1,2,3]
[2025-03-23 12:24:26,539][pytorch_lightning.accelerators.cuda][INFO] - LOCAL_RANK: 2 - CUDA_VISIBLE_DEVICES: [0,1,2,3]
[2025-03-23 12:24:26,539][pytorch_lightning.accelerators.cuda][INFO] - LOCAL_RANK: 3 - CUDA_VISIBLE_DEVICES: [0,1,2,3]
[2025-03-23 12:24:26,572][anemoi.training.diagnostics.callbacks.sanity][INFO] - The order of the variables in the model matches the order in the data.
[2025-03-23 12:24:26,574][pytorch_lightning.accelerators.cuda][INFO] - LOCAL_RANK: 0 - CUDA_VISIBLE_DEVICES: [0,1,2,3]
[2025-03-23 12:24:26,697][lightning_fabric.utilities.seed][INFO] - [rank: 2] Seed set to 581295
[2025-03-23 12:24:26,697][lightning_fabric.utilities.seed][INFO] - [rank: 3] Seed set to 581295
[2025-03-23 12:24:26,697][lightning_fabric.utilities.seed][INFO] - [rank: 1] Seed set to 581295
[2025-03-23 12:24:26,697][lightning_fabric.utilities.seed][INFO] - [rank: 0] Seed set to 581295
[2025-03-23 12:24:26,705][pytorch_lightning.callbacks.model_summary][INFO] - 
  | Name    | Type                 | Params | Mode 
---------------------------------------------------------
0 | model   | AnemoiModelInterface | 61.7 M | train
1 | loss    | WeightedMSELoss      | 0      | train
2 | metrics | ModuleList           | 0      | train
---------------------------------------------------------
61.7 M    Trainable params
0         Non-trainable params
61.7 M    Total params
246.934   Total estimated model params size (MB)
305       Modules in train mode
0         Modules in eval mode
