[2025-04-07 13:01:06,458][anemoi.training.train.train][INFO] - Run id: 968d745b-27e7-463d-8f3d-17d676f6b01d
[2025-04-07 13:01:06,459][anemoi.training.train.train][INFO] - Run id: 9cd041f0-00b7-4fee-b76d-475f31738eeb
[2025-04-07 13:01:06,459][anemoi.training.train.train][INFO] - Run id: 82219069-323c-4524-b3f1-a8e6dd3bc2d7
[2025-04-07 13:01:06,459][anemoi.training.train.train][INFO] - Checkpoints path: /work/nvme/bduu/jbanomedina/regional-ai/training/STRETCHED-6km/logs/outputs_checkpoint/968d745b-27e7-463d-8f3d-17d676f6b01d
[2025-04-07 13:01:06,459][anemoi.training.train.train][INFO] - Plots path: /work/nvme/bduu/jbanomedina/regional-ai/training/STRETCHED-6km/logs/outputs_plots/968d745b-27e7-463d-8f3d-17d676f6b01d
[2025-04-07 13:01:06,459][anemoi.training.train.train][INFO] - Checkpoints path: /work/nvme/bduu/jbanomedina/regional-ai/training/STRETCHED-6km/logs/outputs_checkpoint/82219069-323c-4524-b3f1-a8e6dd3bc2d7
[2025-04-07 13:01:06,459][anemoi.training.train.train][INFO] - Checkpoints path: /work/nvme/bduu/jbanomedina/regional-ai/training/STRETCHED-6km/logs/outputs_checkpoint/9cd041f0-00b7-4fee-b76d-475f31738eeb
[2025-04-07 13:01:06,460][anemoi.training.train.train][INFO] - Plots path: /work/nvme/bduu/jbanomedina/regional-ai/training/STRETCHED-6km/logs/outputs_plots/82219069-323c-4524-b3f1-a8e6dd3bc2d7
[2025-04-07 13:01:06,460][anemoi.training.train.train][INFO] - Plots path: /work/nvme/bduu/jbanomedina/regional-ai/training/STRETCHED-6km/logs/outputs_plots/9cd041f0-00b7-4fee-b76d-475f31738eeb
[2025-04-07 13:01:06,460][anemoi.training.train.train][INFO] - Run id: fecf8872-7f15-4eff-9c72-c5411a2544dc
[2025-04-07 13:01:06,461][anemoi.training.train.train][INFO] - Checkpoints path: /work/nvme/bduu/jbanomedina/regional-ai/training/STRETCHED-6km/logs/outputs_checkpoint/fecf8872-7f15-4eff-9c72-c5411a2544dc
[2025-04-07 13:01:06,461][anemoi.training.train.train][INFO] - Plots path: /work/nvme/bduu/jbanomedina/regional-ai/training/STRETCHED-6km/logs/outputs_plots/fecf8872-7f15-4eff-9c72-c5411a2544dc
[2025-04-07 13:01:06,473][anemoi.training.train.train][INFO] - Loading graph data from /work/nvme/bduu/jbanomedina/regional-ai/training/STRETCHED-6km/logs/outputs_graphs/STRETCHED-6km-10x7-12x3.pt
[2025-04-07 13:01:06,473][anemoi.training.train.train][INFO] - Loading graph data from /work/nvme/bduu/jbanomedina/regional-ai/training/STRETCHED-6km/logs/outputs_graphs/STRETCHED-6km-10x7-12x3.pt
[2025-04-07 13:01:06,473][anemoi.training.train.train][INFO] - Loading graph data from /work/nvme/bduu/jbanomedina/regional-ai/training/STRETCHED-6km/logs/outputs_graphs/STRETCHED-6km-10x7-12x3.pt
[2025-04-07 13:01:06,473][anemoi.training.train.train][INFO] - Loading graph data from /work/nvme/bduu/jbanomedina/regional-ai/training/STRETCHED-6km/logs/outputs_graphs/STRETCHED-6km-10x7-12x3.pt
[2025-04-07 13:06:43,937][anemoi.training.data.datamodule][INFO] - Timeincrement set to 1 for data with frequency, 21600, and timestep, 21600
[2025-04-07 13:06:43,945][anemoi.training.train.train][INFO] - Number of data variables: 87
[2025-04-07 13:06:43,945][anemoi.training.train.train][INFO] - Training limits: max_epochs=500, max_steps=10. Training will stop when either limit is reached first. Learning rate scheduler will run for 10 steps.
[2025-04-07 13:06:44,473][lightning_fabric.utilities.seed][INFO] - [rank: 1] Seed set to 616581
[2025-04-07 13:06:48,602][anemoi.training.data.datamodule][INFO] - Timeincrement set to 1 for data with frequency, 21600, and timestep, 21600
[2025-04-07 13:06:48,607][anemoi.training.train.train][INFO] - Number of data variables: 87
[2025-04-07 13:06:48,607][anemoi.training.train.train][INFO] - Training limits: max_epochs=500, max_steps=10. Training will stop when either limit is reached first. Learning rate scheduler will run for 10 steps.
[2025-04-07 13:06:49,078][lightning_fabric.utilities.seed][INFO] - [rank: 2] Seed set to 616581
[2025-04-07 13:06:50,374][anemoi.training.data.datamodule][INFO] - Timeincrement set to 1 for data with frequency, 21600, and timestep, 21600
[2025-04-07 13:06:50,379][anemoi.training.train.train][INFO] - Number of data variables: 87
[2025-04-07 13:06:50,380][anemoi.training.train.train][INFO] - Training limits: max_epochs=500, max_steps=10. Training will stop when either limit is reached first. Learning rate scheduler will run for 10 steps.
[2025-04-07 13:06:50,852][lightning_fabric.utilities.seed][INFO] - [rank: 3] Seed set to 616581
[2025-04-07 13:06:52,428][anemoi.training.data.datamodule][INFO] - Timeincrement set to 1 for data with frequency, 21600, and timestep, 21600
[2025-04-07 13:06:52,435][anemoi.training.train.train][INFO] - Number of data variables: 87
[2025-04-07 13:06:52,436][anemoi.training.train.train][INFO] - Training limits: max_epochs=500, max_steps=10. Training will stop when either limit is reached first. Learning rate scheduler will run for 10 steps.
[2025-04-07 13:06:52,821][pytorch_lightning.utilities.rank_zero][INFO] - Using 16bit Automatic Mixed Precision (AMP)
[2025-04-07 13:06:53,004][pytorch_lightning.utilities.rank_zero][INFO] - GPU available: True (cuda), used: True
[2025-04-07 13:06:53,004][pytorch_lightning.utilities.rank_zero][INFO] - TPU available: False, using: 0 TPU cores
[2025-04-07 13:06:53,005][pytorch_lightning.utilities.rank_zero][INFO] - HPU available: False, using: 0 HPUs
[2025-04-07 13:06:53,012][lightning_fabric.utilities.seed][INFO] - [rank: 0] Seed set to 616581
[2025-04-07 13:06:55,962][anemoi.models.preprocessing.normalizer][INFO] - Normalizing: cos_julian_day is not normalized.
[2025-04-07 13:06:55,962][anemoi.models.preprocessing.normalizer][INFO] - Normalizing: cos_latitude is not normalized.
[2025-04-07 13:06:55,962][anemoi.models.preprocessing.normalizer][INFO] - Normalizing: cos_local_time is not normalized.
[2025-04-07 13:06:55,963][anemoi.models.preprocessing.normalizer][INFO] - Normalizing: cos_longitude is not normalized.
[2025-04-07 13:06:55,963][anemoi.models.preprocessing.normalizer][INFO] - Normalizing: insolation is not normalized.
[2025-04-07 13:06:55,963][anemoi.models.preprocessing.normalizer][INFO] - Normalizing: lsm is not normalized.
[2025-04-07 13:06:55,963][anemoi.models.preprocessing.normalizer][INFO] - Normalizing: sin_julian_day is not normalized.
[2025-04-07 13:06:55,963][anemoi.models.preprocessing.normalizer][INFO] - Normalizing: sin_latitude is not normalized.
[2025-04-07 13:06:55,963][anemoi.models.preprocessing.normalizer][INFO] - Normalizing: sin_local_time is not normalized.
[2025-04-07 13:06:55,963][anemoi.models.preprocessing.normalizer][INFO] - Normalizing: sin_longitude is not normalized.
[2025-04-07 13:06:55,963][anemoi.models.preprocessing.normalizer][INFO] - Normalizing: z_sfc is not normalized.
[2025-04-07 13:06:55,964][anemoi.models.preprocessing.normalizer][INFO] - Normalizing: cos_julian_day is not normalized.
[2025-04-07 13:06:55,964][anemoi.models.preprocessing.normalizer][INFO] - Normalizing: cos_latitude is not normalized.
[2025-04-07 13:06:55,964][anemoi.models.preprocessing.normalizer][INFO] - Normalizing: cos_local_time is not normalized.
[2025-04-07 13:06:55,964][anemoi.models.preprocessing.normalizer][INFO] - Normalizing: cos_longitude is not normalized.
[2025-04-07 13:06:55,964][anemoi.models.preprocessing.normalizer][INFO] - Normalizing: insolation is not normalized.
[2025-04-07 13:06:55,964][anemoi.models.preprocessing.normalizer][INFO] - Normalizing: lsm is not normalized.
[2025-04-07 13:06:55,964][anemoi.models.preprocessing.normalizer][INFO] - Normalizing: sin_julian_day is not normalized.
[2025-04-07 13:06:55,964][anemoi.models.preprocessing.normalizer][INFO] - Normalizing: sin_latitude is not normalized.
[2025-04-07 13:06:55,964][anemoi.models.preprocessing.normalizer][INFO] - Normalizing: sin_local_time is not normalized.
[2025-04-07 13:06:55,964][anemoi.models.preprocessing.normalizer][INFO] - Normalizing: sin_longitude is not normalized.
[2025-04-07 13:06:55,964][anemoi.models.preprocessing.normalizer][INFO] - Normalizing: z_sfc is not normalized.
[2025-04-07 13:06:56,118][anemoi.models.layers.utils][INFO] - Linear kernel: {'_target_': 'torch.nn.Linear', '_partial_': True}
[2025-04-07 13:06:56,118][anemoi.models.layers.utils][INFO] - LayerNorm kernel: {'_target_': 'torch.nn.LayerNorm', '_partial_': True}
[2025-04-07 13:06:56,119][anemoi.models.layers.utils][INFO] - Linear kernel: {'_target_': 'torch.nn.Linear', '_partial_': True}
[2025-04-07 13:06:56,120][anemoi.models.layers.utils][INFO] - LayerNorm kernel: {'_target_': 'torch.nn.LayerNorm', '_partial_': True}
[2025-04-07 13:06:56,975][anemoi.models.preprocessing.normalizer][INFO] - Normalizing: cos_julian_day is not normalized.
[2025-04-07 13:06:56,976][anemoi.models.preprocessing.normalizer][INFO] - Normalizing: cos_latitude is not normalized.
[2025-04-07 13:06:56,976][anemoi.models.preprocessing.normalizer][INFO] - Normalizing: cos_local_time is not normalized.
[2025-04-07 13:06:56,976][anemoi.models.preprocessing.normalizer][INFO] - Normalizing: cos_longitude is not normalized.
[2025-04-07 13:06:56,976][anemoi.models.preprocessing.normalizer][INFO] - Normalizing: insolation is not normalized.
[2025-04-07 13:06:56,976][anemoi.models.preprocessing.normalizer][INFO] - Normalizing: lsm is not normalized.
[2025-04-07 13:06:56,976][anemoi.models.preprocessing.normalizer][INFO] - Normalizing: sin_julian_day is not normalized.
[2025-04-07 13:06:56,976][anemoi.models.preprocessing.normalizer][INFO] - Normalizing: sin_latitude is not normalized.
[2025-04-07 13:06:56,976][anemoi.models.preprocessing.normalizer][INFO] - Normalizing: sin_local_time is not normalized.
[2025-04-07 13:06:56,976][anemoi.models.preprocessing.normalizer][INFO] - Normalizing: sin_longitude is not normalized.
[2025-04-07 13:06:56,976][anemoi.models.preprocessing.normalizer][INFO] - Normalizing: z_sfc is not normalized.
[2025-04-07 13:06:57,097][anemoi.models.layers.utils][INFO] - Linear kernel: {'_target_': 'torch.nn.Linear', '_partial_': True}
[2025-04-07 13:06:57,097][anemoi.models.layers.utils][INFO] - LayerNorm kernel: {'_target_': 'torch.nn.LayerNorm', '_partial_': True}
[2025-04-07 13:07:00,511][anemoi.models.preprocessing.normalizer][INFO] - Normalizing: cos_julian_day is not normalized.
[2025-04-07 13:07:00,511][anemoi.models.preprocessing.normalizer][INFO] - Normalizing: cos_latitude is not normalized.
[2025-04-07 13:07:00,512][anemoi.models.preprocessing.normalizer][INFO] - Normalizing: cos_local_time is not normalized.
[2025-04-07 13:07:00,512][anemoi.models.preprocessing.normalizer][INFO] - Normalizing: cos_longitude is not normalized.
[2025-04-07 13:07:00,512][anemoi.models.preprocessing.normalizer][INFO] - Normalizing: insolation is not normalized.
[2025-04-07 13:07:00,512][anemoi.models.preprocessing.normalizer][INFO] - Normalizing: lsm is not normalized.
[2025-04-07 13:07:00,512][anemoi.models.preprocessing.normalizer][INFO] - Normalizing: sin_julian_day is not normalized.
[2025-04-07 13:07:00,512][anemoi.models.preprocessing.normalizer][INFO] - Normalizing: sin_latitude is not normalized.
[2025-04-07 13:07:00,512][anemoi.models.preprocessing.normalizer][INFO] - Normalizing: sin_local_time is not normalized.
[2025-04-07 13:07:00,513][anemoi.models.preprocessing.normalizer][INFO] - Normalizing: sin_longitude is not normalized.
[2025-04-07 13:07:00,513][anemoi.models.preprocessing.normalizer][INFO] - Normalizing: z_sfc is not normalized.
[2025-04-07 13:07:00,544][anemoi.training.losses.nodeweights][INFO] - Loading node attribute area_weight from the graph
[2025-04-07 13:07:00,544][anemoi.training.losses.nodeweights][INFO] - Loading node attribute area_weight from the graph
[2025-04-07 13:07:00,544][anemoi.training.losses.nodeweights][INFO] - Loading node attribute area_weight from the graph
[2025-04-07 13:07:00,548][anemoi.training.train.forecaster][INFO] - Pressure level scaling: use scaler ReluPressureLevelScaler with slope 0.0010 and minimum 0.20
[2025-04-07 13:07:00,548][anemoi.training.train.forecaster][INFO] - Pressure level scaling: use scaler ReluPressureLevelScaler with slope 0.0010 and minimum 0.20
[2025-04-07 13:07:00,549][anemoi.training.train.forecaster][INFO] - Pressure level scaling: use scaler ReluPressureLevelScaler with slope 0.0010 and minimum 0.20
[2025-04-07 13:07:00,644][anemoi.models.layers.utils][INFO] - Linear kernel: {'_target_': 'torch.nn.Linear', '_partial_': True}
[2025-04-07 13:07:00,646][anemoi.models.layers.utils][INFO] - LayerNorm kernel: {'_target_': 'torch.nn.LayerNorm', '_partial_': True}
[2025-04-07 13:07:03,511][anemoi.training.losses.nodeweights][INFO] - Loading node attribute area_weight from the graph
[2025-04-07 13:07:03,514][anemoi.training.train.forecaster][INFO] - Pressure level scaling: use scaler ReluPressureLevelScaler with slope 0.0010 and minimum 0.20
[2025-04-07 13:07:06,927][lightning_fabric.utilities.distributed][INFO] - Initializing distributed: GLOBAL_RANK: 0, MEMBER: 1/4
[2025-04-07 13:07:07,408][lightning_fabric.utilities.distributed][INFO] - Initializing distributed: GLOBAL_RANK: 2, MEMBER: 3/4
[2025-04-07 13:07:07,408][lightning_fabric.utilities.distributed][INFO] - Initializing distributed: GLOBAL_RANK: 1, MEMBER: 2/4
[2025-04-07 13:07:07,409][lightning_fabric.utilities.distributed][INFO] - Initializing distributed: GLOBAL_RANK: 3, MEMBER: 4/4
[2025-04-07 13:07:07,420][pytorch_lightning.utilities.rank_zero][INFO] - ----------------------------------------------------------------------------------------------------
distributed_backend=nccl
All distributed processes registered. Starting with 4 processes
----------------------------------------------------------------------------------------------------

[2025-04-07 13:07:13,635][pytorch_lightning.accelerators.cuda][INFO] - LOCAL_RANK: 3 - CUDA_VISIBLE_DEVICES: [0,1,2,3]
[2025-04-07 13:07:13,635][pytorch_lightning.accelerators.cuda][INFO] - LOCAL_RANK: 1 - CUDA_VISIBLE_DEVICES: [0,1,2,3]
[2025-04-07 13:07:13,635][pytorch_lightning.accelerators.cuda][INFO] - LOCAL_RANK: 2 - CUDA_VISIBLE_DEVICES: [0,1,2,3]
[2025-04-07 13:07:13,635][pytorch_lightning.accelerators.cuda][INFO] - LOCAL_RANK: 0 - CUDA_VISIBLE_DEVICES: [0,1,2,3]
[2025-04-07 13:07:13,761][lightning_fabric.utilities.seed][INFO] - [rank: 1] Seed set to 616581
[2025-04-07 13:07:13,761][lightning_fabric.utilities.seed][INFO] - [rank: 2] Seed set to 616581
[2025-04-07 13:07:13,761][lightning_fabric.utilities.seed][INFO] - [rank: 3] Seed set to 616581
[2025-04-07 13:07:13,761][lightning_fabric.utilities.seed][INFO] - [rank: 0] Seed set to 616581
[2025-04-07 13:07:13,774][pytorch_lightning.callbacks.model_summary][INFO] - 
  | Name    | Type                 | Params | Mode 
---------------------------------------------------------
0 | model   | AnemoiModelInterface | 305 M  | train
1 | loss    | WeightedMSELoss      | 0      | train
2 | metrics | ModuleList           | 0      | train
---------------------------------------------------------
305 M     Trainable params
0         Non-trainable params
305 M     Total params
1,220.745 Total estimated model params size (MB)
305       Modules in train mode
0         Modules in eval mode
[2025-04-07 13:07:13,780][pytorch_lightning.trainer.connectors.signal_connector][INFO] - SLURM auto-requeueing enabled. Setting signal handlers.
[2025-04-07 13:07:13,780][pytorch_lightning.trainer.connectors.signal_connector][INFO] - SLURM auto-requeueing enabled. Setting signal handlers.
[2025-04-07 13:07:13,780][pytorch_lightning.trainer.connectors.signal_connector][INFO] - SLURM auto-requeueing enabled. Setting signal handlers.
[2025-04-07 13:07:13,780][pytorch_lightning.trainer.connectors.signal_connector][INFO] - SLURM auto-requeueing enabled. Setting signal handlers.
[2025-04-07 13:13:51,603][anemoi.training.diagnostics.callbacks.sanity][INFO] - No variable order to compare. Skipping variable order check.
[2025-04-07 13:13:51,603][anemoi.training.diagnostics.callbacks.sanity][INFO] - No variable order to compare. Skipping variable order check.
[2025-04-07 13:13:51,603][anemoi.training.diagnostics.callbacks.sanity][INFO] - No variable order to compare. Skipping variable order check.
[2025-04-07 13:13:51,604][anemoi.training.diagnostics.callbacks.sanity][INFO] - No variable order to compare. Skipping variable order check.
