[2025-02-26 19:18:03,633][anemoi.training.train.train][INFO] - Run id: c66c2ea8-3151-47e7-bb26-3ac950fba5a7
[2025-02-26 19:18:03,634][anemoi.training.train.train][INFO] - Checkpoints path: /work/hdd/bduu/jbanomedina/regional-ai/training/STRETCHED-6km/logs/outputs_checkpoint/c66c2ea8-3151-47e7-bb26-3ac950fba5a7
[2025-02-26 19:18:03,634][anemoi.training.train.train][INFO] - Plots path: /work/hdd/bduu/jbanomedina/regional-ai/training/STRETCHED-6km/logs/outputs_plots/c66c2ea8-3151-47e7-bb26-3ac950fba5a7
[2025-02-26 19:18:09,740][anemoi.graphs.nodes.builders.from_file][INFO] - Reading the dataset from {'cutout': [{'dataset': '/work/hdd/bduu/jbanomedina/regional-ai/data/zarrs//test-1979-01-cw3e-6km-allvars.zarr', 'thinning': 1}, {'dataset': '/work/hdd/bduu/jbanomedina/regional-ai/data/zarrs//test-1979-01-era5-31km-allvars.zarr'}], 'adjust': 'all', 'min_distance_km': 0}.
[2025-02-26 19:24:29,313][anemoi.graphs.nodes.attributes][WARNING] - SphericalAreaWeights is filling 1 (0.00%) nodes with value 0.000000
[2025-02-26 19:30:22,770][anemoi.graphs.generate.masks][INFO] - Fitting KNNAreaMaskBuilder with 1323840 reference nodes from "data (cutout)".
[2025-02-26 19:30:24,350][anemoi.graphs.edges.builder][INFO] - Using KNN-Edges (with 8 nearest neighbours) between data and hidden.
[2025-02-26 19:30:33,063][anemoi.graphs.edges.builder][INFO] - Using KNN-Edges (with 3 nearest neighbours) between hidden and data.
[2025-02-26 19:30:49,940][anemoi.graphs.create][INFO] - Cleaning graph.
[2025-02-26 19:30:49,941][anemoi.graphs.create][INFO] - _dataset deleted from graph.
[2025-02-26 19:30:49,941][anemoi.graphs.create][INFO] - _nx_graph deleted from graph.
[2025-02-26 19:30:49,941][anemoi.graphs.create][INFO] - _area_mask_builder deleted from graph.
[2025-02-26 19:30:49,941][anemoi.graphs.create][INFO] - _resolutions deleted from graph.
[2025-02-26 19:30:49,941][anemoi.graphs.create][INFO] - _node_ordering deleted from graph.
[2025-02-26 19:30:50,351][anemoi.graphs.create][INFO] - Graph saved at /work/hdd/bduu/jbanomedina/regional-ai/training/STRETCHED-6km/logs/outputs_graphs/STRETCHED-6km.pt.
[2025-02-26 19:36:44,028][anemoi.training.data.datamodule][INFO] - Timeincrement set to 1 for data with frequency, 21600, and timestep, 21600
[2025-02-26 19:36:44,036][anemoi.training.train.train][INFO] - Number of data variables: 77
[2025-02-26 19:36:51,345][anemoi.training.diagnostics.callbacks.plot][INFO] - Setting up asynchronous plotting ...
[2025-02-26 19:36:51,347][anemoi.training.diagnostics.callbacks.plot][INFO] - Setting up asynchronous plotting ...
[2025-02-26 19:36:51,351][anemoi.training.diagnostics.callbacks.plot][INFO] - Setting up asynchronous plotting ...
[2025-02-26 19:36:51,352][anemoi.training.diagnostics.callbacks.plot][INFO] - Using defined accumulation colormap for fields: ['tp']
[2025-02-26 19:36:51,353][anemoi.training.diagnostics.callbacks.plot][INFO] - Setting up asynchronous plotting ...
[2025-02-26 19:36:51,355][anemoi.training.diagnostics.callbacks.plot][INFO] - Setting up asynchronous plotting ...
[2025-02-26 19:36:51,355][anemoi.training.diagnostics.callbacks.plot][INFO] - Using precip histogram plotting method for fields: ['tp'].
[2025-02-26 19:36:51,403][pytorch_lightning.utilities.rank_zero][INFO] - Using 16bit Automatic Mixed Precision (AMP)
[2025-02-26 19:36:51,530][pytorch_lightning.utilities.rank_zero][INFO] - GPU available: True (cuda), used: True
[2025-02-26 19:36:51,530][pytorch_lightning.utilities.rank_zero][INFO] - TPU available: False, using: 0 TPU cores
[2025-02-26 19:36:51,530][pytorch_lightning.utilities.rank_zero][INFO] - HPU available: False, using: 0 HPUs
[2025-02-26 19:36:51,600][lightning_fabric.utilities.seed][INFO] - [rank: 0] Seed set to 528065
[2025-02-26 19:37:04,652][anemoi.models.preprocessing.normalizer][INFO] - Normalizing: cos_julian_day is not normalized.
[2025-02-26 19:37:04,653][anemoi.models.preprocessing.normalizer][INFO] - Normalizing: cos_latitude is not normalized.
[2025-02-26 19:37:04,653][anemoi.models.preprocessing.normalizer][INFO] - Normalizing: cos_local_time is not normalized.
[2025-02-26 19:37:04,653][anemoi.models.preprocessing.normalizer][INFO] - Normalizing: cos_longitude is not normalized.
[2025-02-26 19:37:04,653][anemoi.models.preprocessing.normalizer][INFO] - Normalizing: insolation is not normalized.
[2025-02-26 19:37:04,653][anemoi.models.preprocessing.normalizer][INFO] - Normalizing: lsm is not normalized.
[2025-02-26 19:37:04,653][anemoi.models.preprocessing.normalizer][INFO] - Normalizing: sin_julian_day is not normalized.
[2025-02-26 19:37:04,653][anemoi.models.preprocessing.normalizer][INFO] - Normalizing: sin_latitude is not normalized.
[2025-02-26 19:37:04,653][anemoi.models.preprocessing.normalizer][INFO] - Normalizing: sin_local_time is not normalized.
[2025-02-26 19:37:04,653][anemoi.models.preprocessing.normalizer][INFO] - Normalizing: sin_longitude is not normalized.
[2025-02-26 19:37:04,653][anemoi.models.preprocessing.normalizer][INFO] - Normalizing: z_sfc is not normalized.
[2025-02-26 19:37:04,885][anemoi.models.layers.utils][INFO] - Linear kernel: {'_target_': 'torch.nn.Linear', '_partial_': True}
[2025-02-26 19:37:04,885][anemoi.models.layers.utils][INFO] - LayerNorm kernel: {'_target_': 'torch.nn.LayerNorm', '_partial_': True}
[2025-02-26 19:37:05,865][anemoi.training.losses.nodeweights][INFO] - Loading node attribute area_weight from the graph
[2025-02-26 19:37:05,870][anemoi.training.train.forecaster][INFO] - Pressure level scaling: use scaler ReluPressureLevelScaler with slope 0.0010 and minimum 0.20
[2025-02-26 19:37:06,320][lightning_fabric.utilities.distributed][INFO] - Initializing distributed: GLOBAL_RANK: 0, MEMBER: 1/1
[2025-02-26 19:37:06,386][pytorch_lightning.utilities.rank_zero][INFO] - ----------------------------------------------------------------------------------------------------
distributed_backend=nccl
All distributed processes registered. Starting with 1 processes
----------------------------------------------------------------------------------------------------

[2025-02-26 19:37:08,046][pytorch_lightning.accelerators.cuda][INFO] - LOCAL_RANK: 0 - CUDA_VISIBLE_DEVICES: [0]
[2025-02-26 19:37:08,408][lightning_fabric.utilities.seed][INFO] - [rank: 0] Seed set to 528065
[2025-02-26 19:37:08,426][pytorch_lightning.callbacks.model_summary][INFO] - 
  | Name    | Type                 | Params | Mode 
---------------------------------------------------------
0 | model   | AnemoiModelInterface | 309 M  | train
1 | loss    | WeightedMSELoss      | 0      | train
2 | metrics | ModuleList           | 0      | train
---------------------------------------------------------
309 M     Trainable params
0         Non-trainable params
309 M     Total params
1,239.959 Total estimated model params size (MB)
305       Modules in train mode
0         Modules in eval mode
[2025-02-26 19:37:08,428][pytorch_lightning.trainer.connectors.signal_connector][INFO] - SLURM auto-requeueing enabled. Setting signal handlers.
[2025-02-26 19:43:20,807][anemoi.training.diagnostics.callbacks.sanity][INFO] - No variable order to compare. Skipping variable order check.
