[2025-03-23 21:29:16,380][anemoi.training.train.train][INFO] - Run id: 12143f56-cb05-45dd-bb7d-a963754fbb41
[2025-03-23 21:29:16,381][anemoi.training.train.train][INFO] - Checkpoints path: /work/nvme/bduu/jbanomedina/regional-ai/training/GLOBAL-31km/logs/outputs_checkpoint/12143f56-cb05-45dd-bb7d-a963754fbb41
[2025-03-23 21:29:16,381][anemoi.training.train.train][INFO] - Plots path: /work/nvme/bduu/jbanomedina/regional-ai/training/GLOBAL-31km/logs/outputs_plots/12143f56-cb05-45dd-bb7d-a963754fbb41
[2025-03-23 21:29:16,384][anemoi.training.train.train][INFO] - Run id: 735330fb-038d-4e01-965b-e987d4f04586
[2025-03-23 21:29:16,384][anemoi.training.train.train][INFO] - Run id: 540133b9-1d20-4039-9fa5-aea4df9146db
[2025-03-23 21:29:16,384][anemoi.training.train.train][INFO] - Checkpoints path: /work/nvme/bduu/jbanomedina/regional-ai/training/GLOBAL-31km/logs/outputs_checkpoint/735330fb-038d-4e01-965b-e987d4f04586
[2025-03-23 21:29:16,384][anemoi.training.train.train][INFO] - Plots path: /work/nvme/bduu/jbanomedina/regional-ai/training/GLOBAL-31km/logs/outputs_plots/735330fb-038d-4e01-965b-e987d4f04586
[2025-03-23 21:29:16,385][anemoi.training.train.train][INFO] - Checkpoints path: /work/nvme/bduu/jbanomedina/regional-ai/training/GLOBAL-31km/logs/outputs_checkpoint/540133b9-1d20-4039-9fa5-aea4df9146db
[2025-03-23 21:29:16,385][anemoi.training.train.train][INFO] - Plots path: /work/nvme/bduu/jbanomedina/regional-ai/training/GLOBAL-31km/logs/outputs_plots/540133b9-1d20-4039-9fa5-aea4df9146db
[2025-03-23 21:29:16,388][anemoi.training.train.train][INFO] - Loading graph data from /work/nvme/bduu/jbanomedina/regional-ai/training/GLOBAL-31km/logs/outputs_graphs/graph-31km-7-12x3.pt
[2025-03-23 21:29:16,388][anemoi.training.train.train][INFO] - Loading graph data from /work/nvme/bduu/jbanomedina/regional-ai/training/GLOBAL-31km/logs/outputs_graphs/graph-31km-7-12x3.pt
[2025-03-23 21:29:16,388][anemoi.training.train.train][INFO] - Loading graph data from /work/nvme/bduu/jbanomedina/regional-ai/training/GLOBAL-31km/logs/outputs_graphs/graph-31km-7-12x3.pt
[2025-03-23 21:29:16,390][anemoi.training.train.train][INFO] - Run id: cb7e4173-8bf2-4bc7-81ab-1ad4b8313dad
[2025-03-23 21:29:16,391][anemoi.training.train.train][INFO] - Checkpoints path: /work/nvme/bduu/jbanomedina/regional-ai/training/GLOBAL-31km/logs/outputs_checkpoint/cb7e4173-8bf2-4bc7-81ab-1ad4b8313dad
[2025-03-23 21:29:16,392][anemoi.training.train.train][INFO] - Plots path: /work/nvme/bduu/jbanomedina/regional-ai/training/GLOBAL-31km/logs/outputs_plots/cb7e4173-8bf2-4bc7-81ab-1ad4b8313dad
[2025-03-23 21:29:16,393][anemoi.training.train.train][INFO] - Loading graph data from /work/nvme/bduu/jbanomedina/regional-ai/training/GLOBAL-31km/logs/outputs_graphs/graph-31km-7-12x3.pt
[2025-03-23 21:29:16,744][anemoi.training.data.datamodule][INFO] - Timeincrement set to 1 for data with frequency, 21600, and timestep, 21600
[2025-03-23 21:29:16,744][anemoi.training.data.datamodule][INFO] - Timeincrement set to 1 for data with frequency, 21600, and timestep, 21600
[2025-03-23 21:29:16,746][anemoi.training.data.datamodule][INFO] - Timeincrement set to 1 for data with frequency, 21600, and timestep, 21600
[2025-03-23 21:29:16,757][anemoi.training.data.datamodule][INFO] - Timeincrement set to 1 for data with frequency, 21600, and timestep, 21600
[2025-03-23 21:29:16,761][anemoi.training.train.train][INFO] - Number of data variables: 87
[2025-03-23 21:29:16,761][anemoi.training.train.train][INFO] - Number of data variables: 87
[2025-03-23 21:29:16,761][anemoi.training.train.train][INFO] - Number of data variables: 87
[2025-03-23 21:29:16,761][anemoi.training.train.train][INFO] - Number of data variables: 87
[2025-03-23 21:29:16,761][anemoi.training.train.train][INFO] - Training limits: max_epochs=13, max_steps=7900. Training will stop when either limit is reached first. Learning rate scheduler will run for 7900 steps.
[2025-03-23 21:29:16,761][anemoi.training.train.train][INFO] - Training limits: max_epochs=13, max_steps=7900. Training will stop when either limit is reached first. Learning rate scheduler will run for 7900 steps.
[2025-03-23 21:29:16,761][anemoi.training.train.train][INFO] - Training limits: max_epochs=13, max_steps=7900. Training will stop when either limit is reached first. Learning rate scheduler will run for 7900 steps.
[2025-03-23 21:29:16,762][anemoi.training.train.train][INFO] - Training limits: max_epochs=13, max_steps=7900. Training will stop when either limit is reached first. Learning rate scheduler will run for 7900 steps.
[2025-03-23 21:29:17,857][pytorch_lightning.utilities.rank_zero][INFO] - Using 16bit Automatic Mixed Precision (AMP)
[2025-03-23 21:29:17,997][pytorch_lightning.utilities.rank_zero][INFO] - GPU available: True (cuda), used: True
[2025-03-23 21:29:17,998][pytorch_lightning.utilities.rank_zero][INFO] - TPU available: False, using: 0 TPU cores
[2025-03-23 21:29:17,998][pytorch_lightning.utilities.rank_zero][INFO] - HPU available: False, using: 0 HPUs
[2025-03-23 21:29:18,010][lightning_fabric.utilities.seed][INFO] - [rank: 1] Seed set to 581956
[2025-03-23 21:29:18,010][lightning_fabric.utilities.seed][INFO] - [rank: 2] Seed set to 581956
[2025-03-23 21:29:18,010][lightning_fabric.utilities.seed][INFO] - [rank: 3] Seed set to 581956
[2025-03-23 21:29:18,010][lightning_fabric.utilities.seed][INFO] - [rank: 0] Seed set to 581956
[2025-03-23 21:29:37,492][anemoi.models.preprocessing.normalizer][INFO] - Normalizing: cos_julian_day is not normalized.
[2025-03-23 21:29:37,492][anemoi.models.preprocessing.normalizer][INFO] - Normalizing: cos_julian_day is not normalized.
[2025-03-23 21:29:37,492][anemoi.models.preprocessing.normalizer][INFO] - Normalizing: cos_latitude is not normalized.
[2025-03-23 21:29:37,492][anemoi.models.preprocessing.normalizer][INFO] - Normalizing: cos_latitude is not normalized.
[2025-03-23 21:29:37,492][anemoi.models.preprocessing.normalizer][INFO] - Normalizing: cos_julian_day is not normalized.
[2025-03-23 21:29:37,492][anemoi.models.preprocessing.normalizer][INFO] - Normalizing: cos_local_time is not normalized.
[2025-03-23 21:29:37,492][anemoi.models.preprocessing.normalizer][INFO] - Normalizing: cos_local_time is not normalized.
[2025-03-23 21:29:37,492][anemoi.models.preprocessing.normalizer][INFO] - Normalizing: cos_latitude is not normalized.
[2025-03-23 21:29:37,492][anemoi.models.preprocessing.normalizer][INFO] - Normalizing: cos_longitude is not normalized.
[2025-03-23 21:29:37,492][anemoi.models.preprocessing.normalizer][INFO] - Normalizing: cos_longitude is not normalized.
[2025-03-23 21:29:37,492][anemoi.models.preprocessing.normalizer][INFO] - Normalizing: cos_local_time is not normalized.
[2025-03-23 21:29:37,492][anemoi.models.preprocessing.normalizer][INFO] - Normalizing: insolation is not normalized.
[2025-03-23 21:29:37,492][anemoi.models.preprocessing.normalizer][INFO] - Normalizing: insolation is not normalized.
[2025-03-23 21:29:37,492][anemoi.models.preprocessing.normalizer][INFO] - Normalizing: cos_longitude is not normalized.
[2025-03-23 21:29:37,493][anemoi.models.preprocessing.normalizer][INFO] - Normalizing: lsm is not normalized.
[2025-03-23 21:29:37,493][anemoi.models.preprocessing.normalizer][INFO] - Normalizing: insolation is not normalized.
[2025-03-23 21:29:37,493][anemoi.models.preprocessing.normalizer][INFO] - Normalizing: sin_julian_day is not normalized.
[2025-03-23 21:29:37,493][anemoi.models.preprocessing.normalizer][INFO] - Normalizing: lsm is not normalized.
[2025-03-23 21:29:37,493][anemoi.models.preprocessing.normalizer][INFO] - Normalizing: sin_latitude is not normalized.
[2025-03-23 21:29:37,493][anemoi.models.preprocessing.normalizer][INFO] - Normalizing: sin_julian_day is not normalized.
[2025-03-23 21:29:37,493][anemoi.models.preprocessing.normalizer][INFO] - Normalizing: sin_local_time is not normalized.
[2025-03-23 21:29:37,493][anemoi.models.preprocessing.normalizer][INFO] - Normalizing: sin_latitude is not normalized.
[2025-03-23 21:29:37,493][anemoi.models.preprocessing.normalizer][INFO] - Normalizing: sin_longitude is not normalized.
[2025-03-23 21:29:37,493][anemoi.models.preprocessing.normalizer][INFO] - Normalizing: sin_local_time is not normalized.
[2025-03-23 21:29:37,493][anemoi.models.preprocessing.normalizer][INFO] - Normalizing: sin_longitude is not normalized.
[2025-03-23 21:29:37,493][anemoi.models.preprocessing.normalizer][INFO] - Normalizing: z_sfc is not normalized.
[2025-03-23 21:29:37,493][anemoi.models.preprocessing.normalizer][INFO] - Normalizing: z_sfc is not normalized.
[2025-03-23 21:29:37,493][anemoi.models.preprocessing.normalizer][INFO] - Normalizing: lsm is not normalized.
[2025-03-23 21:29:37,493][anemoi.models.preprocessing.normalizer][INFO] - Normalizing: sin_julian_day is not normalized.
[2025-03-23 21:29:37,493][anemoi.models.preprocessing.normalizer][INFO] - Normalizing: sin_latitude is not normalized.
[2025-03-23 21:29:37,493][anemoi.models.preprocessing.normalizer][INFO] - Normalizing: sin_local_time is not normalized.
[2025-03-23 21:29:37,493][anemoi.models.preprocessing.normalizer][INFO] - Normalizing: sin_longitude is not normalized.
[2025-03-23 21:29:37,494][anemoi.models.preprocessing.normalizer][INFO] - Normalizing: z_sfc is not normalized.
[2025-03-23 21:29:37,498][anemoi.models.preprocessing.normalizer][INFO] - Normalizing: cos_julian_day is not normalized.
[2025-03-23 21:29:37,499][anemoi.models.preprocessing.normalizer][INFO] - Normalizing: cos_latitude is not normalized.
[2025-03-23 21:29:37,499][anemoi.models.preprocessing.normalizer][INFO] - Normalizing: cos_local_time is not normalized.
[2025-03-23 21:29:37,499][anemoi.models.preprocessing.normalizer][INFO] - Normalizing: cos_longitude is not normalized.
[2025-03-23 21:29:37,499][anemoi.models.preprocessing.normalizer][INFO] - Normalizing: insolation is not normalized.
[2025-03-23 21:29:37,499][anemoi.models.preprocessing.normalizer][INFO] - Normalizing: lsm is not normalized.
[2025-03-23 21:29:37,499][anemoi.models.preprocessing.normalizer][INFO] - Normalizing: sin_julian_day is not normalized.
[2025-03-23 21:29:37,499][anemoi.models.preprocessing.normalizer][INFO] - Normalizing: sin_latitude is not normalized.
[2025-03-23 21:29:37,499][anemoi.models.preprocessing.normalizer][INFO] - Normalizing: sin_local_time is not normalized.
[2025-03-23 21:29:37,499][anemoi.models.preprocessing.normalizer][INFO] - Normalizing: sin_longitude is not normalized.
[2025-03-23 21:29:37,500][anemoi.models.preprocessing.normalizer][INFO] - Normalizing: z_sfc is not normalized.
[2025-03-23 21:29:37,675][anemoi.models.layers.utils][INFO] - Linear kernel: {'_target_': 'torch.nn.Linear', '_partial_': True}
[2025-03-23 21:29:37,675][anemoi.models.layers.utils][INFO] - Linear kernel: {'_target_': 'torch.nn.Linear', '_partial_': True}
[2025-03-23 21:29:37,675][anemoi.models.layers.utils][INFO] - Linear kernel: {'_target_': 'torch.nn.Linear', '_partial_': True}
[2025-03-23 21:29:37,675][anemoi.models.layers.utils][INFO] - Linear kernel: {'_target_': 'torch.nn.Linear', '_partial_': True}
[2025-03-23 21:29:37,675][anemoi.models.layers.utils][INFO] - LayerNorm kernel: {'_target_': 'torch.nn.LayerNorm', '_partial_': True}
[2025-03-23 21:29:37,675][anemoi.models.layers.utils][INFO] - LayerNorm kernel: {'_target_': 'torch.nn.LayerNorm', '_partial_': True}
[2025-03-23 21:29:37,676][anemoi.models.layers.utils][INFO] - LayerNorm kernel: {'_target_': 'torch.nn.LayerNorm', '_partial_': True}
[2025-03-23 21:29:37,675][anemoi.models.layers.utils][INFO] - LayerNorm kernel: {'_target_': 'torch.nn.LayerNorm', '_partial_': True}
[2025-03-23 21:29:49,081][anemoi.training.losses.nodeweights][INFO] - Loading node attribute area_weight from the graph
[2025-03-23 21:29:49,081][anemoi.training.losses.nodeweights][INFO] - Loading node attribute area_weight from the graph
[2025-03-23 21:29:49,081][anemoi.training.losses.nodeweights][INFO] - Loading node attribute area_weight from the graph
[2025-03-23 21:29:49,082][anemoi.training.losses.nodeweights][INFO] - Loading node attribute area_weight from the graph
[2025-03-23 21:29:49,087][anemoi.training.train.forecaster][INFO] - Pressure level scaling: use scaler ReluPressureLevelScaler with slope 0.0010 and minimum 0.20
[2025-03-23 21:29:49,087][anemoi.training.train.forecaster][INFO] - Pressure level scaling: use scaler ReluPressureLevelScaler with slope 0.0010 and minimum 0.20
[2025-03-23 21:29:49,087][anemoi.training.train.forecaster][INFO] - Pressure level scaling: use scaler ReluPressureLevelScaler with slope 0.0010 and minimum 0.20
[2025-03-23 21:29:49,087][anemoi.training.train.forecaster][INFO] - Pressure level scaling: use scaler ReluPressureLevelScaler with slope 0.0010 and minimum 0.20
[2025-03-23 21:29:49,111][anemoi.training.train.train][INFO] - Resuming training from last checkpoint: /work/nvme/bduu/jbanomedina/regional-ai/training/GLOBAL-31km/logs/outputs_checkpoint/1fc7d6fe-bf82-47a1-acfd-f15b1e1bfb7b/stage-A1-by_epoch-epoch_001-step_007560.ckpt
[2025-03-23 21:29:49,111][anemoi.training.train.train][INFO] - Restoring only model weights from /work/nvme/bduu/jbanomedina/regional-ai/training/GLOBAL-31km/logs/outputs_checkpoint/1fc7d6fe-bf82-47a1-acfd-f15b1e1bfb7b/stage-A1-by_epoch-epoch_001-step_007560.ckpt
[2025-03-23 21:29:49,111][anemoi.training.train.train][INFO] - Resuming training from last checkpoint: /work/nvme/bduu/jbanomedina/regional-ai/training/GLOBAL-31km/logs/outputs_checkpoint/1fc7d6fe-bf82-47a1-acfd-f15b1e1bfb7b/stage-A1-by_epoch-epoch_001-step_007560.ckpt
[2025-03-23 21:29:49,111][anemoi.training.train.train][INFO] - Restoring only model weights from /work/nvme/bduu/jbanomedina/regional-ai/training/GLOBAL-31km/logs/outputs_checkpoint/1fc7d6fe-bf82-47a1-acfd-f15b1e1bfb7b/stage-A1-by_epoch-epoch_001-step_007560.ckpt
[2025-03-23 21:29:49,111][anemoi.training.train.train][INFO] - Resuming training from last checkpoint: /work/nvme/bduu/jbanomedina/regional-ai/training/GLOBAL-31km/logs/outputs_checkpoint/1fc7d6fe-bf82-47a1-acfd-f15b1e1bfb7b/stage-A1-by_epoch-epoch_001-step_007560.ckpt
[2025-03-23 21:29:49,111][anemoi.training.train.train][INFO] - Restoring only model weights from /work/nvme/bduu/jbanomedina/regional-ai/training/GLOBAL-31km/logs/outputs_checkpoint/1fc7d6fe-bf82-47a1-acfd-f15b1e1bfb7b/stage-A1-by_epoch-epoch_001-step_007560.ckpt
[2025-03-23 21:29:49,111][anemoi.training.train.train][INFO] - Resuming training from last checkpoint: /work/nvme/bduu/jbanomedina/regional-ai/training/GLOBAL-31km/logs/outputs_checkpoint/1fc7d6fe-bf82-47a1-acfd-f15b1e1bfb7b/stage-A1-by_epoch-epoch_001-step_007560.ckpt
[2025-03-23 21:29:49,112][anemoi.training.train.train][INFO] - Restoring only model weights from /work/nvme/bduu/jbanomedina/regional-ai/training/GLOBAL-31km/logs/outputs_checkpoint/1fc7d6fe-bf82-47a1-acfd-f15b1e1bfb7b/stage-A1-by_epoch-epoch_001-step_007560.ckpt
[2025-03-23 21:29:56,507][anemoi.models.preprocessing.normalizer][INFO] - Normalizing: cos_julian_day is not normalized.
[2025-03-23 21:29:56,507][anemoi.models.preprocessing.normalizer][INFO] - Normalizing: cos_julian_day is not normalized.
[2025-03-23 21:29:56,507][anemoi.models.preprocessing.normalizer][INFO] - Normalizing: cos_latitude is not normalized.
[2025-03-23 21:29:56,508][anemoi.models.preprocessing.normalizer][INFO] - Normalizing: cos_latitude is not normalized.
[2025-03-23 21:29:56,508][anemoi.models.preprocessing.normalizer][INFO] - Normalizing: cos_local_time is not normalized.
[2025-03-23 21:29:56,508][anemoi.models.preprocessing.normalizer][INFO] - Normalizing: cos_local_time is not normalized.
[2025-03-23 21:29:56,508][anemoi.models.preprocessing.normalizer][INFO] - Normalizing: cos_longitude is not normalized.
[2025-03-23 21:29:56,508][anemoi.models.preprocessing.normalizer][INFO] - Normalizing: cos_longitude is not normalized.
[2025-03-23 21:29:56,508][anemoi.models.preprocessing.normalizer][INFO] - Normalizing: insolation is not normalized.
[2025-03-23 21:29:56,508][anemoi.models.preprocessing.normalizer][INFO] - Normalizing: insolation is not normalized.
[2025-03-23 21:29:56,508][anemoi.models.preprocessing.normalizer][INFO] - Normalizing: lsm is not normalized.
[2025-03-23 21:29:56,508][anemoi.models.preprocessing.normalizer][INFO] - Normalizing: lsm is not normalized.
[2025-03-23 21:29:56,508][anemoi.models.preprocessing.normalizer][INFO] - Normalizing: sin_julian_day is not normalized.
[2025-03-23 21:29:56,508][anemoi.models.preprocessing.normalizer][INFO] - Normalizing: sin_julian_day is not normalized.
[2025-03-23 21:29:56,508][anemoi.models.preprocessing.normalizer][INFO] - Normalizing: sin_latitude is not normalized.
[2025-03-23 21:29:56,508][anemoi.models.preprocessing.normalizer][INFO] - Normalizing: sin_latitude is not normalized.
[2025-03-23 21:29:56,508][anemoi.models.preprocessing.normalizer][INFO] - Normalizing: sin_local_time is not normalized.
[2025-03-23 21:29:56,508][anemoi.models.preprocessing.normalizer][INFO] - Normalizing: sin_local_time is not normalized.
[2025-03-23 21:29:56,508][anemoi.models.preprocessing.normalizer][INFO] - Normalizing: sin_longitude is not normalized.
[2025-03-23 21:29:56,508][anemoi.models.preprocessing.normalizer][INFO] - Normalizing: sin_longitude is not normalized.
[2025-03-23 21:29:56,508][anemoi.models.preprocessing.normalizer][INFO] - Normalizing: z_sfc is not normalized.
[2025-03-23 21:29:56,508][anemoi.models.preprocessing.normalizer][INFO] - Normalizing: z_sfc is not normalized.
[2025-03-23 21:29:56,507][anemoi.models.preprocessing.normalizer][INFO] - Normalizing: cos_julian_day is not normalized.
[2025-03-23 21:29:56,508][anemoi.models.preprocessing.normalizer][INFO] - Normalizing: cos_latitude is not normalized.
[2025-03-23 21:29:56,508][anemoi.models.preprocessing.normalizer][INFO] - Normalizing: cos_local_time is not normalized.
[2025-03-23 21:29:56,509][anemoi.models.preprocessing.normalizer][INFO] - Normalizing: cos_longitude is not normalized.
[2025-03-23 21:29:56,509][anemoi.models.preprocessing.normalizer][INFO] - Normalizing: insolation is not normalized.
[2025-03-23 21:29:56,509][anemoi.models.preprocessing.normalizer][INFO] - Normalizing: lsm is not normalized.
[2025-03-23 21:29:56,509][anemoi.models.preprocessing.normalizer][INFO] - Normalizing: sin_julian_day is not normalized.
[2025-03-23 21:29:56,509][anemoi.models.preprocessing.normalizer][INFO] - Normalizing: sin_latitude is not normalized.
[2025-03-23 21:29:56,509][anemoi.models.preprocessing.normalizer][INFO] - Normalizing: sin_local_time is not normalized.
[2025-03-23 21:29:56,509][anemoi.models.preprocessing.normalizer][INFO] - Normalizing: sin_longitude is not normalized.
[2025-03-23 21:29:56,509][anemoi.models.preprocessing.normalizer][INFO] - Normalizing: z_sfc is not normalized.
[2025-03-23 21:29:56,521][anemoi.models.preprocessing.normalizer][INFO] - Normalizing: cos_julian_day is not normalized.
[2025-03-23 21:29:56,521][anemoi.models.preprocessing.normalizer][INFO] - Normalizing: cos_latitude is not normalized.
[2025-03-23 21:29:56,521][anemoi.models.preprocessing.normalizer][INFO] - Normalizing: cos_local_time is not normalized.
[2025-03-23 21:29:56,521][anemoi.models.preprocessing.normalizer][INFO] - Normalizing: cos_longitude is not normalized.
[2025-03-23 21:29:56,521][anemoi.models.preprocessing.normalizer][INFO] - Normalizing: insolation is not normalized.
[2025-03-23 21:29:56,522][anemoi.models.preprocessing.normalizer][INFO] - Normalizing: lsm is not normalized.
[2025-03-23 21:29:56,522][anemoi.models.preprocessing.normalizer][INFO] - Normalizing: sin_julian_day is not normalized.
[2025-03-23 21:29:56,522][anemoi.models.preprocessing.normalizer][INFO] - Normalizing: sin_latitude is not normalized.
[2025-03-23 21:29:56,522][anemoi.models.preprocessing.normalizer][INFO] - Normalizing: sin_local_time is not normalized.
[2025-03-23 21:29:56,522][anemoi.models.preprocessing.normalizer][INFO] - Normalizing: sin_longitude is not normalized.
[2025-03-23 21:29:56,522][anemoi.models.preprocessing.normalizer][INFO] - Normalizing: z_sfc is not normalized.
[2025-03-23 21:29:56,551][anemoi.models.layers.utils][INFO] - Linear kernel: {'_target_': 'torch.nn.Linear', '_partial_': True}
[2025-03-23 21:29:56,551][anemoi.models.layers.utils][INFO] - LayerNorm kernel: {'_target_': 'torch.nn.LayerNorm', '_partial_': True}
[2025-03-23 21:29:56,551][anemoi.models.layers.utils][INFO] - Linear kernel: {'_target_': 'torch.nn.Linear', '_partial_': True}
[2025-03-23 21:29:56,552][anemoi.models.layers.utils][INFO] - LayerNorm kernel: {'_target_': 'torch.nn.LayerNorm', '_partial_': True}
[2025-03-23 21:29:56,553][anemoi.models.layers.utils][INFO] - Linear kernel: {'_target_': 'torch.nn.Linear', '_partial_': True}
[2025-03-23 21:29:56,553][anemoi.models.layers.utils][INFO] - LayerNorm kernel: {'_target_': 'torch.nn.LayerNorm', '_partial_': True}
[2025-03-23 21:29:56,565][anemoi.models.layers.utils][INFO] - Linear kernel: {'_target_': 'torch.nn.Linear', '_partial_': True}
[2025-03-23 21:29:56,566][anemoi.models.layers.utils][INFO] - LayerNorm kernel: {'_target_': 'torch.nn.LayerNorm', '_partial_': True}
[2025-03-23 21:29:56,815][anemoi.training.losses.nodeweights][INFO] - Loading node attribute area_weight from the graph
[2025-03-23 21:29:56,815][anemoi.training.losses.nodeweights][INFO] - Loading node attribute area_weight from the graph
[2025-03-23 21:29:56,816][anemoi.training.train.forecaster][INFO] - Pressure level scaling: use scaler ReluPressureLevelScaler with slope 0.0010 and minimum 0.20
[2025-03-23 21:29:56,816][anemoi.training.losses.nodeweights][INFO] - Loading node attribute area_weight from the graph
[2025-03-23 21:29:56,816][anemoi.training.train.forecaster][INFO] - Pressure level scaling: use scaler ReluPressureLevelScaler with slope 0.0010 and minimum 0.20
[2025-03-23 21:29:56,816][anemoi.training.train.forecaster][INFO] - Pressure level scaling: use scaler ReluPressureLevelScaler with slope 0.0010 and minimum 0.20
[2025-03-23 21:29:56,835][anemoi.training.losses.nodeweights][INFO] - Loading node attribute area_weight from the graph
[2025-03-23 21:29:56,836][anemoi.training.train.forecaster][INFO] - Pressure level scaling: use scaler ReluPressureLevelScaler with slope 0.0010 and minimum 0.20
[2025-03-23 21:29:57,306][lightning_fabric.utilities.distributed][INFO] - Initializing distributed: GLOBAL_RANK: 0, MEMBER: 1/4
[2025-03-23 21:29:57,750][lightning_fabric.utilities.distributed][INFO] - Initializing distributed: GLOBAL_RANK: 3, MEMBER: 4/4
[2025-03-23 21:29:57,754][lightning_fabric.utilities.distributed][INFO] - Initializing distributed: GLOBAL_RANK: 1, MEMBER: 2/4
[2025-03-23 21:29:57,754][lightning_fabric.utilities.distributed][INFO] - Initializing distributed: GLOBAL_RANK: 2, MEMBER: 3/4
[2025-03-23 21:29:57,769][pytorch_lightning.utilities.rank_zero][INFO] - ----------------------------------------------------------------------------------------------------
distributed_backend=nccl
All distributed processes registered. Starting with 4 processes
----------------------------------------------------------------------------------------------------

[2025-03-23 21:30:04,246][pytorch_lightning.accelerators.cuda][INFO] - LOCAL_RANK: 1 - CUDA_VISIBLE_DEVICES: [0,1,2,3]
[2025-03-23 21:30:04,246][pytorch_lightning.accelerators.cuda][INFO] - LOCAL_RANK: 3 - CUDA_VISIBLE_DEVICES: [0,1,2,3]
[2025-03-23 21:30:04,246][pytorch_lightning.accelerators.cuda][INFO] - LOCAL_RANK: 2 - CUDA_VISIBLE_DEVICES: [0,1,2,3]
[2025-03-23 21:30:04,246][pytorch_lightning.accelerators.cuda][INFO] - LOCAL_RANK: 0 - CUDA_VISIBLE_DEVICES: [0,1,2,3]
[2025-03-23 21:30:04,489][lightning_fabric.utilities.seed][INFO] - [rank: 1] Seed set to 581956
[2025-03-23 21:30:04,489][lightning_fabric.utilities.seed][INFO] - [rank: 3] Seed set to 581956
[2025-03-23 21:30:04,489][lightning_fabric.utilities.seed][INFO] - [rank: 0] Seed set to 581956
[2025-03-23 21:30:04,489][lightning_fabric.utilities.seed][INFO] - [rank: 2] Seed set to 581956
[2025-03-23 21:30:04,502][pytorch_lightning.callbacks.model_summary][INFO] - 
  | Name    | Type                 | Params | Mode 
---------------------------------------------------------
0 | model   | AnemoiModelInterface | 61.7 M | train
1 | loss    | WeightedMSELoss      | 0      | train
2 | metrics | ModuleList           | 0      | train
---------------------------------------------------------
61.7 M    Trainable params
0         Non-trainable params
61.7 M    Total params
246.934   Total estimated model params size (MB)
305       Modules in train mode
0         Modules in eval mode
[2025-03-23 21:30:04,525][pytorch_lightning.trainer.connectors.signal_connector][INFO] - SLURM auto-requeueing enabled. Setting signal handlers.
[2025-03-23 21:30:04,525][pytorch_lightning.trainer.connectors.signal_connector][INFO] - SLURM auto-requeueing enabled. Setting signal handlers.
[2025-03-23 21:30:04,525][pytorch_lightning.trainer.connectors.signal_connector][INFO] - SLURM auto-requeueing enabled. Setting signal handlers.
[2025-03-23 21:30:04,525][pytorch_lightning.trainer.connectors.signal_connector][INFO] - SLURM auto-requeueing enabled. Setting signal handlers.
[2025-03-23 21:30:06,197][anemoi.training.diagnostics.callbacks.sanity][INFO] - No variable order to compare. Skipping variable order check.
[2025-03-23 21:30:06,198][anemoi.training.diagnostics.callbacks.sanity][INFO] - No variable order to compare. Skipping variable order check.
[2025-03-23 21:30:06,200][anemoi.training.diagnostics.callbacks.sanity][INFO] - No variable order to compare. Skipping variable order check.
[2025-03-23 21:30:06,215][anemoi.training.diagnostics.callbacks.sanity][INFO] - No variable order to compare. Skipping variable order check.
